<?xml version="1.0" encoding="utf-8"?>
<TestRun id="0b3ac036-e79b-4452-ac71-02189335e2de" name="24139@SOLA 2026-08-31 17:31:27" runUser="SOLA\24139" xmlns="http://microsoft.com/schemas/VisualStudio/TeamTest/2010">
  <Times creation="2026-08-31T17:31:27.2528600+08:00" queuing="2026-08-31T17:31:27.2528610+08:00" start="2026-08-31T17:31:20.1717159+08:00" finish="2026-08-31T17:31:27.5143160+08:00" />
  <TestSettings name="default" id="e74c7b0f-83bd-4620-9463-16b54bf57115">
    <Deployment runDeploymentRoot="24139_SOLA_2026-08-31_17_31_27" />
  </TestSettings>
  <Results>
    <UnitTestResult executionId="11a20271-c30c-4533-b588-f182b0eb4dd6" testId="a79133e1-1d90-15ff-52b2-b59e0e165498" testName="FgoPet.Core.Tests.Portraits.ExpressionResolverTests.Resolve_wants_to_talk_falls_back_to_existing_neutral_expression" computerName="SOLA" duration="00:00:00.0001602" startTime="2026-08-31T17:31:27.2932853+08:00" endTime="2026-08-31T17:31:27.2932855+08:00" testType="13cdc9d9-ddb5-4fa4-a97d-d965ccfc6d4b" outcome="Passed" testListId="8c84fa94-04c1-424b-9868-57a2d4851a1d" relativeResultsDirectory="11a20271-c30c-4533-b588-f182b0eb4dd6" />
    <UnitTestResult executionId="9b1a9d0c-b407-4879-a018-0a4c073a312e" testId="4efcd10d-1e12-837e-7810-911c41de1b79" testName="FgoPet.Core.Tests.Dialogue.PromptContractTests.Chat_request_rejects_tool_call_fields_by_exposing_only_messages" computerName="SOLA" duration="00:00:00.3813438" startTime="2026-08-31T17:31:27.2234016+08:00" endTime="2026-08-31T17:31:27.2234018+08:00" testType="13cdc9d9-ddb5-4fa4-a97d-d965ccfc6d4b" outcome="Passed" testListId="8c84fa94-04c1-424b-9868-57a2d4851a1d" relativeResultsDirectory="9b1a9d0c-b407-4879-a018-0a4c073a312e" />
    <UnitTestResult executionId="5a1409f8-c96b-46ee-bd95-1ed6f3257337" testId="e9897b88-806b-3e6e-34cd-37ec4268ba3d" testName="FgoPet.Core.Tests.Bond.DefaultBondProgressionPolicyTests.Evaluate_uses_the_approved_cumulative_curve(seconds: 10800, expectedLevel: 3)" computerName="SOLA" duration="00:00:00.0000028" startTime="2026-08-31T17:31:27.2232041+08:00" endTime="2026-08-31T17:31:27.2232041+08:00" testType="13cdc9d9-ddb5-4fa4-a97d-d965ccfc6d4b" outcome="Passed" testListId="8c84fa94-04c1-424b-9868-57a2d4851a1d" relativeResultsDirectory="5a1409f8-c96b-46ee-bd95-1ed6f3257337" />
    <UnitTestResult executionId="54216ae6-b942-48d7-acc5-aae543c71de9" testId="91b18098-8a2a-a033-e1a8-86af89fb999c" testName="FgoPet.Core.Tests.Bond.DefaultBondProgressionPolicyTests.Evaluate_uses_the_approved_cumulative_curve(seconds: 3600, expectedLevel: 2)" computerName="SOLA" duration="00:00:00.0000088" startTime="2026-08-31T17:31:27.2224133+08:00" endTime="2026-08-31T17:31:27.2224134+08:00" testType="13cdc9d9-ddb5-4fa4-a97d-d965ccfc6d4b" outcome="Passed" testListId="8c84fa94-04c1-424b-9868-57a2d4851a1d" relativeResultsDirectory="54216ae6-b942-48d7-acc5-aae543c71de9" />
    <UnitTestResult executionId="65abf921-de29-49d8-ae19-3f385b27544b" testId="60188493-8bba-e9ec-d4e0-c0c2187dc35b" testName="FgoPet.Core.Tests.Geometry.PortraitLayoutTests.Calculate_logical_rects_derive_from_aligned_device_rects" computerName="SOLA" duration="00:00:00.0008277" startTime="2026-08-31T17:31:27.2286793+08:00" endTime="2026-08-31T17:31:27.2286793+08:00" testType="13cdc9d9-ddb5-4fa4-a97d-d965ccfc6d4b" outcome="Passed" testListId="8c84fa94-04c1-424b-9868-57a2d4851a1d" relativeResultsDirectory="65abf921-de29-49d8-ae19-3f385b27544b" />
    <UnitTestResult executionId="aa38e75b-e79b-4a8b-ad0d-6252d19476e2" testId="66267367-45f3-002e-e5f3-8f9e1585071b" testName="FgoPet.Core.Tests.Panels.AttachedPanelStateMachineTests.Four_column_transitions_stretch_or_switch(from: ExpandedFocus, action: FocusClick, expected: Compact)" computerName="SOLA" duration="00:00:00.0000033" startTime="2026-08-31T17:31:27.2197886+08:00" endTime="2026-08-31T17:31:27.2197888+08:00" testType="13cdc9d9-ddb5-4fa4-a97d-d965ccfc6d4b" outcome="Passed" testListId="8c84fa94-04c1-424b-9868-57a2d4851a1d" relativeResultsDirectory="aa38e75b-e79b-4a8b-ad0d-6252d19476e2" />
    <UnitTestResult executionId="d26cffd9-e777-4cae-8779-692975af1e6e" testId="1221e769-fd4f-768e-4306-9ac92fc615eb" testName="FgoPet.Core.Tests.Panels.AttachedPanelStateMachineTests.Idle_does_not_collapse_when_the_pointer_is_inside" computerName="SOLA" duration="00:00:00.0001653" startTime="2026-08-31T17:31:27.4186665+08:00" endTime="2026-08-31T17:31:27.4186666+08:00" testType="13cdc9d9-ddb5-4fa4-a97d-d965ccfc6d4b" outcome="Passed" testListId="8c84fa94-04c1-424b-9868-57a2d4851a1d" relativeResultsDirectory="d26cffd9-e777-4cae-8779-692975af1e6e" />
    <UnitTestResult executionId="576515f2-c9ed-4880-87ad-c7e656876df1" testId="c03e1782-ed36-d5ca-8cde-9e8a9cac686d" testName="FgoPet.Core.Tests.Geometry.AttachedPanelLayoutTests.Place_caps_expanded_height_to_sixty_percent_of_the_work_area" computerName="SOLA" duration="00:00:00.0001618" startTime="2026-08-31T17:31:27.2301056+08:00" endTime="2026-08-31T17:31:27.2301057+08:00" testType="13cdc9d9-ddb5-4fa4-a97d-d965ccfc6d4b" outcome="Passed" testListId="8c84fa94-04c1-424b-9868-57a2d4851a1d" relativeResultsDirectory="576515f2-c9ed-4880-87ad-c7e656876df1" />
    <UnitTestResult executionId="6498af3b-6c11-497c-b78f-8f20c454bf68" testId="9edf331e-6c42-355e-9131-ebb5698c0f9b" testName="FgoPet.Core.Tests.Windowing.ScreenLayoutTests.Restore_clamps_negative_coordinates_keeping_the_drag_region_visible" computerName="SOLA" duration="00:00:00.0001800" startTime="2026-08-31T17:31:27.2280210+08:00" endTime="2026-08-31T17:31:27.2280211+08:00" testType="13cdc9d9-ddb5-4fa4-a97d-d965ccfc6d4b" outcome="Passed" testListId="8c84fa94-04c1-424b-9868-57a2d4851a1d" relativeResultsDirectory="6498af3b-6c11-497c-b78f-8f20c454bf68" />
    <UnitTestResult executionId="5c845402-3797-46c8-a34a-6463b467f756" testId="df09854d-fa43-0b6c-0666-5bd97e09a8df" testName="FgoPet.Core.Tests.Memory.MemoryContractTests.Memory_candidate_rejects_empty_text" computerName="SOLA" duration="00:00:00.3709151" startTime="2026-08-31T17:31:27.1951864+08:00" endTime="2026-08-31T17:31:27.1951864+08:00" testType="13cdc9d9-ddb5-4fa4-a97d-d965ccfc6d4b" outcome="Passed" testListId="8c84fa94-04c1-424b-9868-57a2d4851a1d" relativeResultsDirectory="5c845402-3797-46c8-a34a-6463b467f756" />
    <UnitTestResult executionId="7d331dc1-0fb1-40d8-bbe4-97979e194c86" testId="1a72917d-e2b9-452a-3b45-73ca23e9d696" testName="FgoPet.Core.Tests.Panels.AttachedPanelStateMachineTests.Four_column_transitions_stretch_or_switch(from: ExpandedTodo, action: TodayClick, expected: ExpandedToday)" computerName="SOLA" duration="00:00:00.3770414" startTime="2026-08-31T17:31:27.2154709+08:00" endTime="2026-08-31T17:31:27.2154711+08:00" testType="13cdc9d9-ddb5-4fa4-a97d-d965ccfc6d4b" outcome="Passed" testListId="8c84fa94-04c1-424b-9868-57a2d4851a1d" relativeResultsDirectory="7d331dc1-0fb1-40d8-bbe4-97979e194c86" />
    <UnitTestResult executionId="33665f41-1b3b-4dc7-96e0-7b54fac530f3" testId="67ee98a3-9b70-9eb4-2bca-274e860d6003" testName="FgoPet.Core.Tests.Focus.FocusStateMachineTests.RestorePaused_maps_active_states_without_advancing_time" computerName="SOLA" duration="00:00:00.5890250" startTime="2026-08-31T17:31:27.3990863+08:00" endTime="2026-08-31T17:31:27.3990866+08:00" testType="13cdc9d9-ddb5-4fa4-a97d-d965ccfc6d4b" outcome="Passed" testListId="8c84fa94-04c1-424b-9868-57a2d4851a1d" relativeResultsDirectory="33665f41-1b3b-4dc7-96e0-7b54fac530f3" />
    <UnitTestResult executionId="45ace336-a075-4f5f-9875-594683085e65" testId="77f6feec-13b9-fdeb-bfbb-aff3bb480491" testName="FgoPet.Core.Tests.Events.RuntimeEventContractTests.External_events_can_carry_optional_codex_metadata" computerName="SOLA" duration="00:00:00.0001631" startTime="2026-08-31T17:31:27.2270240+08:00" endTime="2026-08-31T17:31:27.2270241+08:00" testType="13cdc9d9-ddb5-4fa4-a97d-d965ccfc6d4b" outcome="Passed" testListId="8c84fa94-04c1-424b-9868-57a2d4851a1d" relativeResultsDirectory="45ace336-a075-4f5f-9875-594683085e65" />
    <UnitTestResult executionId="a5bcaac0-e543-457d-b5ef-7e01d633ad11" testId="a854b655-94a5-b9c8-9f5f-35003e969be5" testName="FgoPet.Core.Tests.Focus.FocusStateMachineTests.Final_focus_completion_marks_the_session_completed" computerName="SOLA" duration="00:00:00.0003216" startTime="2026-08-31T17:31:27.4005213+08:00" endTime="2026-08-31T17:31:27.4005215+08:00" testType="13cdc9d9-ddb5-4fa4-a97d-d965ccfc6d4b" outcome="Passed" testListId="8c84fa94-04c1-424b-9868-57a2d4851a1d" relativeResultsDirectory="a5bcaac0-e543-457d-b5ef-7e01d633ad11" />
    <UnitTestResult executionId="6c190e39-eb8e-437f-b742-342bca4ef676" testId="66b691ea-7aa2-6f7c-4ce0-24b546d875a8" testName="FgoPet.Core.Tests.Geometry.PortraitLayoutTests.Calculate_aligns_every_edge_with_one_transform(x: 1, y: 1)" computerName="SOLA" duration="00:00:00.0000048" startTime="2026-08-31T17:31:27.2222650+08:00" endTime="2026-08-31T17:31:27.2222651+08:00" testType="13cdc9d9-ddb5-4fa4-a97d-d965ccfc6d4b" outcome="Passed" testListId="8c84fa94-04c1-424b-9868-57a2d4851a1d" relativeResultsDirectory="6c190e39-eb8e-437f-b742-342bca4ef676" />
    <UnitTestResult executionId="2446da73-6f03-4d0c-903c-4db88f9d07f6" testId="cbbd481d-a662-13f0-3167-b577dc0c5da3" testName="FgoPet.Core.Tests.Panels.AttachedPanelStateMachineTests.Four_column_transitions_stretch_or_switch(from: ExpandedToday, action: Escape, expected: Compact)" computerName="SOLA" duration="00:00:00.0000037" startTime="2026-08-31T17:31:27.2189663+08:00" endTime="2026-08-31T17:31:27.2189663+08:00" testType="13cdc9d9-ddb5-4fa4-a97d-d965ccfc6d4b" outcome="Passed" testListId="8c84fa94-04c1-424b-9868-57a2d4851a1d" relativeResultsDirectory="2446da73-6f03-4d0c-903c-4db88f9d07f6" />
    <UnitTestResult executionId="9edfbbd8-00ea-4665-a6fd-cfd97fd8274a" testId="0e0a2307-2cbd-855a-c1c2-7e5ad03d4a76" testName="FgoPet.Core.Tests.Bond.DefaultBondProgressionPolicyTests.Evaluate_reports_progress_toward_the_next_level" computerName="SOLA" duration="00:00:00.0060179" startTime="2026-08-31T17:31:27.2277188+08:00" endTime="2026-08-31T17:31:27.2277190+08:00" testType="13cdc9d9-ddb5-4fa4-a97d-d965ccfc6d4b" outcome="Passed" testListId="8c84fa94-04c1-424b-9868-57a2d4851a1d" relativeResultsDirectory="9edfbbd8-00ea-4665-a6fd-cfd97fd8274a" />
    <UnitTestResult executionId="3ac4427c-0e58-442a-8268-ccbd0250e21b" testId="952bfc18-fbbd-4235-8079-62e684134708" testName="FgoPet.Core.Tests.Focus.FocusPresetTests.Create_rejects_values_outside_the_approved_bounds(focus: 25, rest: 0, cycles: 4)" computerName="SOLA" duration="00:00:00.3707086" startTime="2026-08-31T17:31:27.1947469+08:00" endTime="2026-08-31T17:31:27.1947471+08:00" testType="13cdc9d9-ddb5-4fa4-a97d-d965ccfc6d4b" outcome="Passed" testListId="8c84fa94-04c1-424b-9868-57a2d4851a1d" relativeResultsDirectory="3ac4427c-0e58-442a-8268-ccbd0250e21b" />
    <UnitTestResult executionId="424b4216-6fe9-47a0-a969-73e7389c1f2a" testId="0cea1478-7235-586c-100c-88905a0efcb7" testName="FgoPet.Core.Tests.Todo.TodoItemTests.Completed_todo_cannot_be_activated_or_replanned" computerName="SOLA" duration="00:00:00.0007801" startTime="2026-08-31T17:31:27.3940962+08:00" endTime="2026-08-31T17:31:27.3940964+08:00" testType="13cdc9d9-ddb5-4fa4-a97d-d965ccfc6d4b" outcome="Passed" testListId="8c84fa94-04c1-424b-9868-57a2d4851a1d" relativeResultsDirectory="424b4216-6fe9-47a0-a969-73e7389c1f2a" />
    <UnitTestResult executionId="ed5ccadd-4b5b-4185-9995-8ef645c5069b" testId="416ff5d9-3d2b-1e2b-c312-4c7e27f13b16" testName="FgoPet.Core.Tests.Bond.DefaultBondProgressionPolicyTests.Evaluate_caps_at_level_ten" computerName="SOLA" duration="00:00:00.0000830" startTime="2026-08-31T17:31:27.2289795+08:00" endTime="2026-08-31T17:31:27.2289796+08:00" testType="13cdc9d9-ddb5-4fa4-a97d-d965ccfc6d4b" outcome="Passed" testListId="8c84fa94-04c1-424b-9868-57a2d4851a1d" relativeResultsDirectory="ed5ccadd-4b5b-4185-9995-8ef645c5069b" />
    <UnitTestResult executionId="d0a4f9ea-753a-4451-ab39-225eb8343a19" testId="1b9e548f-5f68-f2ed-4c9c-180da4e72caf" testName="FgoPet.Core.Tests.Panels.AttachedPanelStateMachineTests.Idle_leaves_collapsed_and_compact_unchanged" computerName="SOLA" duration="00:00:00.0002646" startTime="2026-08-31T17:31:27.4187119+08:00" endTime="2026-08-31T17:31:27.4187119+08:00" testType="13cdc9d9-ddb5-4fa4-a97d-d965ccfc6d4b" outcome="Passed" testListId="8c84fa94-04c1-424b-9868-57a2d4851a1d" relativeResultsDirectory="d0a4f9ea-753a-4451-ab39-225eb8343a19" />
    <UnitTestResult executionId="cfc1d97e-d9db-422d-9b76-f920b6d26119" testId="c97f6404-cf43-a154-7a94-ce0540beb5ad" testName="FgoPet.Core.Tests.Agents.AgentExecutionTests.Failed_and_cancelled_executions_are_terminal_and_signal_replan" computerName="SOLA" duration="00:00:00.5803549" startTime="2026-08-31T17:31:27.3903528+08:00" endTime="2026-08-31T17:31:27.3903532+08:00" testType="13cdc9d9-ddb5-4fa4-a97d-d965ccfc6d4b" outcome="Passed" testListId="8c84fa94-04c1-424b-9868-57a2d4851a1d" relativeResultsDirectory="cfc1d97e-d9db-422d-9b76-f920b6d26119" />
    <UnitTestResult executionId="f0db1fd5-a2e3-49ae-b9bb-499f164899d6" testId="21cf5db3-3396-7837-129f-abd436635d61" testName="FgoPet.Core.Tests.Portraits.ExpressionResolverTests.Resolve_neutral_terminates_a_dead_end" computerName="SOLA" duration="00:00:00.0003267" startTime="2026-08-31T17:31:27.2930523+08:00" endTime="2026-08-31T17:31:27.2930526+08:00" testType="13cdc9d9-ddb5-4fa4-a97d-d965ccfc6d4b" outcome="Passed" testListId="8c84fa94-04c1-424b-9868-57a2d4851a1d" relativeResultsDirectory="f0db1fd5-a2e3-49ae-b9bb-499f164899d6" />
    <UnitTestResult executionId="b219e02f-562e-4bf0-a1cf-29a82baf808d" testId="18d1e75a-6f8c-5284-18de-d90403579a5c" testName="FgoPet.Core.Tests.Panels.AttachedPanelStateMachineTests.Transition_is_deterministic(from: Compact, action: DialogueClick, expected: ExpandedDialogue)" computerName="SOLA" duration="00:00:00.0000037" startTime="2026-08-31T17:31:27.2251453+08:00" endTime="2026-08-31T17:31:27.2251454+08:00" testType="13cdc9d9-ddb5-4fa4-a97d-d965ccfc6d4b" outcome="Passed" testListId="8c84fa94-04c1-424b-9868-57a2d4851a1d" relativeResultsDirectory="b219e02f-562e-4bf0-a1cf-29a82baf808d" />
    <UnitTestResult executionId="b1d9ef05-72da-410d-a46f-a2afdabf21bb" testId="c85b3deb-919c-2da2-c2f9-035bd865a690" testName="FgoPet.Core.Tests.Windowing.ScreenLayoutTests.Restore_preserves_the_requested_window_size" computerName="SOLA" duration="00:00:00.0001933" startTime="2026-08-31T17:31:27.2279304+08:00" endTime="2026-08-31T17:31:27.2279305+08:00" testType="13cdc9d9-ddb5-4fa4-a97d-d965ccfc6d4b" outcome="Passed" testListId="8c84fa94-04c1-424b-9868-57a2d4851a1d" relativeResultsDirectory="b1d9ef05-72da-410d-a46f-a2afdabf21bb" />
    <UnitTestResult executionId="cc8a061e-a2a0-4076-be2b-a8643ce3d25a" testId="8cea47e4-daba-df57-980f-2e5d0e1d8d74" testName="FgoPet.Core.Tests.Focus.FocusPresetTests.Create_rejects_values_outside_the_approved_bounds(focus: 25, rest: 5, cycles: 13)" computerName="SOLA" duration="00:00:00.0000611" startTime="2026-08-31T17:31:27.2169260+08:00" endTime="2026-08-31T17:31:27.2169260+08:00" testType="13cdc9d9-ddb5-4fa4-a97d-d965ccfc6d4b" outcome="Passed" testListId="8c84fa94-04c1-424b-9868-57a2d4851a1d" relativeResultsDirectory="cc8a061e-a2a0-4076-be2b-a8643ce3d25a" />
    <UnitTestResult executionId="1f04ef89-72b8-4294-b3ba-7d590230b35a" testId="0cf8fbb9-b3b6-b337-f3ae-ae5b12041611" testName="FgoPet.Core.Tests.Memory.MemoryContractTests.Stored_memory_requires_explicit_enabled_state" computerName="SOLA" duration="00:00:00.0002618" startTime="2026-08-31T17:31:27.2279696+08:00" endTime="2026-08-31T17:31:27.2279697+08:00" testType="13cdc9d9-ddb5-4fa4-a97d-d965ccfc6d4b" outcome="Passed" testListId="8c84fa94-04c1-424b-9868-57a2d4851a1d" relativeResultsDirectory="1f04ef89-72b8-4294-b3ba-7d590230b35a" />
    <UnitTestResult executionId="259b56f8-f51e-4b9a-a84a-916ed0ec68c8" testId="d5325572-b0c3-46de-63e5-6cd05f47fe0a" testName="FgoPet.Core.Tests.Windowing.ScreenLayoutTests.ClampFullyVisible_returns_an_offscreen_portrait_to_the_nearest_edge(x: 100, y: 950, expectedX: 100, expectedY: 800)" computerName="SOLA" duration="00:00:00.0000102" startTime="2026-08-31T17:31:27.2170855+08:00" endTime="2026-08-31T17:31:27.2170855+08:00" testType="13cdc9d9-ddb5-4fa4-a97d-d965ccfc6d4b" outcome="Passed" testListId="8c84fa94-04c1-424b-9868-57a2d4851a1d" relativeResultsDirectory="259b56f8-f51e-4b9a-a84a-916ed0ec68c8" />
    <UnitTestResult executionId="70181069-6aa8-4d67-a8af-40585fd4dcc1" testId="02149b0a-d309-605e-1277-1faaefe52f5c" testName="FgoPet.Core.Tests.Panels.AttachedPanelStateMachineTests.Transition_is_deterministic(from: ExpandedTodo, action: DialogueClick, expected: ExpandedDialogue)" computerName="SOLA" duration="00:00:00.0000033" startTime="2026-08-31T17:31:27.2249136+08:00" endTime="2026-08-31T17:31:27.2249137+08:00" testType="13cdc9d9-ddb5-4fa4-a97d-d965ccfc6d4b" outcome="Passed" testListId="8c84fa94-04c1-424b-9868-57a2d4851a1d" relativeResultsDirectory="70181069-6aa8-4d67-a8af-40585fd4dcc1" />
    <UnitTestResult executionId="529f99c8-a249-46cf-b82c-cf01bb22dd27" testId="fbdfaa28-e1be-876e-498d-6d58ec3c1b73" testName="FgoPet.Core.Tests.Packs.PackContractTests.Duplicate_stable_ids_fail" computerName="SOLA" duration="00:00:00.0021789" startTime="2026-08-31T17:31:27.3480261+08:00" endTime="2026-08-31T17:31:27.3480271+08:00" testType="13cdc9d9-ddb5-4fa4-a97d-d965ccfc6d4b" outcome="Passed" testListId="8c84fa94-04c1-424b-9868-57a2d4851a1d" relativeResultsDirectory="529f99c8-a249-46cf-b82c-cf01bb22dd27" />
    <UnitTestResult executionId="b94c4fa5-add8-44dd-bbc2-cffee0dfbbb3" testId="39af5004-19c6-44b3-e9d0-b1ccc5feb6d0" testName="FgoPet.Core.Tests.Geometry.PortraitLayoutTests.Calculate_aligns_every_edge_with_one_transform(x: 2, y: 1.5)" computerName="SOLA" duration="00:00:00.0002942" startTime="2026-08-31T17:31:27.2219998+08:00" endTime="2026-08-31T17:31:27.2220001+08:00" testType="13cdc9d9-ddb5-4fa4-a97d-d965ccfc6d4b" outcome="Passed" testListId="8c84fa94-04c1-424b-9868-57a2d4851a1d" relativeResultsDirectory="b94c4fa5-add8-44dd-bbc2-cffee0dfbbb3" />
    <UnitTestResult executionId="0ec9d9a5-de5e-459d-b081-f112c6dd1dfe" testId="2173c122-9ba1-6a2f-13f0-6d4cc9678044" testName="FgoPet.Core.Tests.Geometry.AttachedPanelLayoutTests.Place_caps_width_to_the_work_area" computerName="SOLA" duration="00:00:00.0001294" startTime="2026-08-31T17:31:27.2309999+08:00" endTime="2026-08-31T17:31:27.2310000+08:00" testType="13cdc9d9-ddb5-4fa4-a97d-d965ccfc6d4b" outcome="Passed" testListId="8c84fa94-04c1-424b-9868-57a2d4851a1d" relativeResultsDirectory="0ec9d9a5-de5e-459d-b081-f112c6dd1dfe" />
    <UnitTestResult executionId="e6c0e6f2-3797-47e9-8387-1b0fcea81c80" testId="d91a757d-1e67-1dd2-64b6-a6ccbf8fecd0" testName="FgoPet.Core.Tests.Bond.DefaultBondProgressionPolicyTests.Evaluate_uses_the_approved_cumulative_curve(seconds: 0, expectedLevel: 1)" computerName="SOLA" duration="00:00:00.3787651" startTime="2026-08-31T17:31:27.2220316+08:00" endTime="2026-08-31T17:31:27.2220317+08:00" testType="13cdc9d9-ddb5-4fa4-a97d-d965ccfc6d4b" outcome="Passed" testListId="8c84fa94-04c1-424b-9868-57a2d4851a1d" relativeResultsDirectory="e6c0e6f2-3797-47e9-8387-1b0fcea81c80" />
    <UnitTestResult executionId="190b9b37-1dae-479c-872f-34cf2329a4c8" testId="c1267971-ada5-5cd2-d346-56e92599539b" testName="FgoPet.Core.Tests.Dialogue.ConversationContractTests.Chat_message_preserves_role_status_and_content_context" computerName="SOLA" duration="00:00:00.0123436" startTime="2026-08-31T17:31:27.2301647+08:00" endTime="2026-08-31T17:31:27.2301649+08:00" testType="13cdc9d9-ddb5-4fa4-a97d-d965ccfc6d4b" outcome="Passed" testListId="8c84fa94-04c1-424b-9868-57a2d4851a1d" relativeResultsDirectory="190b9b37-1dae-479c-872f-34cf2329a4c8" />
    <UnitTestResult executionId="006ceb65-825b-4a2a-b5ee-91c6790edd8b" testId="6a1cbd3c-2e58-ecc5-b1d7-4683eab02845" testName="FgoPet.Core.Tests.Panels.AttachedPanelStateMachineTests.Four_column_transitions_stretch_or_switch(from: ExpandedFocus, action: TodayClick, expected: ExpandedToday)" computerName="SOLA" duration="00:00:00.0000034" startTime="2026-08-31T17:31:27.2190898+08:00" endTime="2026-08-31T17:31:27.2190900+08:00" testType="13cdc9d9-ddb5-4fa4-a97d-d965ccfc6d4b" outcome="Passed" testListId="8c84fa94-04c1-424b-9868-57a2d4851a1d" relativeResultsDirectory="006ceb65-825b-4a2a-b5ee-91c6790edd8b" />
    <UnitTestResult executionId="341952cd-2069-476b-b944-1f8a56cd406a" testId="5b12f67c-1932-6ebf-291a-c9592007311e" testName="FgoPet.Core.Tests.Panels.AttachedPanelStateMachineTests.Four_column_transitions_stretch_or_switch(from: ExpandedToday, action: DialogueClick, expected: ExpandedDialogue)" computerName="SOLA" duration="00:00:00.0000211" startTime="2026-08-31T17:31:27.2170473+08:00" endTime="2026-08-31T17:31:27.2170474+08:00" testType="13cdc9d9-ddb5-4fa4-a97d-d965ccfc6d4b" outcome="Passed" testListId="8c84fa94-04c1-424b-9868-57a2d4851a1d" relativeResultsDirectory="341952cd-2069-476b-b944-1f8a56cd406a" />
    <UnitTestResult executionId="c52bbb1e-5d36-4d88-8e8e-45f366b9fa30" testId="a4f8181e-2366-7f99-30e7-3a5b9030ed54" testName="FgoPet.Core.Tests.Panels.AttachedPanelStateMachineTests.PortraitClick_from_any_expanded_state_returns_collapsed(from: ExpandedDialogue)" computerName="SOLA" duration="00:00:00.0000039" startTime="2026-08-31T17:31:27.4186119+08:00" endTime="2026-08-31T17:31:27.4186119+08:00" testType="13cdc9d9-ddb5-4fa4-a97d-d965ccfc6d4b" outcome="Passed" testListId="8c84fa94-04c1-424b-9868-57a2d4851a1d" relativeResultsDirectory="c52bbb1e-5d36-4d88-8e8e-45f366b9fa30" />
    <UnitTestResult executionId="9d7e7e86-3c34-4ac5-b254-aedbbe30c319" testId="feea26dc-09f7-bb51-a4f7-02af01b95cd1" testName="FgoPet.Core.Tests.Panels.AttachedPanelStateMachineTests.Idle_collapses_an_expanded_state_when_the_pointer_is_outside(from: ExpandedDialogue)" computerName="SOLA" duration="00:00:00.0003159" startTime="2026-08-31T17:31:27.4174497+08:00" endTime="2026-08-31T17:31:27.4174499+08:00" testType="13cdc9d9-ddb5-4fa4-a97d-d965ccfc6d4b" outcome="Passed" testListId="8c84fa94-04c1-424b-9868-57a2d4851a1d" relativeResultsDirectory="9d7e7e86-3c34-4ac5-b254-aedbbe30c319" />
    <UnitTestResult executionId="653d3a1a-4447-4e32-ab72-1a6e0ee5fa81" testId="8c87e1f8-c550-8684-0391-b6a11223c847" testName="FgoPet.Core.Tests.Geometry.PortraitLayoutTests.Calculate_aligns_every_edge_with_one_transform(x: 2, y: 2)" computerName="SOLA" duration="00:00:00.3784279" startTime="2026-08-31T17:31:27.2199160+08:00" endTime="2026-08-31T17:31:27.2199160+08:00" testType="13cdc9d9-ddb5-4fa4-a97d-d965ccfc6d4b" outcome="Passed" testListId="8c84fa94-04c1-424b-9868-57a2d4851a1d" relativeResultsDirectory="653d3a1a-4447-4e32-ab72-1a6e0ee5fa81" />
    <UnitTestResult executionId="4c58a2bf-949c-465c-a7b0-a715611cf287" testId="eedf6f0b-87a8-bed7-631a-39cd9abb1154" testName="FgoPet.Core.Tests.Todo.TodoItemTests.Todo_moves_from_planned_to_active_to_completed" computerName="SOLA" duration="00:00:00.0029286" startTime="2026-08-31T17:31:27.3971682+08:00" endTime="2026-08-31T17:31:27.3971692+08:00" testType="13cdc9d9-ddb5-4fa4-a97d-d965ccfc6d4b" outcome="Passed" testListId="8c84fa94-04c1-424b-9868-57a2d4851a1d" relativeResultsDirectory="4c58a2bf-949c-465c-a7b0-a715611cf287" />
    <UnitTestResult executionId="54864917-5002-4034-a96f-ff655fdf18f1" testId="8ad59494-93ed-0414-e5eb-503371f25550" testName="FgoPet.Core.Tests.Panels.AttachedPanelStateMachineTests.Transition_is_deterministic(from: ExpandedDialogue, action: DialogueClick, expected: Compact)" computerName="SOLA" duration="00:00:00.0000036" startTime="2026-08-31T17:31:27.2251025+08:00" endTime="2026-08-31T17:31:27.2251025+08:00" testType="13cdc9d9-ddb5-4fa4-a97d-d965ccfc6d4b" outcome="Passed" testListId="8c84fa94-04c1-424b-9868-57a2d4851a1d" relativeResultsDirectory="54864917-5002-4034-a96f-ff655fdf18f1" />
    <UnitTestResult executionId="c24ae867-f436-4b1b-b7f3-33004954a359" testId="0d2e944c-1807-d561-e6f6-10ae0a0131ec" testName="FgoPet.Core.Tests.Geometry.PortraitLayoutTests.Calculate_aligns_every_edge_with_one_transform(x: 1.5, y: 2)" computerName="SOLA" duration="00:00:00.0000170" startTime="2026-08-31T17:31:27.2222042+08:00" endTime="2026-08-31T17:31:27.2222043+08:00" testType="13cdc9d9-ddb5-4fa4-a97d-d965ccfc6d4b" outcome="Passed" testListId="8c84fa94-04c1-424b-9868-57a2d4851a1d" relativeResultsDirectory="c24ae867-f436-4b1b-b7f3-33004954a359" />
    <UnitTestResult executionId="baa8cb7c-9c38-4f20-ae31-06f2afccd3c7" testId="0c229628-3f0c-a057-33b6-73d511732fee" testName="FgoPet.Core.Tests.Panels.AttachedPanelStateMachineTests.Idle_respects_disabled_auto_collapse" computerName="SOLA" duration="00:00:00.0001375" startTime="2026-08-31T17:31:27.4188911+08:00" endTime="2026-08-31T17:31:27.4188913+08:00" testType="13cdc9d9-ddb5-4fa4-a97d-d965ccfc6d4b" outcome="Passed" testListId="8c84fa94-04c1-424b-9868-57a2d4851a1d" relativeResultsDirectory="baa8cb7c-9c38-4f20-ae31-06f2afccd3c7" />
    <UnitTestResult executionId="44790bfd-ac10-45ff-af90-c97f04297d74" testId="d1c36a8e-32d1-d49e-5941-b32cd95ef386" testName="FgoPet.Core.Tests.Geometry.AttachedPanelLayoutTests.Place_into_a_corner_flips_right_and_clamps_vertically" computerName="SOLA" duration="00:00:00.0067954" startTime="2026-08-31T17:31:27.2298081+08:00" endTime="2026-08-31T17:31:27.2298081+08:00" testType="13cdc9d9-ddb5-4fa4-a97d-d965ccfc6d4b" outcome="Passed" testListId="8c84fa94-04c1-424b-9868-57a2d4851a1d" relativeResultsDirectory="44790bfd-ac10-45ff-af90-c97f04297d74" />
    <UnitTestResult executionId="90e5ec31-2d1f-4b51-9c41-20f2ce12ad62" testId="91d7fde0-0e4b-1c5c-0c24-b935e289553a" testName="FgoPet.Core.Tests.Panels.AttachedPanelStateMachineTests.Four_column_transitions_stretch_or_switch(from: ExpandedToday, action: TodoClick, expected: ExpandedTodo)" computerName="SOLA" duration="00:00:00.0000031" startTime="2026-08-31T17:31:27.2191551+08:00" endTime="2026-08-31T17:31:27.2191552+08:00" testType="13cdc9d9-ddb5-4fa4-a97d-d965ccfc6d4b" outcome="Passed" testListId="8c84fa94-04c1-424b-9868-57a2d4851a1d" relativeResultsDirectory="90e5ec31-2d1f-4b51-9c41-20f2ce12ad62" />
    <UnitTestResult executionId="0dfc6e28-e3e8-49bb-b3f7-79b53488cf93" testId="7da3651a-5209-6363-308e-02074ed750f0" testName="FgoPet.Core.Tests.Panels.AttachedPanelStateMachineTests.Four_column_transitions_stretch_or_switch(from: Compact, action: FocusClick, expected: ExpandedFocus)" computerName="SOLA" duration="00:00:00.0000044" startTime="2026-08-31T17:31:27.2171456+08:00" endTime="2026-08-31T17:31:27.2171457+08:00" testType="13cdc9d9-ddb5-4fa4-a97d-d965ccfc6d4b" outcome="Passed" testListId="8c84fa94-04c1-424b-9868-57a2d4851a1d" relativeResultsDirectory="0dfc6e28-e3e8-49bb-b3f7-79b53488cf93" />
    <UnitTestResult executionId="9b263b94-bb12-41e1-9381-112088ff587c" testId="c44c3634-24f7-4731-7192-69658ac15498" testName="FgoPet.Core.Tests.Panels.AttachedPanelStateMachineTests.Idle_does_not_collapse_while_a_custom_preset_is_being_edited" computerName="SOLA" duration="00:00:00.0001621" startTime="2026-08-31T17:31:27.4191086+08:00" endTime="2026-08-31T17:31:27.4191088+08:00" testType="13cdc9d9-ddb5-4fa4-a97d-d965ccfc6d4b" outcome="Passed" testListId="8c84fa94-04c1-424b-9868-57a2d4851a1d" relativeResultsDirectory="9b263b94-bb12-41e1-9381-112088ff587c" />
    <UnitTestResult executionId="c232d8d5-b787-41cc-9c8a-e924b6c01bf7" testId="3a8e750b-3395-8824-bca9-c0a8d9b6d01c" testName="FgoPet.Core.Tests.Packs.ContentContractTests.Knowledge_entry_rejects_unknown_approval_state" computerName="SOLA" duration="00:00:00.3733927" startTime="2026-08-31T17:31:27.1874469+08:00" endTime="2026-08-31T17:31:27.1874779+08:00" testType="13cdc9d9-ddb5-4fa4-a97d-d965ccfc6d4b" outcome="Passed" testListId="8c84fa94-04c1-424b-9868-57a2d4851a1d" relativeResultsDirectory="c232d8d5-b787-41cc-9c8a-e924b6c01bf7" />
    <UnitTestResult executionId="4ac99bf1-bab4-4af9-a515-23c096d46842" testId="06d8f277-c7fa-3cb1-06b8-152c10bea34d" testName="FgoPet.Core.Tests.Packs.PackContractTests.Unsupported_default_scale_fails" computerName="SOLA" duration="00:00:00.0048058" startTime="2026-08-31T17:31:27.3003029+08:00" endTime="2026-08-31T17:31:27.3003034+08:00" testType="13cdc9d9-ddb5-4fa4-a97d-d965ccfc6d4b" outcome="Passed" testListId="8c84fa94-04c1-424b-9868-57a2d4851a1d" relativeResultsDirectory="4ac99bf1-bab4-4af9-a515-23c096d46842" />
    <UnitTestResult executionId="6759d4f1-292a-41c4-bd0e-9c68fd337244" testId="47556cfd-76b1-7c6b-745e-b7a000519934" testName="FgoPet.Core.Tests.Focus.FocusPresetTests.Create_rejects_values_outside_the_approved_bounds(focus: 181, rest: 5, cycles: 4)" computerName="SOLA" duration="00:00:00.0000422" startTime="2026-08-31T17:31:27.2171222+08:00" endTime="2026-08-31T17:31:27.2171223+08:00" testType="13cdc9d9-ddb5-4fa4-a97d-d965ccfc6d4b" outcome="Passed" testListId="8c84fa94-04c1-424b-9868-57a2d4851a1d" relativeResultsDirectory="6759d4f1-292a-41c4-bd0e-9c68fd337244" />
    <UnitTestResult executionId="3e21cc0b-8488-46f5-bc3a-195aed875056" testId="09576307-7389-98f7-591d-9179960ae763" testName="FgoPet.Core.Tests.Panels.AttachedPanelStateMachineTests.Transition_is_deterministic(from: Collapsed, action: PortraitClick, expected: Compact)" computerName="SOLA" duration="00:00:00.0000094" startTime="2026-08-31T17:31:27.2247578+08:00" endTime="2026-08-31T17:31:27.2247580+08:00" testType="13cdc9d9-ddb5-4fa4-a97d-d965ccfc6d4b" outcome="Passed" testListId="8c84fa94-04c1-424b-9868-57a2d4851a1d" relativeResultsDirectory="3e21cc0b-8488-46f5-bc3a-195aed875056" />
    <UnitTestResult executionId="7bee006c-42f8-41ab-bdbe-b8fae2ce61c2" testId="433d9357-8cdc-ea1a-a752-0f1543a4465d" testName="FgoPet.Core.Tests.Panels.AttachedPanelStateMachineTests.Idle_collapses_an_expanded_state_when_the_pointer_is_outside(from: ExpandedTodo)" computerName="SOLA" duration="00:00:00.2241702" startTime="2026-08-31T17:31:27.4170448+08:00" endTime="2026-08-31T17:31:27.4170453+08:00" testType="13cdc9d9-ddb5-4fa4-a97d-d965ccfc6d4b" outcome="Passed" testListId="8c84fa94-04c1-424b-9868-57a2d4851a1d" relativeResultsDirectory="7bee006c-42f8-41ab-bdbe-b8fae2ce61c2" />
    <UnitTestResult executionId="327d5747-0468-4583-957e-9c556ea4361c" testId="84bca3ec-7b10-884c-de96-f36f743933e2" testName="FgoPet.Core.Tests.Agents.AgentExecutionTests.An_execution_moves_through_dispatch_active_attention_and_completion" computerName="SOLA" duration="00:00:00.0064280" startTime="2026-08-31T17:31:27.3975593+08:00" endTime="2026-08-31T17:31:27.3975595+08:00" testType="13cdc9d9-ddb5-4fa4-a97d-d965ccfc6d4b" outcome="Passed" testListId="8c84fa94-04c1-424b-9868-57a2d4851a1d" relativeResultsDirectory="327d5747-0468-4583-957e-9c556ea4361c" />
    <UnitTestResult executionId="4c70d05a-0734-42e6-a5c2-761692e95b76" testId="1caf569e-5830-835b-1c85-44c103e249f3" testName="FgoPet.Core.Tests.Bond.DefaultBondProgressionPolicyTests.Evaluate_uses_the_approved_cumulative_curve(seconds: 162000, expectedLevel: 10)" computerName="SOLA" duration="00:00:00.0000029" startTime="2026-08-31T17:31:27.2231490+08:00" endTime="2026-08-31T17:31:27.2231491+08:00" testType="13cdc9d9-ddb5-4fa4-a97d-d965ccfc6d4b" outcome="Passed" testListId="8c84fa94-04c1-424b-9868-57a2d4851a1d" relativeResultsDirectory="4c70d05a-0734-42e6-a5c2-761692e95b76" />
    <UnitTestResult executionId="25e8a453-d2cb-4595-91ea-827ca65ccfdd" testId="c0341e58-8328-228c-b0f2-f6703d0e757d" testName="FgoPet.Core.Tests.Bond.DefaultBondProgressionPolicyTests.Evaluate_never_downgrades_an_achieved_level" computerName="SOLA" duration="00:00:00.0004411" startTime="2026-08-31T17:31:27.2288739+08:00" endTime="2026-08-31T17:31:27.2288739+08:00" testType="13cdc9d9-ddb5-4fa4-a97d-d965ccfc6d4b" outcome="Passed" testListId="8c84fa94-04c1-424b-9868-57a2d4851a1d" relativeResultsDirectory="25e8a453-d2cb-4595-91ea-827ca65ccfdd" />
    <UnitTestResult executionId="31660c76-8069-4522-a2d5-550ce0007aa9" testId="248fbbfe-8747-831e-445c-641c3bf5a95c" testName="FgoPet.Core.Tests.Geometry.PortraitLayoutTests.Calculate_requires_positive_scale" computerName="SOLA" duration="00:00:00.0004289" startTime="2026-08-31T17:31:27.2287468+08:00" endTime="2026-08-31T17:31:27.2287469+08:00" testType="13cdc9d9-ddb5-4fa4-a97d-d965ccfc6d4b" outcome="Passed" testListId="8c84fa94-04c1-424b-9868-57a2d4851a1d" relativeResultsDirectory="31660c76-8069-4522-a2d5-550ce0007aa9" />
    <UnitTestResult executionId="58ce7a6e-be61-4fc8-831b-227e8edbf8aa" testId="6c4d75b4-d5fa-7d79-4c11-34426f08fd1c" testName="FgoPet.Core.Tests.Packs.PackContractTests.Missing_core_semantic_fails" computerName="SOLA" duration="00:00:00.0022403" startTime="2026-08-31T17:31:27.3504121+08:00" endTime="2026-08-31T17:31:27.3504127+08:00" testType="13cdc9d9-ddb5-4fa4-a97d-d965ccfc6d4b" outcome="Passed" testListId="8c84fa94-04c1-424b-9868-57a2d4851a1d" relativeResultsDirectory="58ce7a6e-be61-4fc8-831b-227e8edbf8aa" />
    <UnitTestResult executionId="3a2d19d7-7544-4c72-b9a6-e73ad6d3ccdf" testId="d359f2f1-53a4-bb6b-94b9-22ca1f0f53c2" testName="FgoPet.Core.Tests.Panels.AttachedPanelStateMachineTests.Four_column_transitions_stretch_or_switch(from: Compact, action: TodayClick, expected: ExpandedToday)" computerName="SOLA" duration="00:00:00.0004832" startTime="2026-08-31T17:31:27.2168876+08:00" endTime="2026-08-31T17:31:27.2168877+08:00" testType="13cdc9d9-ddb5-4fa4-a97d-d965ccfc6d4b" outcome="Passed" testListId="8c84fa94-04c1-424b-9868-57a2d4851a1d" relativeResultsDirectory="3a2d19d7-7544-4c72-b9a6-e73ad6d3ccdf" />
    <UnitTestResult executionId="06861823-bb7a-41e8-9d90-db3770a16365" testId="74a50d47-f828-cbd5-90fb-383791a4f514" testName="FgoPet.Core.Tests.Focus.FocusStateMachineTests.Focus_completion_emits_one_event_and_starts_break" computerName="SOLA" duration="00:00:00.0007209" startTime="2026-08-31T17:31:27.3999417+08:00" endTime="2026-08-31T17:31:27.3999418+08:00" testType="13cdc9d9-ddb5-4fa4-a97d-d965ccfc6d4b" outcome="Passed" testListId="8c84fa94-04c1-424b-9868-57a2d4851a1d" relativeResultsDirectory="06861823-bb7a-41e8-9d90-db3770a16365" />
    <UnitTestResult executionId="88c780c9-c25a-4395-a1cf-51fbb06b16e1" testId="575dc009-4022-5b70-7f8f-9833dac7a6d8" testName="FgoPet.Core.Tests.Panels.AttachedPanelStateMachineTests.Transition_is_deterministic(from: Compact, action: TodoClick, expected: ExpandedTodo)" computerName="SOLA" duration="00:00:00.0003376" startTime="2026-08-31T17:31:27.2234736+08:00" endTime="2026-08-31T17:31:27.2234737+08:00" testType="13cdc9d9-ddb5-4fa4-a97d-d965ccfc6d4b" outcome="Passed" testListId="8c84fa94-04c1-424b-9868-57a2d4851a1d" relativeResultsDirectory="88c780c9-c25a-4395-a1cf-51fbb06b16e1" />
    <UnitTestResult executionId="a936558c-5752-4d87-b652-692fbe919825" testId="2372f721-5aee-9e0d-f605-e4f93036eada" testName="FgoPet.Core.Tests.Focus.FocusStateMachineTests.Pause_and_resume_preserve_the_remaining_budget" computerName="SOLA" duration="00:00:00.0005885" startTime="2026-08-31T17:31:27.4011865+08:00" endTime="2026-08-31T17:31:27.4011867+08:00" testType="13cdc9d9-ddb5-4fa4-a97d-d965ccfc6d4b" outcome="Passed" testListId="8c84fa94-04c1-424b-9868-57a2d4851a1d" relativeResultsDirectory="a936558c-5752-4d87-b652-692fbe919825" />
    <UnitTestResult executionId="5790e8c9-217e-4cbd-bb59-a97e2889ef5c" testId="8e2294b9-c751-02fe-6760-cd844d229e81" testName="FgoPet.Core.Tests.Panels.AttachedPanelStateMachineTests.Transition_is_deterministic(from: ExpandedTodo, action: TodoClick, expected: Compact)" computerName="SOLA" duration="00:00:00.0000038" startTime="2026-08-31T17:31:27.2250066+08:00" endTime="2026-08-31T17:31:27.2250067+08:00" testType="13cdc9d9-ddb5-4fa4-a97d-d965ccfc6d4b" outcome="Passed" testListId="8c84fa94-04c1-424b-9868-57a2d4851a1d" relativeResultsDirectory="5790e8c9-217e-4cbd-bb59-a97e2889ef5c" />
    <UnitTestResult executionId="d0b967bd-bc98-425a-8dc1-c1e45cc8d6bc" testId="7678e8f5-d25c-d2b5-41cc-329ee086aedc" testName="FgoPet.Core.Tests.Portraits.ExpressionResolverTests.Resolve_every_core_semantic_from_the_mash_fixture" computerName="SOLA" duration="00:00:00.0948735" startTime="2026-08-31T17:31:27.2868585+08:00" endTime="2026-08-31T17:31:27.2868591+08:00" testType="13cdc9d9-ddb5-4fa4-a97d-d965ccfc6d4b" outcome="Passed" testListId="8c84fa94-04c1-424b-9868-57a2d4851a1d" relativeResultsDirectory="d0b967bd-bc98-425a-8dc1-c1e45cc8d6bc" />
    <UnitTestResult executionId="f31394e4-bacc-48c0-838f-fd59cf9f9db2" testId="9dbb5670-d7e9-7eae-7144-2a15cd4148c3" testName="FgoPet.Core.Tests.Packs.PackContractTests.Unknown_json_property_fails_deserialization" computerName="SOLA" duration="00:00:00.0020945" startTime="2026-08-31T17:31:27.3526378+08:00" endTime="2026-08-31T17:31:27.3526382+08:00" testType="13cdc9d9-ddb5-4fa4-a97d-d965ccfc6d4b" outcome="Passed" testListId="8c84fa94-04c1-424b-9868-57a2d4851a1d" relativeResultsDirectory="f31394e4-bacc-48c0-838f-fd59cf9f9db2" />
    <UnitTestResult executionId="4bbf2674-ea71-4099-8359-700bcc9c3735" testId="e940d678-2554-9ff5-31f1-cc2cd97d6250" testName="FgoPet.Core.Tests.Panels.AttachedPanelStateMachineTests.Four_column_transitions_stretch_or_switch(from: ExpandedToday, action: TodayClick, expected: Compact)" computerName="SOLA" duration="00:00:00.0000034" startTime="2026-08-31T17:31:27.2198413+08:00" endTime="2026-08-31T17:31:27.2198414+08:00" testType="13cdc9d9-ddb5-4fa4-a97d-d965ccfc6d4b" outcome="Passed" testListId="8c84fa94-04c1-424b-9868-57a2d4851a1d" relativeResultsDirectory="4bbf2674-ea71-4099-8359-700bcc9c3735" />
    <UnitTestResult executionId="bce5420a-f6cf-4cbe-91bc-f6088d431644" testId="ab20ed3b-99a2-9544-1ff5-6d5498562f78" testName="FgoPet.Core.Tests.Focus.FocusPresetTests.Create_rejects_values_outside_the_approved_bounds(focus: 4, rest: 5, cycles: 4)" computerName="SOLA" duration="00:00:00.0000491" startTime="2026-08-31T17:31:27.2170075+08:00" endTime="2026-08-31T17:31:27.2170076+08:00" testType="13cdc9d9-ddb5-4fa4-a97d-d965ccfc6d4b" outcome="Passed" testListId="8c84fa94-04c1-424b-9868-57a2d4851a1d" relativeResultsDirectory="bce5420a-f6cf-4cbe-91bc-f6088d431644" />
    <UnitTestResult executionId="574b0644-b674-423d-bedd-af9f9e4af963" testId="457b02d5-7013-2545-572c-d9dcbf0cabb1" testName="FgoPet.Core.Tests.Panels.AttachedPanelStateMachineTests.Idle_does_not_collapse_within_the_timeout" computerName="SOLA" duration="00:00:00.0001565" startTime="2026-08-31T17:31:27.4187538+08:00" endTime="2026-08-31T17:31:27.4187539+08:00" testType="13cdc9d9-ddb5-4fa4-a97d-d965ccfc6d4b" outcome="Passed" testListId="8c84fa94-04c1-424b-9868-57a2d4851a1d" relativeResultsDirectory="574b0644-b674-423d-bedd-af9f9e4af963" />
    <UnitTestResult executionId="b84f3d35-8640-452c-a622-34ea87d1467f" testId="5bf79920-2335-28e9-1f25-dad04c2e6c77" testName="FgoPet.Core.Tests.Bond.DefaultBondProgressionPolicyTests.Evaluate_rejects_negative_seconds" computerName="SOLA" duration="00:00:00.0019581" startTime="2026-08-31T17:31:27.2298644+08:00" endTime="2026-08-31T17:31:27.2298644+08:00" testType="13cdc9d9-ddb5-4fa4-a97d-d965ccfc6d4b" outcome="Passed" testListId="8c84fa94-04c1-424b-9868-57a2d4851a1d" relativeResultsDirectory="b84f3d35-8640-452c-a622-34ea87d1467f" />
    <UnitTestResult executionId="67455375-cf65-4cb4-a8a3-3e18a1d2be2a" testId="29bf5067-73d5-1280-c359-6934c27950f1" testName="FgoPet.Core.Tests.Panels.AttachedPanelStateMachineTests.Escape_from_any_expanded_state_returns_compact(from: ExpandedFocus)" computerName="SOLA" duration="00:00:00.0000872" startTime="2026-08-31T17:31:27.2252286+08:00" endTime="2026-08-31T17:31:27.2252287+08:00" testType="13cdc9d9-ddb5-4fa4-a97d-d965ccfc6d4b" outcome="Passed" testListId="8c84fa94-04c1-424b-9868-57a2d4851a1d" relativeResultsDirectory="67455375-cf65-4cb4-a8a3-3e18a1d2be2a" />
    <UnitTestResult executionId="483a4cfd-0f07-477a-b28c-618e39f744c5" testId="14b8cc81-ba4a-e510-3bc5-56149a314bba" testName="FgoPet.Core.Tests.Agents.AgentExecutionTests.A_todo_cannot_have_two_non_terminal_executions" computerName="SOLA" duration="00:00:00.0010106" startTime="2026-08-31T17:31:27.3986923+08:00" endTime="2026-08-31T17:31:27.3986926+08:00" testType="13cdc9d9-ddb5-4fa4-a97d-d965ccfc6d4b" outcome="Passed" testListId="8c84fa94-04c1-424b-9868-57a2d4851a1d" relativeResultsDirectory="483a4cfd-0f07-477a-b28c-618e39f744c5" />
    <UnitTestResult executionId="c1250e80-59e1-484b-beb4-a16aa902c128" testId="95146961-5c0d-6d44-02a8-b37778cf7eb3" testName="FgoPet.Core.Tests.Packs.PackContractTests.SemVersion_orders_release_before_prerelease" computerName="SOLA" duration="00:00:00.3749971" startTime="2026-08-31T17:31:27.1952097+08:00" endTime="2026-08-31T17:31:27.1952098+08:00" testType="13cdc9d9-ddb5-4fa4-a97d-d965ccfc6d4b" outcome="Passed" testListId="8c84fa94-04c1-424b-9868-57a2d4851a1d" relativeResultsDirectory="c1250e80-59e1-484b-beb4-a16aa902c128" />
    <UnitTestResult executionId="d9f63241-4e31-4c54-919c-ea043cbdb4cc" testId="63dc10b9-ee87-f5e5-c460-6b4fc1990ab3" testName="FgoPet.Core.Tests.Portraits.ExpressionResolverTests.Resolve_unresolvable_semantic_throws" computerName="SOLA" duration="00:00:00.0007563" startTime="2026-08-31T17:31:27.2940900+08:00" endTime="2026-08-31T17:31:27.2940901+08:00" testType="13cdc9d9-ddb5-4fa4-a97d-d965ccfc6d4b" outcome="Passed" testListId="8c84fa94-04c1-424b-9868-57a2d4851a1d" relativeResultsDirectory="d9f63241-4e31-4c54-919c-ea043cbdb4cc" />
    <UnitTestResult executionId="1b79daaf-df21-4ea2-b4ae-1e3a2913916d" testId="2478a9e3-e885-a484-e6ad-7d0bf0cdd2fd" testName="FgoPet.Core.Tests.Packs.PackContractTests.PackManifestV1_requires_schema_v1_and_rejects_unknown" computerName="SOLA" duration="00:00:00.0192723" startTime="2026-08-31T17:31:27.3203991+08:00" endTime="2026-08-31T17:31:27.3203997+08:00" testType="13cdc9d9-ddb5-4fa4-a97d-d965ccfc6d4b" outcome="Passed" testListId="8c84fa94-04c1-424b-9868-57a2d4851a1d" relativeResultsDirectory="1b79daaf-df21-4ea2-b4ae-1e3a2913916d" />
    <UnitTestResult executionId="a18d7c48-eec1-420b-8b5b-6f4ce9ee562d" testId="e85435c9-8122-f6e0-9c5d-2fb527af8e6b" testName="FgoPet.Core.Tests.Memory.MemoryContractTests.New_memory_candidate_is_pending_and_servant_scoped" computerName="SOLA" duration="00:00:00.0091540" startTime="2026-08-31T17:31:27.2278156+08:00" endTime="2026-08-31T17:31:27.2278157+08:00" testType="13cdc9d9-ddb5-4fa4-a97d-d965ccfc6d4b" outcome="Passed" testListId="8c84fa94-04c1-424b-9868-57a2d4851a1d" relativeResultsDirectory="a18d7c48-eec1-420b-8b5b-6f4ce9ee562d" />
    <UnitTestResult executionId="b6b7393c-4935-43ca-8f54-9b7c36fd0b81" testId="b7a2d032-e91c-56db-009e-9d53337d2799" testName="FgoPet.Core.Tests.Agents.AgentEventTests.Capabilities_and_connection_settings_only_expose_opaque_targets" computerName="SOLA" duration="00:00:00.0084638" startTime="2026-08-31T17:31:27.4221847+08:00" endTime="2026-08-31T17:31:27.4221850+08:00" testType="13cdc9d9-ddb5-4fa4-a97d-d965ccfc6d4b" outcome="Passed" testListId="8c84fa94-04c1-424b-9868-57a2d4851a1d" relativeResultsDirectory="b6b7393c-4935-43ca-8f54-9b7c36fd0b81" />
    <UnitTestResult executionId="f6c96288-b2c3-46b3-a16d-2f9d1f82201a" testId="0c74f88d-5655-e07a-379c-14e63288dc8e" testName="FgoPet.Core.Tests.Agents.AgentExecutionTests.A_terminal_execution_cannot_be_started_again" computerName="SOLA" duration="00:00:00.0006039" startTime="2026-08-31T17:31:27.3910458+08:00" endTime="2026-08-31T17:31:27.3910459+08:00" testType="13cdc9d9-ddb5-4fa4-a97d-d965ccfc6d4b" outcome="Passed" testListId="8c84fa94-04c1-424b-9868-57a2d4851a1d" relativeResultsDirectory="f6c96288-b2c3-46b3-a16d-2f9d1f82201a" />
    <UnitTestResult executionId="c527b329-92e4-413c-81c3-dc6aa5389f34" testId="3f763a37-cff2-f3c0-cd7e-889ae56f552a" testName="FgoPet.Core.Tests.Panels.AttachedPanelStateMachineTests.Idle_collapses_an_expanded_state_when_the_pointer_is_outside(from: ExpandedFocus)" computerName="SOLA" duration="00:00:00.0000156" startTime="2026-08-31T17:31:27.4175144+08:00" endTime="2026-08-31T17:31:27.4175144+08:00" testType="13cdc9d9-ddb5-4fa4-a97d-d965ccfc6d4b" outcome="Passed" testListId="8c84fa94-04c1-424b-9868-57a2d4851a1d" relativeResultsDirectory="c527b329-92e4-413c-81c3-dc6aa5389f34" />
    <UnitTestResult executionId="fe3c9565-dae6-4a86-bc56-8194701a6917" testId="8378985b-8f00-c39c-eb62-f3b6f0a970fd" testName="FgoPet.Core.Tests.Focus.FocusPresetTests.Built_in_presets_match_the_approved_constants" computerName="SOLA" duration="00:00:00.0001646" startTime="2026-08-31T17:31:27.2223179+08:00" endTime="2026-08-31T17:31:27.2223180+08:00" testType="13cdc9d9-ddb5-4fa4-a97d-d965ccfc6d4b" outcome="Passed" testListId="8c84fa94-04c1-424b-9868-57a2d4851a1d" relativeResultsDirectory="fe3c9565-dae6-4a86-bc56-8194701a6917" />
    <UnitTestResult executionId="49cf9fea-add0-48ab-8e0f-7199acac015d" testId="6c8d4334-ed63-1d54-d2a9-29112ff46f71" testName="FgoPet.Core.Tests.Packs.PackContractTests.SemVersion_parses_valid_versions(text: &quot;10.2.3&quot;)" computerName="SOLA" duration="00:00:00.0001788" startTime="2026-08-31T17:31:27.3009384+08:00" endTime="2026-08-31T17:31:27.3009387+08:00" testType="13cdc9d9-ddb5-4fa4-a97d-d965ccfc6d4b" outcome="Passed" testListId="8c84fa94-04c1-424b-9868-57a2d4851a1d" relativeResultsDirectory="49cf9fea-add0-48ab-8e0f-7199acac015d" />
    <UnitTestResult executionId="e458fcbb-9486-410d-bdb9-1bc27ee80060" testId="c74809a1-0de9-b215-b80e-cdb97094e2fb" testName="FgoPet.Core.Tests.Windowing.ScreenLayoutTests.Restore_requires_at_least_one_monitor" computerName="SOLA" duration="00:00:00.0005764" startTime="2026-08-31T17:31:27.2287563+08:00" endTime="2026-08-31T17:31:27.2287564+08:00" testType="13cdc9d9-ddb5-4fa4-a97d-d965ccfc6d4b" outcome="Passed" testListId="8c84fa94-04c1-424b-9868-57a2d4851a1d" relativeResultsDirectory="e458fcbb-9486-410d-bdb9-1bc27ee80060" />
    <UnitTestResult executionId="40ae88e7-fe9a-461a-af3a-364fd968e2b7" testId="6281ec3c-781c-3771-d8d0-5d71662a296d" testName="FgoPet.Core.Tests.Panels.AttachedPanelStateMachineTests.Four_column_transitions_stretch_or_switch(from: ExpandedToday, action: FocusClick, expected: ExpandedFocus)" computerName="SOLA" duration="00:00:00.0000049" startTime="2026-08-31T17:31:27.2188914+08:00" endTime="2026-08-31T17:31:27.2188915+08:00" testType="13cdc9d9-ddb5-4fa4-a97d-d965ccfc6d4b" outcome="Passed" testListId="8c84fa94-04c1-424b-9868-57a2d4851a1d" relativeResultsDirectory="40ae88e7-fe9a-461a-af3a-364fd968e2b7" />
    <UnitTestResult executionId="01268403-7d30-432d-8cba-8b6d152e4ec4" testId="204bfa4d-eb3d-0b5f-a7bc-8942bd6b556d" testName="FgoPet.Core.Tests.Agents.AgentEventTests.Private_event_is_anonymous_but_keeps_status_identity" computerName="SOLA" duration="00:00:00.0027712" startTime="2026-08-31T17:31:27.4135550+08:00" endTime="2026-08-31T17:31:27.4135555+08:00" testType="13cdc9d9-ddb5-4fa4-a97d-d965ccfc6d4b" outcome="Passed" testListId="8c84fa94-04c1-424b-9868-57a2d4851a1d" relativeResultsDirectory="01268403-7d30-432d-8cba-8b6d152e4ec4" />
    <UnitTestResult executionId="7db9e43a-3202-4ad0-9211-56e010c729f4" testId="9c5aa769-1ce4-1211-1d6d-ff3b2ec3fd12" testName="FgoPet.Core.Tests.Panels.AttachedPanelStateMachineTests.An_inapplicable_action_is_a_no_op" computerName="SOLA" duration="00:00:00.0003633" startTime="2026-08-31T17:31:27.2201006+08:00" endTime="2026-08-31T17:31:27.2201007+08:00" testType="13cdc9d9-ddb5-4fa4-a97d-d965ccfc6d4b" outcome="Passed" testListId="8c84fa94-04c1-424b-9868-57a2d4851a1d" relativeResultsDirectory="7db9e43a-3202-4ad0-9211-56e010c729f4" />
    <UnitTestResult executionId="5be829c4-b675-4a0f-ae36-92a6e496c499" testId="7d1b16b2-5be3-0bca-358a-6fa140c4fb0c" testName="FgoPet.Core.Tests.Packs.PackContractTests.Mash_v2_fixture_preserves_ids_and_geometry" computerName="SOLA" duration="00:00:00.0251497" startTime="2026-08-31T17:31:27.3457028+08:00" endTime="2026-08-31T17:31:27.3457034+08:00" testType="13cdc9d9-ddb5-4fa4-a97d-d965ccfc6d4b" outcome="Passed" testListId="8c84fa94-04c1-424b-9868-57a2d4851a1d" relativeResultsDirectory="5be829c4-b675-4a0f-ae36-92a6e496c499" />
    <UnitTestResult executionId="994fbf5d-1d97-4493-8dbb-66865f9b59df" testId="77409aa7-a517-e3b1-20a8-ae14e4d3c6a9" testName="FgoPet.Core.Tests.Panels.AttachedPanelStateMachineTests.Transition_is_deterministic(from: ExpandedDialogue, action: TodoClick, expected: ExpandedTodo)" computerName="SOLA" duration="00:00:00.0000038" startTime="2026-08-31T17:31:27.2248220+08:00" endTime="2026-08-31T17:31:27.2248221+08:00" testType="13cdc9d9-ddb5-4fa4-a97d-d965ccfc6d4b" outcome="Passed" testListId="8c84fa94-04c1-424b-9868-57a2d4851a1d" relativeResultsDirectory="994fbf5d-1d97-4493-8dbb-66865f9b59df" />
    <UnitTestResult executionId="0a1a72ae-38ff-40a1-b0cf-c77b26035eef" testId="2e5671ba-9ea1-01a8-7790-1d8bef7cd358" testName="FgoPet.Core.Tests.Focus.FocusPresetTests.Create_rejects_values_outside_the_approved_bounds(focus: 25, rest: 5, cycles: 0)" computerName="SOLA" duration="00:00:00.0000540" startTime="2026-08-31T17:31:27.2190416+08:00" endTime="2026-08-31T17:31:27.2190417+08:00" testType="13cdc9d9-ddb5-4fa4-a97d-d965ccfc6d4b" outcome="Passed" testListId="8c84fa94-04c1-424b-9868-57a2d4851a1d" relativeResultsDirectory="0a1a72ae-38ff-40a1-b0cf-c77b26035eef" />
    <UnitTestResult executionId="cec8c995-776d-47fc-acb7-e0d074d3af71" testId="b12fc151-78ee-450e-09aa-066ac59e7cc9" testName="FgoPet.Core.Tests.Windowing.ScreenLayoutTests.ClampFullyVisible_returns_an_offscreen_portrait_to_the_nearest_edge(x: -50, y: 100, expectedX: 0, expectedY: 100)" computerName="SOLA" duration="00:00:00.0007829" startTime="2026-08-31T17:31:27.2169594+08:00" endTime="2026-08-31T17:31:27.2169595+08:00" testType="13cdc9d9-ddb5-4fa4-a97d-d965ccfc6d4b" outcome="Passed" testListId="8c84fa94-04c1-424b-9868-57a2d4851a1d" relativeResultsDirectory="cec8c995-776d-47fc-acb7-e0d074d3af71" />
    <UnitTestResult executionId="16c0137c-ac4a-4398-a250-89df1f56dc0e" testId="af2582e1-3358-a5d9-9307-080e5dd5a875" testName="FgoPet.Core.Tests.Windowing.ScreenLayoutTests.ClampFullyVisible_returns_an_offscreen_portrait_to_the_nearest_edge(x: 100, y: -50, expectedX: 100, expectedY: 0)" computerName="SOLA" duration="00:00:00.0000058" startTime="2026-08-31T17:31:27.2188046+08:00" endTime="2026-08-31T17:31:27.2188048+08:00" testType="13cdc9d9-ddb5-4fa4-a97d-d965ccfc6d4b" outcome="Passed" testListId="8c84fa94-04c1-424b-9868-57a2d4851a1d" relativeResultsDirectory="16c0137c-ac4a-4398-a250-89df1f56dc0e" />
    <UnitTestResult executionId="72cbcdc2-59b1-4b88-b335-cb3ea9c2699e" testId="e377878a-de33-71f5-3c56-3b36e587b93e" testName="FgoPet.Core.Tests.Packs.PackContractTests.SemVersion_parses_valid_versions(text: &quot;1.0.0&quot;)" computerName="SOLA" duration="00:00:00.0002903" startTime="2026-08-31T17:31:27.3007100+08:00" endTime="2026-08-31T17:31:27.3007102+08:00" testType="13cdc9d9-ddb5-4fa4-a97d-d965ccfc6d4b" outcome="Passed" testListId="8c84fa94-04c1-424b-9868-57a2d4851a1d" relativeResultsDirectory="72cbcdc2-59b1-4b88-b335-cb3ea9c2699e" />
    <UnitTestResult executionId="aba1e765-fcc7-46ad-885f-4e9ad1eb7e74" testId="648a8dd2-a177-5e35-e7d8-7ee8e569be0c" testName="FgoPet.Core.Tests.Settings.ServantPreferenceTests.User_defined_mode_requires_a_bounded_address" computerName="SOLA" duration="00:00:00.0005243" startTime="2026-08-31T17:31:27.2223429+08:00" endTime="2026-08-31T17:31:27.2223431+08:00" testType="13cdc9d9-ddb5-4fa4-a97d-d965ccfc6d4b" outcome="Passed" testListId="8c84fa94-04c1-424b-9868-57a2d4851a1d" relativeResultsDirectory="aba1e765-fcc7-46ad-885f-4e9ad1eb7e74" />
    <UnitTestResult executionId="08cc9c36-6bca-47f1-b314-8d96fdafcfbb" testId="b69e1852-5df6-f8a1-ac2c-af30f9bb2331" testName="FgoPet.Core.Tests.Panels.AttachedPanelStateMachineTests.Transition_is_deterministic(from: ExpandedTodo, action: Escape, expected: Compact)" computerName="SOLA" duration="00:00:00.0000035" startTime="2026-08-31T17:31:27.2248707+08:00" endTime="2026-08-31T17:31:27.2248708+08:00" testType="13cdc9d9-ddb5-4fa4-a97d-d965ccfc6d4b" outcome="Passed" testListId="8c84fa94-04c1-424b-9868-57a2d4851a1d" relativeResultsDirectory="08cc9c36-6bca-47f1-b314-8d96fdafcfbb" />
    <UnitTestResult executionId="8977e8e4-0207-4c80-9abb-1514089b185a" testId="c2f90f91-84ef-8127-1b1d-9b90dc312eff" testName="FgoPet.Core.Tests.Packs.ContentContractTests.Knowledge_entry_accepts_only_known_approval_states" computerName="SOLA" duration="00:00:00.0071090" startTime="2026-08-31T17:31:27.2300155+08:00" endTime="2026-08-31T17:31:27.2300156+08:00" testType="13cdc9d9-ddb5-4fa4-a97d-d965ccfc6d4b" outcome="Passed" testListId="8c84fa94-04c1-424b-9868-57a2d4851a1d" relativeResultsDirectory="8977e8e4-0207-4c80-9abb-1514089b185a" />
    <UnitTestResult executionId="1c360b7a-a339-49f2-84d0-eb591662ae0a" testId="cfd2cac9-ef04-923b-a31f-f922acd95708" testName="FgoPet.Core.Tests.Geometry.PortraitLayoutTests.Calculate_overlay_sits_within_the_body" computerName="SOLA" duration="00:00:00.0023855" startTime="2026-08-31T17:31:27.2277758+08:00" endTime="2026-08-31T17:31:27.2277759+08:00" testType="13cdc9d9-ddb5-4fa4-a97d-d965ccfc6d4b" outcome="Passed" testListId="8c84fa94-04c1-424b-9868-57a2d4851a1d" relativeResultsDirectory="1c360b7a-a339-49f2-84d0-eb591662ae0a" />
    <UnitTestResult executionId="e62704ad-7ea4-4516-9b2f-441f3ebef16d" testId="28f1a25b-4611-3825-9003-a8c511650c21" testName="FgoPet.Core.Tests.Portraits.ExpressionResolverTests.Resolve_fallback_cycle_throws_ExpressionMappingInvalid" computerName="SOLA" duration="00:00:00.0051510" startTime="2026-08-31T17:31:27.2925118+08:00" endTime="2026-08-31T17:31:27.2925127+08:00" testType="13cdc9d9-ddb5-4fa4-a97d-d965ccfc6d4b" outcome="Passed" testListId="8c84fa94-04c1-424b-9868-57a2d4851a1d" relativeResultsDirectory="e62704ad-7ea4-4516-9b2f-441f3ebef16d" />
    <UnitTestResult executionId="dce32536-4496-4a21-ac5e-246a5ea6e8f3" testId="303e1f78-299f-1059-23d7-a0f0b96a6d48" testName="FgoPet.Core.Tests.Geometry.AttachedPanelLayoutTests.Place_clamps_vertically_at_the_work_area_bottom" computerName="SOLA" duration="00:00:00.0001661" startTime="2026-08-31T17:31:27.2311068+08:00" endTime="2026-08-31T17:31:27.2311069+08:00" testType="13cdc9d9-ddb5-4fa4-a97d-d965ccfc6d4b" outcome="Passed" testListId="8c84fa94-04c1-424b-9868-57a2d4851a1d" relativeResultsDirectory="dce32536-4496-4a21-ac5e-246a5ea6e8f3" />
    <UnitTestResult executionId="1d8bb6cb-a430-4984-ad99-ffd8e445df74" testId="c92d93f0-424d-ba37-82b4-a1c903b81136" testName="FgoPet.Core.Tests.Todo.TodoItemTests.Failed_or_cancelled_execution_can_return_active_todo_to_planned" computerName="SOLA" duration="00:00:00.5830752" startTime="2026-08-31T17:31:27.3932246+08:00" endTime="2026-08-31T17:31:27.3932250+08:00" testType="13cdc9d9-ddb5-4fa4-a97d-d965ccfc6d4b" outcome="Passed" testListId="8c84fa94-04c1-424b-9868-57a2d4851a1d" relativeResultsDirectory="1d8bb6cb-a430-4984-ad99-ffd8e445df74" />
    <UnitTestResult executionId="6744e00e-5954-4e0d-be3a-f1b513cd1aae" testId="7c234e30-733d-f597-ea91-2d1fef51385d" testName="FgoPet.Core.Tests.Dialogue.ConversationContractTests.Content_context_rejects_missing_identity" computerName="SOLA" duration="00:00:00.0006286" startTime="2026-08-31T17:31:27.2311618+08:00" endTime="2026-08-31T17:31:27.2311619+08:00" testType="13cdc9d9-ddb5-4fa4-a97d-d965ccfc6d4b" outcome="Passed" testListId="8c84fa94-04c1-424b-9868-57a2d4851a1d" relativeResultsDirectory="6744e00e-5954-4e0d-be3a-f1b513cd1aae" />
    <UnitTestResult executionId="f0fbfa4a-e481-46a2-92c2-fb5997dcd650" testId="c0ff93a2-0355-5845-8f65-a5c2e8b969e2" testName="FgoPet.Core.Tests.Geometry.AttachedPanelLayoutTests.Place_prefers_right_when_left_occludes_the_portrait_more" computerName="SOLA" duration="00:00:00.0004709" startTime="2026-08-31T17:31:27.2298789+08:00" endTime="2026-08-31T17:31:27.2298790+08:00" testType="13cdc9d9-ddb5-4fa4-a97d-d965ccfc6d4b" outcome="Passed" testListId="8c84fa94-04c1-424b-9868-57a2d4851a1d" relativeResultsDirectory="f0fbfa4a-e481-46a2-92c2-fb5997dcd650" />
    <UnitTestResult executionId="fefb3fa9-5569-494f-8588-36b004926db0" testId="82a8790a-ca0a-b617-ed06-6bbfb453eaab" testName="FgoPet.Core.Tests.Panels.AttachedPanelStateMachineTests.Escape_from_any_expanded_state_returns_compact(from: ExpandedTodo)" computerName="SOLA" duration="00:00:00.0000097" startTime="2026-08-31T17:31:27.2268168+08:00" endTime="2026-08-31T17:31:27.2268169+08:00" testType="13cdc9d9-ddb5-4fa4-a97d-d965ccfc6d4b" outcome="Passed" testListId="8c84fa94-04c1-424b-9868-57a2d4851a1d" relativeResultsDirectory="fefb3fa9-5569-494f-8588-36b004926db0" />
    <UnitTestResult executionId="8bf777bc-5898-4cb9-9c3b-dbf6d476f811" testId="7ebc0d86-8564-8557-2121-fc124da6ba57" testName="FgoPet.Core.Tests.Packs.PackContractTests.SemVersion_parses_valid_versions(text: &quot;1.0.0-alpha.1&quot;)" computerName="SOLA" duration="00:00:00.0000119" startTime="2026-08-31T17:31:27.3009993+08:00" endTime="2026-08-31T17:31:27.3009994+08:00" testType="13cdc9d9-ddb5-4fa4-a97d-d965ccfc6d4b" outcome="Passed" testListId="8c84fa94-04c1-424b-9868-57a2d4851a1d" relativeResultsDirectory="8bf777bc-5898-4cb9-9c3b-dbf6d476f811" />
    <UnitTestResult executionId="0ef42395-29da-458f-bd35-13014dc42dd4" testId="c4250eb1-81c4-f209-7368-1cc91ab990bf" testName="FgoPet.Core.Tests.Windowing.ScreenLayoutTests.Restore_falls_back_to_the_primary_monitor_when_no_overlap_exists" computerName="SOLA" duration="00:00:00.0084935" startTime="2026-08-31T17:31:27.2278634+08:00" endTime="2026-08-31T17:31:27.2278634+08:00" testType="13cdc9d9-ddb5-4fa4-a97d-d965ccfc6d4b" outcome="Passed" testListId="8c84fa94-04c1-424b-9868-57a2d4851a1d" relativeResultsDirectory="0ef42395-29da-458f-bd35-13014dc42dd4" />
    <UnitTestResult executionId="55a2a881-9fbd-4cdb-b8e6-37a9d969d752" testId="b9d8b8d6-35f8-f273-9150-a78b6b7d8790" testName="FgoPet.Core.Tests.Panels.AttachedPanelStateMachineTests.Escape_from_any_expanded_state_returns_compact(from: ExpandedDialogue)" computerName="SOLA" duration="00:00:00.0000039" startTime="2026-08-31T17:31:27.2268600+08:00" endTime="2026-08-31T17:31:27.2268601+08:00" testType="13cdc9d9-ddb5-4fa4-a97d-d965ccfc6d4b" outcome="Passed" testListId="8c84fa94-04c1-424b-9868-57a2d4851a1d" relativeResultsDirectory="55a2a881-9fbd-4cdb-b8e6-37a9d969d752" />
    <UnitTestResult executionId="7910ac45-f7dd-4466-80bc-e1c64f53d676" testId="84eaad77-1988-bd1b-7b64-a7d1bd43ec91" testName="FgoPet.Core.Tests.Portraits.ExpressionResolverTests.Resolve_uses_direct_mapping_without_fallback" computerName="SOLA" duration="00:00:00.3820531" startTime="2026-08-31T17:31:27.2235226+08:00" endTime="2026-08-31T17:31:27.2235227+08:00" testType="13cdc9d9-ddb5-4fa4-a97d-d965ccfc6d4b" outcome="Passed" testListId="8c84fa94-04c1-424b-9868-57a2d4851a1d" relativeResultsDirectory="7910ac45-f7dd-4466-80bc-e1c64f53d676" />
    <UnitTestResult executionId="ab9815f1-cb06-4e51-ae72-f5265a489f7a" testId="448ad57a-9de2-5339-6638-b1468ea32ae2" testName="FgoPet.Core.Tests.Panels.AttachedPanelStateMachineTests.Transition_is_deterministic(from: Compact, action: Escape, expected: Collapsed)" computerName="SOLA" duration="00:00:00.0000041" startTime="2026-08-31T17:31:27.2250557+08:00" endTime="2026-08-31T17:31:27.2250558+08:00" testType="13cdc9d9-ddb5-4fa4-a97d-d965ccfc6d4b" outcome="Passed" testListId="8c84fa94-04c1-424b-9868-57a2d4851a1d" relativeResultsDirectory="ab9815f1-cb06-4e51-ae72-f5265a489f7a" />
    <UnitTestResult executionId="cb49981f-f02f-4051-a1f8-ff3d2c891198" testId="83a17e10-b8ae-aa0e-6d9a-36596e12b098" testName="FgoPet.Core.Tests.Settings.ServantPreferenceTests.Package_default_mode_does_not_store_a_second_custom_address" computerName="SOLA" duration="00:00:00.0014293" startTime="2026-08-31T17:31:27.2201691+08:00" endTime="2026-08-31T17:31:27.2201692+08:00" testType="13cdc9d9-ddb5-4fa4-a97d-d965ccfc6d4b" outcome="Passed" testListId="8c84fa94-04c1-424b-9868-57a2d4851a1d" relativeResultsDirectory="cb49981f-f02f-4051-a1f8-ff3d2c891198" />
    <UnitTestResult executionId="a8b67976-edcc-4789-a98b-cbe285390aa2" testId="abc2207e-9717-57bc-b695-07e6bf651d0e" testName="FgoPet.Core.Tests.Settings.ServantPreferenceTests.Address_preference_has_only_two_modes" computerName="SOLA" duration="00:00:00.3741093" startTime="2026-08-31T17:31:27.1951987+08:00" endTime="2026-08-31T17:31:27.1951987+08:00" testType="13cdc9d9-ddb5-4fa4-a97d-d965ccfc6d4b" outcome="Passed" testListId="8c84fa94-04c1-424b-9868-57a2d4851a1d" relativeResultsDirectory="a8b67976-edcc-4789-a98b-cbe285390aa2" />
    <UnitTestResult executionId="be847635-a34e-402e-8581-615bc02d39c6" testId="5c05a72c-c892-dcd9-1cd2-8155fc644b4d" testName="FgoPet.Core.Tests.Focus.FocusStateMachineTests.Start_enters_focusing_with_the_full_focus_budget" computerName="SOLA" duration="00:00:00.0021769" startTime="2026-08-31T17:31:27.4055615+08:00" endTime="2026-08-31T17:31:27.4055618+08:00" testType="13cdc9d9-ddb5-4fa4-a97d-d965ccfc6d4b" outcome="Passed" testListId="8c84fa94-04c1-424b-9868-57a2d4851a1d" relativeResultsDirectory="be847635-a34e-402e-8581-615bc02d39c6" />
    <UnitTestResult executionId="d742c087-9549-46b4-ab81-b6a4ad12a67f" testId="68fd8f25-6eaf-b9a9-c163-afd4c86a1f59" testName="FgoPet.Core.Tests.Events.RuntimeEventContractTests.Legacy_events_default_to_system_metadata" computerName="SOLA" duration="00:00:00.0008581" startTime="2026-08-31T17:31:27.2269637+08:00" endTime="2026-08-31T17:31:27.2269637+08:00" testType="13cdc9d9-ddb5-4fa4-a97d-d965ccfc6d4b" outcome="Passed" testListId="8c84fa94-04c1-424b-9868-57a2d4851a1d" relativeResultsDirectory="d742c087-9549-46b4-ab81-b6a4ad12a67f" />
    <UnitTestResult executionId="0858a732-1b41-4c93-b4ca-966e37897a5a" testId="cffe44a7-5e6c-c182-4d0d-248e228cee43" testName="FgoPet.Core.Tests.Portraits.ExpressionResolverTests.Resolve_follows_mapping_then_fallback_to_neutral" computerName="SOLA" duration="00:00:00.0002595" startTime="2026-08-31T17:31:27.2872039+08:00" endTime="2026-08-31T17:31:27.2872041+08:00" testType="13cdc9d9-ddb5-4fa4-a97d-d965ccfc6d4b" outcome="Passed" testListId="8c84fa94-04c1-424b-9868-57a2d4851a1d" relativeResultsDirectory="0858a732-1b41-4c93-b4ca-966e37897a5a" />
    <UnitTestResult executionId="c283f0ee-b29c-4da6-9d84-ee8a8e1a47a4" testId="a12fe75b-25f2-569e-84b0-21e9b26570e2" testName="FgoPet.Core.Tests.Agents.AgentEventTests.Event_identity_includes_source_instance_task_and_sequence" computerName="SOLA" duration="00:00:00.5990455" startTime="2026-08-31T17:31:27.4091016+08:00" endTime="2026-08-31T17:31:27.4091021+08:00" testType="13cdc9d9-ddb5-4fa4-a97d-d965ccfc6d4b" outcome="Passed" testListId="8c84fa94-04c1-424b-9868-57a2d4851a1d" relativeResultsDirectory="c283f0ee-b29c-4da6-9d84-ee8a8e1a47a4" />
    <UnitTestResult executionId="8a2a01b4-3cdb-44ff-b035-16004c451ed3" testId="0dd175e7-d476-3c3a-b3ca-bd88dc6352ae" testName="FgoPet.Core.Tests.Panels.AttachedPanelStateMachineTests.Transition_is_deterministic(from: ExpandedDialogue, action: Escape, expected: Compact)" computerName="SOLA" duration="00:00:00.0005375" startTime="2026-08-31T17:31:27.2235833+08:00" endTime="2026-08-31T17:31:27.2235834+08:00" testType="13cdc9d9-ddb5-4fa4-a97d-d965ccfc6d4b" outcome="Passed" testListId="8c84fa94-04c1-424b-9868-57a2d4851a1d" relativeResultsDirectory="8a2a01b4-3cdb-44ff-b035-16004c451ed3" />
    <UnitTestResult executionId="6517f442-da25-48d5-b9af-1e7bcb080b4b" testId="2d3d8546-e844-fecc-935a-80ebb938fec0" testName="FgoPet.Core.Tests.Panels.AttachedPanelStateMachineTests.PortraitClick_from_any_expanded_state_returns_collapsed(from: ExpandedToday)" computerName="SOLA" duration="00:00:00.0001845" startTime="2026-08-31T17:31:27.4178921+08:00" endTime="2026-08-31T17:31:27.4178923+08:00" testType="13cdc9d9-ddb5-4fa4-a97d-d965ccfc6d4b" outcome="Passed" testListId="8c84fa94-04c1-424b-9868-57a2d4851a1d" relativeResultsDirectory="6517f442-da25-48d5-b9af-1e7bcb080b4b" />
    <UnitTestResult executionId="f49846eb-ef62-4f6e-aeb4-b0be743fe173" testId="026a854c-cae0-e025-a374-215bb55b4043" testName="FgoPet.Core.Tests.Packs.PackContractTests.Mash_v3_fixture_deserializes_strict" computerName="SOLA" duration="00:00:00.1080824" startTime="2026-08-31T17:31:27.2953165+08:00" endTime="2026-08-31T17:31:27.2953169+08:00" testType="13cdc9d9-ddb5-4fa4-a97d-d965ccfc6d4b" outcome="Passed" testListId="8c84fa94-04c1-424b-9868-57a2d4851a1d" relativeResultsDirectory="f49846eb-ef62-4f6e-aeb4-b0be743fe173" />
    <UnitTestResult executionId="6aad0481-a164-46d7-b8e6-dd8c7d33d610" testId="fb852a6f-4806-0a60-3c11-f202d72dcc15" testName="FgoPet.Core.Tests.Focus.FocusStateMachineTests.Invalid_command_for_a_state_throws" computerName="SOLA" duration="00:00:00.0014424" startTime="2026-08-31T17:31:27.4032250+08:00" endTime="2026-08-31T17:31:27.4032254+08:00" testType="13cdc9d9-ddb5-4fa4-a97d-d965ccfc6d4b" outcome="Passed" testListId="8c84fa94-04c1-424b-9868-57a2d4851a1d" relativeResultsDirectory="6aad0481-a164-46d7-b8e6-dd8c7d33d610" />
    <UnitTestResult executionId="f5f1ecc7-fa24-48a2-8e82-a6f333213c51" testId="7900e896-3e6c-65c0-d6a7-e5681557158f" testName="FgoPet.Core.Tests.Panels.AttachedPanelStateMachineTests.Idle_collapses_an_expanded_state_when_the_pointer_is_outside(from: ExpandedToday)" computerName="SOLA" duration="00:00:00.0000063" startTime="2026-08-31T17:31:27.4175610+08:00" endTime="2026-08-31T17:31:27.4175610+08:00" testType="13cdc9d9-ddb5-4fa4-a97d-d965ccfc6d4b" outcome="Passed" testListId="8c84fa94-04c1-424b-9868-57a2d4851a1d" relativeResultsDirectory="f5f1ecc7-fa24-48a2-8e82-a6f333213c51" />
    <UnitTestResult executionId="2ebfff9c-7a0d-46d3-827f-b91a3a4a1663" testId="cdb31835-d866-c640-894c-dcae26fff287" testName="FgoPet.Core.Tests.Focus.FocusPresetTests.Total_seconds_excludes_the_break_after_the_last_cycle" computerName="SOLA" duration="00:00:00.0007666" startTime="2026-08-31T17:31:27.2205598+08:00" endTime="2026-08-31T17:31:27.2205599+08:00" testType="13cdc9d9-ddb5-4fa4-a97d-d965ccfc6d4b" outcome="Passed" testListId="8c84fa94-04c1-424b-9868-57a2d4851a1d" relativeResultsDirectory="2ebfff9c-7a0d-46d3-827f-b91a3a4a1663" />
    <UnitTestResult executionId="2ba6ae1b-6f73-48bc-ac3b-5e1a1b6edf4f" testId="5dda5860-b2c4-a9b9-b78c-e87d1ee3767d" testName="FgoPet.Core.Tests.Agents.AgentEventTests.Work_archive_keeps_only_confirmed_summary_and_coverage_keys" computerName="SOLA" duration="00:00:00.0014117" startTime="2026-08-31T17:31:27.4106181+08:00" endTime="2026-08-31T17:31:27.4106183+08:00" testType="13cdc9d9-ddb5-4fa4-a97d-d965ccfc6d4b" outcome="Passed" testListId="8c84fa94-04c1-424b-9868-57a2d4851a1d" relativeResultsDirectory="2ba6ae1b-6f73-48bc-ac3b-5e1a1b6edf4f" />
    <UnitTestResult executionId="baae460d-cb6f-44f3-a5ba-b7a10c2323c5" testId="2f47b38c-dbcc-942e-cdd3-a7e538a2e9c0" testName="FgoPet.Core.Tests.Panels.AttachedPanelStateMachineTests.PortraitClick_from_any_expanded_state_returns_collapsed(from: ExpandedFocus)" computerName="SOLA" duration="00:00:00.0000087" startTime="2026-08-31T17:31:27.4185589+08:00" endTime="2026-08-31T17:31:27.4185590+08:00" testType="13cdc9d9-ddb5-4fa4-a97d-d965ccfc6d4b" outcome="Passed" testListId="8c84fa94-04c1-424b-9868-57a2d4851a1d" relativeResultsDirectory="baae460d-cb6f-44f3-a5ba-b7a10c2323c5" />
    <UnitTestResult executionId="cc5c5be3-8ec9-4f78-8f76-1be5fd7ff370" testId="421d0129-deda-627d-dc8a-3bd2834ae647" testName="FgoPet.Core.Tests.Geometry.AttachedPanelLayoutTests.Place_flips_right_when_left_leaves_the_work_area" computerName="SOLA" duration="00:00:00.0002059" startTime="2026-08-31T17:31:27.2299618+08:00" endTime="2026-08-31T17:31:27.2299619+08:00" testType="13cdc9d9-ddb5-4fa4-a97d-d965ccfc6d4b" outcome="Passed" testListId="8c84fa94-04c1-424b-9868-57a2d4851a1d" relativeResultsDirectory="cc5c5be3-8ec9-4f78-8f76-1be5fd7ff370" />
    <UnitTestResult executionId="899b9f4f-a7a7-46dd-9db7-1c1f1e7aec37" testId="bce052fd-50a2-1003-8509-db324ae26f44" testName="FgoPet.Core.Tests.Panels.AttachedPanelStateMachineTests.Escape_from_any_expanded_state_returns_compact(from: ExpandedToday)" computerName="SOLA" duration="00:00:00.0001921" startTime="2026-08-31T17:31:27.2267533+08:00" endTime="2026-08-31T17:31:27.2267535+08:00" testType="13cdc9d9-ddb5-4fa4-a97d-d965ccfc6d4b" outcome="Passed" testListId="8c84fa94-04c1-424b-9868-57a2d4851a1d" relativeResultsDirectory="899b9f4f-a7a7-46dd-9db7-1c1f1e7aec37" />
    <UnitTestResult executionId="ec45e64d-4fa7-4bf0-b6fe-2fb478c82fd2" testId="a281aee0-54f7-b5b3-b873-d578f8b03a19" testName="FgoPet.Core.Tests.Dialogue.ConversationContractTests.Content_context_includes_servant_package_version_and_appearance" computerName="SOLA" duration="00:00:00.3707600" startTime="2026-08-31T17:31:27.1951481+08:00" endTime="2026-08-31T17:31:27.1951483+08:00" testType="13cdc9d9-ddb5-4fa4-a97d-d965ccfc6d4b" outcome="Passed" testListId="8c84fa94-04c1-424b-9868-57a2d4851a1d" relativeResultsDirectory="ec45e64d-4fa7-4bf0-b6fe-2fb478c82fd2" />
    <UnitTestResult executionId="1dfecc3b-7c11-48b1-9cde-dce53a050d94" testId="d66269e9-8770-901a-e671-bf0ba6bb234f" testName="FgoPet.Core.Tests.Bond.DefaultBondProgressionPolicyTests.Evaluate_uses_the_approved_cumulative_curve(seconds: 3599, expectedLevel: 1)" computerName="SOLA" duration="00:00:00.0009052" startTime="2026-08-31T17:31:27.2223691+08:00" endTime="2026-08-31T17:31:27.2223692+08:00" testType="13cdc9d9-ddb5-4fa4-a97d-d965ccfc6d4b" outcome="Passed" testListId="8c84fa94-04c1-424b-9868-57a2d4851a1d" relativeResultsDirectory="1dfecc3b-7c11-48b1-9cde-dce53a050d94" />
    <UnitTestResult executionId="f400c9b6-060f-45ad-9aff-a7a3bfee32eb" testId="28ac74c0-7aab-f783-9139-638245f98a47" testName="FgoPet.Core.Tests.Focus.FocusPresetTests.Create_rejects_values_outside_the_approved_bounds(focus: 25, rest: 61, cycles: 4)" computerName="SOLA" duration="00:00:00.0006438" startTime="2026-08-31T17:31:27.2156702+08:00" endTime="2026-08-31T17:31:27.2156703+08:00" testType="13cdc9d9-ddb5-4fa4-a97d-d965ccfc6d4b" outcome="Passed" testListId="8c84fa94-04c1-424b-9868-57a2d4851a1d" relativeResultsDirectory="f400c9b6-060f-45ad-9aff-a7a3bfee32eb" />
    <UnitTestResult executionId="4f2f3ef4-987e-4996-98ba-81593f54d636" testId="9dbcc04b-0ac3-6bb4-1ac1-3747ceb49ed2" testName="FgoPet.Core.Tests.Windowing.ScreenLayoutTests.Restore_falls_back_to_the_monitor_with_maximum_overlap" computerName="SOLA" duration="00:00:00.0001760" startTime="2026-08-31T17:31:27.2289270+08:00" endTime="2026-08-31T17:31:27.2289271+08:00" testType="13cdc9d9-ddb5-4fa4-a97d-d965ccfc6d4b" outcome="Passed" testListId="8c84fa94-04c1-424b-9868-57a2d4851a1d" relativeResultsDirectory="4f2f3ef4-987e-4996-98ba-81593f54d636" />
    <UnitTestResult executionId="27ee63b6-96eb-4fd7-ad65-3ebcfdd8a8af" testId="eb82acec-985f-e10b-b4b5-581960041c0d" testName="FgoPet.Core.Tests.Geometry.AttachedPanelLayoutTests.Place_prefers_left_when_both_sides_fit_equally" computerName="SOLA" duration="00:00:00.0002007" startTime="2026-08-31T17:31:27.2300512+08:00" endTime="2026-08-31T17:31:27.2300513+08:00" testType="13cdc9d9-ddb5-4fa4-a97d-d965ccfc6d4b" outcome="Passed" testListId="8c84fa94-04c1-424b-9868-57a2d4851a1d" relativeResultsDirectory="27ee63b6-96eb-4fd7-ad65-3ebcfdd8a8af" />
    <UnitTestResult executionId="31dfd492-1c4d-41ec-9390-023d9f71230e" testId="0246f6de-2ff5-438b-84b6-a4f9f98307e7" testName="FgoPet.Core.Tests.Geometry.AttachedPanelLayoutTests.Place_requires_positive_desired_size" computerName="SOLA" duration="00:00:00.0020761" startTime="2026-08-31T17:31:27.2312022+08:00" endTime="2026-08-31T17:31:27.2312023+08:00" testType="13cdc9d9-ddb5-4fa4-a97d-d965ccfc6d4b" outcome="Passed" testListId="8c84fa94-04c1-424b-9868-57a2d4851a1d" relativeResultsDirectory="31dfd492-1c4d-41ec-9390-023d9f71230e" />
    <UnitTestResult executionId="b28f440e-a6c5-47a1-8669-40ba5dfc6a8f" testId="b412d19b-cf90-5206-3e50-68f231c069bf" testName="FgoPet.Core.Tests.Windowing.ScreenLayoutTests.ClampFullyVisible_returns_an_offscreen_portrait_to_the_nearest_edge(x: 1950, y: 100, expectedX: 1700, expectedY: 100)" computerName="SOLA" duration="00:00:00.3742777" startTime="2026-08-31T17:31:27.2142159+08:00" endTime="2026-08-31T17:31:27.2142162+08:00" testType="13cdc9d9-ddb5-4fa4-a97d-d965ccfc6d4b" outcome="Passed" testListId="8c84fa94-04c1-424b-9868-57a2d4851a1d" relativeResultsDirectory="b28f440e-a6c5-47a1-8669-40ba5dfc6a8f" />
    <UnitTestResult executionId="d80841d4-3f65-40f2-a703-9a6e092f1c64" testId="215f30ba-2da9-fb4f-5c3d-0a2d65e6e787" testName="FgoPet.Core.Tests.Panels.AttachedPanelStateMachineTests.Four_column_transitions_stretch_or_switch(from: ExpandedDialogue, action: TodayClick, expected: ExpandedToday)" computerName="SOLA" duration="00:00:00.0000033" startTime="2026-08-31T17:31:27.2190129+08:00" endTime="2026-08-31T17:31:27.2190129+08:00" testType="13cdc9d9-ddb5-4fa4-a97d-d965ccfc6d4b" outcome="Passed" testListId="8c84fa94-04c1-424b-9868-57a2d4851a1d" relativeResultsDirectory="d80841d4-3f65-40f2-a703-9a6e092f1c64" />
    <UnitTestResult executionId="b372adce-c8ee-4f47-8c44-69289c665fb4" testId="e35b9b5e-35ca-161c-e55c-54311aade1bb" testName="FgoPet.Core.Tests.Windowing.ScreenLayoutTests.Restore_clamps_off_the_bottom_and_right_edges" computerName="SOLA" duration="00:00:00.0001587" startTime="2026-08-31T17:31:27.2286157+08:00" endTime="2026-08-31T17:31:27.2286158+08:00" testType="13cdc9d9-ddb5-4fa4-a97d-d965ccfc6d4b" outcome="Passed" testListId="8c84fa94-04c1-424b-9868-57a2d4851a1d" relativeResultsDirectory="b372adce-c8ee-4f47-8c44-69289c665fb4" />
    <UnitTestResult executionId="c6202ecf-f3b0-45d8-9d57-69aec87de87d" testId="bc32f5df-99bd-acf3-c1c8-fa2a5ec09f42" testName="FgoPet.Core.Tests.Focus.FocusStateMachineTests.Break_completion_advances_the_cycle_and_starts_the_next_focus" computerName="SOLA" duration="00:00:00.0005608" startTime="2026-08-31T17:31:27.4066140+08:00" endTime="2026-08-31T17:31:27.4066142+08:00" testType="13cdc9d9-ddb5-4fa4-a97d-d965ccfc6d4b" outcome="Passed" testListId="8c84fa94-04c1-424b-9868-57a2d4851a1d" relativeResultsDirectory="c6202ecf-f3b0-45d8-9d57-69aec87de87d" />
    <UnitTestResult executionId="aeff0b7d-76cf-49dd-aba7-8c56f55c9ff2" testId="8e07c893-1142-cb96-de62-30b512f2cbf1" testName="FgoPet.Core.Tests.Dialogue.PromptContractTests.Prompt_context_keeps_runtime_messages_and_approved_data_separate" computerName="SOLA" duration="00:00:00.0063330" startTime="2026-08-31T17:31:27.2288359+08:00" endTime="2026-08-31T17:31:27.2288360+08:00" testType="13cdc9d9-ddb5-4fa4-a97d-d965ccfc6d4b" outcome="Passed" testListId="8c84fa94-04c1-424b-9868-57a2d4851a1d" relativeResultsDirectory="aeff0b7d-76cf-49dd-aba7-8c56f55c9ff2" />
    <UnitTestResult executionId="100e123b-ce5e-49ef-b3cd-20452a953d4a" testId="26e7c170-e432-0171-6477-155bdedbfb1f" testName="FgoPet.Core.Tests.Windowing.ScreenLayoutTests.Restore_uses_the_saved_monitor_id" computerName="SOLA" duration="00:00:00.0001711" startTime="2026-08-31T17:31:27.2297550+08:00" endTime="2026-08-31T17:31:27.2297551+08:00" testType="13cdc9d9-ddb5-4fa4-a97d-d965ccfc6d4b" outcome="Passed" testListId="8c84fa94-04c1-424b-9868-57a2d4851a1d" relativeResultsDirectory="100e123b-ce5e-49ef-b3cd-20452a953d4a" />
    <UnitTestResult executionId="d8d013ee-8a09-4c77-ac60-7222503550f6" testId="d6d486c2-e499-144e-647d-b40809bdde69" testName="FgoPet.Core.Tests.Focus.FocusStateMachineTests.Stop_during_focus_records_elapsed_but_no_effective_seconds" computerName="SOLA" duration="00:00:00.0004009" startTime="2026-08-31T17:31:27.4016689+08:00" endTime="2026-08-31T17:31:27.4016692+08:00" testType="13cdc9d9-ddb5-4fa4-a97d-d965ccfc6d4b" outcome="Passed" testListId="8c84fa94-04c1-424b-9868-57a2d4851a1d" relativeResultsDirectory="d8d013ee-8a09-4c77-ac60-7222503550f6" />
    <UnitTestResult executionId="f85997b2-7cfe-4201-91b6-e8b02391a7e9" testId="4f3b540f-b7ba-5535-8129-c05d93e18fd5" testName="FgoPet.Core.Tests.Geometry.PortraitLayoutTests.Calculate_mash_at_200_percent_matches_phase_zero_anchors" computerName="SOLA" duration="00:00:00.0048623" startTime="2026-08-31T17:31:27.2270618+08:00" endTime="2026-08-31T17:31:27.2270618+08:00" testType="13cdc9d9-ddb5-4fa4-a97d-d965ccfc6d4b" outcome="Passed" testListId="8c84fa94-04c1-424b-9868-57a2d4851a1d" relativeResultsDirectory="f85997b2-7cfe-4201-91b6-e8b02391a7e9" />
    <UnitTestResult executionId="bc2d6baa-1051-440c-b355-20dfe8573b25" testId="2001e0b9-4182-b06c-6a12-def4be86a030" testName="FgoPet.Core.Tests.Panels.AttachedPanelStateMachineTests.PortraitClick_from_any_expanded_state_returns_collapsed(from: ExpandedTodo)" computerName="SOLA" duration="00:00:00.0000833" startTime="2026-08-31T17:31:27.4176698+08:00" endTime="2026-08-31T17:31:27.4176700+08:00" testType="13cdc9d9-ddb5-4fa4-a97d-d965ccfc6d4b" outcome="Passed" testListId="8c84fa94-04c1-424b-9868-57a2d4851a1d" relativeResultsDirectory="bc2d6baa-1051-440c-b355-20dfe8573b25" />
    <UnitTestResult executionId="4ed8325b-ce2d-40a9-8aae-1d88fd65f4f3" testId="ae50ecba-5b14-7bd5-8b14-0a3ebc38f640" testName="FgoPet.Core.Tests.Packs.ContentContractTests.Persona_bundle_can_resolve_an_appearance_overlay" computerName="SOLA" duration="00:00:00.0059843" startTime="2026-08-31T17:31:27.2269134+08:00" endTime="2026-08-31T17:31:27.2269135+08:00" testType="13cdc9d9-ddb5-4fa4-a97d-d965ccfc6d4b" outcome="Passed" testListId="8c84fa94-04c1-424b-9868-57a2d4851a1d" relativeResultsDirectory="4ed8325b-ce2d-40a9-8aae-1d88fd65f4f3" />
    <UnitTestResult executionId="9786fbb8-b8bb-423f-8779-e54fd865ee7f" testId="55473aa2-d2b3-df38-e3ed-bdff9ca7c159" testName="FgoPet.Core.Tests.Focus.FocusStateMachineTests.Elapsed_never_crosses_more_than_one_boundary_per_call" computerName="SOLA" duration="00:00:00.0002985" startTime="2026-08-31T17:31:27.4059754+08:00" endTime="2026-08-31T17:31:27.4059756+08:00" testType="13cdc9d9-ddb5-4fa4-a97d-d965ccfc6d4b" outcome="Passed" testListId="8c84fa94-04c1-424b-9868-57a2d4851a1d" relativeResultsDirectory="9786fbb8-b8bb-423f-8779-e54fd865ee7f" />
  </Results>
  <TestDefinitions>
    <UnitTest name="FgoPet.Core.Tests.Dialogue.PromptContractTests.Chat_request_rejects_tool_call_fields_by_exposing_only_messages" storage="d:\fgo_unpack\fgo_pet\.worktrees\phase4-runtime-repair\tests\fgopet.core.tests\bin\release\net8.0\fgopet.core.tests.dll" id="4efcd10d-1e12-837e-7810-911c41de1b79">
      <Execution id="9b1a9d0c-b407-4879-a018-0a4c073a312e" />
      <TestMethod codeBase="D:\fgo_unpack\fgo_pet\.worktrees\phase4-runtime-repair\tests\FgoPet.Core.Tests\bin\Release\net8.0\FgoPet.Core.Tests.dll" adapterTypeName="executor://xunit/VsTestRunner2/netcoreapp" className="FgoPet.Core.Tests.Dialogue.PromptContractTests" name="Chat_request_rejects_tool_call_fields_by_exposing_only_messages" />
    </UnitTest>
    <UnitTest name="FgoPet.Core.Tests.Geometry.AttachedPanelLayoutTests.Place_prefers_right_when_left_occludes_the_portrait_more" storage="d:\fgo_unpack\fgo_pet\.worktrees\phase4-runtime-repair\tests\fgopet.core.tests\bin\release\net8.0\fgopet.core.tests.dll" id="c0ff93a2-0355-5845-8f65-a5c2e8b969e2">
      <Execution id="f0fbfa4a-e481-46a2-92c2-fb5997dcd650" />
      <TestMethod codeBase="D:\fgo_unpack\fgo_pet\.worktrees\phase4-runtime-repair\tests\FgoPet.Core.Tests\bin\Release\net8.0\FgoPet.Core.Tests.dll" adapterTypeName="executor://xunit/VsTestRunner2/netcoreapp" className="FgoPet.Core.Tests.Geometry.AttachedPanelLayoutTests" name="Place_prefers_right_when_left_occludes_the_portrait_more" />
    </UnitTest>
    <UnitTest name="FgoPet.Core.Tests.Agents.AgentEventTests.Private_event_is_anonymous_but_keeps_status_identity" storage="d:\fgo_unpack\fgo_pet\.worktrees\phase4-runtime-repair\tests\fgopet.core.tests\bin\release\net8.0\fgopet.core.tests.dll" id="204bfa4d-eb3d-0b5f-a7bc-8942bd6b556d">
      <Execution id="01268403-7d30-432d-8cba-8b6d152e4ec4" />
      <TestMethod codeBase="D:\fgo_unpack\fgo_pet\.worktrees\phase4-runtime-repair\tests\FgoPet.Core.Tests\bin\Release\net8.0\FgoPet.Core.Tests.dll" adapterTypeName="executor://xunit/VsTestRunner2/netcoreapp" className="FgoPet.Core.Tests.Agents.AgentEventTests" name="Private_event_is_anonymous_but_keeps_status_identity" />
    </UnitTest>
    <UnitTest name="FgoPet.Core.Tests.Focus.FocusStateMachineTests.Invalid_command_for_a_state_throws" storage="d:\fgo_unpack\fgo_pet\.worktrees\phase4-runtime-repair\tests\fgopet.core.tests\bin\release\net8.0\fgopet.core.tests.dll" id="fb852a6f-4806-0a60-3c11-f202d72dcc15">
      <Execution id="6aad0481-a164-46d7-b8e6-dd8c7d33d610" />
[...]
    <TestEntry testId="21cf5db3-3396-7837-129f-abd436635d61" executionId="f0db1fd5-a2e3-49ae-b9bb-499f164899d6" testListId="8c84fa94-04c1-424b-9868-57a2d4851a1d" />
    <TestEntry testId="18d1e75a-6f8c-5284-18de-d90403579a5c" executionId="b219e02f-562e-4bf0-a1cf-29a82baf808d" testListId="8c84fa94-04c1-424b-9868-57a2d4851a1d" />
    <TestEntry testId="c85b3deb-919c-2da2-c2f9-035bd865a690" executionId="b1d9ef05-72da-410d-a46f-a2afdabf21bb" testListId="8c84fa94-04c1-424b-9868-57a2d4851a1d" />
    <TestEntry testId="8cea47e4-daba-df57-980f-2e5d0e1d8d74" executionId="cc8a061e-a2a0-4076-be2b-a8643ce3d25a" testListId="8c84fa94-04c1-424b-9868-57a2d4851a1d" />
    <TestEntry testId="0cf8fbb9-b3b6-b337-f3ae-ae5b12041611" executionId="1f04ef89-72b8-4294-b3ba-7d590230b35a" testListId="8c84fa94-04c1-424b-9868-57a2d4851a1d" />
    <TestEntry testId="d5325572-b0c3-46de-63e5-6cd05f47fe0a" executionId="259b56f8-f51e-4b9a-a84a-916ed0ec68c8" testListId="8c84fa94-04c1-424b-9868-57a2d4851a1d" />
    <TestEntry testId="02149b0a-d309-605e-1277-1faaefe52f5c" executionId="70181069-6aa8-4d67-a8af-40585fd4dcc1" testListId="8c84fa94-04c1-424b-9868-57a2d4851a1d" />
    <TestEntry testId="fbdfaa28-e1be-876e-498d-6d58ec3c1b73" executionId="529f99c8-a249-46cf-b82c-cf01bb22dd27" testListId="8c84fa94-04c1-424b-9868-57a2d4851a1d" />
    <TestEntry testId="39af5004-19c6-44b3-e9d0-b1ccc5feb6d0" executionId="b94c4fa5-add8-44dd-bbc2-cffee0dfbbb3" testListId="8c84fa94-04c1-424b-9868-57a2d4851a1d" />
    <TestEntry testId="2173c122-9ba1-6a2f-13f0-6d4cc9678044" executionId="0ec9d9a5-de5e-459d-b081-f112c6dd1dfe" testListId="8c84fa94-04c1-424b-9868-57a2d4851a1d" />
    <TestEntry testId="d91a757d-1e67-1dd2-64b6-a6ccbf8fecd0" executionId="e6c0e6f2-3797-47e9-8387-1b0fcea81c80" testListId="8c84fa94-04c1-424b-9868-57a2d4851a1d" />
    <TestEntry testId="c1267971-ada5-5cd2-d346-56e92599539b" executionId="190b9b37-1dae-479c-872f-34cf2329a4c8" testListId="8c84fa94-04c1-424b-9868-57a2d4851a1d" />
    <TestEntry testId="6a1cbd3c-2e58-ecc5-b1d7-4683eab02845" executionId="006ceb65-825b-4a2a-b5ee-91c6790edd8b" testListId="8c84fa94-04c1-424b-9868-57a2d4851a1d" />
    <TestEntry testId="5b12f67c-1932-6ebf-291a-c9592007311e" executionId="341952cd-2069-476b-b944-1f8a56cd406a" testListId="8c84fa94-04c1-424b-9868-57a2d4851a1d" />
    <TestEntry testId="a4f8181e-2366-7f99-30e7-3a5b9030ed54" executionId="c52bbb1e-5d36-4d88-8e8e-45f366b9fa30" testListId="8c84fa94-04c1-424b-9868-57a2d4851a1d" />
    <TestEntry testId="feea26dc-09f7-bb51-a4f7-02af01b95cd1" executionId="9d7e7e86-3c34-4ac5-b254-aedbbe30c319" testListId="8c84fa94-04c1-424b-9868-57a2d4851a1d" />
    <TestEntry testId="8c87e1f8-c550-8684-0391-b6a11223c847" executionId="653d3a1a-4447-4e32-ab72-1a6e0ee5fa81" testListId="8c84fa94-04c1-424b-9868-57a2d4851a1d" />
    <TestEntry testId="eedf6f0b-87a8-bed7-631a-39cd9abb1154" executionId="4c58a2bf-949c-465c-a7b0-a715611cf287" testListId="8c84fa94-04c1-424b-9868-57a2d4851a1d" />
    <TestEntry testId="8ad59494-93ed-0414-e5eb-503371f25550" executionId="54864917-5002-4034-a96f-ff655fdf18f1" testListId="8c84fa94-04c1-424b-9868-57a2d4851a1d" />
    <TestEntry testId="0d2e944c-1807-d561-e6f6-10ae0a0131ec" executionId="c24ae867-f436-4b1b-b7f3-33004954a359" testListId="8c84fa94-04c1-424b-9868-57a2d4851a1d" />
    <TestEntry testId="0c229628-3f0c-a057-33b6-73d511732fee" executionId="baa8cb7c-9c38-4f20-ae31-06f2afccd3c7" testListId="8c84fa94-04c1-424b-9868-57a2d4851a1d" />
    <TestEntry testId="d1c36a8e-32d1-d49e-5941-b32cd95ef386" executionId="44790bfd-ac10-45ff-af90-c97f04297d74" testListId="8c84fa94-04c1-424b-9868-57a2d4851a1d" />
    <TestEntry testId="91d7fde0-0e4b-1c5c-0c24-b935e289553a" executionId="90e5ec31-2d1f-4b51-9c41-20f2ce12ad62" testListId="8c84fa94-04c1-424b-9868-57a2d4851a1d" />
    <TestEntry testId="7da3651a-5209-6363-308e-02074ed750f0" executionId="0dfc6e28-e3e8-49bb-b3f7-79b53488cf93" testListId="8c84fa94-04c1-424b-9868-57a2d4851a1d" />
    <TestEntry testId="c44c3634-24f7-4731-7192-69658ac15498" executionId="9b263b94-bb12-41e1-9381-112088ff587c" testListId="8c84fa94-04c1-424b-9868-57a2d4851a1d" />
    <TestEntry testId="3a8e750b-3395-8824-bca9-c0a8d9b6d01c" executionId="c232d8d5-b787-41cc-9c8a-e924b6c01bf7" testListId="8c84fa94-04c1-424b-9868-57a2d4851a1d" />
    <TestEntry testId="06d8f277-c7fa-3cb1-06b8-152c10bea34d" executionId="4ac99bf1-bab4-4af9-a515-23c096d46842" testListId="8c84fa94-04c1-424b-9868-57a2d4851a1d" />
    <TestEntry testId="47556cfd-76b1-7c6b-745e-b7a000519934" executionId="6759d4f1-292a-41c4-bd0e-9c68fd337244" testListId="8c84fa94-04c1-424b-9868-57a2d4851a1d" />
    <TestEntry testId="09576307-7389-98f7-591d-9179960ae763" executionId="3e21cc0b-8488-46f5-bc3a-195aed875056" testListId="8c84fa94-04c1-424b-9868-57a2d4851a1d" />
    <TestEntry testId="433d9357-8cdc-ea1a-a752-0f1543a4465d" executionId="7bee006c-42f8-41ab-bdbe-b8fae2ce61c2" testListId="8c84fa94-04c1-424b-9868-57a2d4851a1d" />
    <TestEntry testId="84bca3ec-7b10-884c-de96-f36f743933e2" executionId="327d5747-0468-4583-957e-9c556ea4361c" testListId="8c84fa94-04c1-424b-9868-57a2d4851a1d" />
    <TestEntry testId="1caf569e-5830-835b-1c85-44c103e249f3" executionId="4c70d05a-0734-42e6-a5c2-761692e95b76" testListId="8c84fa94-04c1-424b-9868-57a2d4851a1d" />
    <TestEntry testId="c0341e58-8328-228c-b0f2-f6703d0e757d" executionId="25e8a453-d2cb-4595-91ea-827ca65ccfdd" testListId="8c84fa94-04c1-424b-9868-57a2d4851a1d" />
    <TestEntry testId="248fbbfe-8747-831e-445c-641c3bf5a95c" executionId="31660c76-8069-4522-a2d5-550ce0007aa9" testListId="8c84fa94-04c1-424b-9868-57a2d4851a1d" />
    <TestEntry testId="6c4d75b4-d5fa-7d79-4c11-34426f08fd1c" executionId="58ce7a6e-be61-4fc8-831b-227e8edbf8aa" testListId="8c84fa94-04c1-424b-9868-57a2d4851a1d" />
    <TestEntry testId="d359f2f1-53a4-bb6b-94b9-22ca1f0f53c2" executionId="3a2d19d7-7544-4c72-b9a6-e73ad6d3ccdf" testListId="8c84fa94-04c1-424b-9868-57a2d4851a1d" />
    <TestEntry testId="74a50d47-f828-cbd5-90fb-383791a4f514" executionId="06861823-bb7a-41e8-9d90-db3770a16365" testListId="8c84fa94-04c1-424b-9868-57a2d4851a1d" />
    <TestEntry testId="575dc009-4022-5b70-7f8f-9833dac7a6d8" executionId="88c780c9-c25a-4395-a1cf-51fbb06b16e1" testListId="8c84fa94-04c1-424b-9868-57a2d4851a1d" />
    <TestEntry testId="2372f721-5aee-9e0d-f605-e4f93036eada" executionId="a936558c-5752-4d87-b652-692fbe919825" testListId="8c84fa94-04c1-424b-9868-57a2d4851a1d" />
    <TestEntry testId="8e2294b9-c751-02fe-6760-cd844d229e81" executionId="5790e8c9-217e-4cbd-bb59-a97e2889ef5c" testListId="8c84fa94-04c1-424b-9868-57a2d4851a1d" />
    <TestEntry testId="7678e8f5-d25c-d2b5-41cc-329ee086aedc" executionId="d0b967bd-bc98-425a-8dc1-c1e45cc8d6bc" testListId="8c84fa94-04c1-424b-9868-57a2d4851a1d" />
    <TestEntry testId="9dbb5670-d7e9-7eae-7144-2a15cd4148c3" executionId="f31394e4-bacc-48c0-838f-fd59cf9f9db2" testListId="8c84fa94-04c1-424b-9868-57a2d4851a1d" />
    <TestEntry testId="e940d678-2554-9ff5-31f1-cc2cd97d6250" executionId="4bbf2674-ea71-4099-8359-700bcc9c3735" testListId="8c84fa94-04c1-424b-9868-57a2d4851a1d" />
    <TestEntry testId="ab20ed3b-99a2-9544-1ff5-6d5498562f78" executionId="bce5420a-f6cf-4cbe-91bc-f6088d431644" testListId="8c84fa94-04c1-424b-9868-57a2d4851a1d" />
    <TestEntry testId="457b02d5-7013-2545-572c-d9dcbf0cabb1" executionId="574b0644-b674-423d-bedd-af9f9e4af963" testListId="8c84fa94-04c1-424b-9868-57a2d4851a1d" />
    <TestEntry testId="5bf79920-2335-28e9-1f25-dad04c2e6c77" executionId="b84f3d35-8640-452c-a622-34ea87d1467f" testListId="8c84fa94-04c1-424b-9868-57a2d4851a1d" />
    <TestEntry testId="29bf5067-73d5-1280-c359-6934c27950f1" executionId="67455375-cf65-4cb4-a8a3-3e18a1d2be2a" testListId="8c84fa94-04c1-424b-9868-57a2d4851a1d" />
    <TestEntry testId="14b8cc81-ba4a-e510-3bc5-56149a314bba" executionId="483a4cfd-0f07-477a-b28c-618e39f744c5" testListId="8c84fa94-04c1-424b-9868-57a2d4851a1d" />
    <TestEntry testId="95146961-5c0d-6d44-02a8-b37778cf7eb3" executionId="c1250e80-59e1-484b-beb4-a16aa902c128" testListId="8c84fa94-04c1-424b-9868-57a2d4851a1d" />
    <TestEntry testId="63dc10b9-ee87-f5e5-c460-6b4fc1990ab3" executionId="d9f63241-4e31-4c54-919c-ea043cbdb4cc" testListId="8c84fa94-04c1-424b-9868-57a2d4851a1d" />
    <TestEntry testId="2478a9e3-e885-a484-e6ad-7d0bf0cdd2fd" executionId="1b79daaf-df21-4ea2-b4ae-1e3a2913916d" testListId="8c84fa94-04c1-424b-9868-57a2d4851a1d" />
    <TestEntry testId="e85435c9-8122-f6e0-9c5d-2fb527af8e6b" executionId="a18d7c48-eec1-420b-8b5b-6f4ce9ee562d" testListId="8c84fa94-04c1-424b-9868-57a2d4851a1d" />
    <TestEntry testId="b7a2d032-e91c-56db-009e-9d53337d2799" executionId="b6b7393c-4935-43ca-8f54-9b7c36fd0b81" testListId="8c84fa94-04c1-424b-9868-57a2d4851a1d" />
    <TestEntry testId="0c74f88d-5655-e07a-379c-14e63288dc8e" executionId="f6c96288-b2c3-46b3-a16d-2f9d1f82201a" testListId="8c84fa94-04c1-424b-9868-57a2d4851a1d" />
    <TestEntry testId="3f763a37-cff2-f3c0-cd7e-889ae56f552a" executionId="c527b329-92e4-413c-81c3-dc6aa5389f34" testListId="8c84fa94-04c1-424b-9868-57a2d4851a1d" />
    <TestEntry testId="8378985b-8f00-c39c-eb62-f3b6f0a970fd" executionId="fe3c9565-dae6-4a86-bc56-8194701a6917" testListId="8c84fa94-04c1-424b-9868-57a2d4851a1d" />
    <TestEntry testId="6c8d4334-ed63-1d54-d2a9-29112ff46f71" executionId="49cf9fea-add0-48ab-8e0f-7199acac015d" testListId="8c84fa94-04c1-424b-9868-57a2d4851a1d" />
    <TestEntry testId="c74809a1-0de9-b215-b80e-cdb97094e2fb" executionId="e458fcbb-9486-410d-bdb9-1bc27ee80060" testListId="8c84fa94-04c1-424b-9868-57a2d4851a1d" />
    <TestEntry testId="6281ec3c-781c-3771-d8d0-5d71662a296d" executionId="40ae88e7-fe9a-461a-af3a-364fd968e2b7" testListId="8c84fa94-04c1-424b-9868-57a2d4851a1d" />
    <TestEntry testId="204bfa4d-eb3d-0b5f-a7bc-8942bd6b556d" executionId="01268403-7d30-432d-8cba-8b6d152e4ec4" testListId="8c84fa94-04c1-424b-9868-57a2d4851a1d" />
    <TestEntry testId="9c5aa769-1ce4-1211-1d6d-ff3b2ec3fd12" executionId="7db9e43a-3202-4ad0-9211-56e010c729f4" testListId="8c84fa94-04c1-424b-9868-57a2d4851a1d" />
    <TestEntry testId="7d1b16b2-5be3-0bca-358a-6fa140c4fb0c" executionId="5be829c4-b675-4a0f-ae36-92a6e496c499" testListId="8c84fa94-04c1-424b-9868-57a2d4851a1d" />
    <TestEntry testId="77409aa7-a517-e3b1-20a8-ae14e4d3c6a9" executionId="994fbf5d-1d97-4493-8dbb-66865f9b59df" testListId="8c84fa94-04c1-424b-9868-57a2d4851a1d" />
    <TestEntry testId="2e5671ba-9ea1-01a8-7790-1d8bef7cd358" executionId="0a1a72ae-38ff-40a1-b0cf-c77b26035eef" testListId="8c84fa94-04c1-424b-9868-57a2d4851a1d" />
    <TestEntry testId="b12fc151-78ee-450e-09aa-066ac59e7cc9" executionId="cec8c995-776d-47fc-acb7-e0d074d3af71" testListId="8c84fa94-04c1-424b-9868-57a2d4851a1d" />
    <TestEntry testId="af2582e1-3358-a5d9-9307-080e5dd5a875" executionId="16c0137c-ac4a-4398-a250-89df1f56dc0e" testListId="8c84fa94-04c1-424b-9868-57a2d4851a1d" />
    <TestEntry testId="e377878a-de33-71f5-3c56-3b36e587b93e" executionId="72cbcdc2-59b1-4b88-b335-cb3ea9c2699e" testListId="8c84fa94-04c1-424b-9868-57a2d4851a1d" />
    <TestEntry testId="648a8dd2-a177-5e35-e7d8-7ee8e569be0c" executionId="aba1e765-fcc7-46ad-885f-4e9ad1eb7e74" testListId="8c84fa94-04c1-424b-9868-57a2d4851a1d" />
    <TestEntry testId="b69e1852-5df6-f8a1-ac2c-af30f9bb2331" executionId="08cc9c36-6bca-47f1-b314-8d96fdafcfbb" testListId="8c84fa94-04c1-424b-9868-57a2d4851a1d" />
    <TestEntry testId="c2f90f91-84ef-8127-1b1d-9b90dc312eff" executionId="8977e8e4-0207-4c80-9abb-1514089b185a" testListId="8c84fa94-04c1-424b-9868-57a2d4851a1d" />
    <TestEntry testId="cfd2cac9-ef04-923b-a31f-f922acd95708" executionId="1c360b7a-a339-49f2-84d0-eb591662ae0a" testListId="8c84fa94-04c1-424b-9868-57a2d4851a1d" />
    <TestEntry testId="28f1a25b-4611-3825-9003-a8c511650c21" executionId="e62704ad-7ea4-4516-9b2f-441f3ebef16d" testListId="8c84fa94-04c1-424b-9868-57a2d4851a1d" />
    <TestEntry testId="303e1f78-299f-1059-23d7-a0f0b96a6d48" executionId="dce32536-4496-4a21-ac5e-246a5ea6e8f3" testListId="8c84fa94-04c1-424b-9868-57a2d4851a1d" />
    <TestEntry testId="c92d93f0-424d-ba37-82b4-a1c903b81136" executionId="1d8bb6cb-a430-4984-ad99-ffd8e445df74" testListId="8c84fa94-04c1-424b-9868-57a2d4851a1d" />
    <TestEntry testId="7c234e30-733d-f597-ea91-2d1fef51385d" executionId="6744e00e-5954-4e0d-be3a-f1b513cd1aae" testListId="8c84fa94-04c1-424b-9868-57a2d4851a1d" />
    <TestEntry testId="c0ff93a2-0355-5845-8f65-a5c2e8b969e2" executionId="f0fbfa4a-e481-46a2-92c2-fb5997dcd650" testListId="8c84fa94-04c1-424b-9868-57a2d4851a1d" />
    <TestEntry testId="82a8790a-ca0a-b617-ed06-6bbfb453eaab" executionId="fefb3fa9-5569-494f-8588-36b004926db0" testListId="8c84fa94-04c1-424b-9868-57a2d4851a1d" />
    <TestEntry testId="7ebc0d86-8564-8557-2121-fc124da6ba57" executionId="8bf777bc-5898-4cb9-9c3b-dbf6d476f811" testListId="8c84fa94-04c1-424b-9868-57a2d4851a1d" />
    <TestEntry testId="c4250eb1-81c4-f209-7368-1cc91ab990bf" executionId="0ef42395-29da-458f-bd35-13014dc42dd4" testListId="8c84fa94-04c1-424b-9868-57a2d4851a1d" />
    <TestEntry testId="b9d8b8d6-35f8-f273-9150-a78b6b7d8790" executionId="55a2a881-9fbd-4cdb-b8e6-37a9d969d752" testListId="8c84fa94-04c1-424b-9868-57a2d4851a1d" />
    <TestEntry testId="84eaad77-1988-bd1b-7b64-a7d1bd43ec91" executionId="7910ac45-f7dd-4466-80bc-e1c64f53d676" testListId="8c84fa94-04c1-424b-9868-57a2d4851a1d" />
    <TestEntry testId="448ad57a-9de2-5339-6638-b1468ea32ae2" executionId="ab9815f1-cb06-4e51-ae72-f5265a489f7a" testListId="8c84fa94-04c1-424b-9868-57a2d4851a1d" />
    <TestEntry testId="83a17e10-b8ae-aa0e-6d9a-36596e12b098" executionId="cb49981f-f02f-4051-a1f8-ff3d2c891198" testListId="8c84fa94-04c1-424b-9868-57a2d4851a1d" />
    <TestEntry testId="abc2207e-9717-57bc-b695-07e6bf651d0e" executionId="a8b67976-edcc-4789-a98b-cbe285390aa2" testListId="8c84fa94-04c1-424b-9868-57a2d4851a1d" />
    <TestEntry testId="5c05a72c-c892-dcd9-1cd2-8155fc644b4d" executionId="be847635-a34e-402e-8581-615bc02d39c6" testListId="8c84fa94-04c1-424b-9868-57a2d4851a1d" />
    <TestEntry testId="68fd8f25-6eaf-b9a9-c163-afd4c86a1f59" executionId="d742c087-9549-46b4-ab81-b6a4ad12a67f" testListId="8c84fa94-04c1-424b-9868-57a2d4851a1d" />
    <TestEntry testId="cffe44a7-5e6c-c182-4d0d-248e228cee43" executionId="0858a732-1b41-4c93-b4ca-966e37897a5a" testListId="8c84fa94-04c1-424b-9868-57a2d4851a1d" />
    <TestEntry testId="a12fe75b-25f2-569e-84b0-21e9b26570e2" executionId="c283f0ee-b29c-4da6-9d84-ee8a8e1a47a4" testListId="8c84fa94-04c1-424b-9868-57a2d4851a1d" />
    <TestEntry testId="0dd175e7-d476-3c3a-b3ca-bd88dc6352ae" executionId="8a2a01b4-3cdb-44ff-b035-16004c451ed3" testListId="8c84fa94-04c1-424b-9868-57a2d4851a1d" />
    <TestEntry testId="2d3d8546-e844-fecc-935a-80ebb938fec0" executionId="6517f442-da25-48d5-b9af-1e7bcb080b4b" testListId="8c84fa94-04c1-424b-9868-57a2d4851a1d" />
    <TestEntry testId="026a854c-cae0-e025-a374-215bb55b4043" executionId="f49846eb-ef62-4f6e-aeb4-b0be743fe173" testListId="8c84fa94-04c1-424b-9868-57a2d4851a1d" />
    <TestEntry testId="fb852a6f-4806-0a60-3c11-f202d72dcc15" executionId="6aad0481-a164-46d7-b8e6-dd8c7d33d610" testListId="8c84fa94-04c1-424b-9868-57a2d4851a1d" />
    <TestEntry testId="7900e896-3e6c-65c0-d6a7-e5681557158f" executionId="f5f1ecc7-fa24-48a2-8e82-a6f333213c51" testListId="8c84fa94-04c1-424b-9868-57a2d4851a1d" />
    <TestEntry testId="cdb31835-d866-c640-894c-dcae26fff287" executionId="2ebfff9c-7a0d-46d3-827f-b91a3a4a1663" testListId="8c84fa94-04c1-424b-9868-57a2d4851a1d" />
    <TestEntry testId="5dda5860-b2c4-a9b9-b78c-e87d1ee3767d" executionId="2ba6ae1b-6f73-48bc-ac3b-5e1a1b6edf4f" testListId="8c84fa94-04c1-424b-9868-57a2d4851a1d" />
    <TestEntry testId="2f47b38c-dbcc-942e-cdd3-a7e538a2e9c0" executionId="baae460d-cb6f-44f3-a5ba-b7a10c2323c5" testListId="8c84fa94-04c1-424b-9868-57a2d4851a1d" />
    <TestEntry testId="421d0129-deda-627d-dc8a-3bd2834ae647" executionId="cc5c5be3-8ec9-4f78-8f76-1be5fd7ff370" testListId="8c84fa94-04c1-424b-9868-57a2d4851a1d" />
    <TestEntry testId="bce052fd-50a2-1003-8509-db324ae26f44" executionId="899b9f4f-a7a7-46dd-9db7-1c1f1e7aec37" testListId="8c84fa94-04c1-424b-9868-57a2d4851a1d" />
    <TestEntry testId="a281aee0-54f7-b5b3-b873-d578f8b03a19" executionId="ec45e64d-4fa7-4bf0-b6fe-2fb478c82fd2" testListId="8c84fa94-04c1-424b-9868-57a2d4851a1d" />
    <TestEntry testId="d66269e9-8770-901a-e671-bf0ba6bb234f" executionId="1dfecc3b-7c11-48b1-9cde-dce53a050d94" testListId="8c84fa94-04c1-424b-9868-57a2d4851a1d" />
    <TestEntry testId="28ac74c0-7aab-f783-9139-638245f98a47" executionId="f400c9b6-060f-45ad-9aff-a7a3bfee32eb" testListId="8c84fa94-04c1-424b-9868-57a2d4851a1d" />
    <TestEntry testId="9dbcc04b-0ac3-6bb4-1ac1-3747ceb49ed2" executionId="4f2f3ef4-987e-4996-98ba-81593f54d636" testListId="8c84fa94-04c1-424b-9868-57a2d4851a1d" />
    <TestEntry testId="eb82acec-985f-e10b-b4b5-581960041c0d" executionId="27ee63b6-96eb-4fd7-ad65-3ebcfdd8a8af" testListId="8c84fa94-04c1-424b-9868-57a2d4851a1d" />
    <TestEntry testId="0246f6de-2ff5-438b-84b6-a4f9f98307e7" executionId="31dfd492-1c4d-41ec-9390-023d9f71230e" testListId="8c84fa94-04c1-424b-9868-57a2d4851a1d" />
    <TestEntry testId="b412d19b-cf90-5206-3e50-68f231c069bf" executionId="b28f440e-a6c5-47a1-8669-40ba5dfc6a8f" testListId="8c84fa94-04c1-424b-9868-57a2d4851a1d" />
    <TestEntry testId="215f30ba-2da9-fb4f-5c3d-0a2d65e6e787" executionId="d80841d4-3f65-40f2-a703-9a6e092f1c64" testListId="8c84fa94-04c1-424b-9868-57a2d4851a1d" />
    <TestEntry testId="e35b9b5e-35ca-161c-e55c-54311aade1bb" executionId="b372adce-c8ee-4f47-8c44-69289c665fb4" testListId="8c84fa94-04c1-424b-9868-57a2d4851a1d" />
    <TestEntry testId="bc32f5df-99bd-acf3-c1c8-fa2a5ec09f42" executionId="c6202ecf-f3b0-45d8-9d57-69aec87de87d" testListId="8c84fa94-04c1-424b-9868-57a2d4851a1d" />
    <TestEntry testId="8e07c893-1142-cb96-de62-30b512f2cbf1" executionId="aeff0b7d-76cf-49dd-aba7-8c56f55c9ff2" testListId="8c84fa94-04c1-424b-9868-57a2d4851a1d" />
    <TestEntry testId="26e7c170-e432-0171-6477-155bdedbfb1f" executionId="100e123b-ce5e-49ef-b3cd-20452a953d4a" testListId="8c84fa94-04c1-424b-9868-57a2d4851a1d" />
    <TestEntry testId="d6d486c2-e499-144e-647d-b40809bdde69" executionId="d8d013ee-8a09-4c77-ac60-7222503550f6" testListId="8c84fa94-04c1-424b-9868-57a2d4851a1d" />
    <TestEntry testId="4f3b540f-b7ba-5535-8129-c05d93e18fd5" executionId="f85997b2-7cfe-4201-91b6-e8b02391a7e9" testListId="8c84fa94-04c1-424b-9868-57a2d4851a1d" />
    <TestEntry testId="2001e0b9-4182-b06c-6a12-def4be86a030" executionId="bc2d6baa-1051-440c-b355-20dfe8573b25" testListId="8c84fa94-04c1-424b-9868-57a2d4851a1d" />
    <TestEntry testId="ae50ecba-5b14-7bd5-8b14-0a3ebc38f640" executionId="4ed8325b-ce2d-40a9-8aae-1d88fd65f4f3" testListId="8c84fa94-04c1-424b-9868-57a2d4851a1d" />
    <TestEntry testId="55473aa2-d2b3-df38-e3ed-bdff9ca7c159" executionId="9786fbb8-b8bb-423f-8779-e54fd865ee7f" testListId="8c84fa94-04c1-424b-9868-57a2d4851a1d" />
  </TestEntries>
  <TestLists>
    <TestList name="列表中未列出的结果" id="8c84fa94-04c1-424b-9868-57a2d4851a1d" />
    <TestList name="所有已加载的结果" id="19431567-8539-422a-85d7-44ee4e166bda" />
  </TestLists>
  <ResultSummary outcome="Completed">
    <Counters total="137" executed="137" passed="137" failed="0" error="0" timeout="0" aborted="0" inconclusive="0" passedButRunAborted="0" notRunnable="0" notExecuted="0" disconnected="0" warning="0" completed="0" inProgress="0" pending="0" />
    <Output>
      <StdOut>[xUnit.net 00:00:00.00] xUnit.net VSTest Adapter v2.5.3.1+6b60a9e56a (64-bit .NET 8.0.21)&#xD;
[xUnit.net 00:00:01.49]   Discovering: FgoPet.Core.Tests&#xD;
[xUnit.net 00:00:01.62]   Discovered:  FgoPet.Core.Tests&#xD;
[xUnit.net 00:00:01.63]   Starting:    FgoPet.Core.Tests&#xD;
[xUnit.net 00:00:02.31]   Finished:    FgoPet.Core.Tests&#xD;
</StdOut>
    </Output>
  </ResultSummary>
</TestRun>