<?xml version="1.0" encoding="utf-8"?>
<TestRun id="58aa3406-c0e2-494c-a78c-2e6f3186dafd" name="24139@SOLA 2026-08-31 17:31:22" runUser="SOLA\24139" xmlns="http://microsoft.com/schemas/VisualStudio/TeamTest/2010">
  <Times creation="2026-08-31T17:31:22.4221498+08:00" queuing="2026-08-31T17:31:22.4221505+08:00" start="2026-08-31T17:31:20.6255702+08:00" finish="2026-08-31T17:31:26.6351712+08:00" />
  <TestSettings name="default" id="68a0d264-d02f-4a65-af96-03ee3def4d10">
    <Deployment runDeploymentRoot="24139_SOLA_2026-08-31_17_31_22" />
  </TestSettings>
  <Results>
    <UnitTestResult executionId="858b15d8-e660-4a7d-a411-15b2dd84a85b" testId="2a1950fc-9d33-e469-6747-e2e58b73488d" testName="FgoPet.CodexAdapter.Tests.CodexHookMapperTests.Maps_only_deterministic_lifecycle_facts(kind: Attention, eventType: &quot;attention_required&quot;)" computerName="SOLA" duration="00:00:00.0000192" startTime="2026-08-31T17:31:22.2828256+08:00" endTime="2026-08-31T17:31:22.2828259+08:00" testType="13cdc9d9-ddb5-4fa4-a97d-d965ccfc6d4b" outcome="Passed" testListId="8c84fa94-04c1-424b-9868-57a2d4851a1d" relativeResultsDirectory="858b15d8-e660-4a7d-a411-15b2dd84a85b" />
    <UnitTestResult executionId="4c4b6933-e163-4f0d-9ef9-af16c4ab3f1f" testId="b52b1e00-a569-628f-ac26-6eabe322362e" testName="FgoPet.CodexAdapter.Tests.AdapterIdentityStoreTests.Identity_and_credential_survive_recreation_without_plaintext_on_disk" computerName="SOLA" duration="00:00:00.0335376" startTime="2026-08-31T17:31:22.5425319+08:00" endTime="2026-08-31T17:31:22.5425322+08:00" testType="13cdc9d9-ddb5-4fa4-a97d-d965ccfc6d4b" outcome="Passed" testListId="8c84fa94-04c1-424b-9868-57a2d4851a1d" relativeResultsDirectory="4c4b6933-e163-4f0d-9ef9-af16c4ab3f1f" />
    <UnitTestResult executionId="c907cda6-5704-4e5f-8465-ca263ed6c370" testId="e644a4fc-01e2-0793-2ecc-647edd9659c1" testName="FgoPet.CodexAdapter.Tests.AdapterPendingMcpTests.Confirmed_tool_returns_approval_required_without_sending_an_event" computerName="SOLA" duration="00:00:00.0036626" startTime="2026-08-31T17:31:22.4288771+08:00" endTime="2026-08-31T17:31:22.4288773+08:00" testType="13cdc9d9-ddb5-4fa4-a97d-d965ccfc6d4b" outcome="Passed" testListId="8c84fa94-04c1-424b-9868-57a2d4851a1d" relativeResultsDirectory="c907cda6-5704-4e5f-8465-ca263ed6c370" />
    <UnitTestResult executionId="7f0e7e0d-7716-4aec-bee1-3c84b8701ff1" testId="c0fe8abc-fbe0-61e5-9d0c-b39d5134cf6b" testName="FgoPet.CodexAdapter.Tests.AdapterPendingMcpTests.Forbidden_tool_payload_is_rejected_without_leaking_it_or_ending_the_session" computerName="SOLA" duration="00:00:00.1728762" startTime="2026-08-31T17:31:22.4196368+08:00" endTime="2026-08-31T17:31:22.4196369+08:00" testType="13cdc9d9-ddb5-4fa4-a97d-d965ccfc6d4b" outcome="Passed" testListId="8c84fa94-04c1-424b-9868-57a2d4851a1d" relativeResultsDirectory="7f0e7e0d-7716-4aec-bee1-3c84b8701ff1" />
    <UnitTestResult executionId="18afe3eb-d2e4-4717-aed5-06e995dfd1bf" testId="c5a2a399-51a0-e833-8b03-230e58af33d0" testName="FgoPet.CodexAdapter.Tests.JsonRpcLineClientTests.Closed_stream_rejects_new_requests_without_waiting_for_timeout" computerName="SOLA" duration="00:00:00.1754254" startTime="2026-08-31T17:31:22.4233361+08:00" endTime="2026-08-31T17:31:22.4233364+08:00" testType="13cdc9d9-ddb5-4fa4-a97d-d965ccfc6d4b" outcome="Passed" testListId="8c84fa94-04c1-424b-9868-57a2d4851a1d" relativeResultsDirectory="18afe3eb-d2e4-4717-aed5-06e995dfd1bf" />
    <UnitTestResult executionId="86e187ab-3781-4e8a-b3a1-583e0fe05c18" testId="94b8ef02-b107-1132-3127-b3bbd0a2c12b" testName="FgoPet.CodexAdapter.Tests.CodexAppServerClientTests.Dispatch_starts_a_thread_then_starts_a_turn_with_confirmed_content" computerName="SOLA" duration="00:00:00.1796926" startTime="2026-08-31T17:31:22.4261989+08:00" endTime="2026-08-31T17:31:22.4261992+08:00" testType="13cdc9d9-ddb5-4fa4-a97d-d965ccfc6d4b" outcome="Passed" testListId="8c84fa94-04c1-424b-9868-57a2d4851a1d" relativeResultsDirectory="86e187ab-3781-4e8a-b3a1-583e0fe05c18" />
    <UnitTestResult executionId="ac94d3e2-eaa8-4446-b903-f6871364f064" testId="aecbbe23-62fc-b88d-a6be-234df423ddf8" testName="FgoPet.CodexAdapter.Tests.AdapterPendingMcpTests.Transport_failure_is_a_sanitized_tool_result" computerName="SOLA" duration="00:00:00.0007932" startTime="2026-08-31T17:31:22.4317902+08:00" endTime="2026-08-31T17:31:22.4317903+08:00" testType="13cdc9d9-ddb5-4fa4-a97d-d965ccfc6d4b" outcome="Passed" testListId="8c84fa94-04c1-424b-9868-57a2d4851a1d" relativeResultsDirectory="ac94d3e2-eaa8-4446-b903-f6871364f064" />
    <UnitTestResult executionId="d4903a2b-8ec4-41b1-84f2-92f90bde2619" testId="e49112f9-f52d-1974-2990-f95662bb06bd" testName="FgoPet.CodexAdapter.Tests.ProgramMcpLifetimeTests.Mcp_initializes_while_bootstrap_is_pending_and_cancels_it_on_stdin_eof" computerName="SOLA" duration="00:00:00.1714938" startTime="2026-08-31T17:31:22.4195946+08:00" endTime="2026-08-31T17:31:22.4195952+08:00" testType="13cdc9d9-ddb5-4fa4-a97d-d965ccfc6d4b" outcome="Passed" testListId="8c84fa94-04c1-424b-9868-57a2d4851a1d" relativeResultsDirectory="d4903a2b-8ec4-41b1-84f2-92f90bde2619" />
    <UnitTestResult executionId="6a9948c1-8674-4618-94f0-af2bc0870e41" testId="b217ddaa-cada-e584-ed2d-88e40b82be77" testName="FgoPet.CodexAdapter.Tests.CodexHookMapperTests.Maps_only_deterministic_lifecycle_facts(kind: Cancelled, eventType: &quot;task_cancelled&quot;)" computerName="SOLA" duration="00:00:00.0000076" startTime="2026-08-31T17:31:22.2829091+08:00" endTime="2026-08-31T17:31:22.2829091+08:00" testType="13cdc9d9-ddb5-4fa4-a97d-d965ccfc6d4b" outcome="Passed" testListId="8c84fa94-04c1-424b-9868-57a2d4851a1d" relativeResultsDirectory="6a9948c1-8674-4618-94f0-af2bc0870e41" />
    <UnitTestResult executionId="03100f9d-cea4-45a1-a533-9ad04de8165e" testId="44afcf29-642e-8792-020f-9790ded0168f" testName="FgoPet.CodexAdapter.Tests.CodexMcpServerTests.Mcp_rejects_completion_without_user_confirmation" computerName="SOLA" duration="00:00:00.0578144" startTime="2026-08-31T17:31:22.3043279+08:00" endTime="2026-08-31T17:31:22.3043284+08:00" testType="13cdc9d9-ddb5-4fa4-a97d-d965ccfc6d4b" outcome="Passed" testListId="8c84fa94-04c1-424b-9868-57a2d4851a1d" relativeResultsDirectory="03100f9d-cea4-45a1-a533-9ad04de8165e" />
    <UnitTestResult executionId="ab101ab7-5c3f-4612-90ad-b0cd2e7389d4" testId="7d1c2e45-ffd9-0256-3f5b-b0cd99c134b8" testName="FgoPet.CodexAdapter.Tests.AdapterIdentityStoreTests.Stale_adapter_instance_cannot_overwrite_a_newer_credential" computerName="SOLA" duration="00:00:00.2449395" startTime="2026-08-31T17:31:22.4914654+08:00" endTime="2026-08-31T17:31:22.4914658+08:00" testType="13cdc9d9-ddb5-4fa4-a97d-d965ccfc6d4b" outcome="Passed" testListId="8c84fa94-04c1-424b-9868-57a2d4851a1d" relativeResultsDirectory="ab101ab7-5c3f-4612-90ad-b0cd2e7389d4" />
    <UnitTestResult executionId="09fdd6c0-85e5-4cb4-ba28-9a15f209ceff" testId="0011c71c-2ff2-e1ed-97c6-905c1fe670dc" testName="FgoPet.CodexAdapter.Tests.CodexRelaySessionTests.Session_rejects_a_response_for_another_request" computerName="SOLA" duration="00:00:00.0323321" startTime="2026-08-31T17:31:22.4084932+08:00" endTime="2026-08-31T17:31:22.4084937+08:00" testType="13cdc9d9-ddb5-4fa4-a97d-d965ccfc6d4b" outcome="Passed" testListId="8c84fa94-04c1-424b-9868-57a2d4851a1d" relativeResultsDirectory="09fdd6c0-85e5-4cb4-ba28-9a15f209ceff" />
    <UnitTestResult executionId="e91a281c-713c-4df3-a934-9218fd3fa07a" testId="c77ccd0f-c1e2-6e48-e656-9b958e9a46ba" testName="FgoPet.CodexAdapter.Tests.CodexTargetCatalogTests.Explicit_target_registration_preserves_readonly_and_stable_identity" computerName="SOLA" duration="00:00:00.1251354" startTime="2026-08-31T17:31:22.3726295+08:00" endTime="2026-08-31T17:31:22.3726302+08:00" testType="13cdc9d9-ddb5-4fa4-a97d-d965ccfc6d4b" outcome="Passed" testListId="8c84fa94-04c1-424b-9868-57a2d4851a1d" relativeResultsDirectory="e91a281c-713c-4df3-a934-9218fd3fa07a" />
    <UnitTestResult executionId="c776a3b1-ebf0-4967-b113-cb6f4f5ead6e" testId="249cd32b-6f93-5c58-cf26-5d54ec6f851a" testName="FgoPet.CodexAdapter.Tests.AdapterPendingMcpTests.Malformed_json_does_not_prevent_the_next_initialization" computerName="SOLA" duration="00:00:00.0026457" startTime="2026-08-31T17:31:22.4259320+08:00" endTime="2026-08-31T17:31:22.4259322+08:00" testType="13cdc9d9-ddb5-4fa4-a97d-d965ccfc6d4b" outcome="Passed" testListId="8c84fa94-04c1-424b-9868-57a2d4851a1d" relativeResultsDirectory="c776a3b1-ebf0-4967-b113-cb6f4f5ead6e" />
    <UnitTestResult executionId="789fcff5-da64-43fd-ac52-4b2013a743d2" testId="fb10a2dc-1804-2d3e-14ce-f1ed69e6db60" testName="FgoPet.CodexAdapter.Tests.CodexRelayConnectorTests.Approval_for_another_instance_cannot_be_persisted" computerName="SOLA" duration="00:00:00.0063218" startTime="2026-08-31T17:31:22.4280549+08:00" endTime="2026-08-31T17:31:22.4280556+08:00" testType="13cdc9d9-ddb5-4fa4-a97d-d965ccfc6d4b" outcome="Passed" testListId="8c84fa94-04c1-424b-9868-57a2d4851a1d" relativeResultsDirectory="789fcff5-da64-43fd-ac52-4b2013a743d2" />
    <UnitTestResult executionId="5f302da9-8200-4a64-af32-bd4ad7863297" testId="449af8e6-c4f9-d3bc-613f-68bbb94db143" testName="FgoPet.CodexAdapter.Tests.CodexDispatchWorkerTests.Completed_dispatch_is_not_executed_again_after_restart" computerName="SOLA" duration="00:00:02.2233098" startTime="2026-08-31T17:31:24.4713940+08:00" endTime="2026-08-31T17:31:24.4713945+08:00" testType="13cdc9d9-ddb5-4fa4-a97d-d965ccfc6d4b" outcome="Passed" testListId="8c84fa94-04c1-424b-9868-57a2d4851a1d" relativeResultsDirectory="5f302da9-8200-4a64-af32-bd4ad7863297" />
    <UnitTestResult executionId="fb503954-51ee-4bb5-8dcb-948ffe650380" testId="b5e0205b-a8c2-d27d-ab91-44991f9901ac" testName="FgoPet.CodexAdapter.Tests.AdapterIdentityStoreTests.Unsupported_identity_schema_is_quarantined_without_reusing_its_credential" computerName="SOLA" duration="00:00:00.0280968" startTime="2026-08-31T17:31:22.5708240+08:00" endTime="2026-08-31T17:31:22.5708246+08:00" testType="13cdc9d9-ddb5-4fa4-a97d-d965ccfc6d4b" outcome="Passed" testListId="8c84fa94-04c1-424b-9868-57a2d4851a1d" relativeResultsDirectory="fb503954-51ee-4bb5-8dcb-948ffe650380" />
    <UnitTestResult executionId="e2b2f69d-f50e-4f12-98c3-25e54c742a47" testId="76ca3ea1-f890-b11e-25de-f7d17d4763fc" testName="FgoPet.CodexAdapter.Tests.AdapterIdentityStoreTests.Concurrent_first_loads_share_one_durable_identity" computerName="SOLA" duration="00:00:00.0171524" startTime="2026-08-31T17:31:22.5088205+08:00" endTime="2026-08-31T17:31:22.5088210+08:00" testType="13cdc9d9-ddb5-4fa4-a97d-d965ccfc6d4b" outcome="Passed" testListId="8c84fa94-04c1-424b-9868-57a2d4851a1d" relativeResultsDirectory="e2b2f69d-f50e-4f12-98c3-25e54c742a47" />
    <UnitTestResult executionId="75b6abd4-62d7-45c5-9a24-0f2c1d9d0196" testId="d941b04e-a16c-3b5f-0065-b5fef06ec7bf" testName="FgoPet.CodexAdapter.Tests.CodexHookMapperTests.Maps_only_deterministic_lifecycle_facts(kind: Resumed, eventType: &quot;task_resumed&quot;)" computerName="SOLA" duration="00:00:00.0003809" startTime="2026-08-31T17:31:22.2822884+08:00" endTime="2026-08-31T17:31:22.2822886+08:00" testType="13cdc9d9-ddb5-4fa4-a97d-d965ccfc6d4b" outcome="Passed" testListId="8c84fa94-04c1-424b-9868-57a2d4851a1d" relativeResultsDirectory="75b6abd4-62d7-45c5-9a24-0f2c1d9d0196" />
    <UnitTestResult executionId="e607a1fe-2f48-4228-8bb7-2fd0d6be7df9" testId="8954a999-286c-9a6a-25c9-be7325f13ae3" testName="FgoPet.CodexAdapter.Tests.CodexMcpServerTests.Mcp_exposes_only_user_confirmed_completion_tools" computerName="SOLA" duration="00:00:00.0099999" startTime="2026-08-31T17:31:22.3145467+08:00" endTime="2026-08-31T17:31:22.3145471+08:00" testType="13cdc9d9-ddb5-4fa4-a97d-d965ccfc6d4b" outcome="Passed" testListId="8c84fa94-04c1-424b-9868-57a2d4851a1d" relativeResultsDirectory="e607a1fe-2f48-4228-8bb7-2fd0d6be7df9" />
    <UnitTestResult executionId="8634a1f1-29d0-4ff2-9cc6-6d6466476be2" testId="98bdb225-f3ab-227d-fd69-de05fd338b49" testName="FgoPet.CodexAdapter.Tests.CodexHookMapperTests.Maps_only_deterministic_lifecycle_facts(kind: Started, eventType: &quot;task_started&quot;)" computerName="SOLA" duration="00:00:00.0000085" startTime="2026-08-31T17:31:22.2829768+08:00" endTime="2026-08-31T17:31:22.2829769+08:00" testType="13cdc9d9-ddb5-4fa4-a97d-d965ccfc6d4b" outcome="Passed" testListId="8c84fa94-04c1-424b-9868-57a2d4851a1d" relativeResultsDirectory="8634a1f1-29d0-4ff2-9cc6-6d6466476be2" />
    <UnitTestResult executionId="8e1070dc-e146-4319-9742-a9e564adb45e" testId="60a39410-7e43-8a5e-d101-826a5b730c0a" testName="FgoPet.CodexAdapter.Tests.AdapterPendingMcpTests.Oversized_relay_response_does_not_end_the_mcp_session" computerName="SOLA" duration="00:00:00.0010682" startTime="2026-08-31T17:31:22.4300746+08:00" endTime="2026-08-31T17:31:22.4300748+08:00" testType="13cdc9d9-ddb5-4fa4-a97d-d965ccfc6d4b" outcome="Passed" testListId="8c84fa94-04c1-424b-9868-57a2d4851a1d" relativeResultsDirectory="8e1070dc-e146-4319-9742-a9e564adb45e" />
    <UnitTestResult executionId="abc04c6a-a9ae-484f-a059-cea73a52daa7" testId="c026368f-0bf4-e025-1965-63437df30dd7" testName="FgoPet.CodexAdapter.Tests.AdapterPendingMcpTests.Malformed_tool_call_returns_invalid_params_instead_of_crashing_the_session" computerName="SOLA" duration="00:00:00.0006724" startTime="2026-08-31T17:31:22.4203872+08:00" endTime="2026-08-31T17:31:22.4203875+08:00" testType="13cdc9d9-ddb5-4fa4-a97d-d965ccfc6d4b" outcome="Passed" testListId="8c84fa94-04c1-424b-9868-57a2d4851a1d" relativeResultsDirectory="abc04c6a-a9ae-484f-a059-cea73a52daa7" />
    <UnitTestResult executionId="d6581302-e14b-418a-94bb-e432bdceeedd" testId="d1a42dbf-4790-dbde-e5e8-dec55f185266" testName="FgoPet.CodexAdapter.Tests.CodexDispatchWorkerTests.Removing_permission_interrupts_running_execution" computerName="SOLA" duration="00:00:02.0424740" startTime="2026-08-31T17:31:26.5144375+08:00" endTime="2026-08-31T17:31:26.5144381+08:00" testType="13cdc9d9-ddb5-4fa4-a97d-d965ccfc6d4b" outcome="Passed" testListId="8c84fa94-04c1-424b-9868-57a2d4851a1d" relativeResultsDirectory="d6581302-e14b-418a-94bb-e432bdceeedd" />
    <UnitTestResult executionId="fb147545-1047-428a-b97f-5cdbc549dd04" testId="5877171f-686f-af2a-d226-7feeed282a61" testName="FgoPet.CodexAdapter.Tests.CodexRelayConnectorTests.Temporary_disconnect_keeps_the_durable_credential" computerName="SOLA" duration="00:00:00.0012438" startTime="2026-08-31T17:31:22.4294058+08:00" endTime="2026-08-31T17:31:22.4294060+08:00" testType="13cdc9d9-ddb5-4fa4-a97d-d965ccfc6d4b" outcome="Passed" testListId="8c84fa94-04c1-424b-9868-57a2d4851a1d" relativeResultsDirectory="fb147545-1047-428a-b97f-5cdbc549dd04" />
    <UnitTestResult executionId="f3f38aca-4d04-4dca-8b0b-3193df96612e" testId="cd65516c-6a5c-8054-9f3d-304e413274a1" testName="FgoPet.CodexAdapter.Tests.CodexRelaySessionTests.Session_returns_a_revoked_authentication_without_sending_the_operation" computerName="SOLA" duration="00:00:00.1207705" startTime="2026-08-31T17:31:22.3743085+08:00" endTime="2026-08-31T17:31:22.3743090+08:00" testType="13cdc9d9-ddb5-4fa4-a97d-d965ccfc6d4b" outcome="Passed" testListId="8c84fa94-04c1-424b-9868-57a2d4851a1d" relativeResultsDirectory="f3f38aca-4d04-4dca-8b0b-3193df96612e" />
    <UnitTestResult executionId="b552354c-1757-48e8-9e1e-c37a990be0b7" testId="9b81ebf5-87df-8ca8-ab18-6d80605f9d83" testName="FgoPet.CodexAdapter.Tests.AdapterPendingMcpTests.Initialized_notification_has_no_response" computerName="SOLA" duration="00:00:00.0007957" startTime="2026-08-31T17:31:22.4213160+08:00" endTime="2026-08-31T17:31:22.4213162+08:00" testType="13cdc9d9-ddb5-4fa4-a97d-d965ccfc6d4b" outcome="Passed" testListId="8c84fa94-04c1-424b-9868-57a2d4851a1d" relativeResultsDirectory="b552354c-1757-48e8-9e1e-c37a990be0b7" />
    <UnitTestResult executionId="91a5b948-5c8a-4cce-b40a-cdaf71d23c10" testId="e6d9d274-a52e-6b8f-e050-ea086da69196" testName="FgoPet.CodexAdapter.Tests.CodexHookMapperTests.Maps_only_deterministic_lifecycle_facts(kind: Failed, eventType: &quot;task_failed&quot;)" computerName="SOLA" duration="00:00:00.0232224" startTime="2026-08-31T17:31:22.2764982+08:00" endTime="2026-08-31T17:31:22.2765229+08:00" testType="13cdc9d9-ddb5-4fa4-a97d-d965ccfc6d4b" outcome="Passed" testListId="8c84fa94-04c1-424b-9868-57a2d4851a1d" relativeResultsDirectory="91a5b948-5c8a-4cce-b40a-cdaf71d23c10" />
    <UnitTestResult executionId="bdf28cff-3cbf-4cd0-a0ce-1adf6732c1b9" testId="87c949c9-38f0-bc7c-178d-60807323f7db" testName="FgoPet.CodexAdapter.Tests.JsonRpcLineClientTests.Initialization_streamed_notifications_and_approval_denial_share_one_reader" computerName="SOLA" duration="00:00:00.0478065" startTime="2026-08-31T17:31:22.4713293+08:00" endTime="2026-08-31T17:31:22.4713299+08:00" testType="13cdc9d9-ddb5-4fa4-a97d-d965ccfc6d4b" outcome="Passed" testListId="8c84fa94-04c1-424b-9868-57a2d4851a1d" relativeResultsDirectory="bdf28cff-3cbf-4cd0-a0ce-1adf6732c1b9" />
    <UnitTestResult executionId="66b8188d-81f0-4dda-8fc0-a62a0cd870a3" testId="e0e572c8-5f35-78f0-1bf7-2fb30550f6f8" testName="FgoPet.CodexAdapter.Tests.CodexRelayConnectorTests.Failed_revocation_cleanup_is_retried_without_authenticating_or_registering_again" computerName="SOLA" duration="00:00:00.1750655" startTime="2026-08-31T17:31:22.4215842+08:00" endTime="2026-08-31T17:31:22.4215843+08:00" testType="13cdc9d9-ddb5-4fa4-a97d-d965ccfc6d4b" outcome="Passed" testListId="8c84fa94-04c1-424b-9868-57a2d4851a1d" relativeResultsDirectory="66b8188d-81f0-4dda-8fc0-a62a0cd870a3" />
    <UnitTestResult executionId="b4d31bfc-42a6-432a-b493-949285848d84" testId="82ade585-6f58-d77d-8827-29cdb44c5f81" testName="FgoPet.CodexAdapter.Tests.CodexRelayConnectorTests.Revocation_clears_only_pairing_data_and_does_not_reregister_in_the_same_session" computerName="SOLA" duration="00:00:00.0032009" startTime="2026-08-31T17:31:22.4342381+08:00" endTime="2026-08-31T17:31:22.4342385+08:00" testType="13cdc9d9-ddb5-4fa4-a97d-d965ccfc6d4b" outcome="Passed" testListId="8c84fa94-04c1-424b-9868-57a2d4851a1d" relativeResultsDirectory="b4d31bfc-42a6-432a-b493-949285848d84" />
    <UnitTestResult executionId="1c9142be-a487-4c92-8d66-1b01678b5f4f" testId="4ccc3263-fd91-1f5a-1f1b-67455411a9b4" testName="FgoPet.CodexAdapter.Tests.CodexRelayConnectorTests.Pairing_persists_the_credential_before_authentication_and_reuses_it_after_restart" computerName="SOLA" duration="00:00:00.0185401" startTime="2026-08-31T17:31:22.4529642+08:00" endTime="2026-08-31T17:31:22.4529647+08:00" testType="13cdc9d9-ddb5-4fa4-a97d-d965ccfc6d4b" outcome="Passed" testListId="8c84fa94-04c1-424b-9868-57a2d4851a1d" relativeResultsDirectory="1c9142be-a487-4c92-8d66-1b01678b5f4f" />
    <UnitTestResult executionId="c7f003b7-6305-410c-a2cf-18fddae690bb" testId="e972583a-7f91-9de7-112f-664297da216b" testName="FgoPet.CodexAdapter.Tests.AdapterPendingMcpTests.Pending_pairing_does_not_block_initialize_or_tool_discovery" computerName="SOLA" duration="00:00:00.0008989" startTime="2026-08-31T17:31:22.4260387+08:00" endTime="2026-08-31T17:31:22.4260388+08:00" testType="13cdc9d9-ddb5-4fa4-a97d-d965ccfc6d4b" outcome="Passed" testListId="8c84fa94-04c1-424b-9868-57a2d4851a1d" relativeResultsDirectory="c7f003b7-6305-410c-a2cf-18fddae690bb" />
    <UnitTestResult executionId="7ae178fb-1c76-4f83-8afe-095d2467fa63" testId="17407cc4-4a21-4bcb-5c63-77f04768f230" testName="FgoPet.CodexAdapter.Tests.CodexRelayConnectorTests.Credential_save_failure_does_not_consume_recoverable_approval" computerName="SOLA" duration="00:00:00.0013699" startTime="2026-08-31T17:31:22.4308737+08:00" endTime="2026-08-31T17:31:22.4308739+08:00" testType="13cdc9d9-ddb5-4fa4-a97d-d965ccfc6d4b" outcome="Passed" testListId="8c84fa94-04c1-424b-9868-57a2d4851a1d" relativeResultsDirectory="7ae178fb-1c76-4f83-8afe-095d2467fa63" />
  </Results>
  <TestDefinitions>
    <UnitTest name="FgoPet.CodexAdapter.Tests.JsonRpcLineClientTests.Initialization_streamed_notifications_and_approval_denial_share_one_reader" storage="d:\fgo_unpack\fgo_pet\.worktrees\phase4-runtime-repair\tests\fgopet.codexadapter.tests\bin\release\net8.0-windows\fgopet.codexadapter.tests.dll" id="87c949c9-38f0-bc7c-178d-60807323f7db">
      <Execution id="bdf28cff-3cbf-4cd0-a0ce-1adf6732c1b9" />
      <TestMethod codeBase="D:\fgo_unpack\fgo_pet\.worktrees\phase4-runtime-repair\tests\FgoPet.CodexAdapter.Tests\bin\Release\net8.0-windows\FgoPet.CodexAdapter.Tests.dll" adapterTypeName="executor://xunit/VsTestRunner2/netcoreapp" className="FgoPet.CodexAdapter.Tests.JsonRpcLineClientTests" name="Initialization_streamed_notifications_and_approval_denial_share_one_reader" />
    </UnitTest>
    <UnitTest name="FgoPet.CodexAdapter.Tests.AdapterIdentityStoreTests.Unsupported_identity_schema_is_quarantined_without_reusing_its_credential" storage="d:\fgo_unpack\fgo_pet\.worktrees\phase4-runtime-repair\tests\fgopet.codexadapter.tests\bin\release\net8.0-windows\fgopet.codexadapter.tests.dll" id="b5e0205b-a8c2-d27d-ab91-44991f9901ac">
      <Execution id="fb503954-51ee-4bb5-8dcb-948ffe650380" />
      <TestMethod codeBase="D:\fgo_unpack\fgo_pet\.worktrees\phase4-runtime-repair\tests\FgoPet.CodexAdapter.Tests\bin\Release\net8.0-windows\FgoPet.CodexAdapter.Tests.dll" adapterTypeName="executor://xunit/VsTestRunner2/netcoreapp" className="FgoPet.CodexAdapter.Tests.AdapterIdentityStoreTests" name="Unsupported_identity_schema_is_quarantined_without_reusing_its_credential" />
    </UnitTest>
    <UnitTest name="FgoPet.CodexAdapter.Tests.AdapterPendingMcpTests.Transport_failure_is_a_sanitized_tool_result" storage="d:\fgo_unpack\fgo_pet\.worktrees\phase4-runtime-repair\tests\fgopet.codexadapter.tests\bin\release\net8.0-windows\fgopet.codexadapter.tests.dll" id="aecbbe23-62fc-b88d-a6be-234df423ddf8">
      <Execution id="ac94d3e2-eaa8-4446-b903-f6871364f064" />
      <TestMethod codeBase="D:\fgo_unpack\fgo_pet\.worktrees\phase4-runtime-repair\tests\FgoPet.CodexAdapter.Tests\bin\Release\net8.0-windows\FgoPet.CodexAdapter.Tests.dll" adapterTypeName="executor://xunit/VsTestRunner2/netcoreapp" className="FgoPet.CodexAdapter.Tests.AdapterPendingMcpTests" name="Transport_failure_is_a_sanitized_tool_result" />
    </UnitTest>
    <UnitTest name="FgoPet.CodexAdapter.Tests.CodexHookMapperTests.Maps_only_deterministic_lifecycle_facts(kind: Cancelled, eventType: &quot;task_cancelled&quot;)" storage="d:\fgo_unpack\fgo_pet\.worktrees\phase4-runtime-repair\tests\fgopet.codexadapter.tests\bin\release\net8.0-windows\fgopet.codexadapter.tests.dll" id="b217ddaa-cada-e584-ed2d-88e40b82be77">
      <Execution id="6a9948c1-8674-4618-94f0-af2bc0870e41" />
      <TestMethod codeBase="D:\fgo_unpack\fgo_pet\.worktrees\phase4-runtime-repair\tests\FgoPet.CodexAdapter.Tests\bin\Release\net8.0-windows\FgoPet.CodexAdapter.Tests.dll" adapterTypeName="executor://xunit/VsTestRunner2/netcoreapp" className="FgoPet.CodexAdapter.Tests.CodexHookMapperTests" name="Maps_only_deterministic_lifecycle_facts" />
    </UnitTest>
    <UnitTest name="FgoPet.CodexAdapter.Tests.AdapterIdentityStoreTests.Identity_and_credential_survive_recreation_without_plaintext_on_disk" storage="d:\fgo_unpack\fgo_pet\.worktrees\phase4-runtime-repair\tests\fgopet.codexadapter.tests\bin\release\net8.0-windows\fgopet.codexadapter.tests.dll" id="b52b1e00-a569-628f-ac26-6eabe322362e">
      <Execution id="4c4b6933-e163-4f0d-9ef9-af16c4ab3f1f" />
      <TestMethod codeBase="D:\fgo_unpack\fgo_pet\.worktrees\phase4-runtime-repair\tests\FgoPet.CodexAdapter.Tests\bin\Release\net8.0-windows\FgoPet.CodexAdapter.Tests.dll" adapterTypeName="executor://xunit/VsTestRunner2/netcoreapp" className="FgoPet.CodexAdapter.Tests.AdapterIdentityStoreTests" name="Identity_and_credential_survive_recreation_without_plaintext_on_disk" />
    </UnitTest>
    <UnitTest name="FgoPet.CodexAdapter.Tests.AdapterPendingMcpTests.Initialized_notification_has_no_response" storage="d:\fgo_unpack\fgo_pet\.worktrees\phase4-runtime-repair\tests\fgopet.codexadapter.tests\bin\release\net8.0-windows\fgopet.codexadapter.tests.dll" id="9b81ebf5-87df-8ca8-ab18-6d80605f9d83">
      <Execution id="b552354c-1757-48e8-9e1e-c37a990be0b7" />
      <TestMethod codeBase="D:\fgo_unpack\fgo_pet\.worktrees\phase4-runtime-repair\tests\FgoPet.CodexAdapter.Tests\bin\Release\net8.0-windows\FgoPet.CodexAdapter.Tests.dll" adapterTypeName="executor://xunit/VsTestRunner2/netcoreapp" className="FgoPet.CodexAdapter.Tests.AdapterPendingMcpTests" name="Initialized_notification_has_no_response" />
    </UnitTest>
    <UnitTest name="FgoPet.CodexAdapter.Tests.CodexRelayConnectorTests.Temporary_disconnect_keeps_the_durable_credential" storage="d:\fgo_unpack\fgo_pet\.worktrees\phase4-runtime-repair\tests\fgopet.codexadapter.tests\bin\release\net8.0-windows\fgopet.codexadapter.tests.dll" id="5877171f-686f-af2a-d226-7feeed282a61">
      <Execution id="fb147545-1047-428a-b97f-5cdbc549dd04" />
      <TestMethod codeBase="D:\fgo_unpack\fgo_pet\.worktrees\phase4-runtime-repair\tests\FgoPet.CodexAdapter.Tests\bin\Release\net8.0-windows\FgoPet.CodexAdapter.Tests.dll" adapterTypeName="executor://xunit/VsTestRunner2/netcoreapp" className="FgoPet.CodexAdapter.Tests.CodexRelayConnectorTests" name="Temporary_disconnect_keeps_the_durable_credential" />
    </UnitTest>
    <UnitTest name="FgoPet.CodexAdapter.Tests.AdapterPendingMcpTests.Oversized_relay_response_does_not_end_the_mcp_session" storage="d:\fgo_unpack\fgo_pet\.worktrees\phase4-runtime-repair\tests\fgopet.codexadapter.tests\bin\release\net8.0-windows\fgopet.codexadapter.tests.dll" id="60a39410-7e43-8a5e-d101-826a5b730c0a">
      <Execution id="8e1070dc-e146-4319-9742-a9e564adb45e" />
      <TestMethod codeBase="D:\fgo_unpack\fgo_pet\.worktrees\phase4-runtime-repair\tests\FgoPet.CodexAdapter.Tests\bin\Release\net8.0-windows\FgoPet.CodexAdapter.Tests.dll" adapterTypeName="executor://xunit/VsTestRunner2/netcoreapp" className="FgoPet.CodexAdapter.Tests.AdapterPendingMcpTests" name="Oversized_relay_response_does_not_end_the_mcp_session" />
    </UnitTest>
    <UnitTest name="FgoPet.CodexAdapter.Tests.AdapterPendingMcpTests.Pending_pairing_does_not_block_initialize_or_tool_discovery" storage="d:\fgo_unpack\fgo_pet\.worktrees\phase4-runtime-repair\tests\fgopet.codexadapter.tests\bin\release\net8.0-windows\fgopet.codexadapter.tests.dll" id="e972583a-7f91-9de7-112f-664297da216b">
      <Execution id="c7f003b7-6305-410c-a2cf-18fddae690bb" />
      <TestMethod codeBase="D:\fgo_unpack\fgo_pet\.worktrees\phase4-runtime-repair\tests\FgoPet.CodexAdapter.Tests\bin\Release\net8.0-windows\FgoPet.CodexAdapter.Tests.dll" adapterTypeName="executor://xunit/VsTestRunner2/netcoreapp" className="FgoPet.CodexAdapter.Tests.AdapterPendingMcpTests" name="Pending_pairing_does_not_block_initialize_or_tool_discovery" />
    </UnitTest>
    <UnitTest name="FgoPet.CodexAdapter.Tests.CodexDispatchWorkerTests.Completed_dispatch_is_not_executed_again_after_restart" storage="d:\fgo_unpack\fgo_pet\.worktrees\phase4-runtime-repair\tests\fgopet.codexadapter.tests\bin\release\net8.0-windows\fgopet.codexadapter.tests.dll" id="449af8e6-c4f9-d3bc-613f-68bbb94db143">
      <Execution id="5f302da9-8200-4a64-af32-bd4ad7863297" />
      <TestMethod codeBase="D:\fgo_unpack\fgo_pet\.worktrees\phase4-runtime-repair\tests\FgoPet.CodexAdapter.Tests\bin\Release\net8.0-windows\FgoPet.CodexAdapter.Tests.dll" adapterTypeName="executor://xunit/VsTestRunner2/netcoreapp" className="FgoPet.CodexAdapter.Tests.CodexDispatchWorkerTests" name="Completed_dispatch_is_not_executed_again_after_restart" />
    </UnitTest>
    <UnitTest name="FgoPet.CodexAdapter.Tests.CodexHookMapperTests.Maps_only_deterministic_lifecycle_facts(kind: Resumed, eventType: &quot;task_resumed&quot;)" storage="d:\fgo_unpack\fgo_pet\.worktrees\phase4-runtime-repair\tests\fgopet.codexadapter.tests\bin\release\net8.0-windows\fgopet.codexadapter.tests.dll" id="d941b04e-a16c-3b5f-0065-b5fef06ec7bf">
      <Execution id="75b6abd4-62d7-45c5-9a24-0f2c1d9d0196" />
      <TestMethod codeBase="D:\fgo_unpack\fgo_pet\.worktrees\phase4-runtime-repair\tests\FgoPet.CodexAdapter.Tests\bin\Release\net8.0-windows\FgoPet.CodexAdapter.Tests.dll" adapterTypeName="executor://xunit/VsTestRunner2/netcoreapp" className="FgoPet.CodexAdapter.Tests.CodexHookMapperTests" name="Maps_only_deterministic_lifecycle_facts" />
    </UnitTest>
    <UnitTest name="FgoPet.CodexAdapter.Tests.JsonRpcLineClientTests.Closed_stream_rejects_new_requests_without_waiting_for_timeout" storage="d:\fgo_unpack\fgo_pet\.worktrees\phase4-runtime-repair\tests\fgopet.codexadapter.tests\bin\release\net8.0-windows\fgopet.codexadapter.tests.dll" id="c5a2a399-51a0-e833-8b03-230e58af33d0">
      <Execution id="18afe3eb-d2e4-4717-aed5-06e995dfd1bf" />
      <TestMethod codeBase="D:\fgo_unpack\fgo_pet\.worktrees\phase4-runtime-repair\tests\FgoPet.CodexAdapter.Tests\bin\Release\net8.0-windows\FgoPet.CodexAdapter.Tests.dll" adapterTypeName="executor://xunit/VsTestRunner2/netcoreapp" className="FgoPet.CodexAdapter.Tests.JsonRpcLineClientTests" name="Closed_stream_rejects_new_requests_without_waiting_for_timeout" />
    </UnitTest>
    <UnitTest name="FgoPet.CodexAdapter.Tests.CodexRelayConnectorTests.Failed_revocation_cleanup_is_retried_without_authenticating_or_registering_again" storage="d:\fgo_unpack\fgo_pet\.worktrees\phase4-runtime-repair\tests\fgopet.codexadapter.tests\bin\release\net8.0-windows\fgopet.codexadapter.tests.dll" id="e0e572c8-5f35-78f0-1bf7-2fb30550f6f8">
      <Execution id="66b8188d-81f0-4dda-8fc0-a62a0cd870a3" />
      <TestMethod codeBase="D:\fgo_unpack\fgo_pet\.worktrees\phase4-runtime-repair\tests\FgoPet.CodexAdapter.Tests\bin\Release\net8.0-windows\FgoPet.CodexAdapter.Tests.dll" adapterTypeName="executor://xunit/VsTestRunner2/netcoreapp" className="FgoPet.CodexAdapter.Tests.CodexRelayConnectorTests" name="Failed_revocation_cleanup_is_retried_without_authenticating_or_registering_again" />
    </UnitTest>
    <UnitTest name="FgoPet.CodexAdapter.Tests.CodexRelayConnectorTests.Approval_for_another_instance_cannot_be_persisted" storage="d:\fgo_unpack\fgo_pet\.worktrees\phase4-runtime-repair\tests\fgopet.codexadapter.tests\bin\release\net8.0-windows\fgopet.codexadapter.tests.dll" id="fb10a2dc-1804-2d3e-14ce-f1ed69e6db60">
      <Execution id="789fcff5-da64-43fd-ac52-4b2013a743d2" />
      <TestMethod codeBase="D:\fgo_unpack\fgo_pet\.worktrees\phase4-runtime-repair\tests\FgoPet.CodexAdapter.Tests\bin\Release\net8.0-windows\FgoPet.CodexAdapter.Tests.dll" adapterTypeName="executor://xunit/VsTestRunner2/netcoreapp" className="FgoPet.CodexAdapter.Tests.CodexRelayConnectorTests" name="Approval_for_another_instance_cannot_be_persisted" />
    </UnitTest>
    <UnitTest name="FgoPet.CodexAdapter.Tests.CodexRelayConnectorTests.Credential_save_failure_does_not_consume_recoverable_approval" storage="d:\fgo_unpack\fgo_pet\.worktrees\phase4-runtime-repair\tests\fgopet.codexadapter.tests\bin\release\net8.0-windows\fgopet.codexadapter.tests.dll" id="17407cc4-4a21-4bcb-5c63-77f04768f230">
      <Execution id="7ae178fb-1c76-4f83-8afe-095d2467fa63" />
      <TestMethod codeBase="D:\fgo_unpack\fgo_pet\.worktrees\phase4-runtime-repair\tests\FgoPet.CodexAdapter.Tests\bin\Release\net8.0-windows\FgoPet.CodexAdapter.Tests.dll" adapterTypeName="executor://xunit/VsTestRunner2/netcoreapp" className="FgoPet.CodexAdapter.Tests.CodexRelayConnectorTests" name="Credential_save_failure_does_not_consume_recoverable_approval" />
    </UnitTest>
    <UnitTest name="FgoPet.CodexAdapter.Tests.CodexHookMapperTests.Maps_only_deterministic_lifecycle_facts(kind: Attention, eventType: &quot;attention_required&quot;)" storage="d:\fgo_unpack\fgo_pet\.worktrees\phase4-runtime-repair\tests\fgopet.codexadapter.tests\bin\release\net8.0-windows\fgopet.codexadapter.tests.dll" id="2a1950fc-9d33-e469-6747-e2e58b73488d">
      <Execution id="858b15d8-e660-4a7d-a411-15b2dd84a85b" />
      <TestMethod codeBase="D:\fgo_unpack\fgo_pet\.worktrees\phase4-runtime-repair\tests\FgoPet.CodexAdapter.Tests\bin\Release\net8.0-windows\FgoPet.CodexAdapter.Tests.dll" adapterTypeName="executor://xunit/VsTestRunner2/netcoreapp" className="FgoPet.CodexAdapter.Tests.CodexHookMapperTests" name="Maps_only_deterministic_lifecycle_facts" />
    </UnitTest>
    <UnitTest name="FgoPet.CodexAdapter.Tests.AdapterPendingMcpTests.Malformed_tool_call_returns_invalid_params_instead_of_crashing_the_session" storage="d:\fgo_unpack\fgo_pet\.worktrees\phase4-runtime-repair\tests\fgopet.codexadapter.tests\bin\release\net8.0-windows\fgopet.codexadapter.tests.dll" id="c026368f-0bf4-e025-1965-63437df30dd7">
      <Execution id="abc04c6a-a9ae-484f-a059-cea73a52daa7" />
      <TestMethod codeBase="D:\fgo_unpack\fgo_pet\.worktrees\phase4-runtime-repair\tests\FgoPet.CodexAdapter.Tests\bin\Release\net8.0-windows\FgoPet.CodexAdapter.Tests.dll" adapterTypeName="executor://xunit/VsTestRunner2/netcoreapp" className="FgoPet.CodexAdapter.Tests.AdapterPendingMcpTests" name="Malformed_tool_call_returns_invalid_params_instead_of_crashing_the_session" />
    </UnitTest>
    <UnitTest name="FgoPet.CodexAdapter.Tests.AdapterPendingMcpTests.Confirmed_tool_returns_approval_required_without_sending_an_event" storage="d:\fgo_unpack\fgo_pet\.worktrees\phase4-runtime-repair\tests\fgopet.codexadapter.tests\bin\release\net8.0-windows\fgopet.codexadapter.tests.dll" id="e644a4fc-01e2-0793-2ecc-647edd9659c1">
      <Execution id="c907cda6-5704-4e5f-8465-ca263ed6c370" />
      <TestMethod codeBase="D:\fgo_unpack\fgo_pet\.worktrees\phase4-runtime-repair\tests\FgoPet.CodexAdapter.Tests\bin\Release\net8.0-windows\FgoPet.CodexAdapter.Tests.dll" adapterTypeName="executor://xunit/VsTestRunner2/netcoreapp" className="FgoPet.CodexAdapter.Tests.AdapterPendingMcpTests" name="Confirmed_tool_returns_approval_required_without_sending_an_event" />
    </UnitTest>
    <UnitTest name="FgoPet.CodexAdapter.Tests.CodexHookMapperTests.Maps_only_deterministic_lifecycle_facts(kind: Failed, eventType: &quot;task_failed&quot;)" storage="d:\fgo_unpack\fgo_pet\.worktrees\phase4-runtime-repair\tests\fgopet.codexadapter.tests\bin\release\net8.0-windows\fgopet.codexadapter.tests.dll" id="e6d9d274-a52e-6b8f-e050-ea086da69196">
      <Execution id="91a5b948-5c8a-4cce-b40a-cdaf71d23c10" />
      <TestMethod codeBase="D:\fgo_unpack\fgo_pet\.worktrees\phase4-runtime-repair\tests\FgoPet.CodexAdapter.Tests\bin\Release\net8.0-windows\FgoPet.CodexAdapter.Tests.dll" adapterTypeName="executor://xunit/VsTestRunner2/netcoreapp" className="FgoPet.CodexAdapter.Tests.CodexHookMapperTests" name="Maps_only_deterministic_lifecycle_facts" />
    </UnitTest>
    <UnitTest name="FgoPet.CodexAdapter.Tests.CodexRelayConnectorTests.Revocation_clears_only_pairing_data_and_does_not_reregister_in_the_same_session" storage="d:\fgo_unpack\fgo_pet\.worktrees\phase4-runtime-repair\tests\fgopet.codexadapter.tests\bin\release\net8.0-windows\fgopet.codexadapter.tests.dll" id="82ade585-6f58-d77d-8827-29cdb44c5f81">
      <Execution id="b4d31bfc-42a6-432a-b493-949285848d84" />
      <TestMethod codeBase="D:\fgo_unpack\fgo_pet\.worktrees\phase4-runtime-repair\tests\FgoPet.CodexAdapter.Tests\bin\Release\net8.0-windows\FgoPet.CodexAdapter.Tests.dll" adapterTypeName="executor://xunit/VsTestRunner2/netcoreapp" className="FgoPet.CodexAdapter.Tests.CodexRelayConnectorTests" name="Revocation_clears_only_pairing_data_and_does_not_reregister_in_the_same_session" />
    </UnitTest>
    <UnitTest name="FgoPet.CodexAdapter.Tests.AdapterPendingMcpTests.Forbidden_tool_payload_is_rejected_without_leaking_it_or_ending_the_session" storage="d:\fgo_unpack\fgo_pet\.worktrees\phase4-runtime-repair\tests\fgopet.codexadapter.tests\bin\release\net8.0-windows\fgopet.codexadapter.tests.dll" id="c0fe8abc-fbe0-61e5-9d0c-b39d5134cf6b">
      <Execution id="7f0e7e0d-7716-4aec-bee1-3c84b8701ff1" />
      <TestMethod codeBase="D:\fgo_unpack\fgo_pet\.worktrees\phase4-runtime-repair\tests\FgoPet.CodexAdapter.Tests\bin\Release\net8.0-windows\FgoPet.CodexAdapter.Tests.dll" adapterTypeName="executor://xunit/VsTestRunner2/netcoreapp" className="FgoPet.CodexAdapter.Tests.AdapterPendingMcpTests" name="Forbidden_tool_payload_is_rejected_without_leaking_it_or_ending_the_session" />
    </UnitTest>
    <UnitTest name="FgoPet.CodexAdapter.Tests.CodexTargetCatalogTests.Explicit_target_registration_preserves_readonly_and_stable_identity" storage="d:\fgo_unpack\fgo_pet\.worktrees\phase4-runtime-repair\tests\fgopet.codexadapter.tests\bin\release\net8.0-windows\fgopet.codexadapter.tests.dll" id="c77ccd0f-c1e2-6e48-e656-9b958e9a46ba">
      <Execution id="e91a281c-713c-4df3-a934-9218fd3fa07a" />
      <TestMethod codeBase="D:\fgo_unpack\fgo_pet\.worktrees\phase4-runtime-repair\tests\FgoPet.CodexAdapter.Tests\bin\Release\net8.0-windows\FgoPet.CodexAdapter.Tests.dll" adapterTypeName="executor://xunit/VsTestRunner2/netcoreapp" className="FgoPet.CodexAdapter.Tests.CodexTargetCatalogTests" name="Explicit_target_registration_preserves_readonly_and_stable_identity" />
    </UnitTest>
    <UnitTest name="FgoPet.CodexAdapter.Tests.CodexRelaySessionTests.Session_returns_a_revoked_authentication_without_sending_the_operation" storage="d:\fgo_unpack\fgo_pet\.worktrees\phase4-runtime-repair\tests\fgopet.codexadapter.tests\bin\release\net8.0-windows\fgopet.codexadapter.tests.dll" id="cd65516c-6a5c-8054-9f3d-304e413274a1">
      <Execution id="f3f38aca-4d04-4dca-8b0b-3193df96612e" />
      <TestMethod codeBase="D:\fgo_unpack\fgo_pet\.worktrees\phase4-runtime-repair\tests\FgoPet.CodexAdapter.Tests\bin\Release\net8.0-windows\FgoPet.CodexAdapter.Tests.dll" adapterTypeName="executor://xunit/VsTestRunner2/netcoreapp" className="FgoPet.CodexAdapter.Tests.CodexRelaySessionTests" name="Session_returns_a_revoked_authentication_without_sending_the_operation" />
    </UnitTest>
    <UnitTest name="FgoPet.CodexAdapter.Tests.CodexAppServerClientTests.Dispatch_starts_a_thread_then_starts_a_turn_with_confirmed_content" storage="d:\fgo_unpack\fgo_pet\.worktrees\phase4-runtime-repair\tests\fgopet.codexadapter.tests\bin\release\net8.0-windows\fgopet.codexadapter.tests.dll" id="94b8ef02-b107-1132-3127-b3bbd0a2c12b">
      <Execution id="86e187ab-3781-4e8a-b3a1-583e0fe05c18" />
      <TestMethod codeBase="D:\fgo_unpack\fgo_pet\.worktrees\phase4-runtime-repair\tests\FgoPet.CodexAdapter.Tests\bin\Release\net8.0-windows\FgoPet.CodexAdapter.Tests.dll" adapterTypeName="executor://xunit/VsTestRunner2/netcoreapp" className="FgoPet.CodexAdapter.Tests.CodexAppServerClientTests" name="Dispatch_starts_a_thread_then_starts_a_turn_with_confirmed_content" />
    </UnitTest>
    <UnitTest name="FgoPet.CodexAdapter.Tests.CodexMcpServerTests.Mcp_rejects_completion_without_user_confirmation" storage="d:\fgo_unpack\fgo_pet\.worktrees\phase4-runtime-repair\tests\fgopet.codexadapter.tests\bin\release\net8.0-windows\fgopet.codexadapter.tests.dll" id="44afcf29-642e-8792-020f-9790ded0168f">
      <Execution id="03100f9d-cea4-45a1-a533-9ad04de8165e" />
      <TestMethod codeBase="D:\fgo_unpack\fgo_pet\.worktrees\phase4-runtime-repair\tests\FgoPet.CodexAdapter.Tests\bin\Release\net8.0-windows\FgoPet.CodexAdapter.Tests.dll" adapterTypeName="executor://xunit/VsTestRunner2/netcoreapp" className="FgoPet.CodexAdapter.Tests.CodexMcpServerTests" name="Mcp_rejects_completion_without_user_confirmation" />
    </UnitTest>
    <UnitTest name="FgoPet.CodexAdapter.Tests.CodexRelayConnectorTests.Pairing_persists_the_credential_before_authentication_and_reuses_it_after_restart" storage="d:\fgo_unpack\fgo_pet\.worktrees\phase4-runtime-repair\tests\fgopet.codexadapter.tests\bin\release\net8.0-windows\fgopet.codexadapter.tests.dll" id="4ccc3263-fd91-1f5a-1f1b-67455411a9b4">
      <Execution id="1c9142be-a487-4c92-8d66-1b01678b5f4f" />
      <TestMethod codeBase="D:\fgo_unpack\fgo_pet\.worktrees\phase4-runtime-repair\tests\FgoPet.CodexAdapter.Tests\bin\Release\net8.0-windows\FgoPet.CodexAdapter.Tests.dll" adapterTypeName="executor://xunit/VsTestRunner2/netcoreapp" className="FgoPet.CodexAdapter.Tests.CodexRelayConnectorTests" name="Pairing_persists_the_credential_before_authentication_and_reuses_it_after_restart" />
    </UnitTest>
    <UnitTest name="FgoPet.CodexAdapter.Tests.CodexMcpServerTests.Mcp_exposes_only_user_confirmed_completion_tools" storage="d:\fgo_unpack\fgo_pet\.worktrees\phase4-runtime-repair\tests\fgopet.codexadapter.tests\bin\release\net8.0-windows\fgopet.codexadapter.tests.dll" id="8954a999-286c-9a6a-25c9-be7325f13ae3">
      <Execution id="e607a1fe-2f48-4228-8bb7-2fd0d6be7df9" />
      <TestMethod codeBase="D:\fgo_unpack\fgo_pet\.worktrees\phase4-runtime-repair\tests\FgoPet.CodexAdapter.Tests\bin\Release\net8.0-windows\FgoPet.CodexAdapter.Tests.dll" adapterTypeName="executor://xunit/VsTestRunner2/netcoreapp" className="FgoPet.CodexAdapter.Tests.CodexMcpServerTests" name="Mcp_exposes_only_user_confirmed_completion_tools" />
    </UnitTest>
    <UnitTest name="FgoPet.CodexAdapter.Tests.CodexDispatchWorkerTests.Removing_permission_interrupts_running_execution" storage="d:\fgo_unpack\fgo_pet\.worktrees\phase4-runtime-repair\tests\fgopet.codexadapter.tests\bin\release\net8.0-windows\fgopet.codexadapter.tests.dll" id="d1a42dbf-4790-dbde-e5e8-dec55f185266">
      <Execution id="d6581302-e14b-418a-94bb-e432bdceeedd" />
      <TestMethod codeBase="D:\fgo_unpack\fgo_pet\.worktrees\phase4-runtime-repair\tests\FgoPet.CodexAdapter.Tests\bin\Release\net8.0-windows\FgoPet.CodexAdapter.Tests.dll" adapterTypeName="executor://xunit/VsTestRunner2/netcoreapp" className="FgoPet.CodexAdapter.Tests.CodexDispatchWorkerTests" name="Removing_permission_interrupts_running_execution" />
    </UnitTest>
    <UnitTest name="FgoPet.CodexAdapter.Tests.CodexRelaySessionTests.Session_rejects_a_response_for_another_request" storage="d:\fgo_unpack\fgo_pet\.worktrees\phase4-runtime-repair\tests\fgopet.codexadapter.tests\bin\release\net8.0-windows\fgopet.codexadapter.tests.dll" id="0011c71c-2ff2-e1ed-97c6-905c1fe670dc">
      <Execution id="09fdd6c0-85e5-4cb4-ba28-9a15f209ceff" />
      <TestMethod codeBase="D:\fgo_unpack\fgo_pet\.worktrees\phase4-runtime-repair\tests\FgoPet.CodexAdapter.Tests\bin\Release\net8.0-windows\FgoPet.CodexAdapter.Tests.dll" adapterTypeName="executor://xunit/VsTestRunner2/netcoreapp" className="FgoPet.CodexAdapter.Tests.CodexRelaySessionTests" name="Session_rejects_a_response_for_another_request" />
    </UnitTest>
    <UnitTest name="FgoPet.CodexAdapter.Tests.CodexHookMapperTests.Maps_only_deterministic_lifecycle_facts(kind: Started, eventType: &quot;task_started&quot;)" storage="d:\fgo_unpack\fgo_pet\.worktrees\phase4-runtime-repair\tests\fgopet.codexadapter.tests\bin\release\net8.0-windows\fgopet.codexadapter.tests.dll" id="98bdb225-f3ab-227d-fd69-de05fd338b49">
      <Execution id="8634a1f1-29d0-4ff2-9cc6-6d6466476be2" />
      <TestMethod codeBase="D:\fgo_unpack\fgo_pet\.worktrees\phase4-runtime-repair\tests\FgoPet.CodexAdapter.Tests\bin\Release\net8.0-windows\FgoPet.CodexAdapter.Tests.dll" adapterTypeName="executor://xunit/VsTestRunner2/netcoreapp" className="FgoPet.CodexAdapter.Tests.CodexHookMapperTests" name="Maps_only_deterministic_lifecycle_facts" />
    </UnitTest>
    <UnitTest name="FgoPet.CodexAdapter.Tests.AdapterIdentityStoreTests.Stale_adapter_instance_cannot_overwrite_a_newer_credential" storage="d:\fgo_unpack\fgo_pet\.worktrees\phase4-runtime-repair\tests\fgopet.codexadapter.tests\bin\release\net8.0-windows\fgopet.codexadapter.tests.dll" id="7d1c2e45-ffd9-0256-3f5b-b0cd99c134b8">
      <Execution id="ab101ab7-5c3f-4612-90ad-b0cd2e7389d4" />
      <TestMethod codeBase="D:\fgo_unpack\fgo_pet\.worktrees\phase4-runtime-repair\tests\FgoPet.CodexAdapter.Tests\bin\Release\net8.0-windows\FgoPet.CodexAdapter.Tests.dll" adapterTypeName="executor://xunit/VsTestRunner2/netcoreapp" className="FgoPet.CodexAdapter.Tests.AdapterIdentityStoreTests" name="Stale_adapter_instance_cannot_overwrite_a_newer_credential" />
    </UnitTest>
    <UnitTest name="FgoPet.CodexAdapter.Tests.ProgramMcpLifetimeTests.Mcp_initializes_while_bootstrap_is_pending_and_cancels_it_on_stdin_eof" storage="d:\fgo_unpack\fgo_pet\.worktrees\phase4-runtime-repair\tests\fgopet.codexadapter.tests\bin\release\net8.0-windows\fgopet.codexadapter.tests.dll" id="e49112f9-f52d-1974-2990-f95662bb06bd">
      <Execution id="d4903a2b-8ec4-41b1-84f2-92f90bde2619" />
      <TestMethod codeBase="D:\fgo_unpack\fgo_pet\.worktrees\phase4-runtime-repair\tests\FgoPet.CodexAdapter.Tests\bin\Release\net8.0-windows\FgoPet.CodexAdapter.Tests.dll" adapterTypeName="executor://xunit/VsTestRunner2/netcoreapp" className="FgoPet.CodexAdapter.Tests.ProgramMcpLifetimeTests" name="Mcp_initializes_while_bootstrap_is_pending_and_cancels_it_on_stdin_eof" />
    </UnitTest>
    <UnitTest name="FgoPet.CodexAdapter.Tests.AdapterPendingMcpTests.Malformed_json_does_not_prevent_the_next_initialization" storage="d:\fgo_unpack\fgo_pet\.worktrees\phase4-runtime-repair\tests\fgopet.codexadapter.tests\bin\release\net8.0-windows\fgopet.codexadapter.tests.dll" id="249cd32b-6f93-5c58-cf26-5d54ec6f851a">
      <Execution id="c776a3b1-ebf0-4967-b113-cb6f4f5ead6e" />
      <TestMethod codeBase="D:\fgo_unpack\fgo_pet\.worktrees\phase4-runtime-repair\tests\FgoPet.CodexAdapter.Tests\bin\Release\net8.0-windows\FgoPet.CodexAdapter.Tests.dll" adapterTypeName="executor://xunit/VsTestRunner2/netcoreapp" className="FgoPet.CodexAdapter.Tests.AdapterPendingMcpTests" name="Malformed_json_does_not_prevent_the_next_initialization" />
    </UnitTest>
    <UnitTest name="FgoPet.CodexAdapter.Tests.AdapterIdentityStoreTests.Concurrent_first_loads_share_one_durable_identity" storage="d:\fgo_unpack\fgo_pet\.worktrees\phase4-runtime-repair\tests\fgopet.codexadapter.tests\bin\release\net8.0-windows\fgopet.codexadapter.tests.dll" id="76ca3ea1-f890-b11e-25de-f7d17d4763fc">
      <Execution id="e2b2f69d-f50e-4f12-98c3-25e54c742a47" />
      <TestMethod codeBase="D:\fgo_unpack\fgo_pet\.worktrees\phase4-runtime-repair\tests\FgoPet.CodexAdapter.Tests\bin\Release\net8.0-windows\FgoPet.CodexAdapter.Tests.dll" adapterTypeName="executor://xunit/VsTestRunner2/netcoreapp" className="FgoPet.CodexAdapter.Tests.AdapterIdentityStoreTests" name="Concurrent_first_loads_share_one_durable_identity" />
    </UnitTest>
  </TestDefinitions>
  <TestEntries>
    <TestEntry testId="2a1950fc-9d33-e469-6747-e2e58b73488d" executionId="858b15d8-e660-4a7d-a411-15b2dd84a85b" testListId="8c84fa94-04c1-424b-9868-57a2d4851a1d" />
    <TestEntry testId="b52b1e00-a569-628f-ac26-6eabe322362e" executionId="4c4b6933-e163-4f0d-9ef9-af16c4ab3f1f" testListId="8c84fa94-04c1-424b-9868-57a2d4851a1d" />
    <TestEntry testId="e644a4fc-01e2-0793-2ecc-647edd9659c1" executionId="c907cda6-5704-4e5f-8465-ca263ed6c370" testListId="8c84fa94-04c1-424b-9868-57a2d4851a1d" />
    <TestEntry testId="c0fe8abc-fbe0-61e5-9d0c-b39d5134cf6b" executionId="7f0e7e0d-7716-4aec-bee1-3c84b8701ff1" testListId="8c84fa94-04c1-424b-9868-57a2d4851a1d" />
    <TestEntry testId="c5a2a399-51a0-e833-8b03-230e58af33d0" executionId="18afe3eb-d2e4-4717-aed5-06e995dfd1bf" testListId="8c84fa94-04c1-424b-9868-57a2d4851a1d" />
    <TestEntry testId="94b8ef02-b107-1132-3127-b3bbd0a2c12b" executionId="86e187ab-3781-4e8a-b3a1-583e0fe05c18" testListId="8c84fa94-04c1-424b-9868-57a2d4851a1d" />
    <TestEntry testId="aecbbe23-62fc-b88d-a6be-234df423ddf8" executionId="ac94d3e2-eaa8-4446-b903-f6871364f064" testListId="8c84fa94-04c1-424b-9868-57a2d4851a1d" />
    <TestEntry testId="e49112f9-f52d-1974-2990-f95662bb06bd" executionId="d4903a2b-8ec4-41b1-84f2-92f90bde2619" testListId="8c84fa94-04c1-424b-9868-57a2d4851a1d" />
    <TestEntry testId="b217ddaa-cada-e584-ed2d-88e40b82be77" executionId="6a9948c1-8674-4618-94f0-af2bc0870e41" testListId="8c84fa94-04c1-424b-9868-57a2d4851a1d" />
    <TestEntry testId="44afcf29-642e-8792-020f-9790ded0168f" executionId="03100f9d-cea4-45a1-a533-9ad04de8165e" testListId="8c84fa94-04c1-424b-9868-57a2d4851a1d" />
    <TestEntry testId="7d1c2e45-ffd9-0256-3f5b-b0cd99c134b8" executionId="ab101ab7-5c3f-4612-90ad-b0cd2e7389d4" testListId="8c84fa94-04c1-424b-9868-57a2d4851a1d" />
    <TestEntry testId="0011c71c-2ff2-e1ed-97c6-905c1fe670dc" executionId="09fdd6c0-85e5-4cb4-ba28-9a15f209ceff" testListId="8c84fa94-04c1-424b-9868-57a2d4851a1d" />
    <TestEntry testId="c77ccd0f-c1e2-6e48-e656-9b958e9a46ba" executionId="e91a281c-713c-4df3-a934-9218fd3fa07a" testListId="8c84fa94-04c1-424b-9868-57a2d4851a1d" />
    <TestEntry testId="249cd32b-6f93-5c58-cf26-5d54ec6f851a" executionId="c776a3b1-ebf0-4967-b113-cb6f4f5ead6e" testListId="8c84fa94-04c1-424b-9868-57a2d4851a1d" />
    <TestEntry testId="fb10a2dc-1804-2d3e-14ce-f1ed69e6db60" executionId="789fcff5-da64-43fd-ac52-4b2013a743d2" testListId="8c84fa94-04c1-424b-9868-57a2d4851a1d" />
    <TestEntry testId="449af8e6-c4f9-d3bc-613f-68bbb94db143" executionId="5f302da9-8200-4a64-af32-bd4ad7863297" testListId="8c84fa94-04c1-424b-9868-57a2d4851a1d" />
    <TestEntry testId="b5e0205b-a8c2-d27d-ab91-44991f9901ac" executionId="fb503954-51ee-4bb5-8dcb-948ffe650380" testListId="8c84fa94-04c1-424b-9868-57a2d4851a1d" />
    <TestEntry testId="76ca3ea1-f890-b11e-25de-f7d17d4763fc" executionId="e2b2f69d-f50e-4f12-98c3-25e54c742a47" testListId="8c84fa94-04c1-424b-9868-57a2d4851a1d" />
    <TestEntry testId="d941b04e-a16c-3b5f-0065-b5fef06ec7bf" executionId="75b6abd4-62d7-45c5-9a24-0f2c1d9d0196" testListId="8c84fa94-04c1-424b-9868-57a2d4851a1d" />
    <TestEntry testId="8954a999-286c-9a6a-25c9-be7325f13ae3" executionId="e607a1fe-2f48-4228-8bb7-2fd0d6be7df9" testListId="8c84fa94-04c1-424b-9868-57a2d4851a1d" />
    <TestEntry testId="98bdb225-f3ab-227d-fd69-de05fd338b49" executionId="8634a1f1-29d0-4ff2-9cc6-6d6466476be2" testListId="8c84fa94-04c1-424b-9868-57a2d4851a1d" />
    <TestEntry testId="60a39410-7e43-8a5e-d101-826a5b730c0a" executionId="8e1070dc-e146-4319-9742-a9e564adb45e" testListId="8c84fa94-04c1-424b-9868-57a2d4851a1d" />
    <TestEntry testId="c026368f-0bf4-e025-1965-63437df30dd7" executionId="abc04c6a-a9ae-484f-a059-cea73a52daa7" testListId="8c84fa94-04c1-424b-9868-57a2d4851a1d" />
    <TestEntry testId="d1a42dbf-4790-dbde-e5e8-dec55f185266" executionId="d6581302-e14b-418a-94bb-e432bdceeedd" testListId="8c84fa94-04c1-424b-9868-57a2d4851a1d" />
    <TestEntry testId="5877171f-686f-af2a-d226-7feeed282a61" executionId="fb147545-1047-428a-b97f-5cdbc549dd04" testListId="8c84fa94-04c1-424b-9868-57a2d4851a1d" />
    <TestEntry testId="cd65516c-6a5c-8054-9f3d-304e413274a1" executionId="f3f38aca-4d04-4dca-8b0b-3193df96612e" testListId="8c84fa94-04c1-424b-9868-57a2d4851a1d" />
    <TestEntry testId="9b81ebf5-87df-8ca8-ab18-6d80605f9d83" executionId="b552354c-1757-48e8-9e1e-c37a990be0b7" testListId="8c84fa94-04c1-424b-9868-57a2d4851a1d" />
    <TestEntry testId="e6d9d274-a52e-6b8f-e050-ea086da69196" executionId="91a5b948-5c8a-4cce-b40a-cdaf71d23c10" testListId="8c84fa94-04c1-424b-9868-57a2d4851a1d" />
    <TestEntry testId="87c949c9-38f0-bc7c-178d-60807323f7db" executionId="bdf28cff-3cbf-4cd0-a0ce-1adf6732c1b9" testListId="8c84fa94-04c1-424b-9868-57a2d4851a1d" />
    <TestEntry testId="e0e572c8-5f35-78f0-1bf7-2fb30550f6f8" executionId="66b8188d-81f0-4dda-8fc0-a62a0cd870a3" testListId="8c84fa94-04c1-424b-9868-57a2d4851a1d" />
    <TestEntry testId="82ade585-6f58-d77d-8827-29cdb44c5f81" executionId="b4d31bfc-42a6-432a-b493-949285848d84" testListId="8c84fa94-04c1-424b-9868-57a2d4851a1d" />
    <TestEntry testId="4ccc3263-fd91-1f5a-1f1b-67455411a9b4" executionId="1c9142be-a487-4c92-8d66-1b01678b5f4f" testListId="8c84fa94-04c1-424b-9868-57a2d4851a1d" />
    <TestEntry testId="e972583a-7f91-9de7-112f-664297da216b" executionId="c7f003b7-6305-410c-a2cf-18fddae690bb" testListId="8c84fa94-04c1-424b-9868-57a2d4851a1d" />
    <TestEntry testId="17407cc4-4a21-4bcb-5c63-77f04768f230" executionId="7ae178fb-1c76-4f83-8afe-095d2467fa63" testListId="8c84fa94-04c1-424b-9868-57a2d4851a1d" />
  </TestEntries>
  <TestLists>
    <TestList name="列表中未列出的结果" id="8c84fa94-04c1-424b-9868-57a2d4851a1d" />
    <TestList name="所有已加载的结果" id="19431567-8539-422a-85d7-44ee4e166bda" />
  </TestLists>
  <ResultSummary outcome="Completed">
    <Counters total="34" executed="34" passed="34" failed="0" error="0" timeout="0" aborted="0" inconclusive="0" passedButRunAborted="0" notRunnable="0" notExecuted="0" disconnected="0" warning="0" completed="0" inProgress="0" pending="0" />
    <Output>
      <StdOut>[xUnit.net 00:00:00.00] xUnit.net VSTest Adapter v2.5.6+bf9b858c26 (64-bit .NET 8.0.21)&#xD;
[xUnit.net 00:00:00.41]   Discovering: FgoPet.CodexAdapter.Tests&#xD;
[xUnit.net 00:00:00.53]   Discovered:  FgoPet.CodexAdapter.Tests&#xD;
[xUnit.net 00:00:00.54]   Starting:    FgoPet.CodexAdapter.Tests&#xD;
[xUnit.net 00:00:04.95]   Finished:    FgoPet.CodexAdapter.Tests&#xD;
</StdOut>
    </Output>
  </ResultSummary>
</TestRun>