<?xml version="1.0" encoding="utf-8"?>
<TestRun id="45e63f1a-b99a-4196-8c3b-83f6a01fabcc" name="24139@SOLA 2026-08-31 17:31:21" runUser="SOLA\24139" xmlns="http://microsoft.com/schemas/VisualStudio/TeamTest/2010">
  <Times creation="2026-08-31T17:31:21.1986404+08:00" queuing="2026-08-31T17:31:21.1986409+08:00" start="2026-08-31T17:31:19.9229777+08:00" finish="2026-08-31T17:31:22.6756464+08:00" />
  <TestSettings name="default" id="292e98bf-9e14-4f10-8339-64404f1c35e4">
    <Deployment runDeploymentRoot="24139_SOLA_2026-08-31_17_31_21" />
  </TestSettings>
  <Results>
    <UnitTestResult executionId="17c3f931-c9e7-4c5d-8210-f881b72dad44" testId="42e6ef4a-9332-533b-3684-9c81b8746974" testName="FgoPet.Infrastructure.Tests.Diagnostics.ResourceDiagnosticsTests.LogPackOutcome_emits_a_redacted_line" computerName="SOLA" duration="00:00:00.0038502" startTime="2026-08-31T17:31:21.1659098+08:00" endTime="2026-08-31T17:31:21.1659099+08:00" testType="13cdc9d9-ddb5-4fa4-a97d-d965ccfc6d4b" outcome="Passed" testListId="8c84fa94-04c1-424b-9868-57a2d4851a1d" relativeResultsDirectory="17c3f931-c9e7-4c5d-8210-f881b72dad44" />
    <UnitTestResult executionId="d1abe0e3-3695-46e4-bab5-ff6e2dacefbd" testId="70af1fef-f699-0321-6ca8-dd1bf70c53d8" testName="FgoPet.Infrastructure.Tests.Packs.AppearanceValidatorTests.Validate_reports_a_missing_file_as_AssetMissing" computerName="SOLA" duration="00:00:00.1279214" startTime="2026-08-31T17:31:21.2178354+08:00" endTime="2026-08-31T17:31:21.2178356+08:00" testType="13cdc9d9-ddb5-4fa4-a97d-d965ccfc6d4b" outcome="Passed" testListId="8c84fa94-04c1-424b-9868-57a2d4851a1d" relativeResultsDirectory="d1abe0e3-3695-46e4-bab5-ff6e2dacefbd" />
    <UnitTestResult executionId="cddb59b6-fd55-4b93-88e8-2835997161e4" testId="772eab80-6ff5-b718-eaac-5675813c5e41" testName="FgoPet.Infrastructure.Tests.Packs.DialogueManifestReaderTests.ReadOptional_rejects_text_longer_than_160_scalars" computerName="SOLA" duration="00:00:00.0208024" startTime="2026-08-31T17:31:21.2292430+08:00" endTime="2026-08-31T17:31:21.2292434+08:00" testType="13cdc9d9-ddb5-4fa4-a97d-d965ccfc6d4b" outcome="Passed" testListId="8c84fa94-04c1-424b-9868-57a2d4851a1d" relativeResultsDirectory="cddb59b6-fd55-4b93-88e8-2835997161e4" />
    <UnitTestResult executionId="55c36f0a-8de7-4b69-aee3-8fc37e81120d" testId="5a7a243d-a161-7782-655d-e74a46cd4821" testName="FgoPet.Infrastructure.Tests.Packs.FileArtPackageRepositoryTests.Scan_rejects_directories_whose_identity_mismatches" computerName="SOLA" duration="00:00:00.0494034" startTime="2026-08-31T17:31:22.3859460+08:00" endTime="2026-08-31T17:31:22.3859467+08:00" testType="13cdc9d9-ddb5-4fa4-a97d-d965ccfc6d4b" outcome="Passed" testListId="8c84fa94-04c1-424b-9868-57a2d4851a1d" relativeResultsDirectory="55c36f0a-8de7-4b69-aee3-8fc37e81120d" />
    <UnitTestResult executionId="1dbb4131-68c0-4f43-99d1-283d35d44231" testId="52843c85-5a75-e85f-2a7d-c977ff84434c" testName="FgoPet.Infrastructure.Tests.Providers.OpenAiCompatibleChatProviderTests.Non_loopback_http_endpoint_is_rejected" computerName="SOLA" duration="00:00:00.0059412" startTime="2026-08-31T17:31:21.2507825+08:00" endTime="2026-08-31T17:31:21.2507828+08:00" testType="13cdc9d9-ddb5-4fa4-a97d-d965ccfc6d4b" outcome="Passed" testListId="8c84fa94-04c1-424b-9868-57a2d4851a1d" relativeResultsDirectory="1dbb4131-68c0-4f43-99d1-283d35d44231" />
    <UnitTestResult executionId="dc59b6b9-bce6-4d44-a5de-26a97dcb5503" testId="acc948c7-4fee-d1ff-2156-7b5c6a5f7bd5" testName="FgoPet.Infrastructure.Tests.Packs.KnowledgeManifestReaderTests.Malformed_optional_knowledge_falls_back_to_null" computerName="SOLA" duration="00:00:00.0024403" startTime="2026-08-31T17:31:21.1792841+08:00" endTime="2026-08-31T17:31:21.1792853+08:00" testType="13cdc9d9-ddb5-4fa4-a97d-d965ccfc6d4b" outcome="Passed" testListId="8c84fa94-04c1-424b-9868-57a2d4851a1d" relativeResultsDirectory="dc59b6b9-bce6-4d44-a5de-26a97dcb5503" />
    <UnitTestResult executionId="47a68900-b3c2-4dca-bd87-f7692e8cce07" testId="4b901ef0-4f07-67c9-d696-985287c7976a" testName="FgoPet.Infrastructure.Tests.Persistence.SqliteAgentRepositoryTests.Out_of_order_event_cannot_move_a_terminal_execution_backwards" computerName="SOLA" duration="00:00:00.2950567" startTime="2026-08-31T17:31:22.1083531+08:00" endTime="2026-08-31T17:31:22.1083533+08:00" testType="13cdc9d9-ddb5-4fa4-a97d-d965ccfc6d4b" outcome="Passed" testListId="8c84fa94-04c1-424b-9868-57a2d4851a1d" relativeResultsDirectory="47a68900-b3c2-4dca-bd87-f7692e8cce07" />
    <UnitTestResult executionId="37117d1e-d0a3-4b7f-91c4-13e6004182d2" testId="aeeaeefd-c164-caeb-178d-06e982290f5c" testName="FgoPet.Infrastructure.Tests.Settings.JsonSettingsTests.A_leftover_temp_file_preserves_the_previous_valid_settings" computerName="SOLA" duration="00:00:00.1047858" startTime="2026-08-31T17:31:21.6348366+08:00" endTime="2026-08-31T17:31:21.6348370+08:00" testType="13cdc9d9-ddb5-4fa4-a97d-d965ccfc6d4b" outcome="Passed" testListId="8c84fa94-04c1-424b-9868-57a2d4851a1d" relativeResultsDirectory="37117d1e-d0a3-4b7f-91c4-13e6004182d2" />
    <UnitTestResult executionId="95dab5dd-6678-4e3f-8090-cab406dea59a" testId="4ef1d139-1e34-abf4-8562-894eef6ab520" testName="FgoPet.Infrastructure.Tests.Packs.DialogueManifestReaderTests.ReadOptional_returns_null_for_an_invalid_expression_value" computerName="SOLA" duration="00:00:00.0087518" startTime="2026-08-31T17:31:21.2082947+08:00" endTime="2026-08-31T17:31:21.2082950+08:00" testType="13cdc9d9-ddb5-4fa4-a97d-d965ccfc6d4b" outcome="Passed" testListId="8c84fa94-04c1-424b-9868-57a2d4851a1d" relativeResultsDirectory="95dab5dd-6678-4e3f-8090-cab406dea59a" />
    <UnitTestResult executionId="01918278-01ce-43d1-ba70-3577c9b7e521" testId="a8c55a13-c8dc-f61b-d5dc-69f8f829d75f" testName="FgoPet.Infrastructure.Tests.Packs.PersonaManifestReaderTests.Malformed_optional_persona_falls_back_to_null" computerName="SOLA" duration="00:00:00.0056631" startTime="2026-08-31T17:31:21.5492895+08:00" endTime="2026-08-31T17:31:21.5492901+08:00" testType="13cdc9d9-ddb5-4fa4-a97d-d965ccfc6d4b" outcome="Passed" testListId="8c84fa94-04c1-424b-9868-57a2d4851a1d" relativeResultsDirectory="01918278-01ce-43d1-ba70-3577c9b7e521" />
    <UnitTestResult executionId="2dc939b4-2af2-421d-b828-741fc447b41e" testId="e4ccde79-7e3a-d9dd-799c-0384d8e81293" testName="FgoPet.Infrastructure.Tests.Packs.FileArtPackageRepositoryTests.ListServants_ignores_a_tampered_preview_path_that_cannot_be_resolved" computerName="SOLA" duration="00:00:00.0378242" startTime="2026-08-31T17:31:21.9620601+08:00" endTime="2026-08-31T17:31:21.9620607+08:00" testType="13cdc9d9-ddb5-4fa4-a97d-d965ccfc6d4b" outcome="Passed" testListId="8c84fa94-04c1-424b-9868-57a2d4851a1d" relativeResultsDirectory="2dc939b4-2af2-421d-b828-741fc447b41e" />
    <UnitTestResult executionId="f92ab015-22bb-4bf2-8f52-8b15ec5aad7e" testId="53e459ad-d361-6182-4b40-67bef5651de5" testName="FgoPet.Infrastructure.Tests.Packs.PackManifestTests.Package_settings_reject_a_null_definition_array_as_malformed" computerName="SOLA" duration="00:00:00.0002817" startTime="2026-08-31T17:31:21.2297632+08:00" endTime="2026-08-31T17:31:21.2297634+08:00" testType="13cdc9d9-ddb5-4fa4-a97d-d965ccfc6d4b" outcome="Passed" testListId="8c84fa94-04c1-424b-9868-57a2d4851a1d" relativeResultsDirectory="f92ab015-22bb-4bf2-8f52-8b15ec5aad7e" />
    <UnitTestResult executionId="569e659c-567c-4cb4-a1aa-085c6914ee97" testId="19abf539-b43a-6f75-c33d-0faaf9558ccb" testName="FgoPet.Infrastructure.Tests.Packs.DialogueManifestReaderTests.ReadOptional_rejects_unknown_manifest_properties" computerName="SOLA" duration="00:00:00.0666895" startTime="2026-08-31T17:31:21.1659773+08:00" endTime="2026-08-31T17:31:21.1659773+08:00" testType="13cdc9d9-ddb5-4fa4-a97d-d965ccfc6d4b" outcome="Passed" testListId="8c84fa94-04c1-424b-9868-57a2d4851a1d" relativeResultsDirectory="569e659c-567c-4cb4-a1aa-085c6914ee97" />
    <UnitTestResult executionId="2d1fe8e5-32c2-4a71-8677-f832ed768687" testId="4e36f577-5f81-279e-872f-6a7da379d6d5" testName="FgoPet.Infrastructure.Tests.Packs.AppearanceManifestReaderTests.Read_fails_when_the_manifest_is_missing" computerName="SOLA" duration="00:00:00.0294711" startTime="2026-08-31T17:31:21.3045666+08:00" endTime="2026-08-31T17:31:21.3045683+08:00" testType="13cdc9d9-ddb5-4fa4-a97d-d965ccfc6d4b" outcome="Passed" testListId="8c84fa94-04c1-424b-9868-57a2d4851a1d" relativeResultsDirectory="2d1fe8e5-32c2-4a71-8677-f832ed768687" />
    <UnitTestResult executionId="6acebac7-2743-4a29-af9f-3d067184b2b3" testId="6149c4b2-24bb-6cb3-4424-fd0e84321080" testName="FgoPet.Infrastructure.Tests.Settings.JsonSettingsTests.Save_does_not_write_an_api_key_property" computerName="SOLA" duration="00:00:00.0200082" startTime="2026-08-31T17:31:21.6903458+08:00" endTime="2026-08-31T17:31:21.6903461+08:00" testType="13cdc9d9-ddb5-4fa4-a97d-d965ccfc6d4b" outcome="Passed" testListId="8c84fa94-04c1-424b-9868-57a2d4851a1d" relativeResultsDirectory="6acebac7-2743-4a29-af9f-3d067184b2b3" />
    <UnitTestResult executionId="0eda71b7-7281-4c39-b11d-7d18212da3d6" testId="0df63ea0-c3ae-7a76-91ee-b566548ee979" testName="FgoPet.Infrastructure.Tests.Focus.SqliteFocusCompletionUnitTests.GetBond_returns_the_stored_total_and_level" computerName="SOLA" duration="00:00:00.0804658" startTime="2026-08-31T17:31:22.5587792+08:00" endTime="2026-08-31T17:31:22.5587798+08:00" testType="13cdc9d9-ddb5-4fa4-a97d-d965ccfc6d4b" outcome="Passed" testListId="8c84fa94-04c1-424b-9868-57a2d4851a1d" relativeResultsDirectory="0eda71b7-7281-4c39-b11d-7d18212da3d6" />
    <UnitTestResult executionId="cf7186c6-2f52-43bf-8657-5036e9f9e490" testId="a32e5b55-d2fe-dc72-b136-ea1221cf2125" testName="FgoPet.Infrastructure.Tests.Packs.FgoPetPackInstallerTests.Install_rejects_forbidden_suffixes(suffix: &quot;.exe&quot;)" computerName="SOLA" duration="00:00:00.0079594" startTime="2026-08-31T17:31:21.8446015+08:00" endTime="2026-08-31T17:31:21.8446021+08:00" testType="13cdc9d9-ddb5-4fa4-a97d-d965ccfc6d4b" outcome="Passed" testListId="8c84fa94-04c1-424b-9868-57a2d4851a1d" relativeResultsDirectory="cf7186c6-2f52-43bf-8657-5036e9f9e490" />
    <UnitTestResult executionId="65ea1d4c-5390-4197-a3aa-69d5595cdab2" testId="34fb9209-b13f-976d-8684-83ac2e9539d6" testName="FgoPet.Infrastructure.Tests.Agents.AgentEventProjectorTests.Duplicate_or_late_events_never_regress_a_terminal_projection" computerName="SOLA" duration="00:00:00.3194241" startTime="2026-08-31T17:31:21.4143856+08:00" endTime="2026-08-31T17:31:21.4143860+08:00" testType="13cdc9d9-ddb5-4fa4-a97d-d965ccfc6d4b" outcome="Passed" testListId="8c84fa94-04c1-424b-9868-57a2d4851a1d" relativeResultsDirectory="65ea1d4c-5390-4197-a3aa-69d5595cdab2" />
    <UnitTestResult executionId="b31c14a5-4598-456f-92a8-208eb265524b" testId="68270956-cf32-2b30-60ae-f38e1063f50f" testName="FgoPet.Infrastructure.Tests.Packs.AppearanceManifestReaderTests.Read_rejects_unknown_json_properties" computerName="SOLA" duration="00:00:00.0277065" startTime="2026-08-31T17:31:21.3430688+08:00" endTime="2026-08-31T17:31:21.3430693+08:00" testType="13cdc9d9-ddb5-4fa4-a97d-d965ccfc6d4b" outcome="Passed" testListId="8c84fa94-04c1-424b-9868-57a2d4851a1d" relativeResultsDirectory="b31c14a5-4598-456f-92a8-208eb265524b" />
    <UnitTestResult executionId="c9c3a24f-69ea-4deb-9ed5-3ace263fc25e" testId="ab47161f-ad9e-6030-90d9-fbd8abb42090" testName="FgoPet.Infrastructure.Tests.Packs.FgoPetPackInstallerTests.Install_refuses_to_overwrite_an_existing_version" computerName="SOLA" duration="00:00:00.1068539" startTime="2026-08-31T17:31:22.0811943+08:00" endTime="2026-08-31T17:31:22.0811949+08:00" testType="13cdc9d9-ddb5-4fa4-a97d-d965ccfc6d4b" outcome="Passed" testListId="8c84fa94-04c1-424b-9868-57a2d4851a1d" relativeResultsDirectory="c9c3a24f-69ea-4deb-9ed5-3ace263fc25e" />
    <UnitTestResult executionId="b3d95f4b-6b0f-4c76-b0a6-86cfb4afaef1" testId="c250a163-0c46-f2b5-cc7d-24202cc697b7" testName="FgoPet.Infrastructure.Tests.Packs.FgoPetPackInstallerTests.Install_rejects_duplicate_normalized_paths" computerName="SOLA" duration="00:00:00.0111158" startTime="2026-08-31T17:31:22.1151006+08:00" endTime="2026-08-31T17:31:22.1151011+08:00" testType="13cdc9d9-ddb5-4fa4-a97d-d965ccfc6d4b" outcome="Passed" testListId="8c84fa94-04c1-424b-9868-57a2d4851a1d" relativeResultsDirectory="b3d95f4b-6b0f-4c76-b0a6-86cfb4afaef1" />
    <UnitTestResult executionId="afc97b96-8929-4fb1-9069-4f3f52d74b75" testId="86b7e6f6-9fa6-0ccc-6676-9a2fd36d0186" testName="FgoPet.Infrastructure.Tests.Settings.JsonSettingsTests.Load_quarantines_malformed_package_settings_and_returns_defaults(packageSettings: &quot;{\&quot;mash_kyrielight\&quot;:{\&quot;greeting\&quot;:\&quot;xxxxxxxxxxxxx&quot;···)" computerName="SOLA" duration="00:00:00.0469795" startTime="2026-08-31T17:31:21.3149118+08:00" endTime="2026-08-31T17:31:21.3149123+08:00" testType="13cdc9d9-ddb5-4fa4-a97d-d965ccfc6d4b" outcome="Passed" testListId="8c84fa94-04c1-424b-9868-57a2d4851a1d" relativeResultsDirectory="afc97b96-8929-4fb1-9069-4f3f52d74b75" />
    <UnitTestResult executionId="d5dd48b5-1d79-427c-83df-4cd5fd4d0f43" testId="7e310fd9-2ed2-3f33-d5b1-c9eff23b7c56" testName="FgoPet.Infrastructure.Tests.Packs.FileArtPackageRepositoryTests.Recovery_returns_packless_when_nothing_valid_exists" computerName="SOLA" duration="00:00:00.0114547" startTime="2026-08-31T17:31:22.3363965+08:00" endTime="2026-08-31T17:31:22.3363970+08:00" testType="13cdc9d9-ddb5-4fa4-a97d-d965ccfc6d4b" outcome="Passed" testListId="8c84fa94-04c1-424b-9868-57a2d4851a1d" relativeResultsDirectory="d5dd48b5-1d79-427c-83df-4cd5fd4d0f43" />
    <UnitTestResult executionId="658d6879-42f5-4478-a749-eef548a3d2e9" testId="837b2c09-bbbe-036c-299b-5f39fa2cc816" testName="FgoPet.Infrastructure.Tests.Persistence.RuntimeDatabaseTests.An_unsupported_future_version_throws_without_modifying_the_file" computerName="SOLA" duration="00:00:00.1989993" startTime="2026-08-31T17:31:22.0824084+08:00" endTime="2026-08-31T17:31:22.0824089+08:00" testType="13cdc9d9-ddb5-4fa4-a97d-d965ccfc6d4b" outcome="Passed" testListId="8c84fa94-04c1-424b-9868-57a2d4851a1d" relativeResultsDirectory="658d6879-42f5-4478-a749-eef548a3d2e9" />
    <UnitTestResult executionId="c079fe7b-a2b3-4dbc-a68a-1e7ac873808d" testId="4d218c9f-4c5f-12d8-2be2-983ec9189b27" testName="FgoPet.Infrastructure.Tests.Windowing.WindowPlacementTests.Load_returns_null_when_missing" computerName="SOLA" duration="00:00:00.0232688" startTime="2026-08-31T17:31:21.2518564+08:00" endTime="2026-08-31T17:31:21.2518568+08:00" testType="13cdc9d9-ddb5-4fa4-a97d-d965ccfc6d4b" outcome="Passed" testListId="8c84fa94-04c1-424b-9868-57a2d4851a1d" relativeResultsDirectory="c079fe7b-a2b3-4dbc-a68a-1e7ac873808d" />
    <UnitTestResult executionId="d3cdb9af-a701-416b-8306-69931c9cd101" testId="9c6c7480-48a9-bf06-0ba6-8b4d53c0e6ac" testName="FgoPet.Infrastructure.Tests.Packs.FgoPetPackInstallerTests.Install_rejects_entry_count_excess" computerName="SOLA" duration="00:00:00.0200349" startTime="2026-08-31T17:31:22.1980542+08:00" endTime="2026-08-31T17:31:22.1980546+08:00" testType="13cdc9d9-ddb5-4fa4-a97d-d965ccfc6d4b" outcome="Passed" testListId="8c84fa94-04c1-424b-9868-57a2d4851a1d" relativeResultsDirectory="d3cdb9af-a701-416b-8306-69931c9cd101" />
    <UnitTestResult executionId="61994c79-ff5c-47b6-952b-4b5bb7d8e72a" testId="92f4c32f-c7ef-32ef-2e18-1cabcdfd2145" testName="FgoPet.Infrastructure.Tests.Agents.AgentRelayRuntimeTests.Runtime_starts_once_polls_heartbeat_and_stops_without_disabling_remote_queue" computerName="SOLA" duration="00:00:00.0757306" startTime="2026-08-31T17:31:21.5194812+08:00" endTime="2026-08-31T17:31:21.5194818+08:00" testType="13cdc9d9-ddb5-4fa4-a97d-d965ccfc6d4b" outcome="Passed" testListId="8c84fa94-04c1-424b-9868-57a2d4851a1d" relativeResultsDirectory="61994c79-ff5c-47b6-952b-4b5bb7d8e72a" />
    <UnitTestResult executionId="0776fedf-3614-44e0-9334-708fba699579" testId="fa603131-402e-ca33-0d76-7284db926030" testName="FgoPet.Infrastructure.Tests.Packs.FileArtPackageRepositoryTests.Removing_the_current_pack_is_blocked_while_alternatives_exist" computerName="SOLA" duration="00:00:00.2005763" startTime="2026-08-31T17:31:21.8159021+08:00" endTime="2026-08-31T17:31:21.8159023+08:00" testType="13cdc9d9-ddb5-4fa4-a97d-d965ccfc6d4b" outcome="Passed" testListId="8c84fa94-04c1-424b-9868-57a2d4851a1d" relativeResultsDirectory="0776fedf-3614-44e0-9334-708fba699579" />
    <UnitTestResult executionId="5e3b9508-d091-4527-84a4-cf907b25ef5c" testId="f02d389a-c2f7-72d5-fe8f-74444602fb2c" testName="FgoPet.Infrastructure.Tests.Memory.SqliteMemoryRepositoryTests.Approved_memory_is_enabled_only_for_its_servant" computerName="SOLA" duration="00:00:00.4803059" startTime="2026-08-31T17:31:21.5747381+08:00" endTime="2026-08-31T17:31:21.5747386+08:00" testType="13cdc9d9-ddb5-4fa4-a97d-d965ccfc6d4b" outcome="Passed" testListId="8c84fa94-04c1-424b-9868-57a2d4851a1d" relativeResultsDirectory="5e3b9508-d091-4527-84a4-cf907b25ef5c" />
    <UnitTestResult executionId="fbcb45a5-0150-45fe-9473-c262fad112a1" testId="b89c8a8c-178a-6518-58db-926356ac7263" testName="FgoPet.Infrastructure.Tests.Settings.JsonSettingsTests.Load_quarantines_malformed_package_settings_and_returns_defaults(packageSettings: &quot;{\&quot;mash_kyrielight\&quot;:{\&quot;\&quot;:\&quot;true\&quot;}}&quot;)" computerName="SOLA" duration="00:00:00.1691500" startTime="2026-08-31T17:31:21.4844347+08:00" endTime="2026-08-31T17:31:21.4844355+08:00" testType="13cdc9d9-ddb5-4fa4-a97d-d965ccfc6d4b" outcome="Passed" testListId="8c84fa94-04c1-424b-9868-57a2d4851a1d" relativeResultsDirectory="fbcb45a5-0150-45fe-9473-c262fad112a1" />
    <UnitTestResult executionId="6fba7dbb-1d37-4460-89cf-bb7b600c730e" testId="e0d3a772-1b89-b9a8-06f0-853763140ca6" testName="FgoPet.Infrastructure.Tests.Packs.AtomicDirectoryMoverTests.Move_relocates_a_directory" computerName="SOLA" duration="00:00:00.0294563" startTime="2026-08-31T17:31:21.1410484+08:00" endTime="2026-08-31T17:31:21.1410487+08:00" testType="13cdc9d9-ddb5-4fa4-a97d-d965ccfc6d4b" outcome="Passed" testListId="8c84fa94-04c1-424b-9868-57a2d4851a1d" relativeResultsDirectory="6fba7dbb-1d37-4460-89cf-bb7b600c730e" />
    <UnitTestResult executionId="caa4db1e-7851-4507-a42d-955a54daa342" testId="624e9eda-d752-cac6-0cb5-4e46396f43be" testName="FgoPet.Infrastructure.Tests.Settings.JsonSettingsTests.Load_quarantines_malformed_package_settings_and_returns_defaults(packageSettings: &quot;{\&quot;mash_kyrielight\&quot;:null}&quot;)" computerName="SOLA" duration="00:00:00.0077984" startTime="2026-08-31T17:31:21.5060064+08:00" endTime="2026-08-31T17:31:21.5060067+08:00" testType="13cdc9d9-ddb5-4fa4-a97d-d965ccfc6d4b" outcome="Passed" testListId="8c84fa94-04c1-424b-9868-57a2d4851a1d" relativeResultsDirectory="caa4db1e-7851-4507-a42d-955a54daa342" />
    <UnitTestResult executionId="d32b65c1-c707-4638-804b-f6c8e3dcb955" testId="cefc03b3-614d-8a22-d4ba-02efb948836d" testName="FgoPet.Infrastructure.Tests.Packs.FgoPetPackInstallerTests.Install_rejects_a_missing_root_package_json" computerName="SOLA" duration="00:00:00.0221149" startTime="2026-08-31T17:31:21.6069637+08:00" endTime="2026-08-31T17:31:21.6069642+08:00" testType="13cdc9d9-ddb5-4fa4-a97d-d965ccfc6d4b" outcome="Passed" testListId="8c84fa94-04c1-424b-9868-57a2d4851a1d" relativeResultsDirectory="d32b65c1-c707-4638-804b-f6c8e3dcb955" />
    <UnitTestResult executionId="1fd1752a-43a3-4a81-9e57-ecdbfc651613" testId="5299b708-846f-4ca7-5c6d-3b531cd5cb9a" testName="FgoPet.Infrastructure.Tests.Packs.PackManifestTests.Package_settings_accept_keys_that_begin_with_a_digit" computerName="SOLA" duration="00:00:00.0004722" startTime="2026-08-31T17:31:21.2250781+08:00" endTime="2026-08-31T17:31:21.2250782+08:00" testType="13cdc9d9-ddb5-4fa4-a97d-d965ccfc6d4b" outcome="Passed" testListId="8c84fa94-04c1-424b-9868-57a2d4851a1d" relativeResultsDirectory="1fd1752a-43a3-4a81-9e57-ecdbfc651613" />
    <UnitTestResult executionId="35ef796f-2462-4313-808b-3dee9240a8d8" testId="712cb887-62c0-7d44-1f12-d5cbf411823e" testName="FgoPet.Infrastructure.Tests.Settings.JsonSettingsTests.Load_quarantines_corrupt_json_and_returns_defaults" computerName="SOLA" duration="00:00:00.0177061" startTime="2026-08-31T17:31:21.8156965+08:00" endTime="2026-08-31T17:31:21.8156970+08:00" testType="13cdc9d9-ddb5-4fa4-a97d-d965ccfc6d4b" outcome="Passed" testListId="8c84fa94-04c1-424b-9868-57a2d4851a1d" relativeResultsDirectory="35ef796f-2462-4313-808b-3dee9240a8d8" />
    <UnitTestResult executionId="f8951df0-3995-4201-8376-321c19f15e76" testId="a4af884c-71eb-44ca-67b9-11534ec4b0f5" testName="FgoPet.Infrastructure.Tests.Windowing.WindowPlacementTests.Save_then_Load_roundtrips_every_field" computerName="SOLA" duration="00:00:00.0242772" startTime="2026-08-31T17:31:21.2174424+08:00" endTime="2026-08-31T17:31:21.2174430+08:00" testType="13cdc9d9-ddb5-4fa4-a97d-d965ccfc6d4b" outcome="Passed" testListId="8c84fa94-04c1-424b-9868-57a2d4851a1d" relativeResultsDirectory="f8951df0-3995-4201-8376-321c19f15e76" />
    <UnitTestResult executionId="22995978-b334-4c55-9156-a9419b771e1a" testId="f0056b15-3cb0-eecb-fc76-3f8b40015d36" testName="FgoPet.Infrastructure.Tests.Packs.FgoPetPackInstallerTests.Install_rejects_forbidden_suffixes(suffix: &quot;.xaml&quot;)" computerName="SOLA" duration="00:00:00.0119811" startTime="2026-08-31T17:31:21.9035715+08:00" endTime="2026-08-31T17:31:21.9035729+08:00" testType="13cdc9d9-ddb5-4fa4-a97d-d965ccfc6d4b" outcome="Passed" testListId="8c84fa94-04c1-424b-9868-57a2d4851a1d" relativeResultsDirectory="22995978-b334-4c55-9156-a9419b771e1a" />
    <UnitTestResult executionId="5d7ff199-6f2f-447f-a04c-f4812566e55c" testId="629a19b0-4cfe-fdb8-5f0c-4585119b8642" testName="FgoPet.Infrastructure.Tests.Memory.SqliteMemoryRepositoryTests.Disabling_a_memory_keeps_it_available_for_review_but_not_injection" computerName="SOLA" duration="00:00:00.4226242" startTime="2026-08-31T17:31:21.9972550+08:00" endTime="2026-08-31T17:31:21.9972553+08:00" testType="13cdc9d9-ddb5-4fa4-a97d-d965ccfc6d4b" outcome="Passed" testListId="8c84fa94-04c1-424b-9868-57a2d4851a1d" relativeResultsDirectory="5d7ff199-6f2f-447f-a04c-f4812566e55c" />
    <UnitTestResult executionId="c3826624-ab12-4475-aff4-d2988e9afe5b" testId="3bb8a35a-9432-300d-0971-933b45a902a2" testName="FgoPet.Infrastructure.Tests.Packs.AppearanceValidatorTests.Validate_reports_a_hash_mismatch_as_AssetHashMismatch" computerName="SOLA" duration="00:00:00.0377572" startTime="2026-08-31T17:31:21.2557187+08:00" endTime="2026-08-31T17:31:21.2557189+08:00" testType="13cdc9d9-ddb5-4fa4-a97d-d965ccfc6d4b" outcome="Passed" testListId="8c84fa94-04c1-424b-9868-57a2d4851a1d" relativeResultsDirectory="c3826624-ab12-4475-aff4-d2988e9afe5b" />
    <UnitTestResult executionId="d59c393a-68d2-4994-8888-9064410e51e3" testId="f5487ae4-ed6c-3a20-7c5b-bbb214da10f1" testName="FgoPet.Infrastructure.Tests.Persistence.RuntimeDatabaseTests.Open_enables_foreign_keys_wal_and_busy_timeout" computerName="SOLA" duration="00:00:00.0332918" startTime="2026-08-31T17:31:21.8832595+08:00" endTime="2026-08-31T17:31:21.8832598+08:00" testType="13cdc9d9-ddb5-4fa4-a97d-d965ccfc6d4b" outcome="Passed" testListId="8c84fa94-04c1-424b-9868-57a2d4851a1d" relativeResultsDirectory="d59c393a-68d2-4994-8888-9064410e51e3" />
    <UnitTestResult executionId="dedbbce2-8034-4f6c-9538-2df2d407a1a1" testId="c16358f1-4617-f389-28ef-9f13c3290115" testName="FgoPet.Infrastructure.Tests.Packs.KnowledgeManifestReaderTests.Resolver_changes_knowledge_scope_when_appearance_changes" computerName="SOLA" duration="00:00:00.0483809" startTime="2026-08-31T17:31:21.1767086+08:00" endTime="2026-08-31T17:31:21.1767089+08:00" testType="13cdc9d9-ddb5-4fa4-a97d-d965ccfc6d4b" outcome="Passed" testListId="8c84fa94-04c1-424b-9868-57a2d4851a1d" relativeResultsDirectory="dedbbce2-8034-4f6c-9538-2df2d407a1a1" />
    <UnitTestResult executionId="1247d3ef-cdc0-4554-b519-f0a72a3c2af2" testId="0dd03f6c-ac86-e8e4-92e5-535036a707f6" testName="FgoPet.Infrastructure.Tests.Timeline.SqliteTimelineRepositoryTests.QueryToday_filters_by_servant" computerName="SOLA" duration="00:00:00.4775440" startTime="2026-08-31T17:31:22.2415215+08:00" endTime="2026-08-31T17:31:22.2415219+08:00" testType="13cdc9d9-ddb5-4fa4-a97d-d965ccfc6d4b" outcome="Passed" testListId="8c84fa94-04c1-424b-9868-57a2d4851a1d" relativeResultsDirectory="1247d3ef-cdc0-4554-b519-f0a72a3c2af2" />
    <UnitTestResult executionId="d25b7a5a-abd4-4bc6-ad0e-faa9503a38f5" testId="9e2995ca-55d7-58e1-19ea-f92a52ce1eda" testName="FgoPet.Infrastructure.Tests.Packs.FgoPetPackInstallerTests.Install_cleans_staging_and_rethrows_cancellation" computerName="SOLA" duration="00:00:00.0198745" startTime="2026-08-31T17:31:21.4102496+08:00" endTime="2026-08-31T17:31:21.4102496+08:00" testType="13cdc9d9-ddb5-4fa4-a97d-d965ccfc6d4b" outcome="Passed" testListId="8c84fa94-04c1-424b-9868-57a2d4851a1d" relativeResultsDirectory="d25b7a5a-abd4-4bc6-ad0e-faa9503a38f5" />
    <UnitTestResult executionId="bf3d2e4d-ec22-4f47-af8a-06d707af4ae5" testId="69c41c02-cbf7-504b-541e-bdf8aafe4531" testName="FgoPet.Infrastructure.Tests.Dialogue.SqliteConversationRepositoryTests.Load_preserves_context_used_by_the_message" computerName="SOLA" duration="00:00:00.2673917" startTime="2026-08-31T17:31:21.8000252+08:00" endTime="2026-08-31T17:31:21.8000257+08:00" testType="13cdc9d9-ddb5-4fa4-a97d-d965ccfc6d4b" outcome="Passed" testListId="8c84fa94-04c1-424b-9868-57a2d4851a1d" relativeResultsDirectory="bf3d2e4d-ec22-4f47-af8a-06d707af4ae5" />
    <UnitTestResult executionId="4d172ee5-1e1b-4940-b245-fec711b09f1e" testId="5e3d1a70-7f9b-ed57-b6e6-ef022fd0849b" testName="FgoPet.Infrastructure.Tests.Persistence.RuntimeDatabaseTests.Migrate_creates_schema_version_one_and_is_repeatable" computerName="SOLA" duration="00:00:00.3157112" startTime="2026-08-31T17:31:21.4102150+08:00" endTime="2026-08-31T17:31:21.4102153+08:00" testType="13cdc9d9-ddb5-4fa4-a97d-d965ccfc6d4b" outcome="Passed" testListId="8c84fa94-04c1-424b-9868-57a2d4851a1d" relativeResultsDirectory="4d172ee5-1e1b-4940-b245-fec711b09f1e" />
    <UnitTestResult executionId="dfba0115-016e-44c2-9445-afde5f5354fb" testId="89ddfcd2-6e19-130e-a6d2-97467bb1910e" testName="FgoPet.Infrastructure.Tests.Agents.AgentRelayRuntimeTests.Gateway_dispatch_requires_instance_and_reads_versioned_acknowledgment" computerName="SOLA" duration="00:00:00.0232361" startTime="2026-08-31T17:31:21.2564702+08:00" endTime="2026-08-31T17:31:21.2564703+08:00" testType="13cdc9d9-ddb5-4fa4-a97d-d965ccfc6d4b" outcome="Passed" testListId="8c84fa94-04c1-424b-9868-57a2d4851a1d" relativeResultsDirectory="dfba0115-016e-44c2-9445-afde5f5354fb" />
    <UnitTestResult executionId="23fa6ac4-115f-441d-abb3-e0db84c08814" testId="64db0b9f-b567-0747-67fa-5ae1fad0801e" testName="FgoPet.Infrastructure.Tests.Packs.PersonaManifestReaderTests.Resolver_applies_current_appearance_overlay" computerName="SOLA" duration="00:00:00.1278888" startTime="2026-08-31T17:31:21.5433781+08:00" endTime="2026-08-31T17:31:21.5433787+08:00" testType="13cdc9d9-ddb5-4fa4-a97d-d965ccfc6d4b" outcome="Passed" testListId="8c84fa94-04c1-424b-9868-57a2d4851a1d" relativeResultsDirectory="23fa6ac4-115f-441d-abb3-e0db84c08814" />
    <UnitTestResult executionId="cfd0028b-b433-4940-ba74-feff3b2d9e1c" testId="a8bf2337-f7d8-7961-f2dd-83740a3f95fe" testName="FgoPet.Infrastructure.Tests.Focus.SqliteFocusCompletionUnitTests.LoadCurrent_returns_null_when_no_session_is_current" computerName="SOLA" duration="00:00:00.4762901" startTime="2026-08-31T17:31:21.5669703+08:00" endTime="2026-08-31T17:31:21.5669706+08:00" testType="13cdc9d9-ddb5-4fa4-a97d-d965ccfc6d4b" outcome="Passed" testListId="8c84fa94-04c1-424b-9868-57a2d4851a1d" relativeResultsDirectory="cfd0028b-b433-4940-ba74-feff3b2d9e1c" />
    <UnitTestResult executionId="36727670-ba2e-432c-b03f-6a4d0259e413" testId="b97ab7db-68aa-b919-085d-e1732b17f936" testName="FgoPet.Infrastructure.Tests.Agents.AgentReconnectServiceTests.Reconnect_queries_only_known_non_terminal_executions" computerName="SOLA" duration="00:00:00.3192236" startTime="2026-08-31T17:31:21.5018330+08:00" endTime="2026-08-31T17:31:21.5018333+08:00" testType="13cdc9d9-ddb5-4fa4-a97d-d965ccfc6d4b" outcome="Passed" testListId="8c84fa94-04c1-424b-9868-57a2d4851a1d" relativeResultsDirectory="36727670-ba2e-432c-b03f-6a4d0259e413" />
    <UnitTestResult executionId="d0537364-2649-49e7-be88-bbc7b7a215d4" testId="c79915de-f0ce-8c13-854e-414d162d7c0b" testName="FgoPet.Infrastructure.Tests.Packs.FgoPetPackInstallerTests.Install_rejects_total_expanded_excess" computerName="SOLA" duration="00:00:00.0223464" startTime="2026-08-31T17:31:22.1037823+08:00" endTime="2026-08-31T17:31:22.1037826+08:00" testType="13cdc9d9-ddb5-4fa4-a97d-d965ccfc6d4b" outcome="Passed" testListId="8c84fa94-04c1-424b-9868-57a2d4851a1d" relativeResultsDirectory="d0537364-2649-49e7-be88-bbc7b7a215d4" />
    <UnitTestResult executionId="f3d3cb5b-e306-4188-ae9a-9ecf72c0ff70" testId="ed7ec1c1-521e-0bb8-5521-b0ebad478298" testName="FgoPet.Infrastructure.Tests.Packs.FileArtPackageRepositoryTests.Scan_orders_versions_deterministically" computerName="SOLA" duration="00:00:00.0754625" startTime="2026-08-31T17:31:22.5736065+08:00" endTime="2026-08-31T17:31:22.5736070+08:00" testType="13cdc9d9-ddb5-4fa4-a97d-d965ccfc6d4b" outcome="Passed" testListId="8c84fa94-04c1-424b-9868-57a2d4851a1d" relativeResultsDirectory="f3d3cb5b-e306-4188-ae9a-9ecf72c0ff70" />
    <UnitTestResult executionId="8ecac0a7-2be9-40ad-87c3-e27385d21dcd" testId="b986c612-5390-a122-1436-71b0d3aa98ec" testName="FgoPet.Infrastructure.Tests.Packs.FgoPetPackInstallerTests.Install_rejects_absolute_path_entries" computerName="SOLA" duration="00:00:00.0188146" startTime="2026-08-31T17:31:22.2170298+08:00" endTime="2026-08-31T17:31:22.2170301+08:00" testType="13cdc9d9-ddb5-4fa4-a97d-d965ccfc6d4b" outcome="Passed" testListId="8c84fa94-04c1-424b-9868-57a2d4851a1d" relativeResultsDirectory="8ecac0a7-2be9-40ad-87c3-e27385d21dcd" />
    <UnitTestResult executionId="76e1b230-b140-4944-9698-eb65c4ee83c5" testId="64fb1874-1195-5e6b-8dfa-5c9fad0fbcbe" testName="FgoPet.Infrastructure.Tests.Packs.FgoPetPackInstallerTests.Install_rejects_a_truncated_archive" computerName="SOLA" duration="00:00:00.0820450" startTime="2026-08-31T17:31:21.4916725+08:00" endTime="2026-08-31T17:31:21.4916727+08:00" testType="13cdc9d9-ddb5-4fa4-a97d-d965ccfc6d4b" outcome="Passed" testListId="8c84fa94-04c1-424b-9868-57a2d4851a1d" relativeResultsDirectory="76e1b230-b140-4944-9698-eb65c4ee83c5" />
    <UnitTestResult executionId="c17827e1-8bc0-4548-979d-68d6a41c43a0" testId="d0359375-97a8-c137-89cd-8243c4b8d82d" testName="FgoPet.Infrastructure.Tests.Events.SqliteEventStoreTests.TryInsert_persists_optional_source_metadata" computerName="SOLA" duration="00:00:00.2736301" startTime="2026-08-31T17:31:21.7769409+08:00" endTime="2026-08-31T17:31:21.7769415+08:00" testType="13cdc9d9-ddb5-4fa4-a97d-d965ccfc6d4b" outcome="Passed" testListId="8c84fa94-04c1-424b-9868-57a2d4851a1d" relativeResultsDirectory="c17827e1-8bc0-4548-979d-68d6a41c43a0" />
    <UnitTestResult executionId="0f0ac207-b070-45c3-8d12-7aada66e4bf2" testId="ce3f47b0-b8bd-c34c-7693-fad23dc9d56d" testName="FgoPet.Infrastructure.Tests.Diagnostics.ResourceDiagnosticsTests.Redact_removes_absolute_windows_paths" computerName="SOLA" duration="00:00:00.0005301" startTime="2026-08-31T17:31:21.1658220+08:00" endTime="2026-08-31T17:31:21.1658221+08:00" testType="13cdc9d9-ddb5-4fa4-a97d-d965ccfc6d4b" outcome="Passed" testListId="8c84fa94-04c1-424b-9868-57a2d4851a1d" relativeResultsDirectory="0f0ac207-b070-45c3-8d12-7aada66e4bf2" />
    <UnitTestResult executionId="7ea1ae20-2bc4-45a3-bd7b-bfb0335eee3a" testId="65ea6cbb-6f07-2e09-2dc6-e17980abfa37" testName="FgoPet.Infrastructure.Tests.Providers.OpenAiCompatibleChatProviderTests.Streaming_completion_parses_deltas_until_done" computerName="SOLA" duration="00:00:00.0113625" startTime="2026-08-31T17:31:21.2447244+08:00" endTime="2026-08-31T17:31:21.2447246+08:00" testType="13cdc9d9-ddb5-4fa4-a97d-d965ccfc6d4b" outcome="Passed" testListId="8c84fa94-04c1-424b-9868-57a2d4851a1d" relativeResultsDirectory="7ea1ae20-2bc4-45a3-bd7b-bfb0335eee3a" />
    <UnitTestResult executionId="3f07cfa2-4e7f-40c6-bc00-41b9779ee33b" testId="a5d9210e-4881-9593-5a8e-8c7ab2841e29" testName="FgoPet.Infrastructure.Tests.Settings.JsonSettingsTests.Load_returns_defaults_when_missing" computerName="SOLA" duration="00:00:00.0349391" startTime="2026-08-31T17:31:21.6700369+08:00" endTime="2026-08-31T17:31:21.6700377+08:00" testType="13cdc9d9-ddb5-4fa4-a97d-d965ccfc6d4b" outcome="Passed" testListId="8c84fa94-04c1-424b-9868-57a2d4851a1d" relativeResultsDirectory="3f07cfa2-4e7f-40c6-bc00-41b9779ee33b" />
    <UnitTestResult executionId="aaf0787d-e952-48ae-8073-7b14e3e0e8c9" testId="db1aff23-a385-b571-aab5-e7898e3cb1d9" testName="FgoPet.Infrastructure.Tests.Agents.AgentRelayRuntimeTests.Control_rejects_unrelated_or_incompatible_response(id: &quot;request&quot;, type: &quot;connection_test&quot;, version: &quot;2&quot;, expected: &quot;version_mismatch&quot;)" computerName="SOLA" duration="00:00:00.0066680" startTime="2026-08-31T17:31:21.2320950+08:00" endTime="2026-08-31T17:31:21.2320953+08:00" testType="13cdc9d9-ddb5-4fa4-a97d-d965ccfc6d4b" outcome="Passed" testListId="8c84fa94-04c1-424b-9868-57a2d4851a1d" relativeResultsDirectory="aaf0787d-e952-48ae-8073-7b14e3e0e8c9" />
    <UnitTestResult executionId="502e6ef0-aae9-45f4-8b8f-e5181381df94" testId="25f95002-cb4f-a4e6-7e69-c04e19c4d147" testName="FgoPet.Infrastructure.Tests.Settings.JsonSettingsTests.Load_quarantines_malformed_package_settings_and_returns_defaults(packageSettings: &quot;{\&quot;\&quot;:{\&quot;show_status\&quot;:\&quot;true\&quot;}}&quot;)" computerName="SOLA" duration="00:00:00.1349081" startTime="2026-08-31T17:31:21.2247307+08:00" endTime="2026-08-31T17:31:21.2247308+08:00" testType="13cdc9d9-ddb5-4fa4-a97d-d965ccfc6d4b" outcome="Passed" testListId="8c84fa94-04c1-424b-9868-57a2d4851a1d" relativeResultsDirectory="502e6ef0-aae9-45f4-8b8f-e5181381df94" />
    <UnitTestResult executionId="e090e567-b148-4154-902f-e125343b3c25" testId="88a89af6-4626-df70-26ff-137233f913a3" testName="FgoPet.Infrastructure.Tests.Dialogue.SqliteConversationRepositoryTests.Delete_conversation_removes_its_messages" computerName="SOLA" duration="00:00:00.4390329" startTime="2026-08-31T17:31:21.5324652+08:00" endTime="2026-08-31T17:31:21.5324656+08:00" testType="13cdc9d9-ddb5-4fa4-a97d-d965ccfc6d4b" outcome="Passed" testListId="8c84fa94-04c1-424b-9868-57a2d4851a1d" relativeResultsDirectory="e090e567-b148-4154-902f-e125343b3c25" />
    <UnitTestResult executionId="25b6a4f0-5e15-41ad-a8f7-910fe522ce57" testId="0dc21355-586d-9b40-ff7f-8617ac18796e" testName="FgoPet.Infrastructure.Tests.Packs.FgoPetPackInstallerTests.Install_rejects_forbidden_suffixes(suffix: &quot;.html&quot;)" computerName="SOLA" duration="00:00:00.0207430" startTime="2026-08-31T17:31:21.8913901+08:00" endTime="2026-08-31T17:31:21.8913908+08:00" testType="13cdc9d9-ddb5-4fa4-a97d-d965ccfc6d4b" outcome="Passed" testListId="8c84fa94-04c1-424b-9868-57a2d4851a1d" relativeResultsDirectory="25b6a4f0-5e15-41ad-a8f7-910fe522ce57" />
    <UnitTestResult executionId="978fdeff-81ac-4fea-8537-96dbf89bf03c" testId="741484ee-8cee-85a5-89e5-a68697dce793" testName="FgoPet.Infrastructure.Tests.Packs.FileArtPackageRepositoryTests.A_corrupt_index_is_quarantined_and_replaced_with_defaults" computerName="SOLA" duration="00:00:00.0421206" startTime="2026-08-31T17:31:21.1693128+08:00" endTime="2026-08-31T17:31:21.1693133+08:00" testType="13cdc9d9-ddb5-4fa4-a97d-d965ccfc6d4b" outcome="Passed" testListId="8c84fa94-04c1-424b-9868-57a2d4851a1d" relativeResultsDirectory="978fdeff-81ac-4fea-8537-96dbf89bf03c" />
    <UnitTestResult executionId="176a1871-cdae-4520-a51b-c3ef5310532c" testId="47bdac35-dc9e-8fb5-54f1-5b10941772f9" testName="FgoPet.Infrastructure.Tests.Focus.SqliteFocusCompletionUnitTests.CompleteFocus_commits_event_timeline_ledger_and_bond_once" computerName="SOLA" duration="00:00:00.1313498" startTime="2026-08-31T17:31:22.4781180+08:00" endTime="2026-08-31T17:31:22.4781187+08:00" testType="13cdc9d9-ddb5-4fa4-a97d-d965ccfc6d4b" outcome="Passed" testListId="8c84fa94-04c1-424b-9868-57a2d4851a1d" relativeResultsDirectory="176a1871-cdae-4520-a51b-c3ef5310532c" />
    <UnitTestResult executionId="8d17cf80-45a8-4537-942d-347610504f47" testId="697128a4-b78c-0e54-706a-92e6ae281bf5" testName="FgoPet.Infrastructure.Tests.Settings.JsonSettingsTests.Save_then_Load_roundtrips_every_field" computerName="SOLA" duration="00:00:00.0401985" startTime="2026-08-31T17:31:21.7770761+08:00" endTime="2026-08-31T17:31:21.7770763+08:00" testType="13cdc9d9-ddb5-4fa4-a97d-d965ccfc6d4b" outcome="Passed" testListId="8c84fa94-04c1-424b-9868-57a2d4851a1d" relativeResultsDirectory="8d17cf80-45a8-4537-942d-347610504f47" />
    <UnitTestResult executionId="54673659-43bb-4cce-b556-20d13c2f6321" testId="a05bc7cf-9e1c-4498-bedb-df67c85811e7" testName="FgoPet.Infrastructure.Tests.Packs.FgoPetPackInstallerTests.Install_rejects_disallowed_file_types" computerName="SOLA" duration="00:00:00.0191900" startTime="2026-08-31T17:31:21.6265335+08:00" endTime="2026-08-31T17:31:21.6265338+08:00" testType="13cdc9d9-ddb5-4fa4-a97d-d965ccfc6d4b" outcome="Passed" testListId="8c84fa94-04c1-424b-9868-57a2d4851a1d" relativeResultsDirectory="54673659-43bb-4cce-b556-20d13c2f6321" />
    <UnitTestResult executionId="623c6341-dbcb-4f35-a441-1a540227f824" testId="f168adcd-2bb1-1141-2a0f-15bb92d478ee" testName="FgoPet.Infrastructure.Tests.Settings.JsonSettingsTests.Load_quarantines_malformed_package_settings_and_returns_defaults(packageSettings: &quot;{\&quot;invalid servant\&quot;:{\&quot;show_status\&quot;:\&quot;true\&quot;}}&quot;)" computerName="SOLA" duration="00:00:00.0072493" startTime="2026-08-31T17:31:21.5136726+08:00" endTime="2026-08-31T17:31:21.5136729+08:00" testType="13cdc9d9-ddb5-4fa4-a97d-d965ccfc6d4b" outcome="Passed" testListId="8c84fa94-04c1-424b-9868-57a2d4851a1d" relativeResultsDirectory="623c6341-dbcb-4f35-a441-1a540227f824" />
    <UnitTestResult executionId="ae363ba0-0cd4-406c-aebb-270454c6bcb2" testId="ff2938d7-7c05-aef6-f668-092aa28b93c6" testName="FgoPet.Infrastructure.Tests.Dialogue.SqliteConversationRepositoryTests.Append_and_load_are_isolated_by_servant_id" computerName="SOLA" duration="00:00:00.4532240" startTime="2026-08-31T17:31:22.2534514+08:00" endTime="2026-08-31T17:31:22.2534520+08:00" testType="13cdc9d9-ddb5-4fa4-a97d-d965ccfc6d4b" outcome="Passed" testListId="8c84fa94-04c1-424b-9868-57a2d4851a1d" relativeResultsDirectory="ae363ba0-0cd4-406c-aebb-270454c6bcb2" />
    <UnitTestResult executionId="45631aba-ea30-4ed8-871d-998a61b8c6c5" testId="d8dd35d1-bbb0-d7d6-482d-0ff6dad38616" testName="FgoPet.Infrastructure.Tests.Providers.OpenAiCompatibleChatProviderTests.Model_discovery_returns_ids_without_logging_the_key" computerName="SOLA" duration="00:00:00.1382210" startTime="2026-08-31T17:31:21.2332093+08:00" endTime="2026-08-31T17:31:21.2332095+08:00" testType="13cdc9d9-ddb5-4fa4-a97d-d965ccfc6d4b" outcome="Passed" testListId="8c84fa94-04c1-424b-9868-57a2d4851a1d" relativeResultsDirectory="45631aba-ea30-4ed8-871d-998a61b8c6c5" />
    <UnitTestResult executionId="eb125f91-c483-4eb1-a449-7e6c462fdb35" testId="1050a8ad-937f-c252-1294-f46e02ecc251" testName="FgoPet.Infrastructure.Tests.Persistence.RuntimeDatabaseTests.Enforces_partial_unique_index_on_the_current_session" computerName="SOLA" duration="00:00:00.2229871" startTime="2026-08-31T17:31:21.6326664+08:00" endTime="2026-08-31T17:31:21.6326671+08:00" testType="13cdc9d9-ddb5-4fa4-a97d-d965ccfc6d4b" outcome="Passed" testListId="8c84fa94-04c1-424b-9868-57a2d4851a1d" relativeResultsDirectory="eb125f91-c483-4eb1-a449-7e6c462fdb35" />
    <UnitTestResult executionId="3e56cefe-eb4f-4683-b239-7640815ed5e9" testId="94d9c3e6-b069-3904-ea19-698885365e0b" testName="FgoPet.Infrastructure.Tests.Packs.FgoPetPackInstallerTests.Install_never_leaves_staging_behind_after_success" computerName="SOLA" duration="00:00:00.0730765" startTime="2026-08-31T17:31:21.5649138+08:00" endTime="2026-08-31T17:31:21.5649145+08:00" testType="13cdc9d9-ddb5-4fa4-a97d-d965ccfc6d4b" outcome="Passed" testListId="8c84fa94-04c1-424b-9868-57a2d4851a1d" relativeResultsDirectory="3e56cefe-eb4f-4683-b239-7640815ed5e9" />
    <UnitTestResult executionId="4771cbb3-f157-438d-bd16-d298fe576070" testId="b880d729-c83e-ccd3-e1f5-917ab6637f6b" testName="FgoPet.Infrastructure.Tests.Packs.DialogueManifestReaderTests.ReadOptional_loads_plain_text_candidates_and_default_locale" computerName="SOLA" duration="00:00:00.0327562" startTime="2026-08-31T17:31:21.1950698+08:00" endTime="2026-08-31T17:31:21.1950704+08:00" testType="13cdc9d9-ddb5-4fa4-a97d-d965ccfc6d4b" outcome="Passed" testListId="8c84fa94-04c1-424b-9868-57a2d4851a1d" relativeResultsDirectory="4771cbb3-f157-438d-bd16-d298fe576070" />
    <UnitTestResult executionId="55de2e74-191b-4922-9c30-0439e9e69d9e" testId="8ab1962f-098c-57bb-8cc0-318136b791b2" testName="FgoPet.Infrastructure.Tests.Packs.FgoPetPackInstallerTests.Install_rejects_an_incompatible_app_version" computerName="SOLA" duration="00:00:00.0799199" startTime="2026-08-31T17:31:21.8364177+08:00" endTime="2026-08-31T17:31:21.8364182+08:00" testType="13cdc9d9-ddb5-4fa4-a97d-d965ccfc6d4b" outcome="Passed" testListId="8c84fa94-04c1-424b-9868-57a2d4851a1d" relativeResultsDirectory="55de2e74-191b-4922-9c30-0439e9e69d9e" />
    <UnitTestResult executionId="49d25761-ad71-4e33-affa-c42f78944a24" testId="d3875054-5030-70dd-423c-d11a0e0ad778" testName="FgoPet.Infrastructure.Tests.Packs.PackManifestTests.Package_settings_accept_the_declared_toggle_choice_and_text_definitions" computerName="SOLA" duration="00:00:00.0148609" startTime="2026-08-31T17:31:21.2216155+08:00" endTime="2026-08-31T17:31:21.2216157+08:00" testType="13cdc9d9-ddb5-4fa4-a97d-d965ccfc6d4b" outcome="Passed" testListId="8c84fa94-04c1-424b-9868-57a2d4851a1d" relativeResultsDirectory="49d25761-ad71-4e33-affa-c42f78944a24" />
    <UnitTestResult executionId="69a2a126-730b-4160-812d-c5e80eb2f681" testId="1d148efa-f036-240b-5c34-43da03cd62b3" testName="FgoPet.Infrastructure.Tests.Packs.PackManifestTests.Package_settings_reject_invalid_key_label_or_type(key: &quot;valid_key&quot;, label: &quot;xxxxxxxxxxxxxxxxxxxxxxxxxxxxxxxxxxxxxxxxxxxxxxxxxx&quot;···, type: &quot;toggle&quot;, defaultValue: &quot;true&quot;)" computerName="SOLA" duration="00:00:00.0003565" startTime="2026-08-31T17:31:21.2230075+08:00" endTime="2026-08-31T17:31:21.2230078+08:00" testType="13cdc9d9-ddb5-4fa4-a97d-d965ccfc6d4b" outcome="Passed" testListId="8c84fa94-04c1-424b-9868-57a2d4851a1d" relativeResultsDirectory="69a2a126-730b-4160-812d-c5e80eb2f681" />
    <UnitTestResult executionId="ca9c4622-741a-4c3e-85ca-8044faf2d768" testId="4776c657-6ed3-f5c5-0fb1-b5b0bffbb08c" testName="FgoPet.Infrastructure.Tests.Packs.FgoPetPackInstallerTests.Install_rejects_zip_slip_entries" computerName="SOLA" duration="00:00:00.0195679" startTime="2026-08-31T17:31:21.5859317+08:00" endTime="2026-08-31T17:31:21.5859320+08:00" testType="13cdc9d9-ddb5-4fa4-a97d-d965ccfc6d4b" outcome="Passed" testListId="8c84fa94-04c1-424b-9868-57a2d4851a1d" relativeResultsDirectory="ca9c4622-741a-4c3e-85ca-8044faf2d768" />
    <UnitTestResult executionId="2bfd3571-321e-4ba2-989e-92bc825eb7aa" testId="bd0ae472-3187-3d19-9ee8-22dfa2da926e" testName="FgoPet.Infrastructure.Tests.Persistence.RuntimeDatabaseTests.A_failed_migration_leaves_no_migration_row" computerName="SOLA" duration="00:00:00.2169293" startTime="2026-08-31T17:31:21.8497864+08:00" endTime="2026-08-31T17:31:21.8497870+08:00" testType="13cdc9d9-ddb5-4fa4-a97d-d965ccfc6d4b" outcome="Passed" testListId="8c84fa94-04c1-424b-9868-57a2d4851a1d" relativeResultsDirectory="2bfd3571-321e-4ba2-989e-92bc825eb7aa" />
    <UnitTestResult executionId="54520bed-efa9-4675-a936-b53202d66e3e" testId="9e42b847-c55f-bc25-c859-0dcea98d9b45" testName="FgoPet.Infrastructure.Tests.Packs.FileArtPackageRepositoryTests.Scan_diagnostics_do_not_expose_the_repository_root_or_exception_details" computerName="SOLA" duration="00:00:00.0153426" startTime="2026-08-31T17:31:21.9239037+08:00" endTime="2026-08-31T17:31:21.9239043+08:00" testType="13cdc9d9-ddb5-4fa4-a97d-d965ccfc6d4b" outcome="Passed" testListId="8c84fa94-04c1-424b-9868-57a2d4851a1d" relativeResultsDirectory="54520bed-efa9-4675-a936-b53202d66e3e" />
    <UnitTestResult executionId="ab38e4aa-d801-430a-b3dd-dddb2865337e" testId="c202218b-32e7-33f6-068a-29269e55be2d" testName="FgoPet.Infrastructure.Tests.Diagnostics.ResourceDiagnosticsTests.Redact_removes_credentials_embedded_in_a_relative_path" computerName="SOLA" duration="00:00:00.0008339" startTime="2026-08-31T17:31:21.1657719+08:00" endTime="2026-08-31T17:31:21.1657719+08:00" testType="13cdc9d9-ddb5-4fa4-a97d-d965ccfc6d4b" outcome="Passed" testListId="8c84fa94-04c1-424b-9868-57a2d4851a1d" relativeResultsDirectory="ab38e4aa-d801-430a-b3dd-dddb2865337e" />
    <UnitTestResult executionId="029ecf46-3ebf-4d6c-97f2-40fc441725cb" testId="79e288cb-f93a-832c-c73d-8485fbe21fb6" testName="FgoPet.Infrastructure.Tests.Settings.JsonSettingsTests.Load_quarantines_malformed_package_settings_and_returns_defaults(packageSettings: &quot;{\&quot;mash_kyrielight\&quot;:{\&quot;show_status\&quot;:null}}&quot;)" computerName="SOLA" duration="00:00:00.0068090" startTime="2026-08-31T17:31:21.4980474+08:00" endTime="2026-08-31T17:31:21.4980478+08:00" testType="13cdc9d9-ddb5-4fa4-a97d-d965ccfc6d4b" outcome="Passed" testListId="8c84fa94-04c1-424b-9868-57a2d4851a1d" relativeResultsDirectory="029ecf46-3ebf-4d6c-97f2-40fc441725cb" />
    <UnitTestResult executionId="7c677c50-538f-455c-b689-1c268f124231" testId="5d37c648-c03b-6b80-d87a-39265b027d23" testName="FgoPet.Infrastructure.Tests.Packs.FgoPetPackInstallerTests.Install_rejects_per_entry_size_excess" computerName="SOLA" duration="00:00:00.0454703" startTime="2026-08-31T17:31:21.3894976+08:00" endTime="2026-08-31T17:31:21.3894979+08:00" testType="13cdc9d9-ddb5-4fa4-a97d-d965ccfc6d4b" outcome="Passed" testListId="8c84fa94-04c1-424b-9868-57a2d4851a1d" relativeResultsDirectory="7c677c50-538f-455c-b689-1c268f124231" />
    <UnitTestResult executionId="0d4799c0-69ec-487a-a4e0-c642c395f455" testId="e7c50d21-970e-2abe-f9e9-5808fda97f72" testName="FgoPet.Infrastructure.Tests.Windowing.WindowPlacementTests.A_leftover_temp_file_preserves_the_previous_placement" computerName="SOLA" duration="00:00:00.1009744" startTime="2026-08-31T17:31:21.1929503+08:00" endTime="2026-08-31T17:31:21.1929506+08:00" testType="13cdc9d9-ddb5-4fa4-a97d-d965ccfc6d4b" outcome="Passed" testListId="8c84fa94-04c1-424b-9868-57a2d4851a1d" relativeResultsDirectory="0d4799c0-69ec-487a-a4e0-c642c395f455" />
    <UnitTestResult executionId="d577b2de-429f-4454-834c-520381f0ee21" testId="75fc0017-5e26-ebd9-a28d-40c5fce08fd3" testName="FgoPet.Infrastructure.Tests.Events.SqliteEventStoreTests.TryInsert_remains_idempotent_with_extended_metadata" computerName="SOLA" duration="00:00:00.2732788" startTime="2026-08-31T17:31:21.5028969+08:00" endTime="2026-08-31T17:31:21.5028973+08:00" testType="13cdc9d9-ddb5-4fa4-a97d-d965ccfc6d4b" outcome="Passed" testListId="8c84fa94-04c1-424b-9868-57a2d4851a1d" relativeResultsDirectory="d577b2de-429f-4454-834c-520381f0ee21" />
    <UnitTestResult executionId="956639cf-ff0b-44e6-a067-477896663d83" testId="fbe718a5-5ec2-3272-3e08-8a661ae10580" testName="FgoPet.Infrastructure.Tests.Persistence.SqliteWorkArchiveRepositoryTests.Confirm_archive_writes_summary_and_removes_only_covered_completed_details" computerName="SOLA" duration="00:00:00.4701552" startTime="2026-08-31T17:31:21.7226363+08:00" endTime="2026-08-31T17:31:21.7226368+08:00" testType="13cdc9d9-ddb5-4fa4-a97d-d965ccfc6d4b" outcome="Passed" testListId="8c84fa94-04c1-424b-9868-57a2d4851a1d" relativeResultsDirectory="956639cf-ff0b-44e6-a067-477896663d83" />
    <UnitTestResult executionId="0827381a-e9e2-4194-9913-833ebcaf5607" testId="cb2b061e-9ca6-1b3e-17ad-c7c844cfae5d" testName="FgoPet.Infrastructure.Tests.Packs.AppearanceManifestReaderTests.Read_requires_an_absolute_path" computerName="SOLA" duration="00:00:00.0104753" startTime="2026-08-31T17:31:21.3151311+08:00" endTime="2026-08-31T17:31:21.3151313+08:00" testType="13cdc9d9-ddb5-4fa4-a97d-d965ccfc6d4b" outcome="Passed" testListId="8c84fa94-04c1-424b-9868-57a2d4851a1d" relativeResultsDirectory="0827381a-e9e2-4194-9913-833ebcaf5607" />
    <UnitTestResult executionId="0d2911fb-2c59-4490-b891-bfe26c7470c1" testId="dac20955-9765-cbf0-df6f-60afc97a04ea" testName="FgoPet.Infrastructure.Tests.Packs.FileArtPackageRepositoryTests.Recovery_falls_back_to_the_last_known_good_pack" computerName="SOLA" duration="00:00:00.0563535" startTime="2026-08-31T17:31:22.4424876+08:00" endTime="2026-08-31T17:31:22.4424883+08:00" testType="13cdc9d9-ddb5-4fa4-a97d-d965ccfc6d4b" outcome="Passed" testListId="8c84fa94-04c1-424b-9868-57a2d4851a1d" relativeResultsDirectory="0d2911fb-2c59-4490-b891-bfe26c7470c1" />
    <UnitTestResult executionId="63cb9e6f-565a-4610-9bd2-3e580f0c42d4" testId="5ec9fe18-0456-cbe5-95d8-90193927fcb5" testName="FgoPet.Infrastructure.Tests.Focus.SqliteFocusCompletionUnitTests.Snapshot_round_trips_and_LoadCurrent_returns_the_only_current_row" computerName="SOLA" duration="00:00:00.2241510" startTime="2026-08-31T17:31:22.1484607+08:00" endTime="2026-08-31T17:31:22.1484611+08:00" testType="13cdc9d9-ddb5-4fa4-a97d-d965ccfc6d4b" outcome="Passed" testListId="8c84fa94-04c1-424b-9868-57a2d4851a1d" relativeResultsDirectory="63cb9e6f-565a-4610-9bd2-3e580f0c42d4" />
    <UnitTestResult executionId="c8b02d24-5e62-4f90-877d-66c036d10f9a" testId="ff0f1deb-7209-2727-9ec2-2235d55aeb8e" testName="FgoPet.Infrastructure.Tests.Packs.FileArtPackageRepositoryTests.ListServants_exposes_safe_preview_latest_metadata_and_validated_settings" computerName="SOLA" duration="00:00:00.0922634" startTime="2026-08-31T17:31:21.9083743+08:00" endTime="2026-08-31T17:31:21.9083745+08:00" testType="13cdc9d9-ddb5-4fa4-a97d-d965ccfc6d4b" outcome="Passed" testListId="8c84fa94-04c1-424b-9868-57a2d4851a1d" relativeResultsDirectory="c8b02d24-5e62-4f90-877d-66c036d10f9a" />
    <UnitTestResult executionId="51dfaf50-9360-4cdb-b427-fe9ff9538508" testId="ce852182-4873-5d9d-ee07-3d6f79242de4" testName="FgoPet.Infrastructure.Tests.Secrets.CredentialStoreContractTests.Credential_store_can_save_check_and_delete_without_read_secret_api" computerName="SOLA" duration="00:00:00.0064662" startTime="2026-08-31T17:31:21.1355591+08:00" endTime="2026-08-31T17:31:21.1355903+08:00" testType="13cdc9d9-ddb5-4fa4-a97d-d965ccfc6d4b" outcome="Passed" testListId="8c84fa94-04c1-424b-9868-57a2d4851a1d" relativeResultsDirectory="51dfaf50-9360-4cdb-b427-fe9ff9538508" />
    <UnitTestResult executionId="ee9b639e-7ee0-428b-b9a0-10870f080d86" testId="8cda60ba-07d5-e7d8-cf8b-379879ccee83" testName="FgoPet.Infrastructure.Tests.Packs.PackArchivePolicyTests.Production_defaults_are_recorded" computerName="SOLA" duration="00:00:00.0291359" startTime="2026-08-31T17:31:21.1403190+08:00" endTime="2026-08-31T17:31:21.1403193+08:00" testType="13cdc9d9-ddb5-4fa4-a97d-d965ccfc6d4b" outcome="Passed" testListId="8c84fa94-04c1-424b-9868-57a2d4851a1d" relativeResultsDirectory="ee9b639e-7ee0-428b-b9a0-10870f080d86" />
    <UnitTestResult executionId="73e3f434-0f81-4c7e-9e21-72afb49baedb" testId="606eadfc-05c4-9def-89b1-4bf01c53d69b" testName="FgoPet.Infrastructure.Tests.Packs.AppearanceManifestReaderTests.Read_parses_a_valid_v3_manifest" computerName="SOLA" duration="00:00:00.0447788" startTime="2026-08-31T17:31:21.2762655+08:00" endTime="2026-08-31T17:31:21.2762659+08:00" testType="13cdc9d9-ddb5-4fa4-a97d-d965ccfc6d4b" outcome="Passed" testListId="8c84fa94-04c1-424b-9868-57a2d4851a1d" relativeResultsDirectory="73e3f434-0f81-4c7e-9e21-72afb49baedb" />
    <UnitTestResult executionId="04f9aa6e-7598-4e24-96d6-84629ab17463" testId="b8f0ea95-4fda-cf8f-2adb-39ff42a4fec3" testName="FgoPet.Infrastructure.Tests.Packs.FgoPetPackInstallerTests.Install_writes_a_symlink_entry_as_a_regular_file" computerName="SOLA" duration="00:00:00.0576965" startTime="2026-08-31T17:31:22.2749091+08:00" endTime="2026-08-31T17:31:22.2749096+08:00" testType="13cdc9d9-ddb5-4fa4-a97d-d965ccfc6d4b" outcome="Passed" testListId="8c84fa94-04c1-424b-9868-57a2d4851a1d" relativeResultsDirectory="04f9aa6e-7598-4e24-96d6-84629ab17463" />
    <UnitTestResult executionId="b4791f9c-60e1-483c-b8f7-0b72ac5b70e5" testId="6a252ff1-7caa-5820-54ab-694597960f57" testName="FgoPet.Infrastructure.Tests.Packs.AppearanceValidatorTests.Validate_rejects_a_traversal_asset_path" computerName="SOLA" duration="00:00:00.0197806" startTime="2026-08-31T17:31:21.4247118+08:00" endTime="2026-08-31T17:31:21.4247121+08:00" testType="13cdc9d9-ddb5-4fa4-a97d-d965ccfc6d4b" outcome="Passed" testListId="8c84fa94-04c1-424b-9868-57a2d4851a1d" relativeResultsDirectory="b4791f9c-60e1-483c-b8f7-0b72ac5b70e5" />
    <UnitTestResult executionId="36e468ce-87f3-41b9-b02d-ade8f1015fca" testId="e52d2569-af74-de73-ed30-65661a5a6c95" testName="FgoPet.Infrastructure.Tests.Focus.SqliteFocusCompletionUnitTests.CompleteFocus_emits_a_bond_level_up_event_and_entry_when_the_level_rises" computerName="SOLA" duration="00:00:00.1979984" startTime="2026-08-31T17:31:22.3465516+08:00" endTime="2026-08-31T17:31:22.3465522+08:00" testType="13cdc9d9-ddb5-4fa4-a97d-d965ccfc6d4b" outcome="Passed" testListId="8c84fa94-04c1-424b-9868-57a2d4851a1d" relativeResultsDirectory="36e468ce-87f3-41b9-b02d-ade8f1015fca" />
    <UnitTestResult executionId="548281cb-a063-4e92-94c3-b5b5a7ddd05e" testId="f4a52971-f404-a30c-7f59-d1ff535cda92" testName="FgoPet.Infrastructure.Tests.Packs.DialogueManifestReaderTests.ReadOptional_returns_null_when_dialogue_directory_is_absent" computerName="SOLA" duration="00:00:00.0042347" startTime="2026-08-31T17:31:21.1994291+08:00" endTime="2026-08-31T17:31:21.1994296+08:00" testType="13cdc9d9-ddb5-4fa4-a97d-d965ccfc6d4b" outcome="Passed" testListId="8c84fa94-04c1-424b-9868-57a2d4851a1d" relativeResultsDirectory="548281cb-a063-4e92-94c3-b5b5a7ddd05e" />
    <UnitTestResult executionId="fd281b7f-91e1-46f7-abf5-bb6e89e80d0f" testId="0cea6b72-4821-2167-6cbd-ad4ef0a97be2" testName="FgoPet.Infrastructure.Tests.Packs.FgoPetPackInstallerTests.Install_installs_a_valid_pack_and_returns_identity" computerName="SOLA" duration="00:00:00.0988783" startTime="2026-08-31T17:31:21.7562895+08:00" endTime="2026-08-31T17:31:21.7562901+08:00" testType="13cdc9d9-ddb5-4fa4-a97d-d965ccfc6d4b" outcome="Passed" testListId="8c84fa94-04c1-424b-9868-57a2d4851a1d" relativeResultsDirectory="fd281b7f-91e1-46f7-abf5-bb6e89e80d0f" />
    <UnitTestResult executionId="08056e84-6041-4447-9c26-2bd347fe10c4" testId="6d4c48da-478e-880c-e22d-6c09d47c80aa" testName="FgoPet.Infrastructure.Tests.Packs.PackManifestTests.Package_settings_reject_invalid_key_label_or_type(key: &quot;valid_key&quot;, label: &quot;标签&quot;, type: &quot;range&quot;, defaultValue: &quot;5&quot;)" computerName="SOLA" duration="00:00:00.0016702" startTime="2026-08-31T17:31:21.2242594+08:00" endTime="2026-08-31T17:31:21.2242596+08:00" testType="13cdc9d9-ddb5-4fa4-a97d-d965ccfc6d4b" outcome="Passed" testListId="8c84fa94-04c1-424b-9868-57a2d4851a1d" relativeResultsDirectory="08056e84-6041-4447-9c26-2bd347fe10c4" />
    <UnitTestResult executionId="7c7918ae-4aa2-4edd-adc2-19806325c9d1" testId="2b4ff3ef-a0f9-d18f-4a36-e197c53ebf71" testName="FgoPet.Infrastructure.Tests.Packs.PackManifestTests.Package_settings_reject_more_than_32_definitions" computerName="SOLA" duration="00:00:00.0009306" startTime="2026-08-31T17:31:21.2295238+08:00" endTime="2026-08-31T17:31:21.2295240+08:00" testType="13cdc9d9-ddb5-4fa4-a97d-d965ccfc6d4b" outcome="Passed" testListId="8c84fa94-04c1-424b-9868-57a2d4851a1d" relativeResultsDirectory="7c7918ae-4aa2-4edd-adc2-19806325c9d1" />
    <UnitTestResult executionId="47b7610b-cd57-4713-8b1d-598b780e58fc" testId="2e702996-6fce-86bf-4716-81eceac0824a" testName="FgoPet.Infrastructure.Tests.Agents.AgentRelayRuntimeTests.Administration_maps_sources_and_sends_instance_scoped_permissions_without_credentials" computerName="SOLA" duration="00:00:00.1300811" startTime="2026-08-31T17:31:21.2253072+08:00" endTime="2026-08-31T17:31:21.2253072+08:00" testType="13cdc9d9-ddb5-4fa4-a97d-d965ccfc6d4b" outcome="Passed" testListId="8c84fa94-04c1-424b-9868-57a2d4851a1d" relativeResultsDirectory="47b7610b-cd57-4713-8b1d-598b780e58fc" />
    <UnitTestResult executionId="d606e8af-2221-464e-b89b-45776fffe3b7" testId="54314702-e9fb-b6dd-44d0-6c201cd8dc53" testName="FgoPet.Infrastructure.Tests.Settings.JsonSettingsTests.Load_quarantines_malformed_package_settings_and_returns_defaults(packageSettings: &quot;{\&quot;mash_kyrielight\&quot;:{\&quot;Invalid key\&quot;:\&quot;true\&quot;}}&quot;)" computerName="SOLA" duration="00:00:00.0064401" startTime="2026-08-31T17:31:21.4910603+08:00" endTime="2026-08-31T17:31:21.4910608+08:00" testType="13cdc9d9-ddb5-4fa4-a97d-d965ccfc6d4b" outcome="Passed" testListId="8c84fa94-04c1-424b-9868-57a2d4851a1d" relativeResultsDirectory="d606e8af-2221-464e-b89b-45776fffe3b7" />
    <UnitTestResult executionId="459db8fe-5fd6-447f-be9c-6572109649e6" testId="6ebc0fb2-1abd-3168-1428-ff2560edd492" testName="FgoPet.Infrastructure.Tests.Agents.AgentRelayRuntimeTests.Disabling_does_not_bootstrap_and_cancels_in_progress_start" computerName="SOLA" duration="00:00:00.1817474" startTime="2026-08-31T17:31:21.4414806+08:00" endTime="2026-08-31T17:31:21.4414811+08:00" testType="13cdc9d9-ddb5-4fa4-a97d-d965ccfc6d4b" outcome="Passed" testListId="8c84fa94-04c1-424b-9868-57a2d4851a1d" relativeResultsDirectory="459db8fe-5fd6-447f-be9c-6572109649e6" />
    <UnitTestResult executionId="eb66459b-70dc-40b3-876e-45d7d1d431f2" testId="ef4846da-db74-8963-05a0-c4f14258fe5e" testName="FgoPet.Infrastructure.Tests.Focus.SqliteFocusCompletionUnitTests.CompleteFocus_rolls_back_every_write_when_a_write_fails" computerName="SOLA" duration="00:00:00.3569219" startTime="2026-08-31T17:31:21.9246664+08:00" endTime="2026-08-31T17:31:21.9246665+08:00" testType="13cdc9d9-ddb5-4fa4-a97d-d965ccfc6d4b" outcome="Passed" testListId="8c84fa94-04c1-424b-9868-57a2d4851a1d" relativeResultsDirectory="eb66459b-70dc-40b3-876e-45d7d1d431f2" />
    <UnitTestResult executionId="eff6cc37-15cd-49bb-aba8-2f57278851ab" testId="f3d67884-d5cd-4457-a4f4-d9d7bea1fa82" testName="FgoPet.Infrastructure.Tests.Agents.AgentRelayRuntimeTests.Control_rejects_unrelated_or_incompatible_response(id: &quot;wrong-id&quot;, type: &quot;connection_test&quot;, version: &quot;1&quot;, expected: &quot;invalid_response&quot;)" computerName="SOLA" duration="00:00:00.0001390" startTime="2026-08-31T17:31:21.2328606+08:00" endTime="2026-08-31T17:31:21.2328607+08:00" testType="13cdc9d9-ddb5-4fa4-a97d-d965ccfc6d4b" outcome="Passed" testListId="8c84fa94-04c1-424b-9868-57a2d4851a1d" relativeResultsDirectory="eff6cc37-15cd-49bb-aba8-2f57278851ab" />
    <UnitTestResult executionId="a03bce39-97b8-4d03-b62a-06bbda741de2" testId="c9e39f74-3caa-9522-3859-b0f51a59ef02" testName="FgoPet.Infrastructure.Tests.Packs.AppearanceValidatorTests.Validate_reports_every_failing_asset" computerName="SOLA" duration="00:00:00.0198284" startTime="2026-08-31T17:31:21.3649672+08:00" endTime="2026-08-31T17:31:21.3649676+08:00" testType="13cdc9d9-ddb5-4fa4-a97d-d965ccfc6d4b" outcome="Passed" testListId="8c84fa94-04c1-424b-9868-57a2d4851a1d" relativeResultsDirectory="a03bce39-97b8-4d03-b62a-06bbda741de2" />
    <UnitTestResult executionId="260daa9c-0936-443c-b336-de93599f22cd" testId="8c62b4be-4a43-0b67-f64b-cd107c0193f6" testName="FgoPet.Infrastructure.Tests.Packs.PackManifestTests.Package_settings_reject_duplicate_keys_and_unknown_definition_properties" computerName="SOLA" duration="00:00:00.0031819" startTime="2026-08-31T17:31:21.2285226+08:00" endTime="2026-08-31T17:31:21.2285232+08:00" testType="13cdc9d9-ddb5-4fa4-a97d-d965ccfc6d4b" outcome="Passed" testListId="8c84fa94-04c1-424b-9868-57a2d4851a1d" relativeResultsDirectory="260daa9c-0936-443c-b336-de93599f22cd" />
    <UnitTestResult executionId="36c38200-38fb-4b25-b270-7696bb8971be" testId="33aa20b2-12f9-67f5-bb9d-0f56c7eb2246" testName="FgoPet.Infrastructure.Tests.Packs.FgoPetPackInstallerTests.Install_rejects_an_unsupported_pack_schema" computerName="SOLA" duration="00:00:00.0304162" startTime="2026-08-31T17:31:22.1459638+08:00" endTime="2026-08-31T17:31:22.1459644+08:00" testType="13cdc9d9-ddb5-4fa4-a97d-d965ccfc6d4b" outcome="Passed" testListId="8c84fa94-04c1-424b-9868-57a2d4851a1d" relativeResultsDirectory="36c38200-38fb-4b25-b270-7696bb8971be" />
    <UnitTestResult executionId="ba074ef6-f42d-4478-a2b3-e446414e6f46" testId="6271906b-426f-663c-9237-ce82f85ed9bf" testName="FgoPet.Infrastructure.Tests.Packs.FileArtPackageRepositoryTests.ListServants_groups_appearances_across_packages" computerName="SOLA" duration="00:00:00.1095050" startTime="2026-08-31T17:31:22.2161533+08:00" endTime="2026-08-31T17:31:22.2161537+08:00" testType="13cdc9d9-ddb5-4fa4-a97d-d965ccfc6d4b" outcome="Passed" testListId="8c84fa94-04c1-424b-9868-57a2d4851a1d" relativeResultsDirectory="ba074ef6-f42d-4478-a2b3-e446414e6f46" />
    <UnitTestResult executionId="b3420928-8db8-4cb2-a024-6321de48af28" testId="e4e14763-dd43-262e-d764-2538f69d78bd" testName="FgoPet.Infrastructure.Tests.Packs.FgoPetPackInstallerTests.Install_rejects_volume_prefixed_entries" computerName="SOLA" duration="00:00:00.0306816" startTime="2026-08-31T17:31:21.6572168+08:00" endTime="2026-08-31T17:31:21.6572173+08:00" testType="13cdc9d9-ddb5-4fa4-a97d-d965ccfc6d4b" outcome="Passed" testListId="8c84fa94-04c1-424b-9868-57a2d4851a1d" relativeResultsDirectory="b3420928-8db8-4cb2-a024-6321de48af28" />
    <UnitTestResult executionId="3c5e95f2-d1ac-4922-995a-e40780bfe69d" testId="f733080e-fcef-5e1c-142f-744365936a15" testName="FgoPet.Infrastructure.Tests.Persistence.SqliteTodoRepositoryTests.Delete_rejects_active_todos_but_allows_planned_todos" computerName="SOLA" duration="00:00:00.4195616" startTime="2026-08-31T17:31:22.0366250+08:00" endTime="2026-08-31T17:31:22.0366254+08:00" testType="13cdc9d9-ddb5-4fa4-a97d-d965ccfc6d4b" outcome="Passed" testListId="8c84fa94-04c1-424b-9868-57a2d4851a1d" relativeResultsDirectory="3c5e95f2-d1ac-4922-995a-e40780bfe69d" />
    <UnitTestResult executionId="3150c564-a6ab-48a2-8031-5347b38e96a6" testId="2176842f-98e3-6ff6-dc16-40739d61190d" testName="FgoPet.Infrastructure.Tests.Packs.FileArtPackageRepositoryTests.GetAppearance_returns_the_latest_version_for_a_null_version" computerName="SOLA" duration="00:00:00.4457730" startTime="2026-08-31T17:31:21.6152527+08:00" endTime="2026-08-31T17:31:21.6152530+08:00" testType="13cdc9d9-ddb5-4fa4-a97d-d965ccfc6d4b" outcome="Passed" testListId="8c84fa94-04c1-424b-9868-57a2d4851a1d" relativeResultsDirectory="3150c564-a6ab-48a2-8031-5347b38e96a6" />
    <UnitTestResult executionId="51a54e2e-97b4-43d7-8b98-44421737e308" testId="f15bb11e-0139-fee4-6515-98e2361c7379" testName="FgoPet.Infrastructure.Tests.Packs.AppearanceValidatorTests.Validate_rejects_an_absolute_asset_path" computerName="SOLA" duration="00:00:00.0538221" startTime="2026-08-31T17:31:21.3097630+08:00" endTime="2026-08-31T17:31:21.3097635+08:00" testType="13cdc9d9-ddb5-4fa4-a97d-d965ccfc6d4b" outcome="Passed" testListId="8c84fa94-04c1-424b-9868-57a2d4851a1d" relativeResultsDirectory="51a54e2e-97b4-43d7-8b98-44421737e308" />
    <UnitTestResult executionId="01c22a59-02a8-43b6-a321-564c9efec489" testId="a615a209-49e5-605f-2b34-d4526add6fa9" testName="FgoPet.Infrastructure.Tests.Settings.JsonSettingsTests.Load_quarantines_malformed_package_settings_and_returns_defaults(packageSettings: &quot;{\&quot;mash_kyrielight\&quot;:{\&quot;ssssssssssssssssssssssssss&quot;···)" computerName="SOLA" duration="00:00:00.0428906" startTime="2026-08-31T17:31:21.2677842+08:00" endTime="2026-08-31T17:31:21.2677844+08:00" testType="13cdc9d9-ddb5-4fa4-a97d-d965ccfc6d4b" outcome="Passed" testListId="8c84fa94-04c1-424b-9868-57a2d4851a1d" relativeResultsDirectory="01c22a59-02a8-43b6-a321-564c9efec489" />
    <UnitTestResult executionId="a329908a-578c-42f7-95c1-56665fc772ac" testId="cab5f43c-6131-6fe2-0f54-0c35d5900d53" testName="FgoPet.Infrastructure.Tests.Packs.FileArtPackageRepositoryTests.Recovery_prefers_the_current_valid_version" computerName="SOLA" duration="00:00:00.1103518" startTime="2026-08-31T17:31:22.0725844+08:00" endTime="2026-08-31T17:31:22.0725850+08:00" testType="13cdc9d9-ddb5-4fa4-a97d-d965ccfc6d4b" outcome="Passed" testListId="8c84fa94-04c1-424b-9868-57a2d4851a1d" relativeResultsDirectory="a329908a-578c-42f7-95c1-56665fc772ac" />
    <UnitTestResult executionId="b40fedff-67fb-4480-a2e3-96e28ad6d382" testId="5cf2a215-b444-e665-bdc3-aa344b6c9caa" testName="FgoPet.Infrastructure.Tests.Timeline.SqliteTimelineRepositoryTests.QueryToday_orders_newest_first_and_reads_bond_level" computerName="SOLA" duration="00:00:00.1868245" startTime="2026-08-31T17:31:22.4281217+08:00" endTime="2026-08-31T17:31:22.4281224+08:00" testType="13cdc9d9-ddb5-4fa4-a97d-d965ccfc6d4b" outcome="Passed" testListId="8c84fa94-04c1-424b-9868-57a2d4851a1d" relativeResultsDirectory="b40fedff-67fb-4480-a2e3-96e28ad6d382" />
    <UnitTestResult executionId="720ff8c7-0bf8-4ad8-b4dc-a81ac5c51274" testId="98aecd7b-ac7a-76c0-effc-2aa9179a2b82" testName="FgoPet.Infrastructure.Tests.Persistence.SqliteAgentRepositoryTests.Event_receipt_is_transactional_and_duplicate_delivery_is_idempotent" computerName="SOLA" duration="00:00:00.5244585" startTime="2026-08-31T17:31:21.8131485+08:00" endTime="2026-08-31T17:31:21.8131491+08:00" testType="13cdc9d9-ddb5-4fa4-a97d-d965ccfc6d4b" outcome="Passed" testListId="8c84fa94-04c1-424b-9868-57a2d4851a1d" relativeResultsDirectory="720ff8c7-0bf8-4ad8-b4dc-a81ac5c51274" />
    <UnitTestResult executionId="bab6f237-8cda-4451-af51-3c31e07a7efe" testId="a58a387d-a41d-70d6-ba5c-b266d4652df8" testName="FgoPet.Infrastructure.Tests.Packs.FileArtPackageRepositoryTests.Scan_skips_malformed_and_non_semver_directories" computerName="SOLA" duration="00:00:00.0337036" startTime="2026-08-31T17:31:22.1064498+08:00" endTime="2026-08-31T17:31:22.1064501+08:00" testType="13cdc9d9-ddb5-4fa4-a97d-d965ccfc6d4b" outcome="Passed" testListId="8c84fa94-04c1-424b-9868-57a2d4851a1d" relativeResultsDirectory="bab6f237-8cda-4451-af51-3c31e07a7efe" />
    <UnitTestResult executionId="3daeef52-6915-4010-8dc5-f70916966b73" testId="f7fff9d8-3337-94af-ac38-df5217e5d8c4" testName="FgoPet.Infrastructure.Tests.Packs.KnowledgeManifestReaderTests.Reader_excludes_pending_and_rejected_knowledge" computerName="SOLA" duration="00:00:00.0028124" startTime="2026-08-31T17:31:21.1822424+08:00" endTime="2026-08-31T17:31:21.1822429+08:00" testType="13cdc9d9-ddb5-4fa4-a97d-d965ccfc6d4b" outcome="Passed" testListId="8c84fa94-04c1-424b-9868-57a2d4851a1d" relativeResultsDirectory="3daeef52-6915-4010-8dc5-f70916966b73" />
    <UnitTestResult executionId="5aa4a9e9-fb3e-4ba4-8dd4-776c40982268" testId="2ad69956-d810-2694-dddc-094ab2854dca" testName="FgoPet.Infrastructure.Tests.Memory.SqliteMemoryRepositoryTests.Candidate_is_pending_until_reviewed" computerName="SOLA" duration="00:00:00.2593121" startTime="2026-08-31T17:31:22.2569247+08:00" endTime="2026-08-31T17:31:22.2569252+08:00" testType="13cdc9d9-ddb5-4fa4-a97d-d965ccfc6d4b" outcome="Passed" testListId="8c84fa94-04c1-424b-9868-57a2d4851a1d" relativeResultsDirectory="5aa4a9e9-fb3e-4ba4-8dd4-776c40982268" />
    <UnitTestResult executionId="9a5ce8f1-5a8a-421d-9f7a-a536f7541519" testId="c605e646-c481-13be-371e-5220a943a47c" testName="FgoPet.Infrastructure.Tests.Diagnostics.ResourceDiagnosticsTests.Compose_includes_whitelisted_fields_only" computerName="SOLA" duration="00:00:00.0001367" startTime="2026-08-31T17:31:21.1658687+08:00" endTime="2026-08-31T17:31:21.1658688+08:00" testType="13cdc9d9-ddb5-4fa4-a97d-d965ccfc6d4b" outcome="Passed" testListId="8c84fa94-04c1-424b-9868-57a2d4851a1d" relativeResultsDirectory="9a5ce8f1-5a8a-421d-9f7a-a536f7541519" />
    <UnitTestResult executionId="e02cd577-7e6f-4611-aabf-8868fabc25bd" testId="1cc67645-8727-f226-c85e-e610bd0dcf95" testName="FgoPet.Infrastructure.Tests.Packs.FileArtPackageRepositoryTests.Removing_the_final_pack_enters_the_packless_state" computerName="SOLA" duration="00:00:00.0695413" startTime="2026-08-31T17:31:22.3246725+08:00" endTime="2026-08-31T17:31:22.3246727+08:00" testType="13cdc9d9-ddb5-4fa4-a97d-d965ccfc6d4b" outcome="Passed" testListId="8c84fa94-04c1-424b-9868-57a2d4851a1d" relativeResultsDirectory="e02cd577-7e6f-4611-aabf-8868fabc25bd" />
    <UnitTestResult executionId="ff3fc5ef-f352-46f9-8abe-b5eb4f93b106" testId="1a4f88b1-e44b-cb4d-c4b3-7d367e7747b0" testName="FgoPet.Infrastructure.Tests.Packs.AtomicDirectoryMoverTests.Move_refuses_an_existing_destination" computerName="SOLA" duration="00:00:00.0089889" startTime="2026-08-31T17:31:21.1656374+08:00" endTime="2026-08-31T17:31:21.1656376+08:00" testType="13cdc9d9-ddb5-4fa4-a97d-d965ccfc6d4b" outcome="Passed" testListId="8c84fa94-04c1-424b-9868-57a2d4851a1d" relativeResultsDirectory="ff3fc5ef-f352-46f9-8abe-b5eb4f93b106" />
    <UnitTestResult executionId="f689b971-3736-4899-a4cc-af1ed2ef3db3" testId="39bd6b1c-99c1-5d1f-201b-bfae3e996d6e" testName="FgoPet.Infrastructure.Tests.Packs.AppearanceValidatorTests.Validate_passes_a_complete_bundle" computerName="SOLA" duration="00:00:00.0349781" startTime="2026-08-31T17:31:21.3450662+08:00" endTime="2026-08-31T17:31:21.3450667+08:00" testType="13cdc9d9-ddb5-4fa4-a97d-d965ccfc6d4b" outcome="Passed" testListId="8c84fa94-04c1-424b-9868-57a2d4851a1d" relativeResultsDirectory="f689b971-3736-4899-a4cc-af1ed2ef3db3" />
    <UnitTestResult executionId="c558c180-8bb0-469b-8b49-61c5e5f8ecd6" testId="90e920fa-2ec7-9965-3cd1-6da0cfb02fb8" testName="FgoPet.Infrastructure.Tests.Packs.PackManifestTests.Package_settings_reject_invalid_type_specific_options_and_defaults" computerName="SOLA" duration="00:00:00.0723266" startTime="2026-08-31T17:31:21.2065963+08:00" endTime="2026-08-31T17:31:21.2065967+08:00" testType="13cdc9d9-ddb5-4fa4-a97d-d965ccfc6d4b" outcome="Passed" testListId="8c84fa94-04c1-424b-9868-57a2d4851a1d" relativeResultsDirectory="c558c180-8bb0-469b-8b49-61c5e5f8ecd6" />
    <UnitTestResult executionId="dbf5a847-3b18-4b76-afdb-3aa68823d922" testId="dc02fb46-8fd1-b411-5425-5f9106633970" testName="FgoPet.Infrastructure.Tests.Packs.FileArtPackageRepositoryTests.Rescan_sees_additions_and_removals" computerName="SOLA" duration="00:00:00.0552613" startTime="2026-08-31T17:31:22.4979351+08:00" endTime="2026-08-31T17:31:22.4979357+08:00" testType="13cdc9d9-ddb5-4fa4-a97d-d965ccfc6d4b" outcome="Passed" testListId="8c84fa94-04c1-424b-9868-57a2d4851a1d" relativeResultsDirectory="dbf5a847-3b18-4b76-afdb-3aa68823d922" />
    <UnitTestResult executionId="2eb100cc-2498-4189-8219-2c09604472cc" testId="1db9f7cb-4bc3-830f-d3fb-b5dd9722edf6" testName="FgoPet.Infrastructure.Tests.Diagnostics.ResourceDiagnosticsTests.Redact_removes_api_key_like_values" computerName="SOLA" duration="00:00:00.0504944" startTime="2026-08-31T17:31:21.1657279+08:00" endTime="2026-08-31T17:31:21.1657280+08:00" testType="13cdc9d9-ddb5-4fa4-a97d-d965ccfc6d4b" outcome="Passed" testListId="8c84fa94-04c1-424b-9868-57a2d4851a1d" relativeResultsDirectory="2eb100cc-2498-4189-8219-2c09604472cc" />
    <UnitTestResult executionId="54d57e2f-02a9-49a9-aebe-65588f67facc" testId="44672304-19aa-1335-a033-94efab2f422f" testName="FgoPet.Infrastructure.Tests.Agents.AgentRelayRuntimeTests.Control_rejects_unrelated_or_incompatible_response(id: &quot;request&quot;, type: &quot;status_check&quot;, version: &quot;1&quot;, expected: &quot;invalid_response&quot;)" computerName="SOLA" duration="00:00:00.0004415" startTime="2026-08-31T17:31:21.2328162+08:00" endTime="2026-08-31T17:31:21.2328164+08:00" testType="13cdc9d9-ddb5-4fa4-a97d-d965ccfc6d4b" outcome="Passed" testListId="8c84fa94-04c1-424b-9868-57a2d4851a1d" relativeResultsDirectory="54d57e2f-02a9-49a9-aebe-65588f67facc" />
    <UnitTestResult executionId="4d873fb8-94e2-411c-90c5-a1b712c0962b" testId="4da6da29-7ae1-d902-6af3-308ec9b4f010" testName="FgoPet.Infrastructure.Tests.Settings.JsonSettingsTests.Load_quarantines_malformed_package_settings_and_returns_defaults(packageSettings: &quot;{\&quot;sssssssssssssssssssssssssssssssssssssssssssssss&quot;···)" computerName="SOLA" duration="00:00:00.0160975" startTime="2026-08-31T17:31:21.5298537+08:00" endTime="2026-08-31T17:31:21.5298544+08:00" testType="13cdc9d9-ddb5-4fa4-a97d-d965ccfc6d4b" outcome="Passed" testListId="8c84fa94-04c1-424b-9868-57a2d4851a1d" relativeResultsDirectory="4d873fb8-94e2-411c-90c5-a1b712c0962b" />
    <UnitTestResult executionId="fec4cd05-4dc7-490b-a1b2-fd4739764469" testId="79409d09-e0fb-42be-3558-2b7083528867" testName="FgoPet.Infrastructure.Tests.Persistence.RuntimeDatabaseTests.Foreign_keys_cascade_checks_apply_to_timeline_and_ledger" computerName="SOLA" duration="00:00:00.2103417" startTime="2026-08-31T17:31:22.2929186+08:00" endTime="2026-08-31T17:31:22.2929188+08:00" testType="13cdc9d9-ddb5-4fa4-a97d-d965ccfc6d4b" outcome="Passed" testListId="8c84fa94-04c1-424b-9868-57a2d4851a1d" relativeResultsDirectory="fec4cd05-4dc7-490b-a1b2-fd4739764469" />
    <UnitTestResult executionId="c536a157-9157-4b8d-82de-6a1922d62cb3" testId="2203bb86-c79b-0dd1-479c-f8968a40497a" testName="FgoPet.Infrastructure.Tests.Settings.JsonSettingsTests.Load_quarantines_an_unsupported_schema" computerName="SOLA" duration="00:00:00.0456736" startTime="2026-08-31T17:31:21.7362158+08:00" endTime="2026-08-31T17:31:21.7362165+08:00" testType="13cdc9d9-ddb5-4fa4-a97d-d965ccfc6d4b" outcome="Passed" testListId="8c84fa94-04c1-424b-9868-57a2d4851a1d" relativeResultsDirectory="c536a157-9157-4b8d-82de-6a1922d62cb3" />
    <UnitTestResult executionId="08ff56d8-a79b-4173-a7e0-50694c09abc8" testId="88457b85-9372-c1af-b4c5-298be43b6fca" testName="FgoPet.Infrastructure.Tests.Timeline.SqliteTimelineRepositoryTests.QueryToday_splits_entries_on_the_local_midnight_boundary" computerName="SOLA" duration="00:00:00.6119876" startTime="2026-08-31T17:31:21.7633422+08:00" endTime="2026-08-31T17:31:21.7633427+08:00" testType="13cdc9d9-ddb5-4fa4-a97d-d965ccfc6d4b" outcome="Passed" testListId="8c84fa94-04c1-424b-9868-57a2d4851a1d" relativeResultsDirectory="08ff56d8-a79b-4173-a7e0-50694c09abc8" />
    <UnitTestResult executionId="792f17eb-e89d-4d4b-a509-fd83b4a22d55" testId="a0ed496b-8794-d2de-cad1-ee4e6408d985" testName="FgoPet.Infrastructure.Tests.Agents.AgentEventProjectorTests.Projection_maps_attention_and_clears_it_on_resume" computerName="SOLA" duration="00:00:00.0007762" startTime="2026-08-31T17:31:21.4151604+08:00" endTime="2026-08-31T17:31:21.4151606+08:00" testType="13cdc9d9-ddb5-4fa4-a97d-d965ccfc6d4b" outcome="Passed" testListId="8c84fa94-04c1-424b-9868-57a2d4851a1d" relativeResultsDirectory="792f17eb-e89d-4d4b-a509-fd83b4a22d55" />
    <UnitTestResult executionId="b926d558-40e6-4641-b5a2-252f27cd1442" testId="7e417da3-daed-d3ae-4439-1b663f4ca226" testName="FgoPet.Infrastructure.Tests.Agents.AgentRelayAdministrationTests.Successful_revoke_cancels_matching_source_instance_and_restores_its_todo" computerName="SOLA" duration="00:00:01.1939690" startTime="2026-08-31T17:31:22.2876972+08:00" endTime="2026-08-31T17:31:22.2876977+08:00" testType="13cdc9d9-ddb5-4fa4-a97d-d965ccfc6d4b" outcome="Passed" testListId="8c84fa94-04c1-424b-9868-57a2d4851a1d" relativeResultsDirectory="b926d558-40e6-4641-b5a2-252f27cd1442" />
    <UnitTestResult executionId="cf758b19-fa27-4e85-ae95-c93a81718811" testId="3aa92e50-6912-c701-d260-e7f4e94c3809" testName="FgoPet.Infrastructure.Tests.Packs.FgoPetPackInstallerTests.Install_cleans_staging_after_validation_failure" computerName="SOLA" duration="00:00:00.0702956" startTime="2026-08-31T17:31:21.9741485+08:00" endTime="2026-08-31T17:31:21.9741492+08:00" testType="13cdc9d9-ddb5-4fa4-a97d-d965ccfc6d4b" outcome="Passed" testListId="8c84fa94-04c1-424b-9868-57a2d4851a1d" relativeResultsDirectory="cf758b19-fa27-4e85-ae95-c93a81718811" />
    <UnitTestResult executionId="2d57af49-d077-44c7-a623-8bf5fb405cb5" testId="b4186c6c-862c-e430-f4d1-15b8564c5d5a" testName="FgoPet.Infrastructure.Tests.Packs.AppearanceValidatorTests.Validate_accepts_sha256_without_prefix" computerName="SOLA" duration="00:00:00.0395891" startTime="2026-08-31T17:31:21.4055067+08:00" endTime="2026-08-31T17:31:21.4055070+08:00" testType="13cdc9d9-ddb5-4fa4-a97d-d965ccfc6d4b" outcome="Passed" testListId="8c84fa94-04c1-424b-9868-57a2d4851a1d" relativeResultsDirectory="2d57af49-d077-44c7-a623-8bf5fb405cb5" />
    <UnitTestResult executionId="6ce1f180-4e4f-48b4-bd48-a322be79fce3" testId="c2faa936-b3c4-e59f-6103-ab9c1ba063ac" testName="FgoPet.Infrastructure.Tests.Packs.FileArtPackageRepositoryTests.Recovery_falls_back_to_a_prior_version_of_the_same_package" computerName="SOLA" duration="00:00:00.0385852" startTime="2026-08-31T17:31:22.2549206+08:00" endTime="2026-08-31T17:31:22.2549211+08:00" testType="13cdc9d9-ddb5-4fa4-a97d-d965ccfc6d4b" outcome="Passed" testListId="8c84fa94-04c1-424b-9868-57a2d4851a1d" relativeResultsDirectory="6ce1f180-4e4f-48b4-bd48-a322be79fce3" />
    <UnitTestResult executionId="17b25925-1a20-44f2-937f-076e2768be9c" testId="ce0a37a4-ad3c-7895-6ebe-96bf2c9a456c" testName="FgoPet.Infrastructure.Tests.Packs.PackManifestTests.Package_settings_reject_invalid_key_label_or_type(key: &quot;Leading key&quot;, label: &quot;标签&quot;, type: &quot;toggle&quot;, defaultValue: &quot;true&quot;)" computerName="SOLA" duration="00:00:00.0004092" startTime="2026-08-31T17:31:21.2231172+08:00" endTime="2026-08-31T17:31:21.2231173+08:00" testType="13cdc9d9-ddb5-4fa4-a97d-d965ccfc6d4b" outcome="Passed" testListId="8c84fa94-04c1-424b-9868-57a2d4851a1d" relativeResultsDirectory="17b25925-1a20-44f2-937f-076e2768be9c" />
    <UnitTestResult executionId="ca077099-a807-4f17-85ff-736c928685de" testId="5fd66221-717e-8999-af64-3af5c5090e77" testName="FgoPet.Infrastructure.Tests.Persistence.SqliteTodoRepositoryTests.Todo_items_round_trip_and_filter_by_local_completion_date" computerName="SOLA" duration="00:00:00.3654509" startTime="2026-08-31T17:31:21.6172199+08:00" endTime="2026-08-31T17:31:21.6172201+08:00" testType="13cdc9d9-ddb5-4fa4-a97d-d965ccfc6d4b" outcome="Passed" testListId="8c84fa94-04c1-424b-9868-57a2d4851a1d" relativeResultsDirectory="ca077099-a807-4f17-85ff-736c928685de" />
    <UnitTestResult executionId="be4e93df-78a5-4e22-bdde-e671529d5905" testId="02a91250-8e5a-8bb2-d98f-d88f0e55e60d" testName="FgoPet.Infrastructure.Tests.Windowing.WindowPlacementTests.Load_quarantines_corrupt_json_and_returns_null" computerName="SOLA" duration="00:00:00.0109032" startTime="2026-08-31T17:31:21.2285981+08:00" endTime="2026-08-31T17:31:21.2285982+08:00" testType="13cdc9d9-ddb5-4fa4-a97d-d965ccfc6d4b" outcome="Passed" testListId="8c84fa94-04c1-424b-9868-57a2d4851a1d" relativeResultsDirectory="be4e93df-78a5-4e22-bdde-e671529d5905" />
    <UnitTestResult executionId="8a70d2f6-b6b9-4d18-81e0-ffae6bf584fb" testId="82793fc0-6acd-9397-bb0f-2f7126add1e0" testName="FgoPet.Infrastructure.Tests.Dialogue.SqliteConversationRepositoryTests.Invalid_conversation_id_does_not_leave_a_database_row" computerName="SOLA" duration="00:00:00.1181477" startTime="2026-08-31T17:31:22.3718031+08:00" endTime="2026-08-31T17:31:22.3718036+08:00" testType="13cdc9d9-ddb5-4fa4-a97d-d965ccfc6d4b" outcome="Passed" testListId="8c84fa94-04c1-424b-9868-57a2d4851a1d" relativeResultsDirectory="8a70d2f6-b6b9-4d18-81e0-ffae6bf584fb" />
[...]
    <TestEntry testId="fa603131-402e-ca33-0d76-7284db926030" executionId="0776fedf-3614-44e0-9334-708fba699579" testListId="8c84fa94-04c1-424b-9868-57a2d4851a1d" />
    <TestEntry testId="f02d389a-c2f7-72d5-fe8f-74444602fb2c" executionId="5e3b9508-d091-4527-84a4-cf907b25ef5c" testListId="8c84fa94-04c1-424b-9868-57a2d4851a1d" />
    <TestEntry testId="b89c8a8c-178a-6518-58db-926356ac7263" executionId="fbcb45a5-0150-45fe-9473-c262fad112a1" testListId="8c84fa94-04c1-424b-9868-57a2d4851a1d" />
    <TestEntry testId="e0d3a772-1b89-b9a8-06f0-853763140ca6" executionId="6fba7dbb-1d37-4460-89cf-bb7b600c730e" testListId="8c84fa94-04c1-424b-9868-57a2d4851a1d" />
    <TestEntry testId="624e9eda-d752-cac6-0cb5-4e46396f43be" executionId="caa4db1e-7851-4507-a42d-955a54daa342" testListId="8c84fa94-04c1-424b-9868-57a2d4851a1d" />
    <TestEntry testId="cefc03b3-614d-8a22-d4ba-02efb948836d" executionId="d32b65c1-c707-4638-804b-f6c8e3dcb955" testListId="8c84fa94-04c1-424b-9868-57a2d4851a1d" />
    <TestEntry testId="5299b708-846f-4ca7-5c6d-3b531cd5cb9a" executionId="1fd1752a-43a3-4a81-9e57-ecdbfc651613" testListId="8c84fa94-04c1-424b-9868-57a2d4851a1d" />
    <TestEntry testId="712cb887-62c0-7d44-1f12-d5cbf411823e" executionId="35ef796f-2462-4313-808b-3dee9240a8d8" testListId="8c84fa94-04c1-424b-9868-57a2d4851a1d" />
    <TestEntry testId="a4af884c-71eb-44ca-67b9-11534ec4b0f5" executionId="f8951df0-3995-4201-8376-321c19f15e76" testListId="8c84fa94-04c1-424b-9868-57a2d4851a1d" />
    <TestEntry testId="f0056b15-3cb0-eecb-fc76-3f8b40015d36" executionId="22995978-b334-4c55-9156-a9419b771e1a" testListId="8c84fa94-04c1-424b-9868-57a2d4851a1d" />
    <TestEntry testId="629a19b0-4cfe-fdb8-5f0c-4585119b8642" executionId="5d7ff199-6f2f-447f-a04c-f4812566e55c" testListId="8c84fa94-04c1-424b-9868-57a2d4851a1d" />
    <TestEntry testId="3bb8a35a-9432-300d-0971-933b45a902a2" executionId="c3826624-ab12-4475-aff4-d2988e9afe5b" testListId="8c84fa94-04c1-424b-9868-57a2d4851a1d" />
    <TestEntry testId="f5487ae4-ed6c-3a20-7c5b-bbb214da10f1" executionId="d59c393a-68d2-4994-8888-9064410e51e3" testListId="8c84fa94-04c1-424b-9868-57a2d4851a1d" />
    <TestEntry testId="c16358f1-4617-f389-28ef-9f13c3290115" executionId="dedbbce2-8034-4f6c-9538-2df2d407a1a1" testListId="8c84fa94-04c1-424b-9868-57a2d4851a1d" />
    <TestEntry testId="0dd03f6c-ac86-e8e4-92e5-535036a707f6" executionId="1247d3ef-cdc0-4554-b519-f0a72a3c2af2" testListId="8c84fa94-04c1-424b-9868-57a2d4851a1d" />
    <TestEntry testId="9e2995ca-55d7-58e1-19ea-f92a52ce1eda" executionId="d25b7a5a-abd4-4bc6-ad0e-faa9503a38f5" testListId="8c84fa94-04c1-424b-9868-57a2d4851a1d" />
    <TestEntry testId="69c41c02-cbf7-504b-541e-bdf8aafe4531" executionId="bf3d2e4d-ec22-4f47-af8a-06d707af4ae5" testListId="8c84fa94-04c1-424b-9868-57a2d4851a1d" />
    <TestEntry testId="5e3d1a70-7f9b-ed57-b6e6-ef022fd0849b" executionId="4d172ee5-1e1b-4940-b245-fec711b09f1e" testListId="8c84fa94-04c1-424b-9868-57a2d4851a1d" />
    <TestEntry testId="89ddfcd2-6e19-130e-a6d2-97467bb1910e" executionId="dfba0115-016e-44c2-9445-afde5f5354fb" testListId="8c84fa94-04c1-424b-9868-57a2d4851a1d" />
    <TestEntry testId="64db0b9f-b567-0747-67fa-5ae1fad0801e" executionId="23fa6ac4-115f-441d-abb3-e0db84c08814" testListId="8c84fa94-04c1-424b-9868-57a2d4851a1d" />
    <TestEntry testId="a8bf2337-f7d8-7961-f2dd-83740a3f95fe" executionId="cfd0028b-b433-4940-ba74-feff3b2d9e1c" testListId="8c84fa94-04c1-424b-9868-57a2d4851a1d" />
    <TestEntry testId="b97ab7db-68aa-b919-085d-e1732b17f936" executionId="36727670-ba2e-432c-b03f-6a4d0259e413" testListId="8c84fa94-04c1-424b-9868-57a2d4851a1d" />
    <TestEntry testId="c79915de-f0ce-8c13-854e-414d162d7c0b" executionId="d0537364-2649-49e7-be88-bbc7b7a215d4" testListId="8c84fa94-04c1-424b-9868-57a2d4851a1d" />
    <TestEntry testId="ed7ec1c1-521e-0bb8-5521-b0ebad478298" executionId="f3d3cb5b-e306-4188-ae9a-9ecf72c0ff70" testListId="8c84fa94-04c1-424b-9868-57a2d4851a1d" />
    <TestEntry testId="b986c612-5390-a122-1436-71b0d3aa98ec" executionId="8ecac0a7-2be9-40ad-87c3-e27385d21dcd" testListId="8c84fa94-04c1-424b-9868-57a2d4851a1d" />
    <TestEntry testId="64fb1874-1195-5e6b-8dfa-5c9fad0fbcbe" executionId="76e1b230-b140-4944-9698-eb65c4ee83c5" testListId="8c84fa94-04c1-424b-9868-57a2d4851a1d" />
    <TestEntry testId="d0359375-97a8-c137-89cd-8243c4b8d82d" executionId="c17827e1-8bc0-4548-979d-68d6a41c43a0" testListId="8c84fa94-04c1-424b-9868-57a2d4851a1d" />
    <TestEntry testId="ce3f47b0-b8bd-c34c-7693-fad23dc9d56d" executionId="0f0ac207-b070-45c3-8d12-7aada66e4bf2" testListId="8c84fa94-04c1-424b-9868-57a2d4851a1d" />
    <TestEntry testId="65ea6cbb-6f07-2e09-2dc6-e17980abfa37" executionId="7ea1ae20-2bc4-45a3-bd7b-bfb0335eee3a" testListId="8c84fa94-04c1-424b-9868-57a2d4851a1d" />
    <TestEntry testId="a5d9210e-4881-9593-5a8e-8c7ab2841e29" executionId="3f07cfa2-4e7f-40c6-bc00-41b9779ee33b" testListId="8c84fa94-04c1-424b-9868-57a2d4851a1d" />
    <TestEntry testId="db1aff23-a385-b571-aab5-e7898e3cb1d9" executionId="aaf0787d-e952-48ae-8073-7b14e3e0e8c9" testListId="8c84fa94-04c1-424b-9868-57a2d4851a1d" />
    <TestEntry testId="25f95002-cb4f-a4e6-7e69-c04e19c4d147" executionId="502e6ef0-aae9-45f4-8b8f-e5181381df94" testListId="8c84fa94-04c1-424b-9868-57a2d4851a1d" />
    <TestEntry testId="88a89af6-4626-df70-26ff-137233f913a3" executionId="e090e567-b148-4154-902f-e125343b3c25" testListId="8c84fa94-04c1-424b-9868-57a2d4851a1d" />
    <TestEntry testId="0dc21355-586d-9b40-ff7f-8617ac18796e" executionId="25b6a4f0-5e15-41ad-a8f7-910fe522ce57" testListId="8c84fa94-04c1-424b-9868-57a2d4851a1d" />
    <TestEntry testId="741484ee-8cee-85a5-89e5-a68697dce793" executionId="978fdeff-81ac-4fea-8537-96dbf89bf03c" testListId="8c84fa94-04c1-424b-9868-57a2d4851a1d" />
    <TestEntry testId="47bdac35-dc9e-8fb5-54f1-5b10941772f9" executionId="176a1871-cdae-4520-a51b-c3ef5310532c" testListId="8c84fa94-04c1-424b-9868-57a2d4851a1d" />
    <TestEntry testId="697128a4-b78c-0e54-706a-92e6ae281bf5" executionId="8d17cf80-45a8-4537-942d-347610504f47" testListId="8c84fa94-04c1-424b-9868-57a2d4851a1d" />
    <TestEntry testId="a05bc7cf-9e1c-4498-bedb-df67c85811e7" executionId="54673659-43bb-4cce-b556-20d13c2f6321" testListId="8c84fa94-04c1-424b-9868-57a2d4851a1d" />
    <TestEntry testId="f168adcd-2bb1-1141-2a0f-15bb92d478ee" executionId="623c6341-dbcb-4f35-a441-1a540227f824" testListId="8c84fa94-04c1-424b-9868-57a2d4851a1d" />
    <TestEntry testId="ff2938d7-7c05-aef6-f668-092aa28b93c6" executionId="ae363ba0-0cd4-406c-aebb-270454c6bcb2" testListId="8c84fa94-04c1-424b-9868-57a2d4851a1d" />
    <TestEntry testId="d8dd35d1-bbb0-d7d6-482d-0ff6dad38616" executionId="45631aba-ea30-4ed8-871d-998a61b8c6c5" testListId="8c84fa94-04c1-424b-9868-57a2d4851a1d" />
    <TestEntry testId="1050a8ad-937f-c252-1294-f46e02ecc251" executionId="eb125f91-c483-4eb1-a449-7e6c462fdb35" testListId="8c84fa94-04c1-424b-9868-57a2d4851a1d" />
    <TestEntry testId="94d9c3e6-b069-3904-ea19-698885365e0b" executionId="3e56cefe-eb4f-4683-b239-7640815ed5e9" testListId="8c84fa94-04c1-424b-9868-57a2d4851a1d" />
    <TestEntry testId="b880d729-c83e-ccd3-e1f5-917ab6637f6b" executionId="4771cbb3-f157-438d-bd16-d298fe576070" testListId="8c84fa94-04c1-424b-9868-57a2d4851a1d" />
    <TestEntry testId="8ab1962f-098c-57bb-8cc0-318136b791b2" executionId="55de2e74-191b-4922-9c30-0439e9e69d9e" testListId="8c84fa94-04c1-424b-9868-57a2d4851a1d" />
    <TestEntry testId="d3875054-5030-70dd-423c-d11a0e0ad778" executionId="49d25761-ad71-4e33-affa-c42f78944a24" testListId="8c84fa94-04c1-424b-9868-57a2d4851a1d" />
    <TestEntry testId="1d148efa-f036-240b-5c34-43da03cd62b3" executionId="69a2a126-730b-4160-812d-c5e80eb2f681" testListId="8c84fa94-04c1-424b-9868-57a2d4851a1d" />
    <TestEntry testId="4776c657-6ed3-f5c5-0fb1-b5b0bffbb08c" executionId="ca9c4622-741a-4c3e-85ca-8044faf2d768" testListId="8c84fa94-04c1-424b-9868-57a2d4851a1d" />
    <TestEntry testId="bd0ae472-3187-3d19-9ee8-22dfa2da926e" executionId="2bfd3571-321e-4ba2-989e-92bc825eb7aa" testListId="8c84fa94-04c1-424b-9868-57a2d4851a1d" />
    <TestEntry testId="9e42b847-c55f-bc25-c859-0dcea98d9b45" executionId="54520bed-efa9-4675-a936-b53202d66e3e" testListId="8c84fa94-04c1-424b-9868-57a2d4851a1d" />
    <TestEntry testId="c202218b-32e7-33f6-068a-29269e55be2d" executionId="ab38e4aa-d801-430a-b3dd-dddb2865337e" testListId="8c84fa94-04c1-424b-9868-57a2d4851a1d" />
    <TestEntry testId="79e288cb-f93a-832c-c73d-8485fbe21fb6" executionId="029ecf46-3ebf-4d6c-97f2-40fc441725cb" testListId="8c84fa94-04c1-424b-9868-57a2d4851a1d" />
    <TestEntry testId="5d37c648-c03b-6b80-d87a-39265b027d23" executionId="7c677c50-538f-455c-b689-1c268f124231" testListId="8c84fa94-04c1-424b-9868-57a2d4851a1d" />
    <TestEntry testId="e7c50d21-970e-2abe-f9e9-5808fda97f72" executionId="0d4799c0-69ec-487a-a4e0-c642c395f455" testListId="8c84fa94-04c1-424b-9868-57a2d4851a1d" />
    <TestEntry testId="75fc0017-5e26-ebd9-a28d-40c5fce08fd3" executionId="d577b2de-429f-4454-834c-520381f0ee21" testListId="8c84fa94-04c1-424b-9868-57a2d4851a1d" />
    <TestEntry testId="fbe718a5-5ec2-3272-3e08-8a661ae10580" executionId="956639cf-ff0b-44e6-a067-477896663d83" testListId="8c84fa94-04c1-424b-9868-57a2d4851a1d" />
    <TestEntry testId="cb2b061e-9ca6-1b3e-17ad-c7c844cfae5d" executionId="0827381a-e9e2-4194-9913-833ebcaf5607" testListId="8c84fa94-04c1-424b-9868-57a2d4851a1d" />
    <TestEntry testId="dac20955-9765-cbf0-df6f-60afc97a04ea" executionId="0d2911fb-2c59-4490-b891-bfe26c7470c1" testListId="8c84fa94-04c1-424b-9868-57a2d4851a1d" />
    <TestEntry testId="5ec9fe18-0456-cbe5-95d8-90193927fcb5" executionId="63cb9e6f-565a-4610-9bd2-3e580f0c42d4" testListId="8c84fa94-04c1-424b-9868-57a2d4851a1d" />
    <TestEntry testId="ff0f1deb-7209-2727-9ec2-2235d55aeb8e" executionId="c8b02d24-5e62-4f90-877d-66c036d10f9a" testListId="8c84fa94-04c1-424b-9868-57a2d4851a1d" />
    <TestEntry testId="ce852182-4873-5d9d-ee07-3d6f79242de4" executionId="51dfaf50-9360-4cdb-b427-fe9ff9538508" testListId="8c84fa94-04c1-424b-9868-57a2d4851a1d" />
    <TestEntry testId="8cda60ba-07d5-e7d8-cf8b-379879ccee83" executionId="ee9b639e-7ee0-428b-b9a0-10870f080d86" testListId="8c84fa94-04c1-424b-9868-57a2d4851a1d" />
    <TestEntry testId="606eadfc-05c4-9def-89b1-4bf01c53d69b" executionId="73e3f434-0f81-4c7e-9e21-72afb49baedb" testListId="8c84fa94-04c1-424b-9868-57a2d4851a1d" />
    <TestEntry testId="b8f0ea95-4fda-cf8f-2adb-39ff42a4fec3" executionId="04f9aa6e-7598-4e24-96d6-84629ab17463" testListId="8c84fa94-04c1-424b-9868-57a2d4851a1d" />
    <TestEntry testId="6a252ff1-7caa-5820-54ab-694597960f57" executionId="b4791f9c-60e1-483c-b8f7-0b72ac5b70e5" testListId="8c84fa94-04c1-424b-9868-57a2d4851a1d" />
    <TestEntry testId="e52d2569-af74-de73-ed30-65661a5a6c95" executionId="36e468ce-87f3-41b9-b02d-ade8f1015fca" testListId="8c84fa94-04c1-424b-9868-57a2d4851a1d" />
    <TestEntry testId="f4a52971-f404-a30c-7f59-d1ff535cda92" executionId="548281cb-a063-4e92-94c3-b5b5a7ddd05e" testListId="8c84fa94-04c1-424b-9868-57a2d4851a1d" />
    <TestEntry testId="0cea6b72-4821-2167-6cbd-ad4ef0a97be2" executionId="fd281b7f-91e1-46f7-abf5-bb6e89e80d0f" testListId="8c84fa94-04c1-424b-9868-57a2d4851a1d" />
    <TestEntry testId="6d4c48da-478e-880c-e22d-6c09d47c80aa" executionId="08056e84-6041-4447-9c26-2bd347fe10c4" testListId="8c84fa94-04c1-424b-9868-57a2d4851a1d" />
    <TestEntry testId="2b4ff3ef-a0f9-d18f-4a36-e197c53ebf71" executionId="7c7918ae-4aa2-4edd-adc2-19806325c9d1" testListId="8c84fa94-04c1-424b-9868-57a2d4851a1d" />
    <TestEntry testId="2e702996-6fce-86bf-4716-81eceac0824a" executionId="47b7610b-cd57-4713-8b1d-598b780e58fc" testListId="8c84fa94-04c1-424b-9868-57a2d4851a1d" />
    <TestEntry testId="54314702-e9fb-b6dd-44d0-6c201cd8dc53" executionId="d606e8af-2221-464e-b89b-45776fffe3b7" testListId="8c84fa94-04c1-424b-9868-57a2d4851a1d" />
    <TestEntry testId="6ebc0fb2-1abd-3168-1428-ff2560edd492" executionId="459db8fe-5fd6-447f-be9c-6572109649e6" testListId="8c84fa94-04c1-424b-9868-57a2d4851a1d" />
    <TestEntry testId="ef4846da-db74-8963-05a0-c4f14258fe5e" executionId="eb66459b-70dc-40b3-876e-45d7d1d431f2" testListId="8c84fa94-04c1-424b-9868-57a2d4851a1d" />
    <TestEntry testId="f3d67884-d5cd-4457-a4f4-d9d7bea1fa82" executionId="eff6cc37-15cd-49bb-aba8-2f57278851ab" testListId="8c84fa94-04c1-424b-9868-57a2d4851a1d" />
    <TestEntry testId="c9e39f74-3caa-9522-3859-b0f51a59ef02" executionId="a03bce39-97b8-4d03-b62a-06bbda741de2" testListId="8c84fa94-04c1-424b-9868-57a2d4851a1d" />
    <TestEntry testId="8c62b4be-4a43-0b67-f64b-cd107c0193f6" executionId="260daa9c-0936-443c-b336-de93599f22cd" testListId="8c84fa94-04c1-424b-9868-57a2d4851a1d" />
    <TestEntry testId="33aa20b2-12f9-67f5-bb9d-0f56c7eb2246" executionId="36c38200-38fb-4b25-b270-7696bb8971be" testListId="8c84fa94-04c1-424b-9868-57a2d4851a1d" />
    <TestEntry testId="6271906b-426f-663c-9237-ce82f85ed9bf" executionId="ba074ef6-f42d-4478-a2b3-e446414e6f46" testListId="8c84fa94-04c1-424b-9868-57a2d4851a1d" />
    <TestEntry testId="e4e14763-dd43-262e-d764-2538f69d78bd" executionId="b3420928-8db8-4cb2-a024-6321de48af28" testListId="8c84fa94-04c1-424b-9868-57a2d4851a1d" />
    <TestEntry testId="f733080e-fcef-5e1c-142f-744365936a15" executionId="3c5e95f2-d1ac-4922-995a-e40780bfe69d" testListId="8c84fa94-04c1-424b-9868-57a2d4851a1d" />
    <TestEntry testId="2176842f-98e3-6ff6-dc16-40739d61190d" executionId="3150c564-a6ab-48a2-8031-5347b38e96a6" testListId="8c84fa94-04c1-424b-9868-57a2d4851a1d" />
    <TestEntry testId="f15bb11e-0139-fee4-6515-98e2361c7379" executionId="51a54e2e-97b4-43d7-8b98-44421737e308" testListId="8c84fa94-04c1-424b-9868-57a2d4851a1d" />
    <TestEntry testId="a615a209-49e5-605f-2b34-d4526add6fa9" executionId="01c22a59-02a8-43b6-a321-564c9efec489" testListId="8c84fa94-04c1-424b-9868-57a2d4851a1d" />
    <TestEntry testId="cab5f43c-6131-6fe2-0f54-0c35d5900d53" executionId="a329908a-578c-42f7-95c1-56665fc772ac" testListId="8c84fa94-04c1-424b-9868-57a2d4851a1d" />
    <TestEntry testId="5cf2a215-b444-e665-bdc3-aa344b6c9caa" executionId="b40fedff-67fb-4480-a2e3-96e28ad6d382" testListId="8c84fa94-04c1-424b-9868-57a2d4851a1d" />
    <TestEntry testId="98aecd7b-ac7a-76c0-effc-2aa9179a2b82" executionId="720ff8c7-0bf8-4ad8-b4dc-a81ac5c51274" testListId="8c84fa94-04c1-424b-9868-57a2d4851a1d" />
    <TestEntry testId="a58a387d-a41d-70d6-ba5c-b266d4652df8" executionId="bab6f237-8cda-4451-af51-3c31e07a7efe" testListId="8c84fa94-04c1-424b-9868-57a2d4851a1d" />
    <TestEntry testId="f7fff9d8-3337-94af-ac38-df5217e5d8c4" executionId="3daeef52-6915-4010-8dc5-f70916966b73" testListId="8c84fa94-04c1-424b-9868-57a2d4851a1d" />
    <TestEntry testId="2ad69956-d810-2694-dddc-094ab2854dca" executionId="5aa4a9e9-fb3e-4ba4-8dd4-776c40982268" testListId="8c84fa94-04c1-424b-9868-57a2d4851a1d" />
    <TestEntry testId="c605e646-c481-13be-371e-5220a943a47c" executionId="9a5ce8f1-5a8a-421d-9f7a-a536f7541519" testListId="8c84fa94-04c1-424b-9868-57a2d4851a1d" />
    <TestEntry testId="1cc67645-8727-f226-c85e-e610bd0dcf95" executionId="e02cd577-7e6f-4611-aabf-8868fabc25bd" testListId="8c84fa94-04c1-424b-9868-57a2d4851a1d" />
    <TestEntry testId="1a4f88b1-e44b-cb4d-c4b3-7d367e7747b0" executionId="ff3fc5ef-f352-46f9-8abe-b5eb4f93b106" testListId="8c84fa94-04c1-424b-9868-57a2d4851a1d" />
    <TestEntry testId="39bd6b1c-99c1-5d1f-201b-bfae3e996d6e" executionId="f689b971-3736-4899-a4cc-af1ed2ef3db3" testListId="8c84fa94-04c1-424b-9868-57a2d4851a1d" />
    <TestEntry testId="90e920fa-2ec7-9965-3cd1-6da0cfb02fb8" executionId="c558c180-8bb0-469b-8b49-61c5e5f8ecd6" testListId="8c84fa94-04c1-424b-9868-57a2d4851a1d" />
    <TestEntry testId="dc02fb46-8fd1-b411-5425-5f9106633970" executionId="dbf5a847-3b18-4b76-afdb-3aa68823d922" testListId="8c84fa94-04c1-424b-9868-57a2d4851a1d" />
    <TestEntry testId="1db9f7cb-4bc3-830f-d3fb-b5dd9722edf6" executionId="2eb100cc-2498-4189-8219-2c09604472cc" testListId="8c84fa94-04c1-424b-9868-57a2d4851a1d" />
    <TestEntry testId="44672304-19aa-1335-a033-94efab2f422f" executionId="54d57e2f-02a9-49a9-aebe-65588f67facc" testListId="8c84fa94-04c1-424b-9868-57a2d4851a1d" />
    <TestEntry testId="4da6da29-7ae1-d902-6af3-308ec9b4f010" executionId="4d873fb8-94e2-411c-90c5-a1b712c0962b" testListId="8c84fa94-04c1-424b-9868-57a2d4851a1d" />
    <TestEntry testId="79409d09-e0fb-42be-3558-2b7083528867" executionId="fec4cd05-4dc7-490b-a1b2-fd4739764469" testListId="8c84fa94-04c1-424b-9868-57a2d4851a1d" />
    <TestEntry testId="2203bb86-c79b-0dd1-479c-f8968a40497a" executionId="c536a157-9157-4b8d-82de-6a1922d62cb3" testListId="8c84fa94-04c1-424b-9868-57a2d4851a1d" />
    <TestEntry testId="88457b85-9372-c1af-b4c5-298be43b6fca" executionId="08ff56d8-a79b-4173-a7e0-50694c09abc8" testListId="8c84fa94-04c1-424b-9868-57a2d4851a1d" />
    <TestEntry testId="a0ed496b-8794-d2de-cad1-ee4e6408d985" executionId="792f17eb-e89d-4d4b-a509-fd83b4a22d55" testListId="8c84fa94-04c1-424b-9868-57a2d4851a1d" />
    <TestEntry testId="7e417da3-daed-d3ae-4439-1b663f4ca226" executionId="b926d558-40e6-4641-b5a2-252f27cd1442" testListId="8c84fa94-04c1-424b-9868-57a2d4851a1d" />
    <TestEntry testId="3aa92e50-6912-c701-d260-e7f4e94c3809" executionId="cf758b19-fa27-4e85-ae95-c93a81718811" testListId="8c84fa94-04c1-424b-9868-57a2d4851a1d" />
    <TestEntry testId="b4186c6c-862c-e430-f4d1-15b8564c5d5a" executionId="2d57af49-d077-44c7-a623-8bf5fb405cb5" testListId="8c84fa94-04c1-424b-9868-57a2d4851a1d" />
    <TestEntry testId="c2faa936-b3c4-e59f-6103-ab9c1ba063ac" executionId="6ce1f180-4e4f-48b4-bd48-a322be79fce3" testListId="8c84fa94-04c1-424b-9868-57a2d4851a1d" />
    <TestEntry testId="ce0a37a4-ad3c-7895-6ebe-96bf2c9a456c" executionId="17b25925-1a20-44f2-937f-076e2768be9c" testListId="8c84fa94-04c1-424b-9868-57a2d4851a1d" />
    <TestEntry testId="5fd66221-717e-8999-af64-3af5c5090e77" executionId="ca077099-a807-4f17-85ff-736c928685de" testListId="8c84fa94-04c1-424b-9868-57a2d4851a1d" />
    <TestEntry testId="02a91250-8e5a-8bb2-d98f-d88f0e55e60d" executionId="be4e93df-78a5-4e22-bdde-e671529d5905" testListId="8c84fa94-04c1-424b-9868-57a2d4851a1d" />
    <TestEntry testId="82793fc0-6acd-9397-bb0f-2f7126add1e0" executionId="8a70d2f6-b6b9-4d18-81e0-ffae6bf584fb" testListId="8c84fa94-04c1-424b-9868-57a2d4851a1d" />
    <TestEntry testId="26368832-6a4f-8ae1-9c77-75c346547a68" executionId="ffac1e73-c8e3-45a3-9155-8749a41b476e" testListId="8c84fa94-04c1-424b-9868-57a2d4851a1d" />
    <TestEntry testId="86d167c5-ff11-e7b9-d09c-21aebf0b941f" executionId="fc7c85e9-a995-4105-9f8e-ccb22116cc6c" testListId="8c84fa94-04c1-424b-9868-57a2d4851a1d" />
    <TestEntry testId="d6351dc1-247f-c3c7-4718-0fc47ae69b76" executionId="d3a5975e-3fa1-4146-a0df-18f3dc0f41c7" testListId="8c84fa94-04c1-424b-9868-57a2d4851a1d" />
    <TestEntry testId="de9f227c-dc2c-3563-1308-2862ca75a944" executionId="1157f82b-9674-431b-95ff-281f26f315bb" testListId="8c84fa94-04c1-424b-9868-57a2d4851a1d" />
  </TestEntries>
  <TestLists>
    <TestList name="列表中未列出的结果" id="8c84fa94-04c1-424b-9868-57a2d4851a1d" />
    <TestList name="所有已加载的结果" id="19431567-8539-422a-85d7-44ee4e166bda" />
  </TestLists>
  <ResultSummary outcome="Completed">
    <Counters total="142" executed="142" passed="142" failed="0" error="0" timeout="0" aborted="0" inconclusive="0" passedButRunAborted="0" notRunnable="0" notExecuted="0" disconnected="0" warning="0" completed="0" inProgress="0" pending="0" />
    <Output>
      <StdOut>[xUnit.net 00:00:00.00] xUnit.net VSTest Adapter v2.5.3.1+6b60a9e56a (64-bit .NET 8.0.21)&#xD;
[xUnit.net 00:00:00.17]   Discovering: FgoPet.Infrastructure.Tests&#xD;
[xUnit.net 00:00:00.28]   Discovered:  FgoPet.Infrastructure.Tests&#xD;
[xUnit.net 00:00:00.29]   Starting:    FgoPet.Infrastructure.Tests&#xD;
[xUnit.net 00:00:01.84]   Finished:    FgoPet.Infrastructure.Tests&#xD;
</StdOut>
    </Output>
  </ResultSummary>
</TestRun>