<?xml version="1.0" encoding="utf-8"?>
<TestRun id="2e45b36f-a7e3-4478-b55d-3a8ea7f805e1" name="24139@SOLA 2026-08-31 17:31:23" runUser="SOLA\24139" xmlns="http://microsoft.com/schemas/VisualStudio/TeamTest/2010">
  <Times creation="2026-08-31T17:31:23.9323567+08:00" queuing="2026-08-31T17:31:23.9323708+08:00" start="2026-08-31T17:31:20.4396797+08:00" finish="2026-08-31T17:31:26.7519474+08:00" />
  <TestSettings name="default" id="348079e0-afb6-4218-a7e3-0f1d489abf8b">
    <Deployment runDeploymentRoot="24139_SOLA_2026-08-31_17_31_23" />
  </TestSettings>
  <Results>
    <UnitTestResult executionId="08af957d-aad8-417b-a149-93d268dfba2b" testId="4c1c82ba-0e45-61a9-5fed-3bf102ebcd59" testName="FgoPet.App.Tests.Framework.ArchitectureTests.Checkout_filter_accepts_project_paths_from_a_worktree_checkout" computerName="SOLA" duration="00:00:00.3650585" startTime="2026-08-31T17:31:23.6216687+08:00" endTime="2026-08-31T17:31:23.6216933+08:00" testType="13cdc9d9-ddb5-4fa4-a97d-d965ccfc6d4b" outcome="Passed" testListId="8c84fa94-04c1-424b-9868-57a2d4851a1d" relativeResultsDirectory="08af957d-aad8-417b-a149-93d268dfba2b" />
    <UnitTestResult executionId="fedaffe0-08a8-4d7e-b159-a6dce7de8734" testId="e01e15a7-122b-7156-0e17-a1639aab3a79" testName="FgoPet.App.Tests.Main.AttachedPanelVisualMetricsTests.Terminal_panel_width_stays_within_the_approved_range(portraitWidth: 220, expected: 320)" computerName="SOLA" duration="00:00:00.0001942" startTime="2026-08-31T17:31:24.0666128+08:00" endTime="2026-08-31T17:31:24.0666130+08:00" testType="13cdc9d9-ddb5-4fa4-a97d-d965ccfc6d4b" outcome="Passed" testListId="8c84fa94-04c1-424b-9868-57a2d4851a1d" relativeResultsDirectory="fedaffe0-08a8-4d7e-b159-a6dce7de8734" />
    <UnitTestResult executionId="f779bd62-546d-4992-9736-992c9fc7f3cd" testId="6ae1b949-4985-2cee-ad89-f7b45a2ce4a4" testName="FgoPet.App.Tests.Panels.Phase2AttachedPanelViewModelTests.Servant_change_during_editing_keeps_the_panel_open_but_updates_the_owner" computerName="SOLA" duration="00:00:00.0002141" startTime="2026-08-31T17:31:24.1666489+08:00" endTime="2026-08-31T17:31:24.1666491+08:00" testType="13cdc9d9-ddb5-4fa4-a97d-d965ccfc6d4b" outcome="Passed" testListId="8c84fa94-04c1-424b-9868-57a2d4851a1d" relativeResultsDirectory="f779bd62-546d-4992-9736-992c9fc7f3cd" />
    <UnitTestResult executionId="7fa0768e-5b82-46c8-b7e6-cbfffdcb92eb" testId="cc454729-5716-54e8-d14d-5062e8814297" testName="FgoPet.App.Tests.Focus.FocusSessionServiceTests.Tick_uses_elapsed_time_not_callback_count" computerName="SOLA" duration="00:00:00.0879255" startTime="2026-08-31T17:31:25.9714435+08:00" endTime="2026-08-31T17:31:25.9714442+08:00" testType="13cdc9d9-ddb5-4fa4-a97d-d965ccfc6d4b" outcome="Passed" testListId="8c84fa94-04c1-424b-9868-57a2d4851a1d" relativeResultsDirectory="7fa0768e-5b82-46c8-b7e6-cbfffdcb92eb" />
    <UnitTestResult executionId="b265c5b7-de27-4b17-af47-778cb19fd963" testId="67e9cd7c-b625-92aa-0a72-d54f8ea5f216" testName="FgoPet.App.Tests.Services.DataClearServiceTests.Clear_agent_todo_data_also_requests_relay_pending_data_clear" computerName="SOLA" duration="00:00:00.9763288" startTime="2026-08-31T17:31:24.8918664+08:00" endTime="2026-08-31T17:31:24.8918665+08:00" testType="13cdc9d9-ddb5-4fa4-a97d-d965ccfc6d4b" outcome="Passed" testListId="8c84fa94-04c1-424b-9868-57a2d4851a1d" relativeResultsDirectory="b265c5b7-de27-4b17-af47-778cb19fd963" />
    <UnitTestResult executionId="c2ffb48e-f8cf-491a-baba-3ab62d7bbb7a" testId="076cd376-8f56-9bd1-4745-0aecc1bdd206" testName="FgoPet.App.Tests.Dialogue.ConversationViewModelPresentationTests.Configuration_required_state_is_derived_from_missing_model_metadata" computerName="SOLA" duration="00:00:01.2735145" startTime="2026-08-31T17:31:25.1296113+08:00" endTime="2026-08-31T17:31:25.1296119+08:00" testType="13cdc9d9-ddb5-4fa4-a97d-d965ccfc6d4b" outcome="Passed" testListId="8c84fa94-04c1-424b-9868-57a2d4851a1d" relativeResultsDirectory="c2ffb48e-f8cf-491a-baba-3ab62d7bbb7a" />
    <UnitTestResult executionId="e06c9bd0-2004-4f10-b977-242e9ebf5f34" testId="4cb8449c-7568-785d-9d0c-a543b72751a3" testName="FgoPet.App.Tests.Bootstrap.PacklessStartupTests.Smoke_test_reports_no_pack_and_exits_zero" computerName="SOLA" duration="00:00:00.0045407" startTime="2026-08-31T17:31:24.8917211+08:00" endTime="2026-08-31T17:31:24.8917216+08:00" testType="13cdc9d9-ddb5-4fa4-a97d-d965ccfc6d4b" outcome="Passed" testListId="8c84fa94-04c1-424b-9868-57a2d4851a1d" relativeResultsDirectory="e06c9bd0-2004-4f10-b977-242e9ebf5f34" />
    <UnitTestResult executionId="80bb3222-53cc-4dd6-be80-1b491b3766c2" testId="4478b7c7-a91f-4a8a-44c5-4d41cd3e61c1" testName="FgoPet.App.Tests.Conversation.TodoProposalServiceTests.Rejects_execution_and_workspace_fields_from_model_output" computerName="SOLA" duration="00:00:00.0025569" startTime="2026-08-31T17:31:24.1160121+08:00" endTime="2026-08-31T17:31:24.1160127+08:00" testType="13cdc9d9-ddb5-4fa4-a97d-d965ccfc6d4b" outcome="Passed" testListId="8c84fa94-04c1-424b-9868-57a2d4851a1d" relativeResultsDirectory="80bb3222-53cc-4dd6-be80-1b491b3766c2" />
    <UnitTestResult executionId="24dca724-4cd5-46af-a539-e0adf18490e8" testId="577547d5-39ad-c642-b192-8769fa56a668" testName="FgoPet.App.Tests.Panels.Phase2AttachedPanelViewModelTests.Paused_timer_shows_the_paused_phase_label" computerName="SOLA" duration="00:00:00.0003490" startTime="2026-08-31T17:31:24.1577844+08:00" endTime="2026-08-31T17:31:24.1577846+08:00" testType="13cdc9d9-ddb5-4fa4-a97d-d965ccfc6d4b" outcome="Passed" testListId="8c84fa94-04c1-424b-9868-57a2d4851a1d" relativeResultsDirectory="24dca724-4cd5-46af-a539-e0adf18490e8" />
    <UnitTestResult executionId="19659a7f-4aec-4b5f-b4a7-75b258f296be" testId="e1b3741d-504a-3b2a-02cf-b1ff51bc8bae" testName="FgoPet.App.Tests.Bootstrap.Phase2StartupTests.Migration_failure_keeps_phase1_portrait_available_and_disables_phase2" computerName="SOLA" duration="00:00:00.0017896" startTime="2026-08-31T17:31:24.8596828+08:00" endTime="2026-08-31T17:31:24.8596833+08:00" testType="13cdc9d9-ddb5-4fa4-a97d-d965ccfc6d4b" outcome="Passed" testListId="8c84fa94-04c1-424b-9868-57a2d4851a1d" relativeResultsDirectory="19659a7f-4aec-4b5f-b4a7-75b258f296be" />
    <UnitTestResult executionId="404e2161-933f-40c6-bcd6-bf8f75e74299" testId="651b65fe-ed61-2c13-3712-ed2a16f06b56" testName="FgoPet.App.Tests.Conversation.TodoProposalServiceTests.Parses_only_the_supported_structured_proposal_fields" computerName="SOLA" duration="00:00:00.1987439" startTime="2026-08-31T17:31:24.3149574+08:00" endTime="2026-08-31T17:31:24.3149579+08:00" testType="13cdc9d9-ddb5-4fa4-a97d-d965ccfc6d4b" outcome="Passed" testListId="8c84fa94-04c1-424b-9868-57a2d4851a1d" relativeResultsDirectory="404e2161-933f-40c6-bcd6-bf8f75e74299" />
    <UnitTestResult executionId="7765ef09-81fa-42c9-9780-e311575f66df" testId="9ec3cc78-cc9b-fa59-c5a2-45598da2e0dc" testName="FgoPet.App.Tests.Services.AgentTaskNavigationServiceTests.Navigation_surfaces_capability_specific_safe_result(status: Unsupported, expected: &quot;不支持&quot;)" computerName="SOLA" duration="00:00:00.6040651" startTime="2026-08-31T17:31:23.8892129+08:00" endTime="2026-08-31T17:31:23.8892130+08:00" testType="13cdc9d9-ddb5-4fa4-a97d-d965ccfc6d4b" outcome="Passed" testListId="8c84fa94-04c1-424b-9868-57a2d4851a1d" relativeResultsDirectory="7765ef09-81fa-42c9-9780-e311575f66df" />
    <UnitTestResult executionId="26e37f0d-98c7-4dc4-80aa-5cc1488bcc94" testId="90e194a0-48f0-004f-9c33-501e0f484026" testName="FgoPet.App.Tests.Privacy.UserDataControlTests.Export_excludes_secrets_prompts_raw_story_and_absolute_paths" computerName="SOLA" duration="00:00:01.0560560" startTime="2026-08-31T17:31:25.1441311+08:00" endTime="2026-08-31T17:31:25.1441317+08:00" testType="13cdc9d9-ddb5-4fa4-a97d-d965ccfc6d4b" outcome="Passed" testListId="8c84fa94-04c1-424b-9868-57a2d4851a1d" relativeResultsDirectory="26e37f0d-98c7-4dc4-80aa-5cc1488bcc94" />
    <UnitTestResult executionId="ae2b8814-c518-40c1-8e10-e6824ff2e7a9" testId="87baa4dd-a564-6044-020d-71dcafae07ad" testName="FgoPet.App.Tests.Servants.ServantLibraryViewModelTests.The_command_instance_bound_before_loading_is_enabled_after_selection_loads" computerName="SOLA" duration="00:00:00.0034327" startTime="2026-08-31T17:31:23.9358704+08:00" endTime="2026-08-31T17:31:23.9358710+08:00" testType="13cdc9d9-ddb5-4fa4-a97d-d965ccfc6d4b" outcome="Passed" testListId="8c84fa94-04c1-424b-9868-57a2d4851a1d" relativeResultsDirectory="ae2b8814-c518-40c1-8e10-e6824ff2e7a9" />
    <UnitTestResult executionId="9c796f5f-c918-4024-a964-cb1f3a89171a" testId="8ae0a6e2-3846-8ec7-5001-3c2a9d4c1339" testName="FgoPet.App.Tests.Focus.FocusSessionServiceTests.Custom_preset_persists_only_when_valid_and_round_trips" computerName="SOLA" duration="00:00:00.0746721" startTime="2026-08-31T17:31:26.2319870+08:00" endTime="2026-08-31T17:31:26.2319878+08:00" testType="13cdc9d9-ddb5-4fa4-a97d-d965ccfc6d4b" outcome="Passed" testListId="8c84fa94-04c1-424b-9868-57a2d4851a1d" relativeResultsDirectory="9c796f5f-c918-4024-a964-cb1f3a89171a" />
    <UnitTestResult executionId="b11b3a41-6b6b-4ff1-b4d5-1829b4051868" testId="f27237d5-3602-a08b-5465-aca2d54abef0" testName="FgoPet.App.Tests.Settings.AgentConnectionSettingsViewModelTests.Administration_snapshot_exposes_pending_and_instance_scoped_permissions" computerName="SOLA" duration="00:00:00.0032890" startTime="2026-08-31T17:31:24.9329860+08:00" endTime="2026-08-31T17:31:24.9329866+08:00" testType="13cdc9d9-ddb5-4fa4-a97d-d965ccfc6d4b" outcome="Passed" testListId="8c84fa94-04c1-424b-9868-57a2d4851a1d" relativeResultsDirectory="b11b3a41-6b6b-4ff1-b4d5-1829b4051868" />
    <UnitTestResult executionId="1f0d1536-4a97-45d2-9167-77bd61b53943" testId="05f8da0e-4f59-46e6-ce74-dc71dec7ac20" testName="FgoPet.App.Tests.Dialogue.PromptComposerTests.Ordinary_dialogue_does_not_load_story_knowledge" computerName="SOLA" duration="00:00:00.6223550" startTime="2026-08-31T17:31:23.8976766+08:00" endTime="2026-08-31T17:31:23.8976767+08:00" testType="13cdc9d9-ddb5-4fa4-a97d-d965ccfc6d4b" outcome="Passed" testListId="8c84fa94-04c1-424b-9868-57a2d4851a1d" relativeResultsDirectory="1f0d1536-4a97-45d2-9167-77bd61b53943" />
    <UnitTestResult executionId="e12b18d1-940a-4648-a5ae-532456b44c0c" testId="aea22186-7b57-fa5a-9bc9-fb15122296ca" testName="FgoPet.App.Tests.Settings.SettingsViewModelTests.Package_detail_is_an_in_shell_route_with_breadcrumb_and_back_state" computerName="SOLA" duration="00:00:00.0071075" startTime="2026-08-31T17:31:24.8795688+08:00" endTime="2026-08-31T17:31:24.8795694+08:00" testType="13cdc9d9-ddb5-4fa4-a97d-d965ccfc6d4b" outcome="Passed" testListId="8c84fa94-04c1-424b-9868-57a2d4851a1d" relativeResultsDirectory="e12b18d1-940a-4648-a5ae-532456b44c0c" />
    <UnitTestResult executionId="e56b199f-29f8-43b3-b6fb-0f7ebf72147a" testId="5e996d63-dc98-bcac-afeb-5f6d75161681" testName="FgoPet.App.Tests.Portraits.BitmapAssetLoaderTests.LoadValidated_rejects_a_corrupt_image_file" computerName="SOLA" duration="00:00:00.6738793" startTime="2026-08-31T17:31:25.4602535+08:00" endTime="2026-08-31T17:31:25.4602542+08:00" testType="13cdc9d9-ddb5-4fa4-a97d-d965ccfc6d4b" outcome="Passed" testListId="8c84fa94-04c1-424b-9868-57a2d4851a1d" relativeResultsDirectory="e56b199f-29f8-43b3-b6fb-0f7ebf72147a" />
    <UnitTestResult executionId="3718fa56-6346-479c-baee-8357e8118ef1" testId="9b2a93a2-dc8c-2d42-fd11-e0675f19e031" testName="FgoPet.App.Tests.Bootstrap.PacklessStartupTests.Decide_returns_Packless_by_default" computerName="SOLA" duration="00:00:00.0030966" startTime="2026-08-31T17:31:24.8852637+08:00" endTime="2026-08-31T17:31:24.8852639+08:00" testType="13cdc9d9-ddb5-4fa4-a97d-d965ccfc6d4b" outcome="Passed" testListId="8c84fa94-04c1-424b-9868-57a2d4851a1d" relativeResultsDirectory="3718fa56-6346-479c-baee-8357e8118ef1" />
    <UnitTestResult executionId="1ca60648-0d98-4914-8511-90b62e63306e" testId="719135cd-c54e-cd68-53b9-bcc341701764" testName="FgoPet.App.Tests.Focus.FocusSessionServiceTests.Start_assigns_a_stable_session_id_once_per_session" computerName="SOLA" duration="00:00:00.1600618" startTime="2026-08-31T17:31:25.7661427+08:00" endTime="2026-08-31T17:31:25.7661432+08:00" testType="13cdc9d9-ddb5-4fa4-a97d-d965ccfc6d4b" outcome="Passed" testListId="8c84fa94-04c1-424b-9868-57a2d4851a1d" relativeResultsDirectory="1ca60648-0d98-4914-8511-90b62e63306e" />
    <UnitTestResult executionId="91067480-0fa3-4ef3-bfac-846facfbdf7a" testId="84e54be3-13fb-9b2a-3133-521f00f248e4" testName="FgoPet.App.Tests.ViewModels.AgentDispatchDialogViewModelTests.Load_uses_authoritative_online_enabled_sources_and_opaque_targets" computerName="SOLA" duration="00:00:00.6171837" startTime="2026-08-31T17:31:23.8960167+08:00" endTime="2026-08-31T17:31:23.8960169+08:00" testType="13cdc9d9-ddb5-4fa4-a97d-d965ccfc6d4b" outcome="Passed" testListId="8c84fa94-04c1-424b-9868-57a2d4851a1d" relativeResultsDirectory="91067480-0fa3-4ef3-bfac-846facfbdf7a" />
    <UnitTestResult executionId="09b5ae3d-38ab-4e2a-8317-2e9a21ccae73" testId="e65dc1fe-4998-d3be-b0c4-61ace34cdb55" testName="FgoPet.App.Tests.Settings.RolePackageDetailViewModelTests.Upgrade_revalidation_preserves_valid_values_falls_back_and_shows_notice" computerName="SOLA" duration="00:00:00.0059804" startTime="2026-08-31T17:31:23.8983100+08:00" endTime="2026-08-31T17:31:23.8983100+08:00" testType="13cdc9d9-ddb5-4fa4-a97d-d965ccfc6d4b" outcome="Passed" testListId="8c84fa94-04c1-424b-9868-57a2d4851a1d" relativeResultsDirectory="09b5ae3d-38ab-4e2a-8317-2e9a21ccae73" />
    <UnitTestResult executionId="9d89ddc1-8385-4236-a092-317fbe52ec18" testId="271a1cb4-b204-14eb-a411-d6f59f08bfdb" testName="FgoPet.App.Tests.Panels.Phase2AttachedPanelViewModelTests.Running_focus_replaces_compact_message_with_timer_without_expanding" computerName="SOLA" duration="00:00:00.0006353" startTime="2026-08-31T17:31:24.1585118+08:00" endTime="2026-08-31T17:31:24.1585121+08:00" testType="13cdc9d9-ddb5-4fa4-a97d-d965ccfc6d4b" outcome="Passed" testListId="8c84fa94-04c1-424b-9868-57a2d4851a1d" relativeResultsDirectory="9d89ddc1-8385-4236-a092-317fbe52ec18" />
    <UnitTestResult executionId="3c053025-a09d-4ae2-abd8-4697ef2a1572" testId="3d5a17d5-8d3b-e493-5cdc-7ab9d8943f49" testName="FgoPet.App.Tests.Framework.ArchitectureTests.Core_and_Infrastructure_do_not_use_WPF" computerName="SOLA" duration="00:00:00.2067560" startTime="2026-08-31T17:31:24.0231467+08:00" endTime="2026-08-31T17:31:24.0231474+08:00" testType="13cdc9d9-ddb5-4fa4-a97d-d965ccfc6d4b" outcome="Passed" testListId="8c84fa94-04c1-424b-9868-57a2d4851a1d" relativeResultsDirectory="3c053025-a09d-4ae2-abd8-4697ef2a1572" />
    <UnitTestResult executionId="207b390c-da12-4bde-ae2b-7dbea4256851" testId="beab755a-b4fa-3cdb-a97d-117f738a54f5" testName="FgoPet.App.Tests.Portraits.BitmapAssetLoaderTests.LoadValidated_rejects_a_panel_anchor_out_of_bounds" computerName="SOLA" duration="00:00:00.0998158" startTime="2026-08-31T17:31:25.5602427+08:00" endTime="2026-08-31T17:31:25.5602432+08:00" testType="13cdc9d9-ddb5-4fa4-a97d-d965ccfc6d4b" outcome="Passed" testListId="8c84fa94-04c1-424b-9868-57a2d4851a1d" relativeResultsDirectory="207b390c-da12-4bde-ae2b-7dbea4256851" />
    <UnitTestResult executionId="d1604ddc-89f2-4a16-89f9-7691beb5980f" testId="fda9049e-a37f-bfc4-b9c9-b82c1489fa59" testName="FgoPet.App.Tests.Portraits.PortraitViewTests.SetExpression_rejects_a_body_id_or_unknown_id" computerName="SOLA" duration="00:00:02.2761726" startTime="2026-08-31T17:31:25.5246486+08:00" endTime="2026-08-31T17:31:25.5246489+08:00" testType="13cdc9d9-ddb5-4fa4-a97d-d965ccfc6d4b" outcome="Passed" testListId="8c84fa94-04c1-424b-9868-57a2d4851a1d" relativeResultsDirectory="d1604ddc-89f2-4a16-89f9-7691beb5980f" />
    <UnitTestResult executionId="6be16f45-8acf-4e87-89fa-68838d3f3bf0" testId="8848e448-f4b7-3086-b4ed-3f61ae884852" testName="FgoPet.App.Tests.Portraits.PortraitControllerTests.ApplyDpi_before_first_activation_is_used_for_initial_geometry" computerName="SOLA" duration="00:00:00.0754116" startTime="2026-08-31T17:31:25.6897173+08:00" endTime="2026-08-31T17:31:25.6897181+08:00" testType="13cdc9d9-ddb5-4fa4-a97d-d965ccfc6d4b" outcome="Passed" testListId="8c84fa94-04c1-424b-9868-57a2d4851a1d" relativeResultsDirectory="6be16f45-8acf-4e87-89fa-68838d3f3bf0" />
    <UnitTestResult executionId="de7dba86-94ca-4a3a-b593-acd956bf538c" testId="d4d474f3-0d04-bb00-6729-6c12c3aa7279" testName="FgoPet.App.Tests.Windowing.PointerGestureRecognizerTests.A_move_beyond_the_threshold_is_a_drag" computerName="SOLA" duration="00:00:00.0001528" startTime="2026-08-31T17:31:23.8967143+08:00" endTime="2026-08-31T17:31:23.8967144+08:00" testType="13cdc9d9-ddb5-4fa4-a97d-d965ccfc6d4b" outcome="Passed" testListId="8c84fa94-04c1-424b-9868-57a2d4851a1d" relativeResultsDirectory="de7dba86-94ca-4a3a-b593-acd956bf538c" />
    <UnitTestResult executionId="55c3acb9-0aa8-41f2-a45b-04c3abcf3bc0" testId="c821d0c5-8c89-90a9-4d08-34d0e56f53e2" testName="FgoPet.App.Tests.Feedback.EventFeedbackSelectorTests.Select_prefers_the_exact_app_locale" computerName="SOLA" duration="00:00:00.0021084" startTime="2026-08-31T17:31:24.1667631+08:00" endTime="2026-08-31T17:31:24.1667632+08:00" testType="13cdc9d9-ddb5-4fa4-a97d-d965ccfc6d4b" outcome="Passed" testListId="8c84fa94-04c1-424b-9868-57a2d4851a1d" relativeResultsDirectory="55c3acb9-0aa8-41f2-a45b-04c3abcf3bc0" />
    <UnitTestResult executionId="1f9523f3-de63-4962-ba0d-b41dd6b7911d" testId="a8a1c194-910d-05e4-2108-8268ebc50bc2" testName="FgoPet.App.Tests.Services.DataExportServiceTests.Export_includes_todos_and_work_archive_summaries_only" computerName="SOLA" duration="00:00:01.8798953" startTime="2026-08-31T17:31:25.1304452+08:00" endTime="2026-08-31T17:31:25.1304458+08:00" testType="13cdc9d9-ddb5-4fa4-a97d-d965ccfc6d4b" outcome="Passed" testListId="8c84fa94-04c1-424b-9868-57a2d4851a1d" relativeResultsDirectory="1f9523f3-de63-4962-ba0d-b41dd6b7911d" />
    <UnitTestResult executionId="881f7544-ea4c-43b5-b097-5421fea767f6" testId="cbe72a58-0118-5415-4248-c96ac239381e" testName="FgoPet.App.Tests.Focus.FocusSessionServiceTests.Persistence_failure_pauses_and_raises_the_event_until_retry" computerName="SOLA" duration="00:00:00.0679654" startTime="2026-08-31T17:31:26.3830268+08:00" endTime="2026-08-31T17:31:26.3830274+08:00" testType="13cdc9d9-ddb5-4fa4-a97d-d965ccfc6d4b" outcome="Passed" testListId="8c84fa94-04c1-424b-9868-57a2d4851a1d" relativeResultsDirectory="881f7544-ea4c-43b5-b097-5421fea767f6" />
    <UnitTestResult executionId="302d664a-a8ab-4b4f-8801-16f1a095efdd" testId="655c062a-a345-dad6-9f9d-c76c5ece8713" testName="FgoPet.App.Tests.Servants.ServantLibraryViewModelTests.Uninstalling_the_current_pack_while_alternatives_exist_is_blocked" computerName="SOLA" duration="00:00:00.0023171" startTime="2026-08-31T17:31:24.0607320+08:00" endTime="2026-08-31T17:31:24.0607325+08:00" testType="13cdc9d9-ddb5-4fa4-a97d-d965ccfc6d4b" outcome="Passed" testListId="8c84fa94-04c1-424b-9868-57a2d4851a1d" relativeResultsDirectory="302d664a-a8ab-4b4f-8801-16f1a095efdd" />
    <UnitTestResult executionId="899f6210-6166-453c-bef7-f65a90cccfe9" testId="bd5611fd-a845-a76a-0eff-6e3d8a86aeb5" testName="FgoPet.App.Tests.Panels.AttachedPanelLayoutIntegrationTests.The_panel_flips_to_the_right_when_the_left_side_cannot_fit" computerName="SOLA" duration="00:00:00.0035032" startTime="2026-08-31T17:31:24.0804646+08:00" endTime="2026-08-31T17:31:24.0804650+08:00" testType="13cdc9d9-ddb5-4fa4-a97d-d965ccfc6d4b" outcome="Passed" testListId="8c84fa94-04c1-424b-9868-57a2d4851a1d" relativeResultsDirectory="899f6210-6166-453c-bef7-f65a90cccfe9" />
    <UnitTestResult executionId="1387bc52-be58-4ed7-82a3-b68fd4135ffe" testId="26c2e046-91ab-a161-24e9-8db277473d3e" testName="FgoPet.App.Tests.Dialogue.PromptComposerTests.Compose_orders_safety_content_state_memory_history_and_user_data" computerName="SOLA" duration="00:00:00.0404217" startTime="2026-08-31T17:31:23.9142699+08:00" endTime="2026-08-31T17:31:23.9142705+08:00" testType="13cdc9d9-ddb5-4fa4-a97d-d965ccfc6d4b" outcome="Passed" testListId="8c84fa94-04c1-424b-9868-57a2d4851a1d" relativeResultsDirectory="1387bc52-be58-4ed7-82a3-b68fd4135ffe" />
    <UnitTestResult executionId="17d1c5e2-8aa1-4a68-b6e8-084317fda031" testId="3dff3894-6b09-5ba3-7d7c-75caf373bc9e" testName="FgoPet.App.Tests.Panels.AttachedPanelViewModelTests.Idle_is_suppressed_while_the_pointer_is_inside" computerName="SOLA" duration="00:00:00.0002308" startTime="2026-08-31T17:31:24.1479402+08:00" endTime="2026-08-31T17:31:24.1479403+08:00" testType="13cdc9d9-ddb5-4fa4-a97d-d965ccfc6d4b" outcome="Passed" testListId="8c84fa94-04c1-424b-9868-57a2d4851a1d" relativeResultsDirectory="17d1c5e2-8aa1-4a68-b6e8-084317fda031" />
    <UnitTestResult executionId="9a3c794f-65e8-4b74-9350-e8240342bc65" testId="fc4cb62c-961a-1e21-3c62-22beab8d0ee7" testName="FgoPet.App.Tests.Panels.AttachedPanelViewModelTests.Startup_is_always_collapsed" computerName="SOLA" duration="00:00:00.0001226" startTime="2026-08-31T17:31:24.1497163+08:00" endTime="2026-08-31T17:31:24.1497164+08:00" testType="13cdc9d9-ddb5-4fa4-a97d-d965ccfc6d4b" outcome="Passed" testListId="8c84fa94-04c1-424b-9868-57a2d4851a1d" relativeResultsDirectory="9a3c794f-65e8-4b74-9350-e8240342bc65" />
    <UnitTestResult executionId="2bc98ff1-482c-49aa-aadb-2cbc973c9ab7" testId="137b2de0-e482-4ce6-0127-2cb324d487a8" testName="FgoPet.App.Tests.Bootstrap.PacklessStartupTests.Packless_startup_starts_the_application_shell" computerName="SOLA" duration="00:00:00.0016159" startTime="2026-08-31T17:31:24.8870546+08:00" endTime="2026-08-31T17:31:24.8870554+08:00" testType="13cdc9d9-ddb5-4fa4-a97d-d965ccfc6d4b" outcome="Passed" testListId="8c84fa94-04c1-424b-9868-57a2d4851a1d" relativeResultsDirectory="2bc98ff1-482c-49aa-aadb-2cbc973c9ab7" />
    <UnitTestResult executionId="510cea6c-59af-4962-97b0-b37a854123f6" testId="63b197e6-195a-f0fe-1f26-4b5cc40f316d" testName="FgoPet.App.Tests.ViewModels.AgentDispatchDialogViewModelTests.Confirm_sends_only_after_explicit_command_and_includes_selected_instance" computerName="SOLA" duration="00:00:00.0158166" startTime="2026-08-31T17:31:23.8979476+08:00" endTime="2026-08-31T17:31:23.8979477+08:00" testType="13cdc9d9-ddb5-4fa4-a97d-d965ccfc6d4b" outcome="Passed" testListId="8c84fa94-04c1-424b-9868-57a2d4851a1d" relativeResultsDirectory="510cea6c-59af-4962-97b0-b37a854123f6" />
    <UnitTestResult executionId="78c18692-b9df-4fa7-82e0-ba488d58889f" testId="6c3079e4-73ee-8555-68c2-2a6b82d03663" testName="FgoPet.App.Tests.Archives.LongArchiveServiceTests.Long_archive_confirmation_replaces_only_the_selected_work_summaries" computerName="SOLA" duration="00:00:00.6166893" startTime="2026-08-31T17:31:23.8940945+08:00" endTime="2026-08-31T17:31:23.8940945+08:00" testType="13cdc9d9-ddb5-4fa4-a97d-d965ccfc6d4b" outcome="Passed" testListId="8c84fa94-04c1-424b-9868-57a2d4851a1d" relativeResultsDirectory="78c18692-b9df-4fa7-82e0-ba488d58889f" />
    <UnitTestResult executionId="80d8556b-f9d3-413e-b364-56186c9cafe0" testId="52db880e-a98e-e659-25a6-a7314c573c55" testName="FgoPet.App.Tests.Memory.MemoryCandidateServiceTests.Candidate_review_cannot_cross_servant_boundary" computerName="SOLA" duration="00:00:01.2444672" startTime="2026-08-31T17:31:25.1172116+08:00" endTime="2026-08-31T17:31:25.1172119+08:00" testType="13cdc9d9-ddb5-4fa4-a97d-d965ccfc6d4b" outcome="Passed" testListId="8c84fa94-04c1-424b-9868-57a2d4851a1d" relativeResultsDirectory="80d8556b-f9d3-413e-b364-56186c9cafe0" />
    <UnitTestResult executionId="1cc5965b-5f4e-408f-86b8-1faf2b4c1d46" testId="9c18f64d-29ad-df27-89e8-3583eb11db77" testName="FgoPet.App.Tests.Servants.ServantLibraryViewModelTests.LoadAsync_groups_servants_and_sets_source_badges" computerName="SOLA" duration="00:00:00.0016118" startTime="2026-08-31T17:31:23.9180672+08:00" endTime="2026-08-31T17:31:23.9180675+08:00" testType="13cdc9d9-ddb5-4fa4-a97d-d965ccfc6d4b" outcome="Passed" testListId="8c84fa94-04c1-424b-9868-57a2d4851a1d" relativeResultsDirectory="1cc5965b-5f4e-408f-86b8-1faf2b4c1d46" />
    <UnitTestResult executionId="7f17a57f-2f11-4448-97c7-7557681f0292" testId="8dd54dab-31df-de6a-3cbd-e56d056a4fea" testName="FgoPet.App.Tests.Portraits.BitmapAssetLoaderTests.LoadValidated_rejects_invisible_alpha" computerName="SOLA" duration="00:00:00.0784461" startTime="2026-08-31T17:31:25.6389279+08:00" endTime="2026-08-31T17:31:25.6389284+08:00" testType="13cdc9d9-ddb5-4fa4-a97d-d965ccfc6d4b" outcome="Passed" testListId="8c84fa94-04c1-424b-9868-57a2d4851a1d" relativeResultsDirectory="7f17a57f-2f11-4448-97c7-7557681f0292" />
    <UnitTestResult executionId="4b33f3f4-6c70-4f3c-b3c1-d9dc143f0dbc" testId="74a583d4-40b2-0f59-fae0-9fbc4bf80332" testName="FgoPet.App.Tests.Bootstrap.ServiceRegistrationTests.Registers_the_agent_gateway_and_projection_services" computerName="SOLA" duration="00:00:01.8642124" startTime="2026-08-31T17:31:25.1153936+08:00" endTime="2026-08-31T17:31:25.1153939+08:00" testType="13cdc9d9-ddb5-4fa4-a97d-d965ccfc6d4b" outcome="Passed" testListId="8c84fa94-04c1-424b-9868-57a2d4851a1d" relativeResultsDirectory="4b33f3f4-6c70-4f3c-b3c1-d9dc143f0dbc" />
    <UnitTestResult executionId="7902b351-2309-4845-86eb-16ed86687466" testId="3b915d5c-0ee3-a90f-2051-a380c9c269d6" testName="FgoPet.App.Tests.Main.AttachedPanelVisualMetricsTests.Terminal_panel_width_stays_within_the_approved_range(portraitWidth: 100, expected: 300)" computerName="SOLA" duration="00:00:00.0003762" startTime="2026-08-31T17:31:24.0670709+08:00" endTime="2026-08-31T17:31:24.0670711+08:00" testType="13cdc9d9-ddb5-4fa4-a97d-d965ccfc6d4b" outcome="Passed" testListId="8c84fa94-04c1-424b-9868-57a2d4851a1d" relativeResultsDirectory="7902b351-2309-4845-86eb-16ed86687466" />
    <UnitTestResult executionId="4d5db154-03d1-4885-9bd1-6b35d2aee7dc" testId="82a3aa19-0729-336e-39ac-41fa1288d5b4" testName="FgoPet.App.Tests.Panels.AttachedPanelViewModelTests.Dialogue_click_expands_steps_down_and_back" computerName="SOLA" duration="00:00:00.0004319" startTime="2026-08-31T17:31:24.1450824+08:00" endTime="2026-08-31T17:31:24.1450825+08:00" testType="13cdc9d9-ddb5-4fa4-a97d-d965ccfc6d4b" outcome="Passed" testListId="8c84fa94-04c1-424b-9868-57a2d4851a1d" relativeResultsDirectory="4d5db154-03d1-4885-9bd1-6b35d2aee7dc" />
    <UnitTestResult executionId="86cf3859-b827-4d98-a700-af41fea55217" testId="bdb53489-e98a-8986-1c49-26eeeecd4994" testName="FgoPet.App.Tests.Feedback.EventFeedbackSelectorTests.Select_returns_neutral_fallback_when_no_bundle" computerName="SOLA" duration="00:00:00.0002170" startTime="2026-08-31T17:31:24.1698834+08:00" endTime="2026-08-31T17:31:24.1698836+08:00" testType="13cdc9d9-ddb5-4fa4-a97d-d965ccfc6d4b" outcome="Passed" testListId="8c84fa94-04c1-424b-9868-57a2d4851a1d" relativeResultsDirectory="86cf3859-b827-4d98-a700-af41fea55217" />
    <UnitTestResult executionId="7a69173c-645b-4ddc-a43f-d1f87c55818d" testId="f72a5d80-d374-a739-2e4b-f08698020697" testName="FgoPet.App.Tests.Servants.ServantLibraryViewModelTests.PackageDiagnostic_redacts_absolute_paths" computerName="SOLA" duration="00:00:00.0027516" startTime="2026-08-31T17:31:24.0582565+08:00" endTime="2026-08-31T17:31:24.0582568+08:00" testType="13cdc9d9-ddb5-4fa4-a97d-d965ccfc6d4b" outcome="Passed" testListId="8c84fa94-04c1-424b-9868-57a2d4851a1d" relativeResultsDirectory="7a69173c-645b-4ddc-a43f-d1f87c55818d" />
    <UnitTestResult executionId="416f1257-fbe6-4517-9b7d-070c5954331d" testId="6f1a3ec3-0948-54ad-ca9e-fefdd8ef6513" testName="FgoPet.App.Tests.Panels.Phase2AttachedPanelViewModelTests.Custom_step_controls_use_approved_steps_and_clamp_to_bounds" computerName="SOLA" duration="00:00:00.0003914" startTime="2026-08-31T17:31:24.1670903+08:00" endTime="2026-08-31T17:31:24.1670904+08:00" testType="13cdc9d9-ddb5-4fa4-a97d-d965ccfc6d4b" outcome="Passed" testListId="8c84fa94-04c1-424b-9868-57a2d4851a1d" relativeResultsDirectory="416f1257-fbe6-4517-9b7d-070c5954331d" />
    <UnitTestResult executionId="21273d28-982b-4005-871e-67492ef2d17e" testId="7fd419e2-4dba-d428-584d-1d4e88cc90b6" testName="FgoPet.App.Tests.Panels.RecentServantSwitcherViewModelTests.Activating_delegates_to_the_portrait_controller" computerName="SOLA" duration="00:00:00.0016302" startTime="2026-08-31T17:31:24.1511586+08:00" endTime="2026-08-31T17:31:24.1511588+08:00" testType="13cdc9d9-ddb5-4fa4-a97d-d965ccfc6d4b" outcome="Passed" testListId="8c84fa94-04c1-424b-9868-57a2d4851a1d" relativeResultsDirectory="21273d28-982b-4005-871e-67492ef2d17e" />
    <UnitTestResult executionId="3d158501-d94b-43b0-9414-e6144a31a431" testId="c43b6d2c-8e2e-768d-63e4-8031dabda57b" testName="FgoPet.App.Tests.Settings.ModelConnectionViewModelTests.Test_connection_uses_newly_entered_key_before_save" computerName="SOLA" duration="00:00:00.0326122" startTime="2026-08-31T17:31:24.8772555+08:00" endTime="2026-08-31T17:31:24.8772560+08:00" testType="13cdc9d9-ddb5-4fa4-a97d-d965ccfc6d4b" outcome="Passed" testListId="8c84fa94-04c1-424b-9868-57a2d4851a1d" relativeResultsDirectory="3d158501-d94b-43b0-9414-e6144a31a431" />
    <UnitTestResult executionId="65e8522a-09ef-491c-92a5-8918487faff1" testId="346a40a8-3880-2ee0-8686-2a72922beb6f" testName="FgoPet.App.Tests.Archives.ArchiveDraftServiceTests.Draft_reads_only_completed_covered_todos_and_confirmation_cleans_them" computerName="SOLA" duration="00:00:00.0096188" startTime="2026-08-31T17:31:24.1635122+08:00" endTime="2026-08-31T17:31:24.1635126+08:00" testType="13cdc9d9-ddb5-4fa4-a97d-d965ccfc6d4b" outcome="Passed" testListId="8c84fa94-04c1-424b-9868-57a2d4851a1d" relativeResultsDirectory="65e8522a-09ef-491c-92a5-8918487faff1" />
    <UnitTestResult executionId="11805e90-8a36-4cd4-bd46-124de92e6d85" testId="de03f755-818d-67f3-0dcd-360068330cfa" testName="FgoPet.App.Tests.Services.DataClearServiceTests.Clear_agent_todo_data_delegates_to_the_agent_data_boundary" computerName="SOLA" duration="00:00:00.0024818" startTime="2026-08-31T17:31:24.8965480+08:00" endTime="2026-08-31T17:31:24.8965487+08:00" testType="13cdc9d9-ddb5-4fa4-a97d-d965ccfc6d4b" outcome="Passed" testListId="8c84fa94-04c1-424b-9868-57a2d4851a1d" relativeResultsDirectory="11805e90-8a36-4cd4-bd46-124de92e6d85" />
    <UnitTestResult executionId="24b428e1-b241-4c90-8b64-cee8ef38a448" testId="757aea3b-f56b-b810-8644-279722e85cf5" testName="FgoPet.App.Tests.Services.AgentDispatchServiceTests.Production_dispatch_uses_one_authorized_instance_or_requires_explicit_selection(count: 2, instance: null, expected: Failed)" computerName="SOLA" duration="00:00:00.0000482" startTime="2026-08-31T17:31:24.8700771+08:00" endTime="2026-08-31T17:31:24.8700773+08:00" testType="13cdc9d9-ddb5-4fa4-a97d-d965ccfc6d4b" outcome="Passed" testListId="8c84fa94-04c1-424b-9868-57a2d4851a1d" relativeResultsDirectory="24b428e1-b241-4c90-8b64-cee8ef38a448" />
    <UnitTestResult executionId="23b37e3b-cc5f-40c0-b38c-3921b9dab564" testId="559dce4d-3d33-6052-777e-890f27647ba8" testName="FgoPet.App.Tests.Panels.AttachedPanelViewModelTests.Idle_collapses_an_expanded_panel_back_to_compact" computerName="SOLA" duration="00:00:00.0008495" startTime="2026-08-31T17:31:24.1459492+08:00" endTime="2026-08-31T17:31:24.1459495+08:00" testType="13cdc9d9-ddb5-4fa4-a97d-d965ccfc6d4b" outcome="Passed" testListId="8c84fa94-04c1-424b-9868-57a2d4851a1d" relativeResultsDirectory="23b37e3b-cc5f-40c0-b38c-3921b9dab564" />
    <UnitTestResult executionId="626d85ab-63b2-418c-b2f3-c4ee37b40b56" testId="9ed5150d-f910-c6d9-e3e7-3c48b4eec8dd" testName="FgoPet.App.Tests.Panels.AttachedPanelViewModelTests.Long_chinese_and_unbroken_english_dialogue_are_accepted" computerName="SOLA" duration="00:00:00.0001383" startTime="2026-08-31T17:31:24.1498266+08:00" endTime="2026-08-31T17:31:24.1498267+08:00" testType="13cdc9d9-ddb5-4fa4-a97d-d965ccfc6d4b" outcome="Passed" testListId="8c84fa94-04c1-424b-9868-57a2d4851a1d" relativeResultsDirectory="626d85ab-63b2-418c-b2f3-c4ee37b40b56" />
    <UnitTestResult executionId="026ba6d0-c88d-4758-8a5a-f9046f310956" testId="3939eb85-9abd-6f23-ff84-ddfe32dfbbe2" testName="FgoPet.App.Tests.Privacy.UserDataControlTests.All_data_deletion_clears_profile_packages_and_model_metadata_but_preserves_phase2_history" computerName="SOLA" duration="00:00:00.1679840" startTime="2026-08-31T17:31:25.6446439+08:00" endTime="2026-08-31T17:31:25.6446445+08:00" testType="13cdc9d9-ddb5-4fa4-a97d-d965ccfc6d4b" outcome="Passed" testListId="8c84fa94-04c1-424b-9868-57a2d4851a1d" relativeResultsDirectory="026ba6d0-c88d-4758-8a5a-f9046f310956" />
    <UnitTestResult executionId="716da50f-bec0-4c70-85ba-46fecff16580" testId="20ca8048-7c10-5988-38b6-6f81e0c4c999" testName="FgoPet.App.Tests.Feedback.EventFeedbackSelectorTests.Select_returns_neutral_fallback_for_an_unknown_event_type" computerName="SOLA" duration="00:00:00.0001581" startTime="2026-08-31T17:31:24.1711404+08:00" endTime="2026-08-31T17:31:24.1711408+08:00" testType="13cdc9d9-ddb5-4fa4-a97d-d965ccfc6d4b" outcome="Passed" testListId="8c84fa94-04c1-424b-9868-57a2d4851a1d" relativeResultsDirectory="716da50f-bec0-4c70-85ba-46fecff16580" />
    <UnitTestResult executionId="1c096825-3b6a-4002-8414-54ec556ae365" testId="4df15ba5-8fb8-037b-b5b5-e757c070ada8" testName="FgoPet.App.Tests.Windowing.AlphaHitTestServiceTests.IsHit_is_false_for_a_transparent_region_away_from_the_overlay" computerName="SOLA" duration="00:00:00.0425539" startTime="2026-08-31T17:31:25.5354672+08:00" endTime="2026-08-31T17:31:25.5354673+08:00" testType="13cdc9d9-ddb5-4fa4-a97d-d965ccfc6d4b" outcome="Passed" testListId="8c84fa94-04c1-424b-9868-57a2d4851a1d" relativeResultsDirectory="1c096825-3b6a-4002-8414-54ec556ae365" />
    <UnitTestResult executionId="ae116574-b3c3-4444-8af0-e50f52b3fab0" testId="041913fb-d3bb-c04b-8ded-261ff4bbfb71" testName="FgoPet.App.Tests.Settings.AgentConnectionSettingsViewModelTests.Runtime_offline_snapshot_preserves_unsaved_instance_permissions_and_editor_identity" computerName="SOLA" duration="00:00:00.0040706" startTime="2026-08-31T17:31:24.9016291+08:00" endTime="2026-08-31T17:31:24.9016295+08:00" testType="13cdc9d9-ddb5-4fa4-a97d-d965ccfc6d4b" outcome="Passed" testListId="8c84fa94-04c1-424b-9868-57a2d4851a1d" relativeResultsDirectory="ae116574-b3c3-4444-8af0-e50f52b3fab0" />
    <UnitTestResult executionId="573244db-aef8-4b89-abc6-caf5a50379ba" testId="4a9fc7d7-5db2-6057-6a99-a043787737d2" testName="FgoPet.App.Tests.Bootstrap.DesktopAppShellTests.Start_with_pack_argument_opens_it_in_library_without_auto_activation" computerName="SOLA" duration="00:00:00.0007726" startTime="2026-08-31T17:31:23.8934717+08:00" endTime="2026-08-31T17:31:23.8934720+08:00" testType="13cdc9d9-ddb5-4fa4-a97d-d965ccfc6d4b" outcome="Passed" testListId="8c84fa94-04c1-424b-9868-57a2d4851a1d" relativeResultsDirectory="573244db-aef8-4b89-abc6-caf5a50379ba" />
    <UnitTestResult executionId="deacd651-2dd9-40c1-95c2-b7acfe7c96b6" testId="3430f588-4586-74b6-0b5a-78366ec38353" testName="FgoPet.App.Tests.Windowing.AlphaHitTestServiceTests.IsHit_uses_the_overlay_where_the_body_is_transparent" computerName="SOLA" duration="00:00:01.2806462" startTime="2026-08-31T17:31:25.4497212+08:00" endTime="2026-08-31T17:31:25.4497217+08:00" testType="13cdc9d9-ddb5-4fa4-a97d-d965ccfc6d4b" outcome="Passed" testListId="8c84fa94-04c1-424b-9868-57a2d4851a1d" relativeResultsDirectory="deacd651-2dd9-40c1-95c2-b7acfe7c96b6" />
    <UnitTestResult executionId="89cde276-1e29-4257-8edb-4f17cfd5019c" testId="f8e84bc6-8d53-0231-3cc8-56e72defcc5e" testName="FgoPet.App.Tests.Dialogue.StructuredOutputValidatorTests.Valid_json_maps_supported_fields_and_memory_candidate" computerName="SOLA" duration="00:00:00.6099835" startTime="2026-08-31T17:31:23.8939771+08:00" endTime="2026-08-31T17:31:23.8939772+08:00" testType="13cdc9d9-ddb5-4fa4-a97d-d965ccfc6d4b" outcome="Passed" testListId="8c84fa94-04c1-424b-9868-57a2d4851a1d" relativeResultsDirectory="89cde276-1e29-4257-8edb-4f17cfd5019c" />
    <UnitTestResult executionId="4bf96093-f570-461c-a8dd-faee5055ebf0" testId="291d600b-db23-40c4-2ee1-33a292cb734d" testName="FgoPet.App.Tests.Settings.SettingsViewModelTests.Navigation_exposes_the_seven_destinations_in_product_order" computerName="SOLA" duration="00:00:00.0013668" startTime="2026-08-31T17:31:24.8817789+08:00" endTime="2026-08-31T17:31:24.8817792+08:00" testType="13cdc9d9-ddb5-4fa4-a97d-d965ccfc6d4b" outcome="Passed" testListId="8c84fa94-04c1-424b-9868-57a2d4851a1d" relativeResultsDirectory="4bf96093-f570-461c-a8dd-faee5055ebf0" />
    <UnitTestResult executionId="2ea6a1f6-330d-40a1-b748-7fcf29cb3777" testId="fde0aafd-0634-911c-adf1-47bfc0719023" testName="FgoPet.App.Tests.Panels.Phase2AttachedPanelViewModelTests.Servant_resolution_is_required_before_start_is_enabled" computerName="SOLA" duration="00:00:00.0000941" startTime="2026-08-31T17:31:24.1678803+08:00" endTime="2026-08-31T17:31:24.1678804+08:00" testType="13cdc9d9-ddb5-4fa4-a97d-d965ccfc6d4b" outcome="Passed" testListId="8c84fa94-04c1-424b-9868-57a2d4851a1d" relativeResultsDirectory="2ea6a1f6-330d-40a1-b748-7fcf29cb3777" />
    <UnitTestResult executionId="4262218d-c599-4ea1-af7a-4b275b29e18d" testId="30418abd-25fb-0f24-1ca7-d8b8268bf8ad" testName="FgoPet.App.Tests.Settings.RolePackageDetailViewModelTests.Load_exposes_latest_preview_metadata_active_state_and_validated_settings" computerName="SOLA" duration="00:00:00.6365768" startTime="2026-08-31T17:31:23.8980928+08:00" endTime="2026-08-31T17:31:23.8980929+08:00" testType="13cdc9d9-ddb5-4fa4-a97d-d965ccfc6d4b" outcome="Passed" testListId="8c84fa94-04c1-424b-9868-57a2d4851a1d" relativeResultsDirectory="4262218d-c599-4ea1-af7a-4b275b29e18d" />
    <UnitTestResult executionId="39d5f716-cfba-4c6a-96a8-1531ee90f9a6" testId="6efb59b4-efdb-fc85-9a1b-9cd1973757a6" testName="FgoPet.App.Tests.Portraits.PortraitControllerTests.SetExpression_preserves_body_and_geometry" computerName="SOLA" duration="00:00:00.0877867" startTime="2026-08-31T17:31:25.8922977+08:00" endTime="2026-08-31T17:31:25.8922984+08:00" testType="13cdc9d9-ddb5-4fa4-a97d-d965ccfc6d4b" outcome="Passed" testListId="8c84fa94-04c1-424b-9868-57a2d4851a1d" relativeResultsDirectory="39d5f716-cfba-4c6a-96a8-1531ee90f9a6" />
    <UnitTestResult executionId="e4cb7f4f-f12b-4525-a536-3ac3aa2197ee" testId="c79b5bd2-b986-458f-8a2e-cca2f9f92fff" testName="FgoPet.App.Tests.Panels.AttachedPanelViewModelTests.Empty_lists_report_zero_visible_items" computerName="SOLA" duration="00:00:00.0004162" startTime="2026-08-31T17:31:24.1449763+08:00" endTime="2026-08-31T17:31:24.1449766+08:00" testType="13cdc9d9-ddb5-4fa4-a97d-d965ccfc6d4b" outcome="Passed" testListId="8c84fa94-04c1-424b-9868-57a2d4851a1d" relativeResultsDirectory="e4cb7f4f-f12b-4525-a536-3ac3aa2197ee" />
    <UnitTestResult executionId="f740c19e-9103-48fd-a871-fb79c7b53728" testId="2700f274-e050-3995-24e1-744609bfa369" testName="FgoPet.App.Tests.Settings.AgentConnectionSettingsViewModelTests.Administration_global_save_updates_runtime_without_overwriting_legacy_source_maps" computerName="SOLA" duration="00:00:00.8080366" startTime="2026-08-31T17:31:24.8925915+08:00" endTime="2026-08-31T17:31:24.8925916+08:00" testType="13cdc9d9-ddb5-4fa4-a97d-d965ccfc6d4b" outcome="Passed" testListId="8c84fa94-04c1-424b-9868-57a2d4851a1d" relativeResultsDirectory="f740c19e-9103-48fd-a871-fb79c7b53728" />
    <UnitTestResult executionId="b3cf5f28-d5fc-4ea3-b197-3f9d3d630ef7" testId="9ce8acff-b4c2-9992-a866-1b276c74c4a4" testName="FgoPet.App.Tests.Settings.PersonalizationViewModelTests.Initial_status_is_empty_until_an_action_produces_feedback" computerName="SOLA" duration="00:00:00.0024691" startTime="2026-08-31T17:31:24.8800424+08:00" endTime="2026-08-31T17:31:24.8800427+08:00" testType="13cdc9d9-ddb5-4fa4-a97d-d965ccfc6d4b" outcome="Passed" testListId="8c84fa94-04c1-424b-9868-57a2d4851a1d" relativeResultsDirectory="b3cf5f28-d5fc-4ea3-b197-3f9d3d630ef7" />
    <UnitTestResult executionId="ba18e2dd-d592-4f39-b080-982bb3242aa0" testId="64bc30e6-35d1-7060-1cab-c2f45c8c857a" testName="FgoPet.App.Tests.Privacy.UserDataControlTests.Deleting_conversation_keeps_approved_memory_but_all_data_deletion_removes_both" computerName="SOLA" duration="00:00:00.3319585" startTime="2026-08-31T17:31:25.4762979+08:00" endTime="2026-08-31T17:31:25.4762984+08:00" testType="13cdc9d9-ddb5-4fa4-a97d-d965ccfc6d4b" outcome="Passed" testListId="8c84fa94-04c1-424b-9868-57a2d4851a1d" relativeResultsDirectory="ba18e2dd-d592-4f39-b080-982bb3242aa0" />
    <UnitTestResult executionId="805a5499-aded-4bf1-a2df-4ba1f21bc896" testId="1efe04b5-9b7b-fcce-e6fd-12f8434752cc" testName="FgoPet.App.Tests.Focus.FocusSessionServiceTests.Restore_with_no_stored_session_stays_idle" computerName="SOLA" duration="00:00:00.0818968" startTime="2026-08-31T17:31:26.1570943+08:00" endTime="2026-08-31T17:31:26.1570948+08:00" testType="13cdc9d9-ddb5-4fa4-a97d-d965ccfc6d4b" outcome="Passed" testListId="8c84fa94-04c1-424b-9868-57a2d4851a1d" relativeResultsDirectory="805a5499-aded-4bf1-a2df-4ba1f21bc896" />
    <UnitTestResult executionId="9a9d301a-9b47-4c72-bc09-7042c25f87cd" testId="2f763279-e809-7e89-2d55-add435f3048f" testName="FgoPet.App.Tests.Windowing.PointerGestureRecognizerTests.Move_and_release_without_a_press_are_none" computerName="SOLA" duration="00:00:00.0001609" startTime="2026-08-31T17:31:23.8966102+08:00" endTime="2026-08-31T17:31:23.8966103+08:00" testType="13cdc9d9-ddb5-4fa4-a97d-d965ccfc6d4b" outcome="Passed" testListId="8c84fa94-04c1-424b-9868-57a2d4851a1d" relativeResultsDirectory="9a9d301a-9b47-4c72-bc09-7042c25f87cd" />
    <UnitTestResult executionId="b7ebafae-1dfa-4b03-8813-5bc324493d95" testId="1b84aea6-e48f-2415-5cea-dbdfa8f4f488" testName="FgoPet.App.Tests.Portraits.PortraitControllerTests.Loading_a_third_appearance_evicts_the_oldest_snapshot" computerName="SOLA" duration="00:00:00.0871512" startTime="2026-08-31T17:31:26.1069168+08:00" endTime="2026-08-31T17:31:26.1069172+08:00" testType="13cdc9d9-ddb5-4fa4-a97d-d965ccfc6d4b" outcome="Passed" testListId="8c84fa94-04c1-424b-9868-57a2d4851a1d" relativeResultsDirectory="b7ebafae-1dfa-4b03-8813-5bc324493d95" />
    <UnitTestResult executionId="ef7e17c0-639d-4211-bc0a-48a784d65a74" testId="f8b1a22c-0c8e-1382-8282-ded1277d2b65" testName="FgoPet.App.Tests.Settings.AgentConnectionSettingsViewModelTests.Administration_actions_use_source_instance_and_never_call_legacy_gateway_permissions" computerName="SOLA" duration="00:00:00.0277604" startTime="2026-08-31T17:31:24.9295450+08:00" endTime="2026-08-31T17:31:24.9295456+08:00" testType="13cdc9d9-ddb5-4fa4-a97d-d965ccfc6d4b" outcome="Passed" testListId="8c84fa94-04c1-424b-9868-57a2d4851a1d" relativeResultsDirectory="ef7e17c0-639d-4211-bc0a-48a784d65a74" />
    <UnitTestResult executionId="087eab64-3255-4a49-8159-b6dd8c3b195e" testId="bc8ce25f-af61-71cf-d550-f81267ebe757" testName="FgoPet.App.Tests.Services.AgentDispatchServiceTests.Offline_or_unconfirmed_dispatch_keeps_todo_planned" computerName="SOLA" duration="00:00:00.0011314" startTime="2026-08-31T17:31:24.8720115+08:00" endTime="2026-08-31T17:31:24.8720118+08:00" testType="13cdc9d9-ddb5-4fa4-a97d-d965ccfc6d4b" outcome="Passed" testListId="8c84fa94-04c1-424b-9868-57a2d4851a1d" relativeResultsDirectory="087eab64-3255-4a49-8159-b6dd8c3b195e" />
    <UnitTestResult executionId="77a55dfe-a836-43d7-8293-8a06143836d8" testId="43f6b72c-12e4-f61b-405f-2d9831bae88e" testName="FgoPet.App.Tests.Panels.Phase2AttachedPanelViewModelTests.Timer_commands_forward_to_the_focus_service" computerName="SOLA" duration="00:00:00.0007255" startTime="2026-08-31T17:31:24.1597329+08:00" endTime="2026-08-31T17:31:24.1597331+08:00" testType="13cdc9d9-ddb5-4fa4-a97d-d965ccfc6d4b" outcome="Passed" testListId="8c84fa94-04c1-424b-9868-57a2d4851a1d" relativeResultsDirectory="77a55dfe-a836-43d7-8293-8a06143836d8" />
    <UnitTestResult executionId="761523f0-8816-4266-854f-0c3055ca420e" testId="dced0250-c159-7687-15bd-c48257720f6c" testName="FgoPet.App.Tests.Services.AgentTaskNavigationServiceTests.Navigation_surfaces_capability_specific_safe_result(status: Exact, expected: &quot;已打开&quot;)" computerName="SOLA" duration="00:00:00.0000147" startTime="2026-08-31T17:31:23.8894446+08:00" endTime="2026-08-31T17:31:23.8894447+08:00" testType="13cdc9d9-ddb5-4fa4-a97d-d965ccfc6d4b" outcome="Passed" testListId="8c84fa94-04c1-424b-9868-57a2d4851a1d" relativeResultsDirectory="761523f0-8816-4266-854f-0c3055ca420e" />
    <UnitTestResult executionId="b4706929-5985-4cb4-8d2a-4192bd612e11" testId="391e9854-d660-afe7-51c9-6d21655a0673" testName="FgoPet.App.Tests.Archives.ArchiveDraftServiceTests.Draft_rejects_unfinished_todos" computerName="SOLA" duration="00:00:00.0004097" startTime="2026-08-31T17:31:24.1643673+08:00" endTime="2026-08-31T17:31:24.1643678+08:00" testType="13cdc9d9-ddb5-4fa4-a97d-d965ccfc6d4b" outcome="Passed" testListId="8c84fa94-04c1-424b-9868-57a2d4851a1d" relativeResultsDirectory="b4706929-5985-4cb4-8d2a-4192bd612e11" />
    <UnitTestResult executionId="9389864a-e894-47c6-8949-59ea3732c809" testId="80577cbe-03f1-146c-771d-b910623f79a8" testName="FgoPet.App.Tests.Services.AgentDispatchServiceTests.Accepted_dispatch_activates_todo_and_persists_execution" computerName="SOLA" duration="00:00:00.0013674" startTime="2026-08-31T17:31:24.8706813+08:00" endTime="2026-08-31T17:31:24.8706815+08:00" testType="13cdc9d9-ddb5-4fa4-a97d-d965ccfc6d4b" outcome="Passed" testListId="8c84fa94-04c1-424b-9868-57a2d4851a1d" relativeResultsDirectory="9389864a-e894-47c6-8949-59ea3732c809" />
    <UnitTestResult executionId="f1b89d13-d110-4add-b898-612965e604c9" testId="38ff0a63-8c11-e6e5-4833-7931c9e5587f" testName="FgoPet.App.Tests.Windowing.PointerGestureRecognizerTests.Release_without_moving_is_a_click" computerName="SOLA" duration="00:00:00.0045538" startTime="2026-08-31T17:31:23.8962927+08:00" endTime="2026-08-31T17:31:23.8962927+08:00" testType="13cdc9d9-ddb5-4fa4-a97d-d965ccfc6d4b" outcome="Passed" testListId="8c84fa94-04c1-424b-9868-57a2d4851a1d" relativeResultsDirectory="f1b89d13-d110-4add-b898-612965e604c9" />
    <UnitTestResult executionId="606730a2-02a4-42d7-b82d-dc620020a7e7" testId="3ddf50af-5b51-b777-8972-ce944e395b08" testName="FgoPet.App.Tests.Panels.Phase2AttachedPanelViewModelTests.Custom_summary_excludes_the_break_after_the_last_cycle" computerName="SOLA" duration="00:00:00.0017885" startTime="2026-08-31T17:31:24.1556690+08:00" endTime="2026-08-31T17:31:24.1556695+08:00" testType="13cdc9d9-ddb5-4fa4-a97d-d965ccfc6d4b" outcome="Passed" testListId="8c84fa94-04c1-424b-9868-57a2d4851a1d" relativeResultsDirectory="606730a2-02a4-42d7-b82d-dc620020a7e7" />
    <UnitTestResult executionId="e4f403e6-5ab9-4ddf-bee3-915784291732" testId="1f30fcdb-4e7e-d81b-d0c0-290f0150d858" testName="FgoPet.App.Tests.Settings.ModelConnectionViewModelTests.Provider_catalog_exposes_provider_and_model_labels_for_status" computerName="SOLA" duration="00:00:00.0009962" startTime="2026-08-31T17:31:24.8411921+08:00" endTime="2026-08-31T17:31:24.8411927+08:00" testType="13cdc9d9-ddb5-4fa4-a97d-d965ccfc6d4b" outcome="Passed" testListId="8c84fa94-04c1-424b-9868-57a2d4851a1d" relativeResultsDirectory="e4f403e6-5ab9-4ddf-bee3-915784291732" />
    <UnitTestResult executionId="167366c8-6fe5-4b87-aac7-7c88fe795546" testId="94c7bd06-752d-b0ae-40a2-314010b30f70" testName="FgoPet.App.Tests.Focus.FocusSessionServiceTests.Stop_resets_to_idle_and_no_longer_takes_time" computerName="SOLA" duration="00:00:00.2603147" startTime="2026-08-31T17:31:25.6057436+08:00" endTime="2026-08-31T17:31:25.6057442+08:00" testType="13cdc9d9-ddb5-4fa4-a97d-d965ccfc6d4b" outcome="Passed" testListId="8c84fa94-04c1-424b-9868-57a2d4851a1d" relativeResultsDirectory="167366c8-6fe5-4b87-aac7-7c88fe795546" />
    <UnitTestResult executionId="3499e4dd-0850-4aa9-82c3-adf5f7cd555c" testId="46efe8fc-e615-ec78-e097-0e63a68b0c03" testName="FgoPet.App.Tests.Panels.Phase2AttachedPanelViewModelTests.Start_focus_uses_the_selected_builtin_preset_and_current_servant" computerName="SOLA" duration="00:00:00.0006168" startTime="2026-08-31T17:31:24.1682833+08:00" endTime="2026-08-31T17:31:24.1682834+08:00" testType="13cdc9d9-ddb5-4fa4-a97d-d965ccfc6d4b" outcome="Passed" testListId="8c84fa94-04c1-424b-9868-57a2d4851a1d" relativeResultsDirectory="3499e4dd-0850-4aa9-82c3-adf5f7cd555c" />
    <UnitTestResult executionId="46c7eebc-ae68-4ca8-9723-ecb013d88fb3" testId="3b105969-9582-832b-f2a0-66e8c35ee9eb" testName="FgoPet.App.Tests.Settings.ModelConnectionViewModelTests.Selecting_provider_updates_its_default_endpoint_and_model" computerName="SOLA" duration="00:00:00.0001579" startTime="2026-08-31T17:31:24.8445031+08:00" endTime="2026-08-31T17:31:24.8445034+08:00" testType="13cdc9d9-ddb5-4fa4-a97d-d965ccfc6d4b" outcome="Passed" testListId="8c84fa94-04c1-424b-9868-57a2d4851a1d" relativeResultsDirectory="46c7eebc-ae68-4ca8-9723-ecb013d88fb3" />
    <UnitTestResult executionId="ced3ef80-34ed-433a-b6b1-b4aebccf2a8b" testId="23b6f922-2059-d19a-7e3f-86d56c2d0812" testName="FgoPet.App.Tests.Memory.ConversationSummaryServiceTests.Summary_is_created_only_after_threshold_and_is_bounded" computerName="SOLA" duration="00:00:02.2959782" startTime="2026-08-31T17:31:25.5456396+08:00" endTime="2026-08-31T17:31:25.5456401+08:00" testType="13cdc9d9-ddb5-4fa4-a97d-d965ccfc6d4b" outcome="Passed" testListId="8c84fa94-04c1-424b-9868-57a2d4851a1d" relativeResultsDirectory="ced3ef80-34ed-433a-b6b1-b4aebccf2a8b" />
    <UnitTestResult executionId="6e10c71f-bef0-411e-b350-57dc6b65d039" testId="eec84dd2-b9cc-f325-3d35-901e9f4964af" testName="FgoPet.App.Tests.Settings.ModelConnectionViewModelTests.Save_raises_connection_saved_after_persisting_metadata" computerName="SOLA" duration="00:00:00.0014534" startTime="2026-08-31T17:31:24.8429785+08:00" endTime="2026-08-31T17:31:24.8429792+08:00" testType="13cdc9d9-ddb5-4fa4-a97d-d965ccfc6d4b" outcome="Passed" testListId="8c84fa94-04c1-424b-9868-57a2d4851a1d" relativeResultsDirectory="6e10c71f-bef0-411e-b350-57dc6b65d039" />
    <UnitTestResult executionId="135a5192-7ce6-452a-bb1b-c060473e7e08" testId="87d1cf0a-9cf0-e755-3b73-ce820c5602d2" testName="FgoPet.App.Tests.Services.AgentDispatchServiceTests.Production_dispatch_uses_one_authorized_instance_or_requires_explicit_selection(count: 1, instance: null, expected: Accepted)" computerName="SOLA" duration="00:00:00.0006005" startTime="2026-08-31T17:31:24.8697806+08:00" endTime="2026-08-31T17:31:24.8697810+08:00" testType="13cdc9d9-ddb5-4fa4-a97d-d965ccfc6d4b" outcome="Passed" testListId="8c84fa94-04c1-424b-9868-57a2d4851a1d" relativeResultsDirectory="135a5192-7ce6-452a-bb1b-c060473e7e08" />
    <UnitTestResult executionId="7623863a-3fc8-482c-9494-e832ea3a1ffc" testId="30653297-9f92-0251-dca4-ef32e650d907" testName="FgoPet.App.Tests.Portraits.BitmapAssetLoaderTests.LoadValidated_releases_file_handles" computerName="SOLA" duration="00:00:00.1163580" startTime="2026-08-31T17:31:25.7555412+08:00" endTime="2026-08-31T17:31:25.7555417+08:00" testType="13cdc9d9-ddb5-4fa4-a97d-d965ccfc6d4b" outcome="Passed" testListId="8c84fa94-04c1-424b-9868-57a2d4851a1d" relativeResultsDirectory="7623863a-3fc8-482c-9494-e832ea3a1ffc" />
    <UnitTestResult executionId="f7b35bc2-2ec1-4cb9-87b9-77f494ad407d" testId="ccb8b907-a471-8534-9bfc-ba103137a711" testName="FgoPet.App.Tests.Dialogue.ConversationViewModelPresentationTests.Open_settings_command_requests_the_model_connection_route_without_owning_a_window" computerName="SOLA" duration="00:00:00.1248357" startTime="2026-08-31T17:31:25.2546325+08:00" endTime="2026-08-31T17:31:25.2546330+08:00" testType="13cdc9d9-ddb5-4fa4-a97d-d965ccfc6d4b" outcome="Passed" testListId="8c84fa94-04c1-424b-9868-57a2d4851a1d" relativeResultsDirectory="f7b35bc2-2ec1-4cb9-87b9-77f494ad407d" />
    <UnitTestResult executionId="aece7b6d-dd52-42ce-9cb8-bb33664fc9ae" testId="f00ef710-d3ea-60be-15b3-203af93e06b8" testName="FgoPet.App.Tests.Panels.RecentServantSwitcherViewModelTests.The_switcher_caps_at_five_and_evicts_the_oldest" computerName="SOLA" duration="00:00:00.0003985" startTime="2026-08-31T17:31:24.1527449+08:00" endTime="2026-08-31T17:31:24.1527451+08:00" testType="13cdc9d9-ddb5-4fa4-a97d-d965ccfc6d4b" outcome="Passed" testListId="8c84fa94-04c1-424b-9868-57a2d4851a1d" relativeResultsDirectory="aece7b6d-dd52-42ce-9cb8-bb33664fc9ae" />
    <UnitTestResult executionId="d4075308-eb94-4053-846d-1dc031bddc35" testId="6c3b5f3a-2034-3bb6-111b-863ead4be4a3" testName="FgoPet.App.Tests.Settings.PersonalizationViewModelTests.Changing_scale_topmost_and_auto_collapse_round_trips_without_touching_profile_or_servant_preferences" computerName="SOLA" duration="00:00:00.0003141" startTime="2026-08-31T17:31:24.8825213+08:00" endTime="2026-08-31T17:31:24.8825218+08:00" testType="13cdc9d9-ddb5-4fa4-a97d-d965ccfc6d4b" outcome="Passed" testListId="8c84fa94-04c1-424b-9868-57a2d4851a1d" relativeResultsDirectory="d4075308-eb94-4053-846d-1dc031bddc35" />
    <UnitTestResult executionId="7b6ab40f-a65a-4652-b9cc-9224cf545eda" testId="34654ab6-f12f-f909-1297-6e214cab238f" testName="FgoPet.App.Tests.Portraits.PortraitControllerTests.ApplyDpi_recomputes_all_geometry_without_changing_selection_or_scale" computerName="SOLA" duration="00:00:00.0369429" startTime="2026-08-31T17:31:25.9297194+08:00" endTime="2026-08-31T17:31:25.9297199+08:00" testType="13cdc9d9-ddb5-4fa4-a97d-d965ccfc6d4b" outcome="Passed" testListId="8c84fa94-04c1-424b-9868-57a2d4851a1d" relativeResultsDirectory="7b6ab40f-a65a-4652-b9cc-9224cf545eda" />
    <UnitTestResult executionId="85fec28b-63c2-423d-9f84-6f26f3ad383e" testId="0b07957f-4bc5-0e11-c602-609d76cccbde" testName="FgoPet.App.Tests.Panels.Phase2AttachedPanelViewModelTests.TodayClick_expands_today_and_updates_state" computerName="SOLA" duration="00:00:00.0002175" startTime="2026-08-31T17:31:24.1679902+08:00" endTime="2026-08-31T17:31:24.1679902+08:00" testType="13cdc9d9-ddb5-4fa4-a97d-d965ccfc6d4b" outcome="Passed" testListId="8c84fa94-04c1-424b-9868-57a2d4851a1d" relativeResultsDirectory="85fec28b-63c2-423d-9f84-6f26f3ad383e" />
    <UnitTestResult executionId="5f5fb9dd-07ce-4b53-82b3-20b22ad2b677" testId="0f5a8d89-ed5d-3518-3ad4-4a2887ff32d6" testName="FgoPet.App.Tests.Main.AttachedPanelVisualMetricsTests.Compact_timer_and_message_have_explicit_minimum_budgets" computerName="SOLA" duration="00:00:00.0002390" startTime="2026-08-31T17:31:24.0663163+08:00" endTime="2026-08-31T17:31:24.0663166+08:00" testType="13cdc9d9-ddb5-4fa4-a97d-d965ccfc6d4b" outcome="Passed" testListId="8c84fa94-04c1-424b-9868-57a2d4851a1d" relativeResultsDirectory="5f5fb9dd-07ce-4b53-82b3-20b22ad2b677" />
    <UnitTestResult executionId="7415d40b-e722-4163-a472-405701425c93" testId="b20a9052-ab4c-e357-f87c-1f3050224e88" testName="FgoPet.App.Tests.Focus.FocusSessionServiceTests.Focus_boundary_persists_the_completion_transaction_and_starts_break" computerName="SOLA" duration="00:00:00.0850141" startTime="2026-08-31T17:31:26.4683027+08:00" endTime="2026-08-31T17:31:26.4683033+08:00" testType="13cdc9d9-ddb5-4fa4-a97d-d965ccfc6d4b" outcome="Passed" testListId="8c84fa94-04c1-424b-9868-57a2d4851a1d" relativeResultsDirectory="7415d40b-e722-4163-a472-405701425c93" />
    <UnitTestResult executionId="1ad51e40-1dda-410f-8185-0fea04809664" testId="fd76161d-4e6d-4dc6-c17b-faf62aecc133" testName="FgoPet.App.Tests.Portraits.PortraitControllerTests.ActivateAsync_keeps_running_when_last_known_good_persistence_is_unavailable" computerName="SOLA" duration="00:00:01.1363737" startTime="2026-08-31T17:31:25.4518903+08:00" endTime="2026-08-31T17:31:25.4518906+08:00" testType="13cdc9d9-ddb5-4fa4-a97d-d965ccfc6d4b" outcome="Passed" testListId="8c84fa94-04c1-424b-9868-57a2d4851a1d" relativeResultsDirectory="1ad51e40-1dda-410f-8185-0fea04809664" />
    <UnitTestResult executionId="88575ddf-6f10-48ba-b844-0ad450dd72f4" testId="833114d3-e424-629c-98d3-339adda04578" testName="FgoPet.App.Tests.ViewModels.TodoProposalViewModelTests.Confirming_a_proposal_is_the_only_operation_that_writes_a_todo" computerName="SOLA" duration="00:00:00.8281912" startTime="2026-08-31T17:31:24.0795072+08:00" endTime="2026-08-31T17:31:24.0795077+08:00" testType="13cdc9d9-ddb5-4fa4-a97d-d965ccfc6d4b" outcome="Passed" testListId="8c84fa94-04c1-424b-9868-57a2d4851a1d" relativeResultsDirectory="88575ddf-6f10-48ba-b844-0ad450dd72f4" />
    <UnitTestResult executionId="2c4bd8a4-6ecf-4e7f-8b8a-a7e06131e8b1" testId="d6acf980-c0ee-91ba-d9cf-7a427ac683c5" testName="FgoPet.App.Tests.Portraits.PortraitSnapshotCacheTests.Put_and_TryGet_roundtrip_two_snapshots" computerName="SOLA" duration="00:00:00.0001574" startTime="2026-08-31T17:31:24.8503524+08:00" endTime="2026-08-31T17:31:24.8503525+08:00" testType="13cdc9d9-ddb5-4fa4-a97d-d965ccfc6d4b" outcome="Passed" testListId="8c84fa94-04c1-424b-9868-57a2d4851a1d" relativeResultsDirectory="2c4bd8a4-6ecf-4e7f-8b8a-a7e06131e8b1" />
    <UnitTestResult executionId="0b0eb55c-4f6d-4223-8acd-fd016b408a9a" testId="5182322a-3de4-e78f-2b2a-54ce79fcfcad" testName="FgoPet.App.Tests.Panels.AttachedPanelLayoutIntegrationTests.The_expanded_panel_never_intercepts_an_empty_work_area" computerName="SOLA" duration="00:00:00.0093185" startTime="2026-08-31T17:31:24.0768533+08:00" endTime="2026-08-31T17:31:24.0768538+08:00" testType="13cdc9d9-ddb5-4fa4-a97d-d965ccfc6d4b" outcome="Passed" testListId="8c84fa94-04c1-424b-9868-57a2d4851a1d" relativeResultsDirectory="0b0eb55c-4f6d-4223-8acd-fd016b408a9a" />
    <UnitTestResult executionId="4aad8a66-834b-4013-8bf9-52347e334488" testId="ff83fd4f-1e53-91f3-91d5-7ab599db791e" testName="FgoPet.App.Tests.Framework.ArchitectureTests.Production_container_resolves_the_application_shell" computerName="SOLA" duration="00:00:02.2146606" startTime="2026-08-31T17:31:26.2380871+08:00" endTime="2026-08-31T17:31:26.2380878+08:00" testType="13cdc9d9-ddb5-4fa4-a97d-d965ccfc6d4b" outcome="Passed" testListId="8c84fa94-04c1-424b-9868-57a2d4851a1d" relativeResultsDirectory="4aad8a66-834b-4013-8bf9-52347e334488" />
    <UnitTestResult executionId="1d89895a-f4fd-464b-a9ea-f318a994b16c" testId="c8ee66b1-6fee-b545-9531-9244f6bb87d9" testName="FgoPet.App.Tests.Feedback.EventFeedbackSelectorTests.Consecutive_matching_events_choose_different_candidates" computerName="SOLA" duration="00:00:00.0020390" startTime="2026-08-31T17:31:24.1691215+08:00" endTime="2026-08-31T17:31:24.1691217+08:00" testType="13cdc9d9-ddb5-4fa4-a97d-d965ccfc6d4b" outcome="Passed" testListId="8c84fa94-04c1-424b-9868-57a2d4851a1d" relativeResultsDirectory="1d89895a-f4fd-464b-a9ea-f318a994b16c" />
    <UnitTestResult executionId="e9b1e16c-5328-49cd-887b-c651fa2f8952" testId="879c1dad-95fa-5e08-431e-025a244a0dcd" testName="FgoPet.App.Tests.Portraits.PortraitSnapshotCacheTests.Third_put_evicts_the_oldest_snapshot" computerName="SOLA" duration="00:00:00.9812167" startTime="2026-08-31T17:31:24.8497149+08:00" endTime="2026-08-31T17:31:24.8497154+08:00" testType="13cdc9d9-ddb5-4fa4-a97d-d965ccfc6d4b" outcome="Passed" testListId="8c84fa94-04c1-424b-9868-57a2d4851a1d" relativeResultsDirectory="e9b1e16c-5328-49cd-887b-c651fa2f8952" />
    <UnitTestResult executionId="7e51783b-415f-40a2-9261-53ca0541e956" testId="ea25539f-79c5-b64a-0d2f-9906d4bea7ff" testName="FgoPet.App.Tests.Bootstrap.PacklessStartupTests.Decide_returns_SmokeTest_for_the_smoke_flag" computerName="SOLA" duration="00:00:00.0001899" startTime="2026-08-31T17:31:24.8925151+08:00" endTime="2026-08-31T17:31:24.8925152+08:00" testType="13cdc9d9-ddb5-4fa4-a97d-d965ccfc6d4b" outcome="Passed" testListId="8c84fa94-04c1-424b-9868-57a2d4851a1d" relativeResultsDirectory="7e51783b-415f-40a2-9261-53ca0541e956" />
    <UnitTestResult executionId="52e40831-d1fd-44be-ada3-f7f4c0e8b2bd" testId="6cf3727d-9fff-f53c-ff61-01cb4ae4f466" testName="FgoPet.App.Tests.Feedback.EventFeedbackSelectorTests.Select_falls_back_to_the_package_default_locale" computerName="SOLA" duration="00:00:00.0002277" startTime="2026-08-31T17:31:24.1669826+08:00" endTime="2026-08-31T17:31:24.1669827+08:00" testType="13cdc9d9-ddb5-4fa4-a97d-d965ccfc6d4b" outcome="Passed" testListId="8c84fa94-04c1-424b-9868-57a2d4851a1d" relativeResultsDirectory="52e40831-d1fd-44be-ada3-f7f4c0e8b2bd" />
    <UnitTestResult executionId="5b0ae598-bad0-4894-a6a2-58b727f1a5fa" testId="3abd3768-fb72-993a-dc3d-a58384f9d275" testName="FgoPet.App.Tests.Feedback.EventFeedbackSelectorTests.Invalid_expression_values_map_to_default" computerName="SOLA" duration="00:00:00.0003273" startTime="2026-08-31T17:31:24.1695094+08:00" endTime="2026-08-31T17:31:24.1695095+08:00" testType="13cdc9d9-ddb5-4fa4-a97d-d965ccfc6d4b" outcome="Passed" testListId="8c84fa94-04c1-424b-9868-57a2d4851a1d" relativeResultsDirectory="5b0ae598-bad0-4894-a6a2-58b727f1a5fa" />
    <UnitTestResult executionId="a5f2d0f1-b6ee-4f90-a9df-062c0cfece85" testId="27dfcba8-6ca2-3085-4386-35c61b155850" testName="FgoPet.App.Tests.Servants.ServantLibraryViewModelTests.OpenPackFolder_resolves_and_opens_the_selected_pack_root" computerName="SOLA" duration="00:00:00.0129169" startTime="2026-08-31T17:31:23.9051024+08:00" endTime="2026-08-31T17:31:23.9051025+08:00" testType="13cdc9d9-ddb5-4fa4-a97d-d965ccfc6d4b" outcome="Passed" testListId="8c84fa94-04c1-424b-9868-57a2d4851a1d" relativeResultsDirectory="a5f2d0f1-b6ee-4f90-a9df-062c0cfece85" />
    <UnitTestResult executionId="bb40fe6f-91df-4c36-9400-2afc61b693fa" testId="b0890040-b0b7-3456-da52-bc6b009133d0" testName="FgoPet.App.Tests.Servants.ServantLibraryViewModelTests.Installing_refreshes_without_auto_activation" computerName="SOLA" duration="00:00:00.0140515" startTime="2026-08-31T17:31:23.9322894+08:00" endTime="2026-08-31T17:31:23.9322900+08:00" testType="13cdc9d9-ddb5-4fa4-a97d-d965ccfc6d4b" outcome="Passed" testListId="8c84fa94-04c1-424b-9868-57a2d4851a1d" relativeResultsDirectory="bb40fe6f-91df-4c36-9400-2afc61b693fa" />
    <UnitTestResult executionId="13f48cbf-d5ec-4310-871f-9db9421ff241" testId="c42d1314-fdbc-896a-5257-7d2c77d66917" testName="FgoPet.App.Tests.Windowing.AlphaHitTestServiceTests.IsHit_consults_the_current_expression_mask" computerName="SOLA" duration="00:00:00.0473632" startTime="2026-08-31T17:31:25.6156777+08:00" endTime="2026-08-31T17:31:25.6156782+08:00" testType="13cdc9d9-ddb5-4fa4-a97d-d965ccfc6d4b" outcome="Passed" testListId="8c84fa94-04c1-424b-9868-57a2d4851a1d" relativeResultsDirectory="13f48cbf-d5ec-4310-871f-9db9421ff241" />
    <UnitTestResult executionId="31d443f3-d0db-4191-b613-74e473b5b0a0" testId="0816257e-eb27-1779-3fde-f7437649958b" testName="FgoPet.App.Tests.ViewModels.AgentCurrentTaskViewModelTests.Shows_other_active_task_count_without_an_arbitrary_three_item_cap" computerName="SOLA" duration="00:00:00.0035145" startTime="2026-08-31T17:31:23.8935827+08:00" endTime="2026-08-31T17:31:23.8935828+08:00" testType="13cdc9d9-ddb5-4fa4-a97d-d965ccfc6d4b" outcome="Passed" testListId="8c84fa94-04c1-424b-9868-57a2d4851a1d" relativeResultsDirectory="31d443f3-d0db-4191-b613-74e473b5b0a0" />
    <UnitTestResult executionId="63913a29-1034-4fb4-b598-3bb17c2c00fd" testId="571b3d8b-e626-a88c-b683-d3a67ac68289" testName="FgoPet.App.Tests.Framework.ArchitectureTests.Production_projects_do_not_reference_SkiaSharp" computerName="SOLA" duration="00:00:00.0728811" startTime="2026-08-31T17:31:26.3111152+08:00" endTime="2026-08-31T17:31:26.3111158+08:00" testType="13cdc9d9-ddb5-4fa4-a97d-d965ccfc6d4b" outcome="Passed" testListId="8c84fa94-04c1-424b-9868-57a2d4851a1d" relativeResultsDirectory="63913a29-1034-4fb4-b598-3bb17c2c00fd" />
    <UnitTestResult executionId="36f6a2c3-301f-44bb-b956-a70e3633e37e" testId="50336bde-a0ed-3d9f-c81c-6314e90a4213" testName="FgoPet.App.Tests.Portraits.PortraitSnapshotCacheTests.TryGet_returns_null_for_missing" computerName="SOLA" duration="00:00:00.0000849" startTime="2026-08-31T17:31:24.8504574+08:00" endTime="2026-08-31T17:31:24.8504575+08:00" testType="13cdc9d9-ddb5-4fa4-a97d-d965ccfc6d4b" outcome="Passed" testListId="8c84fa94-04c1-424b-9868-57a2d4851a1d" relativeResultsDirectory="36f6a2c3-301f-44bb-b956-a70e3633e37e" />
    <UnitTestResult executionId="938daf14-0101-463a-9d11-f80f3422b397" testId="b53b0af6-34d6-2fd0-c6be-78b103b0fef8" testName="FgoPet.App.Tests.Portraits.PortraitControllerTests.SetScale_recomputes_geometry_and_rejects_invalid_scales" computerName="SOLA" duration="00:00:00.0770607" startTime="2026-08-31T17:31:25.7672320+08:00" endTime="2026-08-31T17:31:25.7672323+08:00" testType="13cdc9d9-ddb5-4fa4-a97d-d965ccfc6d4b" outcome="Passed" testListId="8c84fa94-04c1-424b-9868-57a2d4851a1d" relativeResultsDirectory="938daf14-0101-463a-9d11-f80f3422b397" />
    <UnitTestResult executionId="4f426247-126a-40c0-bbf4-4955ac11f201" testId="f72b44e5-24d2-f1e0-b4aa-e2e23385c637" testName="FgoPet.App.Tests.Panels.RecentServantSwitcherViewModelTests.The_switcher_appears_once_three_recent_servants_exist" computerName="SOLA" duration="00:00:00.0002859" startTime="2026-08-31T17:31:24.1531160+08:00" endTime="2026-08-31T17:31:24.1531162+08:00" testType="13cdc9d9-ddb5-4fa4-a97d-d965ccfc6d4b" outcome="Passed" testListId="8c84fa94-04c1-424b-9868-57a2d4851a1d" relativeResultsDirectory="4f426247-126a-40c0-bbf4-4955ac11f201" />
    <UnitTestResult executionId="a8ef7223-3f3f-431f-a9e3-289df78ddf22" testId="9cb26d54-d232-f774-2896-22d3d0dc0e23" testName="FgoPet.App.Tests.Settings.PersonalizationViewModelTests.Invalid_scale_is_rejected_without_persisting_an_unsupported_value" computerName="SOLA" duration="00:00:00.0007386" startTime="2026-08-31T17:31:24.8812034+08:00" endTime="2026-08-31T17:31:24.8812035+08:00" testType="13cdc9d9-ddb5-4fa4-a97d-d965ccfc6d4b" outcome="Passed" testListId="8c84fa94-04c1-424b-9868-57a2d4851a1d" relativeResultsDirectory="a8ef7223-3f3f-431f-a9e3-289df78ddf22" />
    <UnitTestResult executionId="286b846e-cda8-4372-a1e4-1abba1e77bdd" testId="864209f8-eaed-743e-a63b-dcad24508df0" testName="FgoPet.App.Tests.Framework.ArchitectureTests.Core_has_no_renderer_or_transparency_selectors" computerName="SOLA" duration="00:00:00.0822550" startTime="2026-08-31T17:31:23.8162227+08:00" endTime="2026-08-31T17:31:23.8162232+08:00" testType="13cdc9d9-ddb5-4fa4-a97d-d965ccfc6d4b" outcome="Passed" testListId="8c84fa94-04c1-424b-9868-57a2d4851a1d" relativeResultsDirectory="286b846e-cda8-4372-a1e4-1abba1e77bdd" />
    <UnitTestResult executionId="26ee7414-571e-4507-bd7d-6e376da7853f" testId="cc8fb03e-582d-bb49-3465-e9cbdb1145d9" testName="FgoPet.App.Tests.Settings.RolePackageDetailViewModelTests.Address_is_saved_only_under_the_stable_servant_id" computerName="SOLA" duration="00:00:00.0063068" startTime="2026-08-31T17:31:23.9036936+08:00" endTime="2026-08-31T17:31:23.9036942+08:00" testType="13cdc9d9-ddb5-4fa4-a97d-d965ccfc6d4b" outcome="Passed" testListId="8c84fa94-04c1-424b-9868-57a2d4851a1d" relativeResultsDirectory="26ee7414-571e-4507-bd7d-6e376da7853f" />
    <UnitTestResult executionId="89aeddac-fef9-40ef-903f-d850b73898ba" testId="45016324-56c9-417e-427a-450d74c79393" testName="FgoPet.App.Tests.Focus.FocusSessionServiceTests.Paused_snapshot_restores_as_paused" computerName="SOLA" duration="00:00:00.1032687" startTime="2026-08-31T17:31:26.0749258+08:00" endTime="2026-08-31T17:31:26.0749263+08:00" testType="13cdc9d9-ddb5-4fa4-a97d-d965ccfc6d4b" outcome="Passed" testListId="8c84fa94-04c1-424b-9868-57a2d4851a1d" relativeResultsDirectory="89aeddac-fef9-40ef-903f-d850b73898ba" />
    <UnitTestResult executionId="0086aa81-cb84-4fc3-8bd1-738e2688b3cc" testId="18e763fc-b1fd-4d19-58f2-53e870aaf429" testName="FgoPet.App.Tests.Dialogue.PromptComposerTests.Compose_truncates_ordinary_context_and_marks_prompt_truncated" computerName="SOLA" duration="00:00:00.0013508" startTime="2026-08-31T17:31:23.9167041+08:00" endTime="2026-08-31T17:31:23.9167045+08:00" testType="13cdc9d9-ddb5-4fa4-a97d-d965ccfc6d4b" outcome="Passed" testListId="8c84fa94-04c1-424b-9868-57a2d4851a1d" relativeResultsDirectory="0086aa81-cb84-4fc3-8bd1-738e2688b3cc" />
    <UnitTestResult executionId="b26efbd6-2f45-468c-901c-515143d935c5" testId="75e818a1-af6f-e4ef-410e-bc587a3ec1fd" testName="FgoPet.App.Tests.Services.AgentDispatchServiceTests.Production_dispatch_uses_one_authorized_instance_or_requires_explicit_selection(count: 2, instance: &quot;instance-2&quot;, expected: Accepted)" computerName="SOLA" duration="00:00:00.0083472" startTime="2026-08-31T17:31:24.8684489+08:00" endTime="2026-08-31T17:31:24.8684495+08:00" testType="13cdc9d9-ddb5-4fa4-a97d-d965ccfc6d4b" outcome="Passed" testListId="8c84fa94-04c1-424b-9868-57a2d4851a1d" relativeResultsDirectory="b26efbd6-2f45-468c-901c-515143d935c5" />
    <UnitTestResult executionId="d9e01be7-cb13-4d95-85e9-2f0e552e962c" testId="d97d2a23-6f35-adde-b13d-1c8bf6d18835" testName="FgoPet.App.Tests.Focus.FocusSessionServiceTests.SnapshotChanged_fires_on_commands_and_boundaries" computerName="SOLA" duration="00:00:00.0825083" startTime="2026-08-31T17:31:26.3147505+08:00" endTime="2026-08-31T17:31:26.3147510+08:00" testType="13cdc9d9-ddb5-4fa4-a97d-d965ccfc6d4b" outcome="Passed" testListId="8c84fa94-04c1-424b-9868-57a2d4851a1d" relativeResultsDirectory="d9e01be7-cb13-4d95-85e9-2f0e552e962c" />
    <UnitTestResult executionId="2a43cc36-9a27-4bc5-bcf3-5ec7e69981b4" testId="ede71797-e409-1594-868b-9d737fed6884" testName="FgoPet.App.Tests.ViewModels.TodoListViewModelTests.Todo_list_keeps_overflow_rows_for_the_existing_scroll_container" computerName="SOLA" duration="00:00:00.6177281" startTime="2026-08-31T17:31:23.8961796+08:00" endTime="2026-08-31T17:31:23.8961797+08:00" testType="13cdc9d9-ddb5-4fa4-a97d-d965ccfc6d4b" outcome="Passed" testListId="8c84fa94-04c1-424b-9868-57a2d4851a1d" relativeResultsDirectory="2a43cc36-9a27-4bc5-bcf3-5ec7e69981b4" />
    <UnitTestResult executionId="548f27aa-8002-4086-8696-a6da26e70a07" testId="db07b631-f076-f4b8-ab67-3e37ffd0a109" testName="FgoPet.App.Tests.ViewModels.AgentCurrentTaskViewModelTests.Shows_the_latest_active_task_and_attention_without_touching_focus_state" computerName="SOLA" duration="00:00:00.0004591" startTime="2026-08-31T17:31:23.8936866+08:00" endTime="2026-08-31T17:31:23.8936866+08:00" testType="13cdc9d9-ddb5-4fa4-a97d-d965ccfc6d4b" outcome="Passed" testListId="8c84fa94-04c1-424b-9868-57a2d4851a1d" relativeResultsDirectory="548f27aa-8002-4086-8696-a6da26e70a07" />
    <UnitTestResult executionId="01a8f1c6-1f03-4cd8-92b9-f208b5c7d88a" testId="971c8b90-4351-bf7f-9a92-d6ffb24cb7fc" testName="FgoPet.App.Tests.Settings.SettingsViewModelTests.Select_changes_the_active_section_and_header" computerName="SOLA" duration="00:00:00.0004454" startTime="2026-08-31T17:31:24.8802898+08:00" endTime="2026-08-31T17:31:24.8802900+08:00" testType="13cdc9d9-ddb5-4fa4-a97d-d965ccfc6d4b" outcome="Passed" testListId="8c84fa94-04c1-424b-9868-57a2d4851a1d" relativeResultsDirectory="01a8f1c6-1f03-4cd8-92b9-f208b5c7d88a" />
    <UnitTestResult executionId="1ba6d30d-c798-421c-b395-215047962276" testId="4d8d5e65-7e4a-6180-815b-af5662361b5a" testName="FgoPet.App.Tests.Servants.ServantLibraryViewModelTests.Activating_a_selected_appearance_preserves_every_other_settings_field" computerName="SOLA" duration="00:00:00.0108568" startTime="2026-08-31T17:31:23.8981988+08:00" endTime="2026-08-31T17:31:23.8981988+08:00" testType="13cdc9d9-ddb5-4fa4-a97d-d965ccfc6d4b" outcome="Passed" testListId="8c84fa94-04c1-424b-9868-57a2d4851a1d" relativeResultsDirectory="1ba6d30d-c798-421c-b395-215047962276" />
    <UnitTestResult executionId="d31658bd-934d-4414-8766-bb6df0e2f895" testId="217f4e16-8cdc-e913-5104-22dcc0d71f89" testName="FgoPet.App.Tests.Panels.AttachedPanelViewModelTests.Todo_click_expands_and_escape_steps_down_then_collapses" computerName="SOLA" duration="00:00:00.0002619" startTime="2026-08-31T17:31:24.1488641+08:00" endTime="2026-08-31T17:31:24.1488643+08:00" testType="13cdc9d9-ddb5-4fa4-a97d-d965ccfc6d4b" outcome="Passed" testListId="8c84fa94-04c1-424b-9868-57a2d4851a1d" relativeResultsDirectory="d31658bd-934d-4414-8766-bb6df0e2f895" />
    <UnitTestResult executionId="a1e74875-5438-4116-a311-a6f59ee77c5b" testId="5dfadddf-71f4-bbb0-a2d9-77b2960a3203" testName="FgoPet.App.Tests.Dialogue.ConversationOrchestratorTests.Send_persists_user_and_final_assistant_messages_with_context" computerName="SOLA" duration="00:00:01.3054607" startTime="2026-08-31T17:31:25.2512055+08:00" endTime="2026-08-31T17:31:25.2512058+08:00" testType="13cdc9d9-ddb5-4fa4-a97d-d965ccfc6d4b" outcome="Passed" testListId="8c84fa94-04c1-424b-9868-57a2d4851a1d" relativeResultsDirectory="a1e74875-5438-4116-a311-a6f59ee77c5b" />
    <UnitTestResult executionId="e998c9f8-0835-4e8d-8e14-2544d8cfc0b9" testId="87f860c4-15a2-621c-06a6-89aa08fbbbf9" testName="FgoPet.App.Tests.Portraits.PortraitViewTests.Load_draws_body_and_overlay_on_the_shared_geometry" computerName="SOLA" duration="00:00:00.0657220" startTime="2026-08-31T17:31:25.5909632+08:00" endTime="2026-08-31T17:31:25.5909639+08:00" testType="13cdc9d9-ddb5-4fa4-a97d-d965ccfc6d4b" outcome="Passed" testListId="8c84fa94-04c1-424b-9868-57a2d4851a1d" relativeResultsDirectory="e998c9f8-0835-4e8d-8e14-2544d8cfc0b9" />
    <UnitTestResult executionId="c4cb4be6-4fe3-430e-9010-481860719dbe" testId="eaf1253a-ce8b-eddd-524f-ccecdd23bf22" testName="FgoPet.App.Tests.Bootstrap.DesktopAppShellTests.Start_with_valid_selection_activates_and_shows_portrait" computerName="SOLA" duration="00:00:00.0079154" startTime="2026-08-31T17:31:23.8896206+08:00" endTime="2026-08-31T17:31:23.8896207+08:00" testType="13cdc9d9-ddb5-4fa4-a97d-d965ccfc6d4b" outcome="Passed" testListId="8c84fa94-04c1-424b-9868-57a2d4851a1d" relativeResultsDirectory="c4cb4be6-4fe3-430e-9010-481860719dbe" />
    <UnitTestResult executionId="9e76f0c6-a471-452d-9a46-a0a05885eeaf" testId="3be19a7f-af5a-4397-2812-192a35c34044" testName="FgoPet.App.Tests.Settings.UserProfileViewModelTests.Blank_display_name_clears_profile_without_touching_servant_preferences" computerName="SOLA" duration="00:00:00.0002326" startTime="2026-08-31T17:31:24.0833197+08:00" endTime="2026-08-31T17:31:24.0833199+08:00" testType="13cdc9d9-ddb5-4fa4-a97d-d965ccfc6d4b" outcome="Passed" testListId="8c84fa94-04c1-424b-9868-57a2d4851a1d" relativeResultsDirectory="9e76f0c6-a471-452d-9a46-a0a05885eeaf" />
    <UnitTestResult executionId="bc23be26-88be-4154-a8fb-973457d83320" testId="26ea433d-791b-b356-eb17-a45c215c3467" testName="FgoPet.App.Tests.Focus.FocusSessionServiceTests.Snapshots_are_saved_every_30_consumed_seconds_while_running" computerName="SOLA" duration="00:00:00.1845746" startTime="2026-08-31T17:31:25.3453964+08:00" endTime="2026-08-31T17:31:25.3453967+08:00" testType="13cdc9d9-ddb5-4fa4-a97d-d965ccfc6d4b" outcome="Passed" testListId="8c84fa94-04c1-424b-9868-57a2d4851a1d" relativeResultsDirectory="bc23be26-88be-4154-a8fb-973457d83320" />
    <UnitTestResult executionId="a5902b9f-7f13-4f09-97cf-79c72f4a8c2b" testId="0de51ed7-eab1-ac9f-2505-d461688792b3" testName="FgoPet.App.Tests.Main.AttachedPanelVisualMetricsTests.Terminal_panel_width_stays_within_the_approved_range(portraitWidth: 500, expected: 340)" computerName="SOLA" duration="00:00:00.0000147" startTime="2026-08-31T17:31:24.0671638+08:00" endTime="2026-08-31T17:31:24.0671639+08:00" testType="13cdc9d9-ddb5-4fa4-a97d-d965ccfc6d4b" outcome="Passed" testListId="8c84fa94-04c1-424b-9868-57a2d4851a1d" relativeResultsDirectory="a5902b9f-7f13-4f09-97cf-79c72f4a8c2b" />
    <UnitTestResult executionId="b86a167e-483c-496d-b1db-4b62b2179d95" testId="08be7dff-f22e-f088-d8a9-b2c50521e479" testName="FgoPet.App.Tests.Portraits.PortraitControllerTests.A_failed_candidate_preserves_the_old_state" computerName="SOLA" duration="00:00:00.0895933" startTime="2026-08-31T17:31:26.0194772+08:00" endTime="2026-08-31T17:31:26.0194775+08:00" testType="13cdc9d9-ddb5-4fa4-a97d-d965ccfc6d4b" outcome="Passed" testListId="8c84fa94-04c1-424b-9868-57a2d4851a1d" relativeResultsDirectory="b86a167e-483c-496d-b1db-4b62b2179d95" />
    <UnitTestResult executionId="92212746-1ade-4b84-a7ef-078b708cb6ee" testId="0bfb3330-8550-a5ab-10a8-523176b0d0d0" testName="FgoPet.App.Tests.Services.TodoApplicationServiceTests.Creating_a_todo_persists_it_without_selecting_or_dispatching_an_agent" computerName="SOLA" duration="00:00:00.5973141" startTime="2026-08-31T17:31:23.8484844+08:00" endTime="2026-08-31T17:31:23.8484847+08:00" testType="13cdc9d9-ddb5-4fa4-a97d-d965ccfc6d4b" outcome="Passed" testListId="8c84fa94-04c1-424b-9868-57a2d4851a1d" relativeResultsDirectory="92212746-1ade-4b84-a7ef-078b708cb6ee" />
    <UnitTestResult executionId="0f45f92f-3934-4cde-8449-e8a848173f8e" testId="22408350-53d0-2391-1b7a-59e7ebdf5453" testName="FgoPet.App.Tests.Settings.ModelConnectionViewModelTests.Save_with_invalid_metadata_reports_error_without_throwing" computerName="SOLA" duration="00:00:00.0010922" startTime="2026-08-31T17:31:24.8442040+08:00" endTime="2026-08-31T17:31:24.8442044+08:00" testType="13cdc9d9-ddb5-4fa4-a97d-d965ccfc6d4b" outcome="Passed" testListId="8c84fa94-04c1-424b-9868-57a2d4851a1d" relativeResultsDirectory="0f45f92f-3934-4cde-8449-e8a848173f8e" />
    <UnitTestResult executionId="0215a7bd-fe8a-48ed-84e3-37c1d72b7163" testId="fd0c597f-c179-098b-3b39-efb74bfb9f70" testName="FgoPet.App.Tests.Servants.ServantPreferenceTests.Address_preference_is_saved_by_servant_id" computerName="SOLA" duration="00:00:00.0043149" startTime="2026-08-31T17:31:24.0856463+08:00" endTime="2026-08-31T17:31:24.0856465+08:00" testType="13cdc9d9-ddb5-4fa4-a97d-d965ccfc6d4b" outcome="Passed" testListId="8c84fa94-04c1-424b-9868-57a2d4851a1d" relativeResultsDirectory="0215a7bd-fe8a-48ed-84e3-37c1d72b7163" />
    <UnitTestResult executionId="9498daef-f99d-401c-b35c-438e33651d10" testId="741e3466-433c-0d4c-d7f6-a9b3bc8f4f26" testName="FgoPet.App.Tests.Settings.RolePackageDetailViewModelTests.Appearance_activation_reuses_library_behavior_and_preserves_other_settings" computerName="SOLA" duration="00:00:00.0033756" startTime="2026-08-31T17:31:23.9042982+08:00" endTime="2026-08-31T17:31:23.9042987+08:00" testType="13cdc9d9-ddb5-4fa4-a97d-d965ccfc6d4b" outcome="Passed" testListId="8c84fa94-04c1-424b-9868-57a2d4851a1d" relativeResultsDirectory="9498daef-f99d-401c-b35c-438e33651d10" />
    <UnitTestResult executionId="4c764578-2b5e-4d85-8496-199a5b2390c2" testId="6e1da941-f90c-2331-a5fd-578869c29938" testName="FgoPet.App.Tests.Dialogue.ConversationOrchestratorTests.Conversation_open_settings_requests_model_connection_section" computerName="SOLA" duration="00:00:00.1163201" startTime="2026-08-31T17:31:25.7047615+08:00" endTime="2026-08-31T17:31:25.7047621+08:00" testType="13cdc9d9-ddb5-4fa4-a97d-d965ccfc6d4b" outcome="Passed" testListId="8c84fa94-04c1-424b-9868-57a2d4851a1d" relativeResultsDirectory="4c764578-2b5e-4d85-8496-199a5b2390c2" />
    <UnitTestResult executionId="78ad832d-0cca-4188-90bc-b8a7ae6ab327" testId="5b8ebca4-ca56-795e-7a92-13666b74249d" testName="FgoPet.App.Tests.Windowing.AlphaHitTestServiceTests.IsHit_is_true_on_an_opaque_body_pixel" computerName="SOLA" duration="00:00:00.0324200" startTime="2026-08-31T17:31:25.5681238+08:00" endTime="2026-08-31T17:31:25.5681245+08:00" testType="13cdc9d9-ddb5-4fa4-a97d-d965ccfc6d4b" outcome="Passed" testListId="8c84fa94-04c1-424b-9868-57a2d4851a1d" relativeResultsDirectory="78ad832d-0cca-4188-90bc-b8a7ae6ab327" />
    <UnitTestResult executionId="c47490a7-90a3-4719-9525-b66165d4b2cd" testId="d2ba85ac-e5c0-e730-03b5-93949f3275e2" testName="FgoPet.App.Tests.Settings.AgentConnectionSettingsViewModelTests.Saves_global_and_source_switches_without_touching_allowlist" computerName="SOLA" duration="00:00:00.0045996" startTime="2026-08-31T17:31:24.9377551+08:00" endTime="2026-08-31T17:31:24.9377557+08:00" testType="13cdc9d9-ddb5-4fa4-a97d-d965ccfc6d4b" outcome="Passed" testListId="8c84fa94-04c1-424b-9868-57a2d4851a1d" relativeResultsDirectory="c47490a7-90a3-4719-9525-b66165d4b2cd" />
[...]
    <TestEntry testId="ff83fd4f-1e53-91f3-91d5-7ab599db791e" executionId="4aad8a66-834b-4013-8bf9-52347e334488" testListId="8c84fa94-04c1-424b-9868-57a2d4851a1d" />
    <TestEntry testId="c8ee66b1-6fee-b545-9531-9244f6bb87d9" executionId="1d89895a-f4fd-464b-a9ea-f318a994b16c" testListId="8c84fa94-04c1-424b-9868-57a2d4851a1d" />
    <TestEntry testId="879c1dad-95fa-5e08-431e-025a244a0dcd" executionId="e9b1e16c-5328-49cd-887b-c651fa2f8952" testListId="8c84fa94-04c1-424b-9868-57a2d4851a1d" />
    <TestEntry testId="ea25539f-79c5-b64a-0d2f-9906d4bea7ff" executionId="7e51783b-415f-40a2-9261-53ca0541e956" testListId="8c84fa94-04c1-424b-9868-57a2d4851a1d" />
    <TestEntry testId="6cf3727d-9fff-f53c-ff61-01cb4ae4f466" executionId="52e40831-d1fd-44be-ada3-f7f4c0e8b2bd" testListId="8c84fa94-04c1-424b-9868-57a2d4851a1d" />
    <TestEntry testId="3abd3768-fb72-993a-dc3d-a58384f9d275" executionId="5b0ae598-bad0-4894-a6a2-58b727f1a5fa" testListId="8c84fa94-04c1-424b-9868-57a2d4851a1d" />
    <TestEntry testId="27dfcba8-6ca2-3085-4386-35c61b155850" executionId="a5f2d0f1-b6ee-4f90-a9df-062c0cfece85" testListId="8c84fa94-04c1-424b-9868-57a2d4851a1d" />
    <TestEntry testId="b0890040-b0b7-3456-da52-bc6b009133d0" executionId="bb40fe6f-91df-4c36-9400-2afc61b693fa" testListId="8c84fa94-04c1-424b-9868-57a2d4851a1d" />
    <TestEntry testId="c42d1314-fdbc-896a-5257-7d2c77d66917" executionId="13f48cbf-d5ec-4310-871f-9db9421ff241" testListId="8c84fa94-04c1-424b-9868-57a2d4851a1d" />
    <TestEntry testId="0816257e-eb27-1779-3fde-f7437649958b" executionId="31d443f3-d0db-4191-b613-74e473b5b0a0" testListId="8c84fa94-04c1-424b-9868-57a2d4851a1d" />
    <TestEntry testId="571b3d8b-e626-a88c-b683-d3a67ac68289" executionId="63913a29-1034-4fb4-b598-3bb17c2c00fd" testListId="8c84fa94-04c1-424b-9868-57a2d4851a1d" />
    <TestEntry testId="50336bde-a0ed-3d9f-c81c-6314e90a4213" executionId="36f6a2c3-301f-44bb-b956-a70e3633e37e" testListId="8c84fa94-04c1-424b-9868-57a2d4851a1d" />
    <TestEntry testId="b53b0af6-34d6-2fd0-c6be-78b103b0fef8" executionId="938daf14-0101-463a-9d11-f80f3422b397" testListId="8c84fa94-04c1-424b-9868-57a2d4851a1d" />
    <TestEntry testId="f72b44e5-24d2-f1e0-b4aa-e2e23385c637" executionId="4f426247-126a-40c0-bbf4-4955ac11f201" testListId="8c84fa94-04c1-424b-9868-57a2d4851a1d" />
    <TestEntry testId="9cb26d54-d232-f774-2896-22d3d0dc0e23" executionId="a8ef7223-3f3f-431f-a9e3-289df78ddf22" testListId="8c84fa94-04c1-424b-9868-57a2d4851a1d" />
    <TestEntry testId="864209f8-eaed-743e-a63b-dcad24508df0" executionId="286b846e-cda8-4372-a1e4-1abba1e77bdd" testListId="8c84fa94-04c1-424b-9868-57a2d4851a1d" />
    <TestEntry testId="cc8fb03e-582d-bb49-3465-e9cbdb1145d9" executionId="26ee7414-571e-4507-bd7d-6e376da7853f" testListId="8c84fa94-04c1-424b-9868-57a2d4851a1d" />
    <TestEntry testId="45016324-56c9-417e-427a-450d74c79393" executionId="89aeddac-fef9-40ef-903f-d850b73898ba" testListId="8c84fa94-04c1-424b-9868-57a2d4851a1d" />
    <TestEntry testId="18e763fc-b1fd-4d19-58f2-53e870aaf429" executionId="0086aa81-cb84-4fc3-8bd1-738e2688b3cc" testListId="8c84fa94-04c1-424b-9868-57a2d4851a1d" />
    <TestEntry testId="75e818a1-af6f-e4ef-410e-bc587a3ec1fd" executionId="b26efbd6-2f45-468c-901c-515143d935c5" testListId="8c84fa94-04c1-424b-9868-57a2d4851a1d" />
    <TestEntry testId="d97d2a23-6f35-adde-b13d-1c8bf6d18835" executionId="d9e01be7-cb13-4d95-85e9-2f0e552e962c" testListId="8c84fa94-04c1-424b-9868-57a2d4851a1d" />
    <TestEntry testId="ede71797-e409-1594-868b-9d737fed6884" executionId="2a43cc36-9a27-4bc5-bcf3-5ec7e69981b4" testListId="8c84fa94-04c1-424b-9868-57a2d4851a1d" />
    <TestEntry testId="db07b631-f076-f4b8-ab67-3e37ffd0a109" executionId="548f27aa-8002-4086-8696-a6da26e70a07" testListId="8c84fa94-04c1-424b-9868-57a2d4851a1d" />
    <TestEntry testId="971c8b90-4351-bf7f-9a92-d6ffb24cb7fc" executionId="01a8f1c6-1f03-4cd8-92b9-f208b5c7d88a" testListId="8c84fa94-04c1-424b-9868-57a2d4851a1d" />
    <TestEntry testId="4d8d5e65-7e4a-6180-815b-af5662361b5a" executionId="1ba6d30d-c798-421c-b395-215047962276" testListId="8c84fa94-04c1-424b-9868-57a2d4851a1d" />
    <TestEntry testId="217f4e16-8cdc-e913-5104-22dcc0d71f89" executionId="d31658bd-934d-4414-8766-bb6df0e2f895" testListId="8c84fa94-04c1-424b-9868-57a2d4851a1d" />
    <TestEntry testId="5dfadddf-71f4-bbb0-a2d9-77b2960a3203" executionId="a1e74875-5438-4116-a311-a6f59ee77c5b" testListId="8c84fa94-04c1-424b-9868-57a2d4851a1d" />
    <TestEntry testId="87f860c4-15a2-621c-06a6-89aa08fbbbf9" executionId="e998c9f8-0835-4e8d-8e14-2544d8cfc0b9" testListId="8c84fa94-04c1-424b-9868-57a2d4851a1d" />
    <TestEntry testId="eaf1253a-ce8b-eddd-524f-ccecdd23bf22" executionId="c4cb4be6-4fe3-430e-9010-481860719dbe" testListId="8c84fa94-04c1-424b-9868-57a2d4851a1d" />
    <TestEntry testId="3be19a7f-af5a-4397-2812-192a35c34044" executionId="9e76f0c6-a471-452d-9a46-a0a05885eeaf" testListId="8c84fa94-04c1-424b-9868-57a2d4851a1d" />
    <TestEntry testId="26ea433d-791b-b356-eb17-a45c215c3467" executionId="bc23be26-88be-4154-a8fb-973457d83320" testListId="8c84fa94-04c1-424b-9868-57a2d4851a1d" />
    <TestEntry testId="0de51ed7-eab1-ac9f-2505-d461688792b3" executionId="a5902b9f-7f13-4f09-97cf-79c72f4a8c2b" testListId="8c84fa94-04c1-424b-9868-57a2d4851a1d" />
    <TestEntry testId="08be7dff-f22e-f088-d8a9-b2c50521e479" executionId="b86a167e-483c-496d-b1db-4b62b2179d95" testListId="8c84fa94-04c1-424b-9868-57a2d4851a1d" />
    <TestEntry testId="0bfb3330-8550-a5ab-10a8-523176b0d0d0" executionId="92212746-1ade-4b84-a7ef-078b708cb6ee" testListId="8c84fa94-04c1-424b-9868-57a2d4851a1d" />
    <TestEntry testId="22408350-53d0-2391-1b7a-59e7ebdf5453" executionId="0f45f92f-3934-4cde-8449-e8a848173f8e" testListId="8c84fa94-04c1-424b-9868-57a2d4851a1d" />
    <TestEntry testId="fd0c597f-c179-098b-3b39-efb74bfb9f70" executionId="0215a7bd-fe8a-48ed-84e3-37c1d72b7163" testListId="8c84fa94-04c1-424b-9868-57a2d4851a1d" />
    <TestEntry testId="741e3466-433c-0d4c-d7f6-a9b3bc8f4f26" executionId="9498daef-f99d-401c-b35c-438e33651d10" testListId="8c84fa94-04c1-424b-9868-57a2d4851a1d" />
    <TestEntry testId="6e1da941-f90c-2331-a5fd-578869c29938" executionId="4c764578-2b5e-4d85-8496-199a5b2390c2" testListId="8c84fa94-04c1-424b-9868-57a2d4851a1d" />
    <TestEntry testId="5b8ebca4-ca56-795e-7a92-13666b74249d" executionId="78ad832d-0cca-4188-90bc-b8a7ae6ab327" testListId="8c84fa94-04c1-424b-9868-57a2d4851a1d" />
    <TestEntry testId="d2ba85ac-e5c0-e730-03b5-93949f3275e2" executionId="c47490a7-90a3-4719-9525-b66165d4b2cd" testListId="8c84fa94-04c1-424b-9868-57a2d4851a1d" />
    <TestEntry testId="89499221-7043-d737-b3b2-58271f4d7090" executionId="7350562e-5186-4145-a86d-2254720799a7" testListId="8c84fa94-04c1-424b-9868-57a2d4851a1d" />
    <TestEntry testId="46876774-81f6-5a23-b36f-a7fe43c30ed7" executionId="9721f38a-99c8-4e07-b7ef-c53e83e43fe5" testListId="8c84fa94-04c1-424b-9868-57a2d4851a1d" />
    <TestEntry testId="5cdbaa48-e347-945c-9dd6-9862d238cfc0" executionId="b168b5b2-8328-4202-9a00-776ccb4eb62d" testListId="8c84fa94-04c1-424b-9868-57a2d4851a1d" />
    <TestEntry testId="be96c06d-bea0-1e4d-fae3-c9f6817785b9" executionId="905c5032-5228-4549-b3da-4b15678917e3" testListId="8c84fa94-04c1-424b-9868-57a2d4851a1d" />
    <TestEntry testId="02ca1c20-56bf-5f69-be3d-749c4e10b7e2" executionId="61599a90-05b1-4ef7-8514-6768d6f165a0" testListId="8c84fa94-04c1-424b-9868-57a2d4851a1d" />
    <TestEntry testId="346cc01a-a8a8-9c01-45f5-869421819484" executionId="440ab4b6-a6c5-425a-a33b-68032f9b90b2" testListId="8c84fa94-04c1-424b-9868-57a2d4851a1d" />
    <TestEntry testId="d8965572-ccf5-ae09-e817-ac7217e454a2" executionId="a263264a-3523-47ec-905c-c24069a6643e" testListId="8c84fa94-04c1-424b-9868-57a2d4851a1d" />
    <TestEntry testId="c4352d51-f279-19b6-b7a2-6e0b4676f02e" executionId="4010d95a-b67b-4ad0-833a-9cbdbc91bf56" testListId="8c84fa94-04c1-424b-9868-57a2d4851a1d" />
    <TestEntry testId="48b2cb6d-bd8b-1f90-671e-b85bc86eb211" executionId="39f742a4-a104-4b98-a756-93254c955f18" testListId="8c84fa94-04c1-424b-9868-57a2d4851a1d" />
    <TestEntry testId="483dbd21-850f-122f-1fc2-c1f3690f4e4f" executionId="442bd665-7fa8-4e69-9ed4-e99b65a594de" testListId="8c84fa94-04c1-424b-9868-57a2d4851a1d" />
    <TestEntry testId="a34719c7-5f6d-4f65-2108-83c21fea95fe" executionId="433900ae-1c9c-4a34-af84-185c0e3a7abc" testListId="8c84fa94-04c1-424b-9868-57a2d4851a1d" />
    <TestEntry testId="75e1c8fc-df5c-270b-1ec2-61fa363775c8" executionId="72340897-1f76-43e4-8e11-8f6ff0d8abb0" testListId="8c84fa94-04c1-424b-9868-57a2d4851a1d" />
    <TestEntry testId="113b26f9-b10b-27c9-a0e9-2c259c938668" executionId="4c6dd927-2fa3-4711-8b73-e07eadab46ad" testListId="8c84fa94-04c1-424b-9868-57a2d4851a1d" />
    <TestEntry testId="fe421b8e-7193-9bbe-6286-88ed2083067c" executionId="57da3446-c29e-4d7d-a9bf-c0be356c88f5" testListId="8c84fa94-04c1-424b-9868-57a2d4851a1d" />
    <TestEntry testId="206abbb1-6d6d-b845-09ae-046286ff33b4" executionId="b818f42c-aa10-4ae9-8a2c-ff9265ce5504" testListId="8c84fa94-04c1-424b-9868-57a2d4851a1d" />
    <TestEntry testId="e3a4bd1f-a925-c6ac-d756-b28ce670bfe6" executionId="8d1b8260-3696-4846-b8ed-48e6d43f03ef" testListId="8c84fa94-04c1-424b-9868-57a2d4851a1d" />
    <TestEntry testId="30c54e1b-936f-5163-1a7b-9ea83dc7b7bc" executionId="d5e1ba7a-28de-49f1-a4ed-7fd4048cb1a2" testListId="8c84fa94-04c1-424b-9868-57a2d4851a1d" />
    <TestEntry testId="a2a1f94c-0814-5021-efd5-9da17cb11519" executionId="6dfc62f1-ebd5-41ae-85a7-d0b725d35503" testListId="8c84fa94-04c1-424b-9868-57a2d4851a1d" />
    <TestEntry testId="8a53d3f8-49b9-5701-015e-c9f0289f2fc4" executionId="82a06831-e6a4-4a06-acc9-4c337f9397bb" testListId="8c84fa94-04c1-424b-9868-57a2d4851a1d" />
    <TestEntry testId="842a4ad2-7621-76f3-aca2-f683969fe65c" executionId="6c1b1869-c3a7-45e3-9fe2-711876a2cc14" testListId="8c84fa94-04c1-424b-9868-57a2d4851a1d" />
    <TestEntry testId="6e584ba9-0b82-648e-062d-2314ba074502" executionId="af10ca13-464b-48ce-a293-184aab551ed4" testListId="8c84fa94-04c1-424b-9868-57a2d4851a1d" />
    <TestEntry testId="3fe5761d-7ad0-4255-2fea-f0f5899f49c9" executionId="6f3428c6-ffec-4378-a3b7-29e83cdabfef" testListId="8c84fa94-04c1-424b-9868-57a2d4851a1d" />
    <TestEntry testId="37fbb051-5d13-ec78-449d-876938bd4856" executionId="885adda8-2eb5-488e-9dc5-4295170474fc" testListId="8c84fa94-04c1-424b-9868-57a2d4851a1d" />
    <TestEntry testId="67491a72-daee-b360-9649-03c3099a6231" executionId="24d3f255-6d20-43cb-9bb5-713494aab50a" testListId="8c84fa94-04c1-424b-9868-57a2d4851a1d" />
    <TestEntry testId="e33af116-e85d-b68b-a1eb-10fa55eb160d" executionId="8565ef21-aaa6-42b3-b83b-9a7c56f3f11f" testListId="8c84fa94-04c1-424b-9868-57a2d4851a1d" />
    <TestEntry testId="2b52ed05-21da-4cd4-5262-a8b7ca39245f" executionId="8cd1d33e-914c-4648-9a6b-cf28335774e0" testListId="8c84fa94-04c1-424b-9868-57a2d4851a1d" />
    <TestEntry testId="27decd9f-121f-b76e-b415-9a56e87faa8c" executionId="f9dce2eb-0b07-478a-89f9-7af6771837e1" testListId="8c84fa94-04c1-424b-9868-57a2d4851a1d" />
    <TestEntry testId="046bee98-a9b8-f6b4-65b6-4d3bfbd3bfa9" executionId="4b09821d-c7f6-4974-b971-6f64185522a2" testListId="8c84fa94-04c1-424b-9868-57a2d4851a1d" />
    <TestEntry testId="80030f8b-ff68-e053-86ef-a3dfe1709635" executionId="287811f1-7fb4-4c6b-ac9c-878ebbb51c05" testListId="8c84fa94-04c1-424b-9868-57a2d4851a1d" />
    <TestEntry testId="77628c1c-525f-296f-639b-fb5aefbd78b5" executionId="ff61bf0b-2734-44f8-9605-dd7b724bc5a5" testListId="8c84fa94-04c1-424b-9868-57a2d4851a1d" />
    <TestEntry testId="d00eb95c-687f-227c-7b65-f898c48ae998" executionId="20a87cea-4611-4591-aba4-2bff611fc35d" testListId="8c84fa94-04c1-424b-9868-57a2d4851a1d" />
    <TestEntry testId="b3acb45f-90ee-a41a-2890-b7c128d66fc8" executionId="4f8e8538-35b3-4c03-8e44-ded0029e7f72" testListId="8c84fa94-04c1-424b-9868-57a2d4851a1d" />
    <TestEntry testId="be85fa33-51c3-b9bf-14d8-b7a193d40323" executionId="e195501b-316a-4cb5-abc8-8f08a4b90c37" testListId="8c84fa94-04c1-424b-9868-57a2d4851a1d" />
    <TestEntry testId="ee642d4e-c1f4-1cf9-68ec-b84f3108c164" executionId="9133c812-ec29-47b6-9a4b-cd9d7a172a0a" testListId="8c84fa94-04c1-424b-9868-57a2d4851a1d" />
    <TestEntry testId="bf19c128-d92d-91d8-10db-0ea3dcabe54b" executionId="198e3493-603a-4e2e-a5c1-ef23ff339218" testListId="8c84fa94-04c1-424b-9868-57a2d4851a1d" />
    <TestEntry testId="2147b953-07b1-8ced-b45b-5640d572d755" executionId="803b5630-ed20-4c24-8cd0-f63b118a3e59" testListId="8c84fa94-04c1-424b-9868-57a2d4851a1d" />
    <TestEntry testId="defef9e3-4656-9017-4113-3d2215f861ab" executionId="300ed524-9a32-41b9-b716-27ec60daa175" testListId="8c84fa94-04c1-424b-9868-57a2d4851a1d" />
    <TestEntry testId="d8dd80bb-f8ea-5957-84cc-a175f2fbbe3e" executionId="8613baf1-5777-405a-890c-ac7162a904f3" testListId="8c84fa94-04c1-424b-9868-57a2d4851a1d" />
    <TestEntry testId="bf69b72e-0799-978a-b288-9c55e86aa0aa" executionId="261facec-6ee4-4cee-bded-933ded2197ef" testListId="8c84fa94-04c1-424b-9868-57a2d4851a1d" />
    <TestEntry testId="13dcb9aa-12cd-abcb-0583-7bcabbe0ef60" executionId="1865565a-71bc-439e-af9c-7445b0c43c47" testListId="8c84fa94-04c1-424b-9868-57a2d4851a1d" />
    <TestEntry testId="c2ed8c05-934d-87a7-762a-2727f998f372" executionId="39fc515a-b2d8-45d8-910a-1f59d04f4b58" testListId="8c84fa94-04c1-424b-9868-57a2d4851a1d" />
    <TestEntry testId="4029cc0d-c697-b008-e841-a731002598f4" executionId="b2036a5c-5208-48d1-9489-16d8a5f24b5f" testListId="8c84fa94-04c1-424b-9868-57a2d4851a1d" />
    <TestEntry testId="02179334-7239-1fe7-430d-24b7cf4fe1d5" executionId="8cf77649-53a4-49d8-9165-7cded41982dd" testListId="8c84fa94-04c1-424b-9868-57a2d4851a1d" />
    <TestEntry testId="5fbd8d48-b114-067b-5f4c-7709890a942c" executionId="ca57db93-36c0-4cd4-8b4a-e2096558d6e6" testListId="8c84fa94-04c1-424b-9868-57a2d4851a1d" />
    <TestEntry testId="ea709507-db46-17fd-363d-f21565d2e1ae" executionId="ebf9a680-d4fc-48ec-89a5-0c9c9946b433" testListId="8c84fa94-04c1-424b-9868-57a2d4851a1d" />
    <TestEntry testId="e629f4a1-7427-a56f-215c-85e258cfe0d4" executionId="76088103-454d-4548-9c54-3c10f80e7877" testListId="8c84fa94-04c1-424b-9868-57a2d4851a1d" />
    <TestEntry testId="3b8f931c-2551-8962-ff0b-595221e9ff38" executionId="cb3abe49-047e-4273-97b7-d35302da7b7b" testListId="8c84fa94-04c1-424b-9868-57a2d4851a1d" />
    <TestEntry testId="3fc42483-40a4-f1f5-876c-eccaa41836f4" executionId="fc04513f-0e98-4b46-86dc-0f684c51e93b" testListId="8c84fa94-04c1-424b-9868-57a2d4851a1d" />
    <TestEntry testId="ff18b669-ee36-3d4f-4be1-397e788d5af0" executionId="92ff9e2e-3321-433e-b4fa-f2e17b02456c" testListId="8c84fa94-04c1-424b-9868-57a2d4851a1d" />
    <TestEntry testId="bdf1761e-976e-5ce2-726a-187e86362874" executionId="c0962ae7-b386-4664-bcd0-f22e792daec0" testListId="8c84fa94-04c1-424b-9868-57a2d4851a1d" />
    <TestEntry testId="ee2be989-2f30-3c54-727c-2baee6214eb9" executionId="3be536d5-e780-4fd0-b413-89ce775891d9" testListId="8c84fa94-04c1-424b-9868-57a2d4851a1d" />
    <TestEntry testId="ec8a51c7-09b3-0ea0-b7f4-9766bd1f06b7" executionId="9b2f8ff7-d970-44e9-8604-7b27611abbd0" testListId="8c84fa94-04c1-424b-9868-57a2d4851a1d" />
    <TestEntry testId="fe299fbf-7751-0434-937d-d103598db03f" executionId="b27310dd-af8c-4acb-842e-d16da661c2fd" testListId="8c84fa94-04c1-424b-9868-57a2d4851a1d" />
    <TestEntry testId="165b6de7-5afd-3ab7-15f4-acc27d5ada77" executionId="74e8d2cc-79b8-4738-ad9c-b4dbdccbf48c" testListId="8c84fa94-04c1-424b-9868-57a2d4851a1d" />
    <TestEntry testId="b1d5d490-890e-2ae5-1f4e-7d722928f5d1" executionId="6a6d80e3-d1f4-441c-9dce-e40cb045c41e" testListId="8c84fa94-04c1-424b-9868-57a2d4851a1d" />
    <TestEntry testId="57533fa8-e4ef-075a-825d-2b899c060714" executionId="a1d82f2c-6348-4154-a723-5a6ab7efa6e5" testListId="8c84fa94-04c1-424b-9868-57a2d4851a1d" />
    <TestEntry testId="16765691-66e2-370a-0349-356795f8e27a" executionId="62fa30ba-3763-416e-b50c-d9769b785312" testListId="8c84fa94-04c1-424b-9868-57a2d4851a1d" />
    <TestEntry testId="ba0a15e3-b86e-10c1-78df-18e1648fe498" executionId="9039db19-5b94-4387-8298-13963dad8278" testListId="8c84fa94-04c1-424b-9868-57a2d4851a1d" />
    <TestEntry testId="07980fde-7c38-cee8-a879-05ed1a522f84" executionId="b73040b2-4ade-441a-89f7-16093e9c537f" testListId="8c84fa94-04c1-424b-9868-57a2d4851a1d" />
    <TestEntry testId="a2f399df-c805-9d35-3ae0-dad71643c988" executionId="8f0b88ec-29a7-400a-9b3e-c4c80d3f3f76" testListId="8c84fa94-04c1-424b-9868-57a2d4851a1d" />
    <TestEntry testId="a676d930-0c19-7fa8-e3b1-ee43275ac59e" executionId="f0ad0242-59f5-44a0-8a76-67da7388338d" testListId="8c84fa94-04c1-424b-9868-57a2d4851a1d" />
    <TestEntry testId="1f0522cc-6d8f-a602-7bed-cfa4bafb9cd5" executionId="404fade0-c7f1-48d4-ba72-03a145f5235a" testListId="8c84fa94-04c1-424b-9868-57a2d4851a1d" />
    <TestEntry testId="e831391e-70af-94e1-a128-f72542e5a708" executionId="e37118f8-d461-4ca9-84b6-dc6f36626955" testListId="8c84fa94-04c1-424b-9868-57a2d4851a1d" />
    <TestEntry testId="a5564152-18a9-22a4-cb37-f7094dcd794d" executionId="9198add0-4285-4521-97de-44a7721df3da" testListId="8c84fa94-04c1-424b-9868-57a2d4851a1d" />
    <TestEntry testId="398f084a-5b94-b703-3073-aad67fc25610" executionId="f0a33760-f71f-4c76-a1b1-8e399942bc6b" testListId="8c84fa94-04c1-424b-9868-57a2d4851a1d" />
    <TestEntry testId="8326f894-5f3f-a78a-b7a4-af5237746c3f" executionId="693e44e6-2ee8-4791-8e68-2c0fad02b470" testListId="8c84fa94-04c1-424b-9868-57a2d4851a1d" />
    <TestEntry testId="5b37d824-9a08-b5e9-7034-5601b4bc5d44" executionId="13ef740a-28b8-4f80-bf3c-53c4e5fe7e32" testListId="8c84fa94-04c1-424b-9868-57a2d4851a1d" />
  </TestEntries>
  <TestLists>
    <TestList name="列表中未列出的结果" id="8c84fa94-04c1-424b-9868-57a2d4851a1d" />
    <TestList name="所有已加载的结果" id="19431567-8539-422a-85d7-44ee4e166bda" />
  </TestLists>
  <ResultSummary outcome="Failed">
    <Counters total="208" executed="208" passed="207" failed="1" error="0" timeout="0" aborted="0" inconclusive="0" passedButRunAborted="0" notRunnable="0" notExecuted="0" disconnected="0" warning="0" completed="0" inProgress="0" pending="0" />
    <Output>
      <StdOut>[xUnit.net 00:00:00.00] xUnit.net VSTest Adapter v2.5.3.1+6b60a9e56a (64-bit .NET 8.0.21)&#xD;
[xUnit.net 00:00:01.47]   Discovering: FgoPet.App.Tests&#xD;
[xUnit.net 00:00:01.61]   Discovered:  FgoPet.App.Tests&#xD;
[xUnit.net 00:00:01.61]   Starting:    FgoPet.App.Tests&#xD;
[xUnit.net 00:00:05.00]       Assert.Equal() Failure: Collections differ&#xD;
[xUnit.net 00:00:05.00]                                          ↓ (pos 1)&#xD;
[xUnit.net 00:00:05.00]       Expected: ["FgoPet.AgentProtocol", "FgoPet.Core"]&#xD;
[xUnit.net 00:00:05.00]       Actual:   ["FgoPet.AgentProtocol", "FgoPet.AgentRuntime", "FgoPet.Core"]&#xD;
[xUnit.net 00:00:05.00]                                          ↑ (pos 1)&#xD;
[xUnit.net 00:00:05.00]       Stack Trace:&#xD;
[xUnit.net 00:00:05.00]         D:\fgo_unpack\fgo_pet\.worktrees\phase4-runtime-repair\tests\FgoPet.App.Tests\ArchitectureTests.cs(55,0): at FgoPet.App.Tests.Framework.ArchitectureTests.Dependency_direction_is_App_to_Infrastructure_to_Core()&#xD;
[xUnit.net 00:00:05.00]            at System.RuntimeMethodHandle.InvokeMethod(Object target, Void** arguments, Signature sig, Boolean isConstructor)&#xD;
[xUnit.net 00:00:05.00]            at System.Reflection.MethodBaseInvoker.InvokeWithNoArgs(Object obj, BindingFlags invokeAttr)&#xD;
[xUnit.net 00:00:05.01]   Finished:    FgoPet.App.Tests&#xD;
</StdOut>
    </Output>
    <RunInfos>
      <RunInfo computerName="SOLA" outcome="Error" timestamp="2026-08-31T17:31:26.5666348+08:00">
        <Text>[xUnit.net 00:00:05.00]     FgoPet.App.Tests.Framework.ArchitectureTests.Dependency_direction_is_App_to_Infrastructure_to_Core [FAIL]</Text>
      </RunInfo>
    </RunInfos>
  </ResultSummary>
</TestRun>